#
# There is insufficient memory for the Java Runtime Environment to continue.
# Native memory allocation (mmap) failed to map 536870912 bytes. Error detail: G1 virtual space
# Possible reasons:
#   The system is out of physical RAM or swap space
#   This process is running with CompressedOops enabled, and the Java Heap may be blocking the growth of the native heap
# Possible solutions:
#   Reduce memory load on the system
#   Increase physical memory or swap space
#   Check if swap backing store is full
#   Decrease Java heap size (-Xmx/-Xms)
#   Decrease number of Java threads
#   Decrease Java thread stack sizes (-Xss)
#   Set larger code cache with -XX:ReservedCodeCacheSize=
#   JVM is running with Zero Based Compressed Oops mode in which the Java heap is
#     placed in the first 32GB address space. The Java Heap base address is the
#     maximum limit for the native heap growth. Please use -XX:HeapBaseMinAddress
#     to set the Java Heap base and to place the Java Heap above 32GB virtual address.
# This output file may be truncated or incomplete.
#
#  Out of Memory Error (os_windows.cpp:3613), pid=33836, tid=32672
#
# JRE version:  (17.0.12+7) (build )
# Java VM: OpenJDK 64-Bit Server VM (17.0.12+7-LTS, mixed mode, emulated-client, sharing, tiered, compressed oops, compressed class ptrs, g1 gc, windows-amd64)
# No core dump will be written. Minidumps are not enabled by default on client versions of Windows
#

---------------  S U M M A R Y ------------

Command Line: -XX:TieredStopAtLevel=1 -Dspring.output.ansi.enabled=always -Dcom.sun.management.jmxremote -Dspring.jmx.enabled=true -Dspring.liveBeansView.mbeanDomain -Dspring.application.admin.enabled=true -Dmanagement.endpoints.jmx.exposure.include=* -javaagent:C:\Program Files\JetBrains\IntelliJ IDEA 2023.2.5\lib\idea_rt.jar=51965:C:\Program Files\JetBrains\IntelliJ IDEA 2023.2.5\bin -Dfile.encoding=UTF-8 com.scotiabank.challengue.ChallengueApplication

Host: Intel(R) Core(TM) i5-8300H CPU @ 2.30GHz, 8 cores, 31G,  Windows 11 , 64 bit Build 26100 (10.0.26100.7019)
Time: Sun Nov 23 20:27:47 2025 Hora est. Pacífico, Sudamérica elapsed time: 1.735163 seconds (0d 0h 0m 1s)

---------------  T H R E A D  ---------------

Current thread (0x0000018901e28350):  JavaThread "Unknown thread" [_thread_in_vm, id=32672, stack(0x0000006136500000,0x0000006136600000)]

Stack: [0x0000006136500000,0x0000006136600000]
Native frames: (J=compiled Java code, j=interpreted, Vv=VM code, C=native code)
V  [jvm.dll+0x67f4f9]
V  [jvm.dll+0x836eaa]
V  [jvm.dll+0x83896e]
V  [jvm.dll+0x838fd3]
V  [jvm.dll+0x247f6f]
V  [jvm.dll+0x67c2b9]
V  [jvm.dll+0x670d7a]
V  [jvm.dll+0x307b5b]
V  [jvm.dll+0x30f046]
V  [jvm.dll+0x35f22e]
V  [jvm.dll+0x35f46f]
V  [jvm.dll+0x2deb7c]
V  [jvm.dll+0x2dfad4]
V  [jvm.dll+0x80870b]
V  [jvm.dll+0x36cfa1]
V  [jvm.dll+0x7e70f5]
V  [jvm.dll+0x3f0adf]
V  [jvm.dll+0x3f2631]
C  [jli.dll+0x528f]
C  [ucrtbase.dll+0x37b0]
C  [KERNEL32.DLL+0x2e8d7]
C  [ntdll.dll+0x8c53c]


---------------  P R O C E S S  ---------------

Threads class SMR info:
_java_thread_list=0x00007ff945926f18, length=0, elements={
}

Java Threads: ( => current thread )

Other Threads:
  0x00000189201a0c90 GCTaskThread "GC Thread#0" [stack: 0x0000006136600000,0x0000006136700000] [id=31208]
  0x0000018901ea9c10 ConcurrentGCThread "G1 Main Marker" [stack: 0x0000006136700000,0x0000006136800000] [id=33540]
  0x0000018901eaa630 ConcurrentGCThread "G1 Conc#0" [stack: 0x0000006136800000,0x0000006136900000] [id=12796]

[error occurred during error reporting (printing all threads), id 0xc0000005, EXCEPTION_ACCESS_VIOLATION (0xc0000005) at pc=0x00007ff9450df277]

VM state: not at safepoint (not fully initialized)

VM Mutex/Monitor currently owned by a thread:  ([mutex/lock_event])
[0x0000018901e237c0] Heap_lock - owner thread: 0x0000018901e28350

Heap address: 0x0000000602400000, size: 8156 MB, Compressed Oops mode: Zero based, Oop shift amount: 3

CDS archive(s) mapped at: [0x0000000000000000-0x0000000000000000-0x0000000000000000), size 0, SharedBaseAddress: 0x0000000800000000, ArchiveRelocationMode: 1.
Narrow klass base: 0x0000000000000000, Narrow klass shift: 0, Narrow klass range: 0x0

GC Precious Log:
<Empty>

Heap:
 garbage-first heap   total 0K, used 0K [0x0000000602400000, 0x0000000800000000)
  region size 4096K, 0 young (0K), 0 survivors (0K)

[error occurred during error reporting (printing heap information), id 0xc0000005, EXCEPTION_ACCESS_VIOLATION (0xc0000005) at pc=0x00007ff9454c8829]

GC Heap History (0 events):
No events

Dll operation events (1 events):
Event: 0.171 Loaded shared library C:\Users\ASUS\.jdks\corretto-17.0.12\bin\java.dll

Deoptimization events (0 events):
No events

Classes loaded (0 events):
No events

Classes unloaded (0 events):
No events

Classes redefined (0 events):
No events

Internal exceptions (0 events):
No events

VM Operations (0 events):
No events

Events (0 events):
No events


Dynamic libraries:
0x00007ff60f630000 - 0x00007ff60f63e000 	C:\Users\ASUS\.jdks\corretto-17.0.12\bin\java.exe
0x00007ff9dfde0000 - 0x00007ff9e0048000 	C:\WINDOWS\SYSTEM32\ntdll.dll
0x00007ff9de090000 - 0x00007ff9de159000 	C:\WINDOWS\System32\KERNEL32.DLL
0x00007ff9dd190000 - 0x00007ff9dd588000 	C:\WINDOWS\System32\KERNELBASE.dll
0x00007ff9dd590000 - 0x00007ff9dd6db000 	C:\WINDOWS\System32\ucrtbase.dll
0x00007ff9cf920000 - 0x00007ff9cf937000 	C:\Users\ASUS\.jdks\corretto-17.0.12\bin\jli.dll
0x00007ff9cf540000 - 0x00007ff9cf55b000 	C:\Users\ASUS\.jdks\corretto-17.0.12\bin\VCRUNTIME140.dll
0x00007ff9dea80000 - 0x00007ff9dec47000 	C:\WINDOWS\System32\USER32.dll
0x00007ff9c6e20000 - 0x00007ff9c70b4000 	C:\WINDOWS\WinSxS\amd64_microsoft.windows.common-controls_6595b64144ccf1df_6.0.26100.7019_none_3e06ffa0e335b8a8\COMCTL32.dll
0x00007ff9dd160000 - 0x00007ff9dd187000 	C:\WINDOWS\System32\win32u.dll
0x00007ff9dec60000 - 0x00007ff9dec8b000 	C:\WINDOWS\System32\GDI32.dll
0x00007ff9de6d0000 - 0x00007ff9de779000 	C:\WINDOWS\System32\msvcrt.dll
0x00007ff9dd9a0000 - 0x00007ff9ddacc000 	C:\WINDOWS\System32\gdi32full.dll
0x00007ff9dcf30000 - 0x00007ff9dcfd3000 	C:\WINDOWS\System32\msvcp_win.dll
0x00007ff9de5c0000 - 0x00007ff9de5f1000 	C:\WINDOWS\System32\IMM32.DLL
0x00007ff9d68c0000 - 0x00007ff9d68cc000 	C:\Users\ASUS\.jdks\corretto-17.0.12\bin\vcruntime140_1.dll
0x00007ff9915b0000 - 0x00007ff99163d000 	C:\Users\ASUS\.jdks\corretto-17.0.12\bin\msvcp140.dll
0x00007ff944df0000 - 0x00007ff945a5a000 	C:\Users\ASUS\.jdks\corretto-17.0.12\bin\server\jvm.dll
0x00007ff9de610000 - 0x00007ff9de6c4000 	C:\WINDOWS\System32\ADVAPI32.dll
0x00007ff9de200000 - 0x00007ff9de2a6000 	C:\WINDOWS\System32\sechost.dll
0x00007ff9dfc80000 - 0x00007ff9dfd98000 	C:\WINDOWS\System32\RPCRT4.dll
0x00007ff9de180000 - 0x00007ff9de1f4000 	C:\WINDOWS\System32\WS2_32.dll
0x00007ff9dcd90000 - 0x00007ff9dcdee000 	C:\WINDOWS\SYSTEM32\POWRPROF.dll
0x00007ff9d4d10000 - 0x00007ff9d4d1b000 	C:\WINDOWS\SYSTEM32\VERSION.dll
0x00007ff9cf250000 - 0x00007ff9cf285000 	C:\WINDOWS\SYSTEM32\WINMM.dll
0x00007ff9dcd70000 - 0x00007ff9dcd84000 	C:\WINDOWS\SYSTEM32\UMPDC.dll
0x00007ff9dbcb0000 - 0x00007ff9dbccb000 	C:\WINDOWS\SYSTEM32\kernel.appcore.dll
0x00007ff9d6480000 - 0x00007ff9d648a000 	C:\Users\ASUS\.jdks\corretto-17.0.12\bin\jimage.dll
0x00007ff9cfa50000 - 0x00007ff9cfc92000 	C:\WINDOWS\SYSTEM32\DBGHELP.DLL
0x00007ff9ddd00000 - 0x00007ff9de08b000 	C:\WINDOWS\System32\combase.dll
0x00007ff9de920000 - 0x00007ff9de9f7000 	C:\WINDOWS\System32\OLEAUT32.dll
0x00007ff9c0700000 - 0x00007ff9c073c000 	C:\WINDOWS\SYSTEM32\dbgcore.DLL
0x00007ff9ddad0000 - 0x00007ff9ddb75000 	C:\WINDOWS\System32\bcryptPrimitives.dll
0x00007ff9cb150000 - 0x00007ff9cb15e000 	C:\Users\ASUS\.jdks\corretto-17.0.12\bin\instrument.dll
0x00007ff9b2460000 - 0x00007ff9b2485000 	C:\Users\ASUS\.jdks\corretto-17.0.12\bin\java.dll

dbghelp: loaded successfully - version: 4.0.5 - missing functions: none
symbol engine: initialized successfully - sym options: 0x614 - pdb path: .;C:\Users\ASUS\.jdks\corretto-17.0.12\bin;C:\WINDOWS\SYSTEM32;C:\WINDOWS\WinSxS\amd64_microsoft.windows.common-controls_6595b64144ccf1df_6.0.26100.7019_none_3e06ffa0e335b8a8;C:\Users\ASUS\.jdks\corretto-17.0.12\bin\server

VM Arguments:
jvm_args: -XX:TieredStopAtLevel=1 -Dspring.output.ansi.enabled=always -Dcom.sun.management.jmxremote -Dspring.jmx.enabled=true -Dspring.liveBeansView.mbeanDomain -Dspring.application.admin.enabled=true -Dmanagement.endpoints.jmx.exposure.include=* -javaagent:C:\Program Files\JetBrains\IntelliJ IDEA 2023.2.5\lib\idea_rt.jar=51965:C:\Program Files\JetBrains\IntelliJ IDEA 2023.2.5\bin -Dfile.encoding=UTF-8 
java_command: com.scotiabank.challengue.ChallengueApplication
java_class_path (initial): D:\scotiabank\challengue\build\classes\java\main;D:\scotiabank\challengue\build\resources\main;C:\Users\ASUS\.gradle\caches\modules-2\files-2.1\org.mapstruct\mapstruct-processor\1.5.5.Final\897f6f115930b936287bef552bf5fe28cc64717d\mapstruct-processor-1.5.5.Final.jar;C:\Users\ASUS\.gradle\caches\modules-2\files-2.1\org.projectlombok\lombok\1.18.42\8365263844ebb62398e0dc33057ba10ba472d3b8\lombok-1.18.42.jar;C:\Users\ASUS\.gradle\caches\modules-2\files-2.1\org.projectlombok\lombok-mapstruct-binding\0.2.0\2f1cf9ced7b720ba4996c942b816669e63f0fa4f\lombok-mapstruct-binding-0.2.0.jar;C:\Users\ASUS\.gradle\caches\modules-2\files-2.1\org.springframework.boot\spring-boot-starter-webflux\3.4.11\575a472458097b144d787017f02c1d234d01dbb8\spring-boot-starter-webflux-3.4.11.jar;C:\Users\ASUS\.gradle\caches\modules-2\files-2.1\org.springframework.boot\spring-boot-starter-json\3.4.11\4e1efd3b8e1d440aeb0d8d681574284d7367194d\spring-boot-starter-json-3.4.11.jar;C:\Users\ASUS\.gradle\caches\modules-2\files-2.1\org.springframework.boot\spring-boot-starter-validation\3.4.11\914b3f63e03591d623544c188b6da9e48ef54076\spring-boot-starter-validation-3.4.11.jar;C:\Users\ASUS\.gradle\caches\modules-2\files-2.1\org.springframework.boot\spring-boot-starter-data-r2dbc\3.4.11\956c3e08032497f31c4c11ba7e6f2a1e49f22ee4\spring-boot-starter-data-r2dbc-3.4.11.jar;C:\Users\ASUS\.gradle\caches\modules-2\files-2.1\org.mapstruct\mapstruct\1.5.5.Final\2ca3cbe39b6e9ea8d5ea521965a89bef2a1e8eeb\mapstruct-1.5.5.Final.jar;C:\Users\ASUS\.gradle\caches\modules-2\files-2.1\io.r2dbc\r2dbc-h2\1.0.1.RELEASE\fa97530edebd694af6fb03ce9533ffc6286c7f64\r2dbc-h2-1.0.1.RELEASE.jar;C:\Users\ASUS\.gradle\caches\modules-2\files-2.1\org.springframework.boot\spring-boot-starter\3.4.11\d5c2acf505f4dcb83eea1eb10cb4015eb1c9ce7c\spring-boot-starter-3.4.11.jar;C:\Users\ASUS\.gradle\caches\modules-2\files-2.1\org.springframework.boot\spring-boot-starter-reactor-netty\3.4.11\8d533e92d00a5336173ff139ede9a00e2ea73
Launcher Type: SUN_STANDARD

[Global flags]
     intx CICompilerCount                          = 4                                         {product} {ergonomic}
     uint ConcGCThreads                            = 2                                         {product} {ergonomic}
     uint G1ConcRefinementThreads                  = 8                                         {product} {ergonomic}
   size_t G1HeapRegionSize                         = 4194304                                   {product} {ergonomic}
    uintx GCDrainStackTargetSize                   = 64                                        {product} {ergonomic}
   size_t InitialHeapSize                          = 536870912                                 {product} {ergonomic}
     bool ManagementServer                         = true                                      {product} {command line}
   size_t MarkStackSize                            = 4194304                                   {product} {ergonomic}
   size_t MaxHeapSize                              = 8552185856                                {product} {ergonomic}
   size_t MinHeapDeltaBytes                        = 4194304                                   {product} {ergonomic}
   size_t MinHeapSize                              = 8388608                                   {product} {ergonomic}
    uintx NonProfiledCodeHeapSize                  = 0                                      {pd product} {ergonomic}
     bool ProfileInterpreter                       = false                                  {pd product} {command line}
    uintx ProfiledCodeHeapSize                     = 0                                      {pd product} {ergonomic}
   size_t SoftMaxHeapSize                          = 8552185856                             {manageable} {ergonomic}
     intx TieredStopAtLevel                        = 1                                         {product} {command line}
     bool UseCompressedClassPointers               = true                           {product lp64_product} {ergonomic}
     bool UseCompressedOops                        = true                           {product lp64_product} {ergonomic}
     bool UseG1GC                                  = true                                      {product} {ergonomic}
     bool UseLargePagesIndividualAllocation        = false                                  {pd product} {ergonomic}

Logging:
Log output configuration:
 #0: stdout all=warning uptime,level,tags
 #1: stderr all=off uptime,level,tags

Environment Variables:
JAVA_HOME=C:\Program Files\Java\jdk-21.0.4+7
PATH=C:\Program Files\Common Files\Oracle\Java\javapath;C:\Program Files\Java\jdk-21.0.4+7\bin;C:\WINDOWS\system32;C:\WINDOWS;C:\WINDOWS\System32\Wbem;C:\WINDOWS\System32\WindowsPowerShell\v1.0\;C:\WINDOWS\System32\OpenSSH\;C:\Program Files\Docker\Docker\resources\bin;C:\Program Files\dotnet\;C:\Program Files\apache-maven-3.9.9\bin;C:\Program Files\Git\cmd;C:\Program Files\gradle-8.14.3-all\gradle-8.14.3\bin;C:\Users\ASUS\AppData\Local\Microsoft\WindowsApps;C:\Users\ASUS\AppData\Local\Programs\Microsoft VS Code\bin;C:\Users\ASUS\AppData\Local\Programs\mongosh\;;C:\Users\ASUS\.deno\bin
USERNAME=ASUS
OS=Windows_NT
PROCESSOR_IDENTIFIER=Intel64 Family 6 Model 158 Stepping 10, GenuineIntel
TMP=C:\Users\ASUS\AppData\Local\Temp
TEMP=C:\Users\ASUS\AppData\Local\Temp



Periodic native trim disabled


---------------  S Y S T E M  ---------------

OS:
 Windows 11 , 64 bit Build 26100 (10.0.26100.7019)
OS uptime: 3 days 20:24 hours
Hyper-V role detected

CPU: total 8 (initial active 8) (4 cores per cpu, 2 threads per core) family 6 model 158 stepping 10 microcode 0xde, cx8, cmov, fxsr, ht, mmx, 3dnowpref, sse, sse2, sse3, ssse3, sse4.1, sse4.2, popcnt, lzcnt, tsc, tscinvbit, avx, avx2, aes, erms, clmul, bmi1, bmi2, adx, fma, vzeroupper, clflush, clflushopt, hv
Processor Information for all 8 processors :
  Max Mhz: 2304, Current Mhz: 2304, Mhz Limit: 2304

Memory: 4k page, system-wide physical 32623M (10998M free)
TotalPageFile size 34671M (AvailPageFile size 500M)
current process WorkingSet (physical memory assigned to process): 13M, peak: 13M
current process commit charge ("private bytes"): 56M, peak: 569M

vm_info: OpenJDK 64-Bit Server VM (17.0.12+7-LTS) for windows-amd64 JRE (17.0.12+7-LTS), built on Jul 10 2024 20:46:33 by "Administrator" with MS VC++ 16.10 / 16.11 (VS2019)

END.
