#
# There is insufficient memory for the Java Runtime Environment to continue.
# Native memory allocation (malloc) failed to allocate 32744 bytes. Error detail: ChunkPool::allocate
# Possible reasons:
#   The system is out of physical RAM or swap space
#   This process is running with CompressedOops enabled, and the Java Heap may be blocking the growth of the native heap
# Possible solutions:
#   Reduce memory load on the system
#   Increase physical memory or swap space
#   Check if swap backing store is full
#   Decrease Java heap size (-Xmx/-Xms)
#   Decrease number of Java threads
#   Decrease Java thread stack sizes (-Xss)
#   Set larger code cache with -XX:ReservedCodeCacheSize=
#   JVM is running with Unscaled Compressed Oops mode in which the Java heap is
#     placed in the first 4GB address space. The Java Heap base address is the
#     maximum limit for the native heap growth. Please use -XX:HeapBaseMinAddress
#     to set the Java Heap base and to place the Java Heap above 4GB virtual address.
# This output file may be truncated or incomplete.
#
#  Out of Memory Error (arena.cpp:79), pid=36840, tid=38836
#
# JRE version: OpenJDK Runtime Environment Corretto-17.0.12.7.1 (17.0.12+7) (build 17.0.12+7-LTS)
# Java VM: OpenJDK 64-Bit Server VM Corretto-17.0.12.7.1 (17.0.12+7-LTS, mixed mode, sharing, tiered, compressed oops, compressed class ptrs, g1 gc, windows-amd64)
# No core dump will be written. Minidumps are not enabled by default on client versions of Windows
#

---------------  S U M M A R Y ------------

Command Line: --add-opens=java.base/java.lang=ALL-UNNAMED --add-opens=java.base/java.lang.invoke=ALL-UNNAMED --add-opens=java.base/java.util=ALL-UNNAMED --add-opens=java.prefs/java.util.prefs=ALL-UNNAMED --add-exports=jdk.compiler/com.sun.tools.javac.api=ALL-UNNAMED --add-exports=jdk.compiler/com.sun.tools.javac.util=ALL-UNNAMED --add-opens=java.base/java.util=ALL-UNNAMED --add-opens=java.prefs/java.util.prefs=ALL-UNNAMED --add-opens=java.base/java.nio.charset=ALL-UNNAMED --add-opens=java.base/java.net=ALL-UNNAMED --add-opens=java.base/java.util.concurrent.atomic=ALL-UNNAMED --add-opens=java.xml/javax.xml.namespace=ALL-UNNAMED -XX:MaxMetaspaceSize=384m -XX:+HeapDumpOnOutOfMemoryError -Xms256m -Xmx512m -Dfile.encoding=windows-1252 -Duser.country=PE -Duser.language=es -Duser.variant -javaagent:C:\Users\ASUS\.gradle\wrapper\dists\gradle-8.14.3-bin\cv11ve7ro1n3o1j4so8xd9n66\gradle-8.14.3\lib\agents\gradle-instrumentation-agent-8.14.3.jar org.gradle.launcher.daemon.bootstrap.GradleDaemon 8.14.3

Host: Intel(R) Core(TM) i5-8300H CPU @ 2.30GHz, 8 cores, 31G,  Windows 11 , 64 bit Build 26100 (10.0.26100.7019)
Time: Thu Nov 20 19:38:38 2025 Hora est. Pacífico, Sudamérica elapsed time: 55.020978 seconds (0d 0h 0m 55s)

---------------  T H R E A D  ---------------

Current thread (0x000002564d4e67e0):  JavaThread "C2 CompilerThread1" daemon [_thread_in_native, id=38836, stack(0x000000e9fdd00000,0x000000e9fde00000)]


Current CompileTask:
C2:  55021 4150       4       groovy.lang.MetaClassImpl$1MOPIter::methodNameAction (325 bytes)

Stack: [0x000000e9fdd00000,0x000000e9fde00000]
Native frames: (J=compiled Java code, j=interpreted, Vv=VM code, C=native code)
V  [jvm.dll+0x67f4f9]
V  [jvm.dll+0x836eaa]
V  [jvm.dll+0x83896e]
V  [jvm.dll+0x838fd3]
V  [jvm.dll+0x247f6f]
V  [jvm.dll+0xacbd1]
V  [jvm.dll+0xad01c]
V  [jvm.dll+0x65b368]
V  [jvm.dll+0x65ae8e]
V  [jvm.dll+0x617dfb]
V  [jvm.dll+0x342dd9]
V  [jvm.dll+0x68d4bb]
V  [jvm.dll+0x68cb84]
V  [jvm.dll+0x1a8a1c]
V  [jvm.dll+0x1a95b6]
V  [jvm.dll+0x2ae784]
V  [jvm.dll+0x6979f5]
V  [jvm.dll+0x68f9ab]
V  [jvm.dll+0x68efe7]
V  [jvm.dll+0x68ced2]
V  [jvm.dll+0x1a8a1c]
V  [jvm.dll+0x1a95b6]
V  [jvm.dll+0x2ae784]
V  [jvm.dll+0x6979f5]
V  [jvm.dll+0x68f9ab]
V  [jvm.dll+0x68efe7]
V  [jvm.dll+0x68ced2]
V  [jvm.dll+0x1a8a1c]
V  [jvm.dll+0x2194f8]
V  [jvm.dll+0x1a57bd]
V  [jvm.dll+0x22966d]
V  [jvm.dll+0x22781c]
V  [jvm.dll+0x7ebec7]
V  [jvm.dll+0x7e62ac]
V  [jvm.dll+0x67e3c7]
C  [ucrtbase.dll+0x37b0]
C  [KERNEL32.DLL+0x2e8d7]
C  [ntdll.dll+0x8c53c]


---------------  P R O C E S S  ---------------

Threads class SMR info:
_java_thread_list=0x000002564a5188f0, length=37, elements={
0x0000025615175f80, 0x0000025630480250, 0x0000025630481d30, 0x0000025630490bb0,
0x00000256304955a0, 0x0000025630495e70, 0x0000025630496740, 0x00000256304973f0,
0x0000025630497db0, 0x000002563064a800, 0x0000025630460f70, 0x00000256307f4c10,
0x000002564b00ba30, 0x000002564b731540, 0x000002564b1d56d0, 0x000002564b8745d0,
0x000002564b874ab0, 0x000002564acb50a0, 0x000002564a4a0460, 0x000002564abab420,
0x000002564aba9ad0, 0x000002564abab930, 0x000002564abac350, 0x000002564abaa4f0,
0x000002564aba8ba0, 0x000002564abaaf10, 0x000002564aba90b0, 0x000002564aba95c0,
0x000002564aba9fe0, 0x000002564c2a0880, 0x000002564c2a3100, 0x000002564c2a3b20,
0x000002564c2a4030, 0x000002564c2a12a0, 0x000002564d4e67e0, 0x000002564c2a5e90,
0x000002564c2a2bf0
}

Java Threads: ( => current thread )
  0x0000025615175f80 JavaThread "main" [_thread_blocked, id=31396, stack(0x000000e9fab00000,0x000000e9fac00000)]
  0x0000025630480250 JavaThread "Reference Handler" daemon [_thread_blocked, id=39216, stack(0x000000e9fb200000,0x000000e9fb300000)]
  0x0000025630481d30 JavaThread "Finalizer" daemon [_thread_blocked, id=34488, stack(0x000000e9fb300000,0x000000e9fb400000)]
  0x0000025630490bb0 JavaThread "Signal Dispatcher" daemon [_thread_blocked, id=25864, stack(0x000000e9fb400000,0x000000e9fb500000)]
  0x00000256304955a0 JavaThread "Attach Listener" daemon [_thread_blocked, id=10852, stack(0x000000e9fb500000,0x000000e9fb600000)]
  0x0000025630495e70 JavaThread "Service Thread" daemon [_thread_blocked, id=12924, stack(0x000000e9fb600000,0x000000e9fb700000)]
  0x0000025630496740 JavaThread "Monitor Deflation Thread" daemon [_thread_blocked, id=38296, stack(0x000000e9fb700000,0x000000e9fb800000)]
  0x00000256304973f0 JavaThread "C2 CompilerThread0" daemon [_thread_in_native, id=36696, stack(0x000000e9fb800000,0x000000e9fb900000)]
  0x0000025630497db0 JavaThread "C1 CompilerThread0" daemon [_thread_blocked, id=11940, stack(0x000000e9fb900000,0x000000e9fba00000)]
  0x000002563064a800 JavaThread "Sweeper thread" daemon [_thread_blocked, id=25828, stack(0x000000e9fba00000,0x000000e9fbb00000)]
  0x0000025630460f70 JavaThread "Common-Cleaner" daemon [_thread_blocked, id=28984, stack(0x000000e9fbb00000,0x000000e9fbc00000)]
  0x00000256307f4c10 JavaThread "Notification Thread" daemon [_thread_blocked, id=33212, stack(0x000000e9fbc00000,0x000000e9fbd00000)]
  0x000002564b00ba30 JavaThread "Daemon health stats" [_thread_blocked, id=33548, stack(0x000000e9fc500000,0x000000e9fc600000)]
  0x000002564b731540 JavaThread "Incoming local TCP Connector on port 54128" [_thread_in_native, id=40684, stack(0x000000e9fbe00000,0x000000e9fbf00000)]
  0x000002564b1d56d0 JavaThread "Daemon periodic checks" [_thread_blocked, id=38884, stack(0x000000e9fc600000,0x000000e9fc700000)]
  0x000002564b8745d0 JavaThread "Daemon" [_thread_blocked, id=34204, stack(0x000000e9fc700000,0x000000e9fc800000)]
  0x000002564b874ab0 JavaThread "Handler for socket connection from /127.0.0.1:54128 to /127.0.0.1:54129" [_thread_in_native, id=4244, stack(0x000000e9fbf00000,0x000000e9fc000000)]
  0x000002564acb50a0 JavaThread "Cancel handler" [_thread_blocked, id=2972, stack(0x000000e9fc800000,0x000000e9fc900000)]
  0x000002564a4a0460 JavaThread "Daemon worker" [_thread_in_vm, id=27228, stack(0x000000e9fc900000,0x000000e9fca00000)]
  0x000002564abab420 JavaThread "Asynchronous log dispatcher for DefaultDaemonConnection: socket connection from /127.0.0.1:54128 to /127.0.0.1:54129" [_thread_blocked, id=29332, stack(0x000000e9fca00000,0x000000e9fcb00000)]
  0x000002564aba9ad0 JavaThread "Stdin handler" [_thread_blocked, id=35684, stack(0x000000e9fcb00000,0x000000e9fcc00000)]
  0x000002564abab930 JavaThread "Daemon client event forwarder" [_thread_blocked, id=19472, stack(0x000000e9fcc00000,0x000000e9fcd00000)]
  0x000002564abac350 JavaThread "Cache worker for journal cache (C:\Users\ASUS\.gradle\caches\journal-1)" [_thread_blocked, id=40920, stack(0x000000e9fcd00000,0x000000e9fce00000)]
  0x000002564abaa4f0 JavaThread "File lock request listener" [_thread_in_native, id=39408, stack(0x000000e9fce00000,0x000000e9fcf00000)]
  0x000002564aba8ba0 JavaThread "File lock release action executor" [_thread_blocked, id=6052, stack(0x000000e9fcf00000,0x000000e9fd000000)]
  0x000002564abaaf10 JavaThread "Cache worker for file hash cache (C:\Users\ASUS\.gradle\caches\8.14.3\fileHashes)" [_thread_blocked, id=40276, stack(0x000000e9fd000000,0x000000e9fd100000)]
  0x000002564aba90b0 JavaThread "Cache worker for file hash cache (D:\scotiabank\challengue\.gradle\8.14.3\fileHashes)" [_thread_blocked, id=37488, stack(0x000000e9fa800000,0x000000e9fa900000)]
  0x000002564aba95c0 JavaThread "Cache worker for Build Output Cleanup Cache (D:\scotiabank\challengue\.gradle\buildOutputCleanup)" [_thread_blocked, id=36744, stack(0x000000e9fd100000,0x000000e9fd200000)]
  0x000002564aba9fe0 JavaThread "File watcher server" daemon [_thread_in_native, id=20784, stack(0x000000e9fd500000,0x000000e9fd600000)]
  0x000002564c2a0880 JavaThread "File watcher consumer" daemon [_thread_blocked, id=33136, stack(0x000000e9fd600000,0x000000e9fd700000)]
  0x000002564c2a3100 JavaThread "jar transforms" [_thread_blocked, id=40484, stack(0x000000e9fd900000,0x000000e9fda00000)]
  0x000002564c2a3b20 JavaThread "jar transforms Thread 2" [_thread_blocked, id=31196, stack(0x000000e9fda00000,0x000000e9fdb00000)]
  0x000002564c2a4030 JavaThread "Cache worker for checksums cache (D:\scotiabank\challengue\.gradle\8.14.3\checksums)" [_thread_blocked, id=21144, stack(0x000000e9fdb00000,0x000000e9fdc00000)]
  0x000002564c2a12a0 JavaThread "Cache worker for file content cache (C:\Users\ASUS\.gradle\caches\8.14.3\fileContent)" [_thread_blocked, id=36588, stack(0x000000e9fdc00000,0x000000e9fdd00000)]
=>0x000002564d4e67e0 JavaThread "C2 CompilerThread1" daemon [_thread_in_native, id=38836, stack(0x000000e9fdd00000,0x000000e9fde00000)]
  0x000002564c2a5e90 JavaThread "jar transforms Thread 3" [_thread_blocked, id=21704, stack(0x000000e9fde00000,0x000000e9fdf00000)]
  0x000002564c2a2bf0 JavaThread "jar transforms Thread 4" [_thread_blocked, id=35280, stack(0x000000e9fdf00000,0x000000e9fe000000)]

Other Threads:
  0x0000025630473ce0 VMThread "VM Thread" [stack: 0x000000e9fb100000,0x000000e9fb200000] [id=1704]
  0x0000025615176d10 WatcherThread [stack: 0x000000e9fbd00000,0x000000e9fbe00000] [id=18024]
  0x00000256151a4620 GCTaskThread "GC Thread#0" [stack: 0x000000e9fac00000,0x000000e9fad00000] [id=30668]
  0x000002564a1d3460 GCTaskThread "GC Thread#1" [stack: 0x000000e9fc000000,0x000000e9fc100000] [id=15116]
  0x000002564a1d3720 GCTaskThread "GC Thread#2" [stack: 0x000000e9fc100000,0x000000e9fc200000] [id=30424]
  0x000002564a389d30 GCTaskThread "GC Thread#3" [stack: 0x000000e9fc200000,0x000000e9fc300000] [id=35460]
  0x000002564a389ff0 GCTaskThread "GC Thread#4" [stack: 0x000000e9fc300000,0x000000e9fc400000] [id=29280]
  0x000002564a4f8dc0 GCTaskThread "GC Thread#5" [stack: 0x000000e9fc400000,0x000000e9fc500000] [id=34732]
  0x000002564d4e6d00 GCTaskThread "GC Thread#6" [stack: 0x000000e9fd200000,0x000000e9fd300000] [id=26384]
  0x000002564cd5d5f0 GCTaskThread "GC Thread#7" [stack: 0x000000e9fd300000,0x000000e9fd400000] [id=26932]
  0x00000256151aa490 ConcurrentGCThread "G1 Main Marker" [stack: 0x000000e9fad00000,0x000000e9fae00000] [id=38284]
  0x00000256151aadc0 ConcurrentGCThread "G1 Conc#0" [stack: 0x000000e9fae00000,0x000000e9faf00000] [id=37084]
  0x000002564cd5de30 ConcurrentGCThread "G1 Conc#1" [stack: 0x000000e9fd400000,0x000000e9fd500000] [id=40352]
  0x000002561522d7b0 ConcurrentGCThread "G1 Refine#0" [stack: 0x000000e9faf00000,0x000000e9fb000000] [id=38804]
  0x0000025630328500 ConcurrentGCThread "G1 Service" [stack: 0x000000e9fb000000,0x000000e9fb100000] [id=22508]

Threads with active compile tasks:
C2 CompilerThread0    55093 4143       4       org.codehaus.groovy.runtime.metaclass.MetaMethodIndex::addMethodToList (128 bytes)
C2 CompilerThread1    55093 4150       4       groovy.lang.MetaClassImpl$1MOPIter::methodNameAction (325 bytes)

VM state: not at safepoint (normal execution)

VM Mutex/Monitor currently owned by a thread: None

Heap address: 0x00000000e0000000, size: 512 MB, Compressed Oops mode: 32-bit

CDS archive(s) mapped at: [0x0000025631000000-0x0000025631bb0000-0x0000025631bb0000), size 12255232, SharedBaseAddress: 0x0000025631000000, ArchiveRelocationMode: 1.
Compressed class space mapped at: 0x0000025632000000-0x0000025646000000, reserved size: 335544320
Narrow klass base: 0x0000025631000000, Narrow klass shift: 0, Narrow klass range: 0x100000000

GC Precious Log:
 CPUs: 8 total, 8 available
 Memory: 32623M
 Large Page Support: Disabled
 NUMA Support: Disabled
 Compressed Oops: Enabled (32-bit)
 Heap Region Size: 1M
 Heap Min Capacity: 256M
 Heap Initial Capacity: 256M
 Heap Max Capacity: 512M
 Pre-touch: Disabled
 Parallel Workers: 8
 Concurrent Workers: 2
 Concurrent Refinement Workers: 8
 Periodic GC: Disabled

Heap:
 garbage-first heap   total 262144K, used 123759K [0x00000000e0000000, 0x0000000100000000)
  region size 1024K, 106 young (108544K), 12 survivors (12288K)
 Metaspace       used 33307K, committed 33664K, reserved 393216K
  class space    used 4571K, committed 4736K, reserved 327680K

Heap Regions: E=young(eden), S=young(survivor), O=old, HS=humongous(starts), HC=humongous(continues), CS=collection set, F=free, OA=open archive, CA=closed archive, TAMS=top-at-mark-start (previous, next)
|   0|0x00000000e0000000, 0x00000000e0100000, 0x00000000e0100000|100%|HS|  |TAMS 0x00000000e0100000, 0x00000000e0000000| Complete 
|   1|0x00000000e0100000, 0x00000000e0200000, 0x00000000e0200000|100%|HC|  |TAMS 0x00000000e0200000, 0x00000000e0100000| Complete 
|   2|0x00000000e0200000, 0x00000000e0300000, 0x00000000e0300000|100%|HC|  |TAMS 0x00000000e0300000, 0x00000000e0200000| Complete 
|   3|0x00000000e0300000, 0x00000000e0400000, 0x00000000e0400000|100%| O|  |TAMS 0x00000000e0400000, 0x00000000e0300000| Complete 
|   4|0x00000000e0400000, 0x00000000e0500000, 0x00000000e0500000|100%| O|  |TAMS 0x00000000e0500000, 0x00000000e0400000| Untracked 
|   5|0x00000000e0500000, 0x00000000e0600000, 0x00000000e0600000|100%| O|  |TAMS 0x00000000e0600000, 0x00000000e0500000| Untracked 
|   6|0x00000000e0600000, 0x00000000e0700000, 0x00000000e0700000|100%|HS|  |TAMS 0x00000000e0700000, 0x00000000e0600000| Complete 
|   7|0x00000000e0700000, 0x00000000e0800000, 0x00000000e0800000|100%|HS|  |TAMS 0x00000000e0700000, 0x00000000e0700000| Complete 
|   8|0x00000000e0800000, 0x00000000e0900000, 0x00000000e0900000|100%| O|  |TAMS 0x00000000e0900000, 0x00000000e0800000| Untracked 
|   9|0x00000000e0900000, 0x00000000e0a00000, 0x00000000e0a00000|100%| O|  |TAMS 0x00000000e0a00000, 0x00000000e0900000| Untracked 
|  10|0x00000000e0a00000, 0x00000000e0b00000, 0x00000000e0b00000|100%| O|  |TAMS 0x00000000e0b00000, 0x00000000e0a00000| Untracked 
|  11|0x00000000e0b00000, 0x00000000e0c00000, 0x00000000e0c00000|100%| O|  |TAMS 0x00000000e0c00000, 0x00000000e0b00000| Untracked 
|  12|0x00000000e0c00000, 0x00000000e0cf3c00, 0x00000000e0d00000| 95%| O|  |TAMS 0x00000000e0cf3c00, 0x00000000e0c00000| Untracked 
|  13|0x00000000e0d00000, 0x00000000e0e00000, 0x00000000e0e00000|100%|HS|  |TAMS 0x00000000e0d00000, 0x00000000e0d00000| Complete 
|  14|0x00000000e0e00000, 0x00000000e0f00000, 0x00000000e0f00000|100%|HC|  |TAMS 0x00000000e0e00000, 0x00000000e0e00000| Complete 
|  15|0x00000000e0f00000, 0x00000000e1000000, 0x00000000e1000000|100%|HS|  |TAMS 0x00000000e0f00000, 0x00000000e0f00000| Complete 
|  16|0x00000000e1000000, 0x00000000e1100000, 0x00000000e1100000|100%|HC|  |TAMS 0x00000000e1000000, 0x00000000e1000000| Complete 
|  17|0x00000000e1100000, 0x00000000e1100000, 0x00000000e1200000|  0%| F|  |TAMS 0x00000000e1100000, 0x00000000e1100000| Untracked 
|  18|0x00000000e1200000, 0x00000000e1200000, 0x00000000e1300000|  0%| F|  |TAMS 0x00000000e1200000, 0x00000000e1200000| Untracked 
|  19|0x00000000e1300000, 0x00000000e1300000, 0x00000000e1400000|  0%| F|  |TAMS 0x00000000e1300000, 0x00000000e1300000| Untracked 
|  20|0x00000000e1400000, 0x00000000e1400000, 0x00000000e1500000|  0%| F|  |TAMS 0x00000000e1400000, 0x00000000e1400000| Untracked 
|  21|0x00000000e1500000, 0x00000000e1500000, 0x00000000e1600000|  0%| F|  |TAMS 0x00000000e1500000, 0x00000000e1500000| Untracked 
|  22|0x00000000e1600000, 0x00000000e1600000, 0x00000000e1700000|  0%| F|  |TAMS 0x00000000e1600000, 0x00000000e1600000| Untracked 
|  23|0x00000000e1700000, 0x00000000e1700000, 0x00000000e1800000|  0%| F|  |TAMS 0x00000000e1700000, 0x00000000e1700000| Untracked 
|  24|0x00000000e1800000, 0x00000000e1800000, 0x00000000e1900000|  0%| F|  |TAMS 0x00000000e1800000, 0x00000000e1800000| Untracked 
|  25|0x00000000e1900000, 0x00000000e1900000, 0x00000000e1a00000|  0%| F|  |TAMS 0x00000000e1900000, 0x00000000e1900000| Untracked 
|  26|0x00000000e1a00000, 0x00000000e1a00000, 0x00000000e1b00000|  0%| F|  |TAMS 0x00000000e1a00000, 0x00000000e1a00000| Untracked 
|  27|0x00000000e1b00000, 0x00000000e1b00000, 0x00000000e1c00000|  0%| F|  |TAMS 0x00000000e1b00000, 0x00000000e1b00000| Untracked 
|  28|0x00000000e1c00000, 0x00000000e1c00000, 0x00000000e1d00000|  0%| F|  |TAMS 0x00000000e1c00000, 0x00000000e1c00000| Untracked 
|  29|0x00000000e1d00000, 0x00000000e1d00000, 0x00000000e1e00000|  0%| F|  |TAMS 0x00000000e1d00000, 0x00000000e1d00000| Untracked 
|  30|0x00000000e1e00000, 0x00000000e1e00000, 0x00000000e1f00000|  0%| F|  |TAMS 0x00000000e1e00000, 0x00000000e1e00000| Untracked 
|  31|0x00000000e1f00000, 0x00000000e1f00000, 0x00000000e2000000|  0%| F|  |TAMS 0x00000000e1f00000, 0x00000000e1f00000| Untracked 
|  32|0x00000000e2000000, 0x00000000e2000000, 0x00000000e2100000|  0%| F|  |TAMS 0x00000000e2000000, 0x00000000e2000000| Untracked 
|  33|0x00000000e2100000, 0x00000000e2100000, 0x00000000e2200000|  0%| F|  |TAMS 0x00000000e2100000, 0x00000000e2100000| Untracked 
|  34|0x00000000e2200000, 0x00000000e2200000, 0x00000000e2300000|  0%| F|  |TAMS 0x00000000e2200000, 0x00000000e2200000| Untracked 
|  35|0x00000000e2300000, 0x00000000e2300000, 0x00000000e2400000|  0%| F|  |TAMS 0x00000000e2300000, 0x00000000e2300000| Untracked 
|  36|0x00000000e2400000, 0x00000000e2400000, 0x00000000e2500000|  0%| F|  |TAMS 0x00000000e2400000, 0x00000000e2400000| Untracked 
|  37|0x00000000e2500000, 0x00000000e2500000, 0x00000000e2600000|  0%| F|  |TAMS 0x00000000e2500000, 0x00000000e2500000| Untracked 
|  38|0x00000000e2600000, 0x00000000e2600000, 0x00000000e2700000|  0%| F|  |TAMS 0x00000000e2600000, 0x00000000e2600000| Untracked 
|  39|0x00000000e2700000, 0x00000000e2700000, 0x00000000e2800000|  0%| F|  |TAMS 0x00000000e2700000, 0x00000000e2700000| Untracked 
|  40|0x00000000e2800000, 0x00000000e2800000, 0x00000000e2900000|  0%| F|  |TAMS 0x00000000e2800000, 0x00000000e2800000| Untracked 
|  41|0x00000000e2900000, 0x00000000e2900000, 0x00000000e2a00000|  0%| F|  |TAMS 0x00000000e2900000, 0x00000000e2900000| Untracked 
|  42|0x00000000e2a00000, 0x00000000e2a00000, 0x00000000e2b00000|  0%| F|  |TAMS 0x00000000e2a00000, 0x00000000e2a00000| Untracked 
|  43|0x00000000e2b00000, 0x00000000e2b00000, 0x00000000e2c00000|  0%| F|  |TAMS 0x00000000e2b00000, 0x00000000e2b00000| Untracked 
|  44|0x00000000e2c00000, 0x00000000e2c00000, 0x00000000e2d00000|  0%| F|  |TAMS 0x00000000e2c00000, 0x00000000e2c00000| Untracked 
|  45|0x00000000e2d00000, 0x00000000e2d00000, 0x00000000e2e00000|  0%| F|  |TAMS 0x00000000e2d00000, 0x00000000e2d00000| Untracked 
|  46|0x00000000e2e00000, 0x00000000e2e00000, 0x00000000e2f00000|  0%| F|  |TAMS 0x00000000e2e00000, 0x00000000e2e00000| Untracked 
|  47|0x00000000e2f00000, 0x00000000e2f00000, 0x00000000e3000000|  0%| F|  |TAMS 0x00000000e2f00000, 0x00000000e2f00000| Untracked 
|  48|0x00000000e3000000, 0x00000000e3000000, 0x00000000e3100000|  0%| F|  |TAMS 0x00000000e3000000, 0x00000000e3000000| Untracked 
|  49|0x00000000e3100000, 0x00000000e3100000, 0x00000000e3200000|  0%| F|  |TAMS 0x00000000e3100000, 0x00000000e3100000| Untracked 
|  50|0x00000000e3200000, 0x00000000e3200000, 0x00000000e3300000|  0%| F|  |TAMS 0x00000000e3200000, 0x00000000e3200000| Untracked 
|  51|0x00000000e3300000, 0x00000000e3300000, 0x00000000e3400000|  0%| F|  |TAMS 0x00000000e3300000, 0x00000000e3300000| Untracked 
|  52|0x00000000e3400000, 0x00000000e3400000, 0x00000000e3500000|  0%| F|  |TAMS 0x00000000e3400000, 0x00000000e3400000| Untracked 
|  53|0x00000000e3500000, 0x00000000e3500000, 0x00000000e3600000|  0%| F|  |TAMS 0x00000000e3500000, 0x00000000e3500000| Untracked 
|  54|0x00000000e3600000, 0x00000000e3600000, 0x00000000e3700000|  0%| F|  |TAMS 0x00000000e3600000, 0x00000000e3600000| Untracked 
|  55|0x00000000e3700000, 0x00000000e3700000, 0x00000000e3800000|  0%| F|  |TAMS 0x00000000e3700000, 0x00000000e3700000| Untracked 
|  56|0x00000000e3800000, 0x00000000e3800000, 0x00000000e3900000|  0%| F|  |TAMS 0x00000000e3800000, 0x00000000e3800000| Untracked 
|  57|0x00000000e3900000, 0x00000000e3900000, 0x00000000e3a00000|  0%| F|  |TAMS 0x00000000e3900000, 0x00000000e3900000| Untracked 
|  58|0x00000000e3a00000, 0x00000000e3a00000, 0x00000000e3b00000|  0%| F|  |TAMS 0x00000000e3a00000, 0x00000000e3a00000| Untracked 
|  59|0x00000000e3b00000, 0x00000000e3b00000, 0x00000000e3c00000|  0%| F|  |TAMS 0x00000000e3b00000, 0x00000000e3b00000| Untracked 
|  60|0x00000000e3c00000, 0x00000000e3c00000, 0x00000000e3d00000|  0%| F|  |TAMS 0x00000000e3c00000, 0x00000000e3c00000| Untracked 
|  61|0x00000000e3d00000, 0x00000000e3d00000, 0x00000000e3e00000|  0%| F|  |TAMS 0x00000000e3d00000, 0x00000000e3d00000| Untracked 
|  62|0x00000000e3e00000, 0x00000000e3e00000, 0x00000000e3f00000|  0%| F|  |TAMS 0x00000000e3e00000, 0x00000000e3e00000| Untracked 
|  63|0x00000000e3f00000, 0x00000000e3f00000, 0x00000000e4000000|  0%| F|  |TAMS 0x00000000e3f00000, 0x00000000e3f00000| Untracked 
|  64|0x00000000e4000000, 0x00000000e4000000, 0x00000000e4100000|  0%| F|  |TAMS 0x00000000e4000000, 0x00000000e4000000| Untracked 
|  65|0x00000000e4100000, 0x00000000e4100000, 0x00000000e4200000|  0%| F|  |TAMS 0x00000000e4100000, 0x00000000e4100000| Untracked 
|  66|0x00000000e4200000, 0x00000000e4200000, 0x00000000e4300000|  0%| F|  |TAMS 0x00000000e4200000, 0x00000000e4200000| Untracked 
|  67|0x00000000e4300000, 0x00000000e4300000, 0x00000000e4400000|  0%| F|  |TAMS 0x00000000e4300000, 0x00000000e4300000| Untracked 
|  68|0x00000000e4400000, 0x00000000e4400000, 0x00000000e4500000|  0%| F|  |TAMS 0x00000000e4400000, 0x00000000e4400000| Untracked 
|  69|0x00000000e4500000, 0x00000000e4500000, 0x00000000e4600000|  0%| F|  |TAMS 0x00000000e4500000, 0x00000000e4500000| Untracked 
|  70|0x00000000e4600000, 0x00000000e4600000, 0x00000000e4700000|  0%| F|  |TAMS 0x00000000e4600000, 0x00000000e4600000| Untracked 
|  71|0x00000000e4700000, 0x00000000e4700000, 0x00000000e4800000|  0%| F|  |TAMS 0x00000000e4700000, 0x00000000e4700000| Untracked 
|  72|0x00000000e4800000, 0x00000000e4800000, 0x00000000e4900000|  0%| F|  |TAMS 0x00000000e4800000, 0x00000000e4800000| Untracked 
|  73|0x00000000e4900000, 0x00000000e4900000, 0x00000000e4a00000|  0%| F|  |TAMS 0x00000000e4900000, 0x00000000e4900000| Untracked 
|  74|0x00000000e4a00000, 0x00000000e4a00000, 0x00000000e4b00000|  0%| F|  |TAMS 0x00000000e4a00000, 0x00000000e4a00000| Untracked 
|  75|0x00000000e4b00000, 0x00000000e4b00000, 0x00000000e4c00000|  0%| F|  |TAMS 0x00000000e4b00000, 0x00000000e4b00000| Untracked 
|  76|0x00000000e4c00000, 0x00000000e4c00000, 0x00000000e4d00000|  0%| F|  |TAMS 0x00000000e4c00000, 0x00000000e4c00000| Untracked 
|  77|0x00000000e4d00000, 0x00000000e4d00000, 0x00000000e4e00000|  0%| F|  |TAMS 0x00000000e4d00000, 0x00000000e4d00000| Untracked 
|  78|0x00000000e4e00000, 0x00000000e4e00000, 0x00000000e4f00000|  0%| F|  |TAMS 0x00000000e4e00000, 0x00000000e4e00000| Untracked 
|  79|0x00000000e4f00000, 0x00000000e4f00000, 0x00000000e5000000|  0%| F|  |TAMS 0x00000000e4f00000, 0x00000000e4f00000| Untracked 
|  80|0x00000000e5000000, 0x00000000e5000000, 0x00000000e5100000|  0%| F|  |TAMS 0x00000000e5000000, 0x00000000e5000000| Untracked 
|  81|0x00000000e5100000, 0x00000000e5100000, 0x00000000e5200000|  0%| F|  |TAMS 0x00000000e5100000, 0x00000000e5100000| Untracked 
|  82|0x00000000e5200000, 0x00000000e5200000, 0x00000000e5300000|  0%| F|  |TAMS 0x00000000e5200000, 0x00000000e5200000| Untracked 
|  83|0x00000000e5300000, 0x00000000e5300000, 0x00000000e5400000|  0%| F|  |TAMS 0x00000000e5300000, 0x00000000e5300000| Untracked 
|  84|0x00000000e5400000, 0x00000000e5400000, 0x00000000e5500000|  0%| F|  |TAMS 0x00000000e5400000, 0x00000000e5400000| Untracked 
|  85|0x00000000e5500000, 0x00000000e5500000, 0x00000000e5600000|  0%| F|  |TAMS 0x00000000e5500000, 0x00000000e5500000| Untracked 
|  86|0x00000000e5600000, 0x00000000e5600000, 0x00000000e5700000|  0%| F|  |TAMS 0x00000000e5600000, 0x00000000e5600000| Untracked 
|  87|0x00000000e5700000, 0x00000000e5700000, 0x00000000e5800000|  0%| F|  |TAMS 0x00000000e5700000, 0x00000000e5700000| Untracked 
|  88|0x00000000e5800000, 0x00000000e5800000, 0x00000000e5900000|  0%| F|  |TAMS 0x00000000e5800000, 0x00000000e5800000| Untracked 
|  89|0x00000000e5900000, 0x00000000e5900000, 0x00000000e5a00000|  0%| F|  |TAMS 0x00000000e5900000, 0x00000000e5900000| Untracked 
|  90|0x00000000e5a00000, 0x00000000e5a00000, 0x00000000e5b00000|  0%| F|  |TAMS 0x00000000e5a00000, 0x00000000e5a00000| Untracked 
|  91|0x00000000e5b00000, 0x00000000e5b00000, 0x00000000e5c00000|  0%| F|  |TAMS 0x00000000e5b00000, 0x00000000e5b00000| Untracked 
|  92|0x00000000e5c00000, 0x00000000e5c00000, 0x00000000e5d00000|  0%| F|  |TAMS 0x00000000e5c00000, 0x00000000e5c00000| Untracked 
|  93|0x00000000e5d00000, 0x00000000e5d00000, 0x00000000e5e00000|  0%| F|  |TAMS 0x00000000e5d00000, 0x00000000e5d00000| Untracked 
|  94|0x00000000e5e00000, 0x00000000e5e00000, 0x00000000e5f00000|  0%| F|  |TAMS 0x00000000e5e00000, 0x00000000e5e00000| Untracked 
|  95|0x00000000e5f00000, 0x00000000e5f00000, 0x00000000e6000000|  0%| F|  |TAMS 0x00000000e5f00000, 0x00000000e5f00000| Untracked 
|  96|0x00000000e6000000, 0x00000000e6000000, 0x00000000e6100000|  0%| F|  |TAMS 0x00000000e6000000, 0x00000000e6000000| Untracked 
|  97|0x00000000e6100000, 0x00000000e6100000, 0x00000000e6200000|  0%| F|  |TAMS 0x00000000e6100000, 0x00000000e6100000| Untracked 
|  98|0x00000000e6200000, 0x00000000e6200000, 0x00000000e6300000|  0%| F|  |TAMS 0x00000000e6200000, 0x00000000e6200000| Untracked 
|  99|0x00000000e6300000, 0x00000000e6300000, 0x00000000e6400000|  0%| F|  |TAMS 0x00000000e6300000, 0x00000000e6300000| Untracked 
| 100|0x00000000e6400000, 0x00000000e6400000, 0x00000000e6500000|  0%| F|  |TAMS 0x00000000e6400000, 0x00000000e6400000| Untracked 
| 101|0x00000000e6500000, 0x00000000e6500000, 0x00000000e6600000|  0%| F|  |TAMS 0x00000000e6500000, 0x00000000e6500000| Untracked 
| 102|0x00000000e6600000, 0x00000000e6600000, 0x00000000e6700000|  0%| F|  |TAMS 0x00000000e6600000, 0x00000000e6600000| Untracked 
| 103|0x00000000e6700000, 0x00000000e6700000, 0x00000000e6800000|  0%| F|  |TAMS 0x00000000e6700000, 0x00000000e6700000| Untracked 
| 104|0x00000000e6800000, 0x00000000e6800000, 0x00000000e6900000|  0%| F|  |TAMS 0x00000000e6800000, 0x00000000e6800000| Untracked 
| 105|0x00000000e6900000, 0x00000000e6900000, 0x00000000e6a00000|  0%| F|  |TAMS 0x00000000e6900000, 0x00000000e6900000| Untracked 
| 106|0x00000000e6a00000, 0x00000000e6a00000, 0x00000000e6b00000|  0%| F|  |TAMS 0x00000000e6a00000, 0x00000000e6a00000| Untracked 
| 107|0x00000000e6b00000, 0x00000000e6b00000, 0x00000000e6c00000|  0%| F|  |TAMS 0x00000000e6b00000, 0x00000000e6b00000| Untracked 
| 108|0x00000000e6c00000, 0x00000000e6c00000, 0x00000000e6d00000|  0%| F|  |TAMS 0x00000000e6c00000, 0x00000000e6c00000| Untracked 
| 109|0x00000000e6d00000, 0x00000000e6d00000, 0x00000000e6e00000|  0%| F|  |TAMS 0x00000000e6d00000, 0x00000000e6d00000| Untracked 
| 110|0x00000000e6e00000, 0x00000000e6e00000, 0x00000000e6f00000|  0%| F|  |TAMS 0x00000000e6e00000, 0x00000000e6e00000| Untracked 
| 111|0x00000000e6f00000, 0x00000000e6f00000, 0x00000000e7000000|  0%| F|  |TAMS 0x00000000e6f00000, 0x00000000e6f00000| Untracked 
| 112|0x00000000e7000000, 0x00000000e7000000, 0x00000000e7100000|  0%| F|  |TAMS 0x00000000e7000000, 0x00000000e7000000| Untracked 
| 113|0x00000000e7100000, 0x00000000e7100000, 0x00000000e7200000|  0%| F|  |TAMS 0x00000000e7100000, 0x00000000e7100000| Untracked 
| 114|0x00000000e7200000, 0x00000000e7200000, 0x00000000e7300000|  0%| F|  |TAMS 0x00000000e7200000, 0x00000000e7200000| Untracked 
| 115|0x00000000e7300000, 0x00000000e7300000, 0x00000000e7400000|  0%| F|  |TAMS 0x00000000e7300000, 0x00000000e7300000| Untracked 
| 116|0x00000000e7400000, 0x00000000e7400000, 0x00000000e7500000|  0%| F|  |TAMS 0x00000000e7400000, 0x00000000e7400000| Untracked 
| 117|0x00000000e7500000, 0x00000000e7500000, 0x00000000e7600000|  0%| F|  |TAMS 0x00000000e7500000, 0x00000000e7500000| Untracked 
| 118|0x00000000e7600000, 0x00000000e7600000, 0x00000000e7700000|  0%| F|  |TAMS 0x00000000e7600000, 0x00000000e7600000| Untracked 
| 119|0x00000000e7700000, 0x00000000e7700000, 0x00000000e7800000|  0%| F|  |TAMS 0x00000000e7700000, 0x00000000e7700000| Untracked 
| 120|0x00000000e7800000, 0x00000000e7800000, 0x00000000e7900000|  0%| F|  |TAMS 0x00000000e7800000, 0x00000000e7800000| Untracked 
| 121|0x00000000e7900000, 0x00000000e7900000, 0x00000000e7a00000|  0%| F|  |TAMS 0x00000000e7900000, 0x00000000e7900000| Untracked 
| 122|0x00000000e7a00000, 0x00000000e7a00000, 0x00000000e7b00000|  0%| F|  |TAMS 0x00000000e7a00000, 0x00000000e7a00000| Untracked 
| 123|0x00000000e7b00000, 0x00000000e7b00000, 0x00000000e7c00000|  0%| F|  |TAMS 0x00000000e7b00000, 0x00000000e7b00000| Untracked 
| 124|0x00000000e7c00000, 0x00000000e7c00000, 0x00000000e7d00000|  0%| F|  |TAMS 0x00000000e7c00000, 0x00000000e7c00000| Untracked 
| 125|0x00000000e7d00000, 0x00000000e7d00000, 0x00000000e7e00000|  0%| F|  |TAMS 0x00000000e7d00000, 0x00000000e7d00000| Untracked 
| 126|0x00000000e7e00000, 0x00000000e7e00000, 0x00000000e7f00000|  0%| F|  |TAMS 0x00000000e7e00000, 0x00000000e7e00000| Untracked 
| 127|0x00000000e7f00000, 0x00000000e7f00000, 0x00000000e8000000|  0%| F|  |TAMS 0x00000000e7f00000, 0x00000000e7f00000| Untracked 
| 128|0x00000000e8000000, 0x00000000e8000000, 0x00000000e8100000|  0%| F|  |TAMS 0x00000000e8000000, 0x00000000e8000000| Untracked 
| 129|0x00000000e8100000, 0x00000000e8100000, 0x00000000e8200000|  0%| F|  |TAMS 0x00000000e8100000, 0x00000000e8100000| Untracked 
| 130|0x00000000e8200000, 0x00000000e8200000, 0x00000000e8300000|  0%| F|  |TAMS 0x00000000e8200000, 0x00000000e8200000| Untracked 
| 131|0x00000000e8300000, 0x00000000e83e81d0, 0x00000000e8400000| 90%| S|CS|TAMS 0x00000000e8300000, 0x00000000e8300000| Complete 
| 132|0x00000000e8400000, 0x00000000e8500000, 0x00000000e8500000|100%| S|CS|TAMS 0x00000000e8400000, 0x00000000e8400000| Complete 
| 133|0x00000000e8500000, 0x00000000e8600000, 0x00000000e8600000|100%| S|CS|TAMS 0x00000000e8500000, 0x00000000e8500000| Complete 
| 134|0x00000000e8600000, 0x00000000e8700000, 0x00000000e8700000|100%| S|CS|TAMS 0x00000000e8600000, 0x00000000e8600000| Complete 
| 135|0x00000000e8700000, 0x00000000e8800000, 0x00000000e8800000|100%| S|CS|TAMS 0x00000000e8700000, 0x00000000e8700000| Complete 
| 136|0x00000000e8800000, 0x00000000e8900000, 0x00000000e8900000|100%| S|CS|TAMS 0x00000000e8800000, 0x00000000e8800000| Complete 
| 137|0x00000000e8900000, 0x00000000e8a00000, 0x00000000e8a00000|100%| S|CS|TAMS 0x00000000e8900000, 0x00000000e8900000| Complete 
| 138|0x00000000e8a00000, 0x00000000e8b00000, 0x00000000e8b00000|100%| S|CS|TAMS 0x00000000e8a00000, 0x00000000e8a00000| Complete 
| 139|0x00000000e8b00000, 0x00000000e8c00000, 0x00000000e8c00000|100%| S|CS|TAMS 0x00000000e8b00000, 0x00000000e8b00000| Complete 
| 140|0x00000000e8c00000, 0x00000000e8d00000, 0x00000000e8d00000|100%| S|CS|TAMS 0x00000000e8c00000, 0x00000000e8c00000| Complete 
| 141|0x00000000e8d00000, 0x00000000e8e00000, 0x00000000e8e00000|100%| S|CS|TAMS 0x00000000e8d00000, 0x00000000e8d00000| Complete 
| 142|0x00000000e8e00000, 0x00000000e8f00000, 0x00000000e8f00000|100%| S|CS|TAMS 0x00000000e8e00000, 0x00000000e8e00000| Complete 
| 143|0x00000000e8f00000, 0x00000000e8f00000, 0x00000000e9000000|  0%| F|  |TAMS 0x00000000e8f00000, 0x00000000e8f00000| Untracked 
| 144|0x00000000e9000000, 0x00000000e9000000, 0x00000000e9100000|  0%| F|  |TAMS 0x00000000e9000000, 0x00000000e9000000| Untracked 
| 145|0x00000000e9100000, 0x00000000e9100000, 0x00000000e9200000|  0%| F|  |TAMS 0x00000000e9100000, 0x00000000e9100000| Untracked 
| 146|0x00000000e9200000, 0x00000000e9200000, 0x00000000e9300000|  0%| F|  |TAMS 0x00000000e9200000, 0x00000000e9200000| Untracked 
| 147|0x00000000e9300000, 0x00000000e9300000, 0x00000000e9400000|  0%| F|  |TAMS 0x00000000e9300000, 0x00000000e9300000| Untracked 
| 148|0x00000000e9400000, 0x00000000e9400000, 0x00000000e9500000|  0%| F|  |TAMS 0x00000000e9400000, 0x00000000e9400000| Untracked 
| 149|0x00000000e9500000, 0x00000000e9500000, 0x00000000e9600000|  0%| F|  |TAMS 0x00000000e9500000, 0x00000000e9500000| Untracked 
| 150|0x00000000e9600000, 0x00000000e9600000, 0x00000000e9700000|  0%| F|  |TAMS 0x00000000e9600000, 0x00000000e9600000| Untracked 
| 151|0x00000000e9700000, 0x00000000e9700000, 0x00000000e9800000|  0%| F|  |TAMS 0x00000000e9700000, 0x00000000e9700000| Untracked 
| 152|0x00000000e9800000, 0x00000000e9800000, 0x00000000e9900000|  0%| F|  |TAMS 0x00000000e9800000, 0x00000000e9800000| Untracked 
| 153|0x00000000e9900000, 0x00000000e9900000, 0x00000000e9a00000|  0%| F|  |TAMS 0x00000000e9900000, 0x00000000e9900000| Untracked 
| 154|0x00000000e9a00000, 0x00000000e9a00000, 0x00000000e9b00000|  0%| F|  |TAMS 0x00000000e9a00000, 0x00000000e9a00000| Untracked 
| 155|0x00000000e9b00000, 0x00000000e9b00000, 0x00000000e9c00000|  0%| F|  |TAMS 0x00000000e9b00000, 0x00000000e9b00000| Untracked 
| 156|0x00000000e9c00000, 0x00000000e9c00000, 0x00000000e9d00000|  0%| F|  |TAMS 0x00000000e9c00000, 0x00000000e9c00000| Untracked 
| 157|0x00000000e9d00000, 0x00000000e9d00000, 0x00000000e9e00000|  0%| F|  |TAMS 0x00000000e9d00000, 0x00000000e9d00000| Untracked 
| 158|0x00000000e9e00000, 0x00000000e9e00000, 0x00000000e9f00000|  0%| F|  |TAMS 0x00000000e9e00000, 0x00000000e9e00000| Untracked 
| 159|0x00000000e9f00000, 0x00000000e9f00000, 0x00000000ea000000|  0%| F|  |TAMS 0x00000000e9f00000, 0x00000000e9f00000| Untracked 
| 160|0x00000000ea000000, 0x00000000ea000000, 0x00000000ea100000|  0%| F|  |TAMS 0x00000000ea000000, 0x00000000ea000000| Untracked 
| 161|0x00000000ea100000, 0x00000000ea100000, 0x00000000ea200000|  0%| F|  |TAMS 0x00000000ea100000, 0x00000000ea100000| Untracked 
| 162|0x00000000ea200000, 0x00000000ea300000, 0x00000000ea300000|100%| E|  |TAMS 0x00000000ea200000, 0x00000000ea200000| Complete 
| 163|0x00000000ea300000, 0x00000000ea400000, 0x00000000ea400000|100%| E|CS|TAMS 0x00000000ea300000, 0x00000000ea300000| Complete 
| 164|0x00000000ea400000, 0x00000000ea500000, 0x00000000ea500000|100%| E|CS|TAMS 0x00000000ea400000, 0x00000000ea400000| Complete 
| 165|0x00000000ea500000, 0x00000000ea600000, 0x00000000ea600000|100%| E|CS|TAMS 0x00000000ea500000, 0x00000000ea500000| Complete 
| 166|0x00000000ea600000, 0x00000000ea700000, 0x00000000ea700000|100%| E|CS|TAMS 0x00000000ea600000, 0x00000000ea600000| Complete 
| 167|0x00000000ea700000, 0x00000000ea800000, 0x00000000ea800000|100%| E|CS|TAMS 0x00000000ea700000, 0x00000000ea700000| Complete 
| 168|0x00000000ea800000, 0x00000000ea900000, 0x00000000ea900000|100%| E|CS|TAMS 0x00000000ea800000, 0x00000000ea800000| Complete 
| 169|0x00000000ea900000, 0x00000000eaa00000, 0x00000000eaa00000|100%| E|CS|TAMS 0x00000000ea900000, 0x00000000ea900000| Complete 
| 170|0x00000000eaa00000, 0x00000000eab00000, 0x00000000eab00000|100%| E|CS|TAMS 0x00000000eaa00000, 0x00000000eaa00000| Complete 
| 171|0x00000000eab00000, 0x00000000eac00000, 0x00000000eac00000|100%| E|CS|TAMS 0x00000000eab00000, 0x00000000eab00000| Complete 
| 172|0x00000000eac00000, 0x00000000ead00000, 0x00000000ead00000|100%| E|CS|TAMS 0x00000000eac00000, 0x00000000eac00000| Complete 
| 173|0x00000000ead00000, 0x00000000eae00000, 0x00000000eae00000|100%| E|CS|TAMS 0x00000000ead00000, 0x00000000ead00000| Complete 
| 174|0x00000000eae00000, 0x00000000eaf00000, 0x00000000eaf00000|100%| E|CS|TAMS 0x00000000eae00000, 0x00000000eae00000| Complete 
| 175|0x00000000eaf00000, 0x00000000eb000000, 0x00000000eb000000|100%| E|CS|TAMS 0x00000000eaf00000, 0x00000000eaf00000| Complete 
| 176|0x00000000eb000000, 0x00000000eb100000, 0x00000000eb100000|100%| E|CS|TAMS 0x00000000eb000000, 0x00000000eb000000| Complete 
| 177|0x00000000eb100000, 0x00000000eb200000, 0x00000000eb200000|100%| E|CS|TAMS 0x00000000eb100000, 0x00000000eb100000| Complete 
| 178|0x00000000eb200000, 0x00000000eb300000, 0x00000000eb300000|100%| E|CS|TAMS 0x00000000eb200000, 0x00000000eb200000| Complete 
| 179|0x00000000eb300000, 0x00000000eb400000, 0x00000000eb400000|100%| E|CS|TAMS 0x00000000eb300000, 0x00000000eb300000| Complete 
| 180|0x00000000eb400000, 0x00000000eb500000, 0x00000000eb500000|100%| E|CS|TAMS 0x00000000eb400000, 0x00000000eb400000| Complete 
| 181|0x00000000eb500000, 0x00000000eb600000, 0x00000000eb600000|100%| E|CS|TAMS 0x00000000eb500000, 0x00000000eb500000| Complete 
| 182|0x00000000eb600000, 0x00000000eb700000, 0x00000000eb700000|100%| E|CS|TAMS 0x00000000eb600000, 0x00000000eb600000| Complete 
| 183|0x00000000eb700000, 0x00000000eb800000, 0x00000000eb800000|100%| E|CS|TAMS 0x00000000eb700000, 0x00000000eb700000| Complete 
| 184|0x00000000eb800000, 0x00000000eb900000, 0x00000000eb900000|100%| E|CS|TAMS 0x00000000eb800000, 0x00000000eb800000| Complete 
| 185|0x00000000eb900000, 0x00000000eba00000, 0x00000000eba00000|100%| E|CS|TAMS 0x00000000eb900000, 0x00000000eb900000| Complete 
| 186|0x00000000eba00000, 0x00000000ebb00000, 0x00000000ebb00000|100%| E|CS|TAMS 0x00000000eba00000, 0x00000000eba00000| Complete 
| 187|0x00000000ebb00000, 0x00000000ebc00000, 0x00000000ebc00000|100%| E|CS|TAMS 0x00000000ebb00000, 0x00000000ebb00000| Complete 
| 188|0x00000000ebc00000, 0x00000000ebd00000, 0x00000000ebd00000|100%| E|CS|TAMS 0x00000000ebc00000, 0x00000000ebc00000| Complete 
| 189|0x00000000ebd00000, 0x00000000ebe00000, 0x00000000ebe00000|100%| E|CS|TAMS 0x00000000ebd00000, 0x00000000ebd00000| Complete 
| 190|0x00000000ebe00000, 0x00000000ebf00000, 0x00000000ebf00000|100%| E|CS|TAMS 0x00000000ebe00000, 0x00000000ebe00000| Complete 
| 191|0x00000000ebf00000, 0x00000000ec000000, 0x00000000ec000000|100%| E|CS|TAMS 0x00000000ebf00000, 0x00000000ebf00000| Complete 
| 192|0x00000000ec000000, 0x00000000ec100000, 0x00000000ec100000|100%| E|CS|TAMS 0x00000000ec000000, 0x00000000ec000000| Complete 
| 193|0x00000000ec100000, 0x00000000ec200000, 0x00000000ec200000|100%| E|CS|TAMS 0x00000000ec100000, 0x00000000ec100000| Complete 
| 194|0x00000000ec200000, 0x00000000ec300000, 0x00000000ec300000|100%| E|CS|TAMS 0x00000000ec200000, 0x00000000ec200000| Complete 
| 195|0x00000000ec300000, 0x00000000ec400000, 0x00000000ec400000|100%| E|CS|TAMS 0x00000000ec300000, 0x00000000ec300000| Complete 
| 196|0x00000000ec400000, 0x00000000ec500000, 0x00000000ec500000|100%| E|CS|TAMS 0x00000000ec400000, 0x00000000ec400000| Complete 
| 197|0x00000000ec500000, 0x00000000ec600000, 0x00000000ec600000|100%| E|  |TAMS 0x00000000ec500000, 0x00000000ec500000| Complete 
| 198|0x00000000ec600000, 0x00000000ec700000, 0x00000000ec700000|100%| E|CS|TAMS 0x00000000ec600000, 0x00000000ec600000| Complete 
| 199|0x00000000ec700000, 0x00000000ec800000, 0x00000000ec800000|100%| E|CS|TAMS 0x00000000ec700000, 0x00000000ec700000| Complete 
| 200|0x00000000ec800000, 0x00000000ec900000, 0x00000000ec900000|100%| E|CS|TAMS 0x00000000ec800000, 0x00000000ec800000| Complete 
| 201|0x00000000ec900000, 0x00000000eca00000, 0x00000000eca00000|100%| E|CS|TAMS 0x00000000ec900000, 0x00000000ec900000| Complete 
| 202|0x00000000eca00000, 0x00000000ecb00000, 0x00000000ecb00000|100%| E|CS|TAMS 0x00000000eca00000, 0x00000000eca00000| Complete 
| 203|0x00000000ecb00000, 0x00000000ecc00000, 0x00000000ecc00000|100%| E|CS|TAMS 0x00000000ecb00000, 0x00000000ecb00000| Complete 
| 204|0x00000000ecc00000, 0x00000000ecd00000, 0x00000000ecd00000|100%| E|CS|TAMS 0x00000000ecc00000, 0x00000000ecc00000| Complete 
| 205|0x00000000ecd00000, 0x00000000ece00000, 0x00000000ece00000|100%| E|CS|TAMS 0x00000000ecd00000, 0x00000000ecd00000| Complete 
| 206|0x00000000ece00000, 0x00000000ecf00000, 0x00000000ecf00000|100%| E|CS|TAMS 0x00000000ece00000, 0x00000000ece00000| Complete 
| 207|0x00000000ecf00000, 0x00000000ed000000, 0x00000000ed000000|100%| E|CS|TAMS 0x00000000ecf00000, 0x00000000ecf00000| Complete 
| 208|0x00000000ed000000, 0x00000000ed100000, 0x00000000ed100000|100%| E|CS|TAMS 0x00000000ed000000, 0x00000000ed000000| Complete 
| 209|0x00000000ed100000, 0x00000000ed200000, 0x00000000ed200000|100%| E|CS|TAMS 0x00000000ed100000, 0x00000000ed100000| Complete 
| 210|0x00000000ed200000, 0x00000000ed300000, 0x00000000ed300000|100%| E|CS|TAMS 0x00000000ed200000, 0x00000000ed200000| Complete 
| 211|0x00000000ed300000, 0x00000000ed400000, 0x00000000ed400000|100%| E|CS|TAMS 0x00000000ed300000, 0x00000000ed300000| Complete 
| 212|0x00000000ed400000, 0x00000000ed500000, 0x00000000ed500000|100%| E|CS|TAMS 0x00000000ed400000, 0x00000000ed400000| Complete 
| 213|0x00000000ed500000, 0x00000000ed600000, 0x00000000ed600000|100%| E|CS|TAMS 0x00000000ed500000, 0x00000000ed500000| Complete 
| 214|0x00000000ed600000, 0x00000000ed700000, 0x00000000ed700000|100%| E|CS|TAMS 0x00000000ed600000, 0x00000000ed600000| Complete 
| 215|0x00000000ed700000, 0x00000000ed800000, 0x00000000ed800000|100%| E|CS|TAMS 0x00000000ed700000, 0x00000000ed700000| Complete 
| 216|0x00000000ed800000, 0x00000000ed900000, 0x00000000ed900000|100%| E|CS|TAMS 0x00000000ed800000, 0x00000000ed800000| Complete 
| 217|0x00000000ed900000, 0x00000000eda00000, 0x00000000eda00000|100%| E|CS|TAMS 0x00000000ed900000, 0x00000000ed900000| Complete 
| 218|0x00000000eda00000, 0x00000000edb00000, 0x00000000edb00000|100%| E|CS|TAMS 0x00000000eda00000, 0x00000000eda00000| Complete 
| 219|0x00000000edb00000, 0x00000000edc00000, 0x00000000edc00000|100%| E|CS|TAMS 0x00000000edb00000, 0x00000000edb00000| Complete 
| 220|0x00000000edc00000, 0x00000000edd00000, 0x00000000edd00000|100%| E|CS|TAMS 0x00000000edc00000, 0x00000000edc00000| Complete 
| 221|0x00000000edd00000, 0x00000000ede00000, 0x00000000ede00000|100%| E|CS|TAMS 0x00000000edd00000, 0x00000000edd00000| Complete 
| 222|0x00000000ede00000, 0x00000000edf00000, 0x00000000edf00000|100%| E|CS|TAMS 0x00000000ede00000, 0x00000000ede00000| Complete 
| 223|0x00000000edf00000, 0x00000000ee000000, 0x00000000ee000000|100%| E|CS|TAMS 0x00000000edf00000, 0x00000000edf00000| Complete 
| 224|0x00000000ee000000, 0x00000000ee100000, 0x00000000ee100000|100%| E|CS|TAMS 0x00000000ee000000, 0x00000000ee000000| Complete 
| 225|0x00000000ee100000, 0x00000000ee200000, 0x00000000ee200000|100%| E|CS|TAMS 0x00000000ee100000, 0x00000000ee100000| Complete 
| 226|0x00000000ee200000, 0x00000000ee300000, 0x00000000ee300000|100%| E|CS|TAMS 0x00000000ee200000, 0x00000000ee200000| Complete 
| 227|0x00000000ee300000, 0x00000000ee400000, 0x00000000ee400000|100%| E|CS|TAMS 0x00000000ee300000, 0x00000000ee300000| Complete 
| 228|0x00000000ee400000, 0x00000000ee500000, 0x00000000ee500000|100%| E|CS|TAMS 0x00000000ee400000, 0x00000000ee400000| Complete 
| 229|0x00000000ee500000, 0x00000000ee600000, 0x00000000ee600000|100%| E|CS|TAMS 0x00000000ee500000, 0x00000000ee500000| Complete 
| 230|0x00000000ee600000, 0x00000000ee700000, 0x00000000ee700000|100%| E|CS|TAMS 0x00000000ee600000, 0x00000000ee600000| Complete 
| 231|0x00000000ee700000, 0x00000000ee800000, 0x00000000ee800000|100%| E|CS|TAMS 0x00000000ee700000, 0x00000000ee700000| Complete 
| 232|0x00000000ee800000, 0x00000000ee900000, 0x00000000ee900000|100%| E|CS|TAMS 0x00000000ee800000, 0x00000000ee800000| Complete 
| 233|0x00000000ee900000, 0x00000000eea00000, 0x00000000eea00000|100%| E|CS|TAMS 0x00000000ee900000, 0x00000000ee900000| Complete 
| 234|0x00000000eea00000, 0x00000000eeb00000, 0x00000000eeb00000|100%| E|CS|TAMS 0x00000000eea00000, 0x00000000eea00000| Complete 
| 235|0x00000000eeb00000, 0x00000000eec00000, 0x00000000eec00000|100%| E|CS|TAMS 0x00000000eeb00000, 0x00000000eeb00000| Complete 
| 236|0x00000000eec00000, 0x00000000eed00000, 0x00000000eed00000|100%| E|CS|TAMS 0x00000000eec00000, 0x00000000eec00000| Complete 
| 237|0x00000000eed00000, 0x00000000eee00000, 0x00000000eee00000|100%| E|CS|TAMS 0x00000000eed00000, 0x00000000eed00000| Complete 
| 238|0x00000000eee00000, 0x00000000eef00000, 0x00000000eef00000|100%| E|CS|TAMS 0x00000000eee00000, 0x00000000eee00000| Complete 
| 239|0x00000000eef00000, 0x00000000ef000000, 0x00000000ef000000|100%| E|CS|TAMS 0x00000000eef00000, 0x00000000eef00000| Complete 
| 240|0x00000000ef000000, 0x00000000ef100000, 0x00000000ef100000|100%| E|CS|TAMS 0x00000000ef000000, 0x00000000ef000000| Complete 
| 241|0x00000000ef100000, 0x00000000ef200000, 0x00000000ef200000|100%| E|CS|TAMS 0x00000000ef100000, 0x00000000ef100000| Complete 
| 242|0x00000000ef200000, 0x00000000ef300000, 0x00000000ef300000|100%| E|CS|TAMS 0x00000000ef200000, 0x00000000ef200000| Complete 
| 243|0x00000000ef300000, 0x00000000ef400000, 0x00000000ef400000|100%| E|CS|TAMS 0x00000000ef300000, 0x00000000ef300000| Complete 
| 244|0x00000000ef400000, 0x00000000ef500000, 0x00000000ef500000|100%| E|CS|TAMS 0x00000000ef400000, 0x00000000ef400000| Complete 
| 245|0x00000000ef500000, 0x00000000ef600000, 0x00000000ef600000|100%| E|CS|TAMS 0x00000000ef500000, 0x00000000ef500000| Complete 
| 246|0x00000000ef600000, 0x00000000ef700000, 0x00000000ef700000|100%| E|CS|TAMS 0x00000000ef600000, 0x00000000ef600000| Complete 
| 247|0x00000000ef700000, 0x00000000ef800000, 0x00000000ef800000|100%| E|CS|TAMS 0x00000000ef700000, 0x00000000ef700000| Complete 
| 248|0x00000000ef800000, 0x00000000ef900000, 0x00000000ef900000|100%| E|CS|TAMS 0x00000000ef800000, 0x00000000ef800000| Complete 
| 249|0x00000000ef900000, 0x00000000efa00000, 0x00000000efa00000|100%| E|CS|TAMS 0x00000000ef900000, 0x00000000ef900000| Complete 
| 250|0x00000000efa00000, 0x00000000efb00000, 0x00000000efb00000|100%| E|CS|TAMS 0x00000000efa00000, 0x00000000efa00000| Complete 
| 251|0x00000000efb00000, 0x00000000efc00000, 0x00000000efc00000|100%| E|CS|TAMS 0x00000000efb00000, 0x00000000efb00000| Complete 
| 252|0x00000000efc00000, 0x00000000efd00000, 0x00000000efd00000|100%| E|CS|TAMS 0x00000000efc00000, 0x00000000efc00000| Complete 
| 253|0x00000000efd00000, 0x00000000efe00000, 0x00000000efe00000|100%| E|CS|TAMS 0x00000000efd00000, 0x00000000efd00000| Complete 
| 254|0x00000000efe00000, 0x00000000eff00000, 0x00000000eff00000|100%| E|CS|TAMS 0x00000000efe00000, 0x00000000efe00000| Complete 
| 255|0x00000000eff00000, 0x00000000f0000000, 0x00000000f0000000|100%| E|CS|TAMS 0x00000000eff00000, 0x00000000eff00000| Complete 

Card table byte_map: [0x000002562c850000,0x000002562c950000] _byte_map_base: 0x000002562c150000

Marking Bits (Prev, Next): (CMBitMap*) 0x00000256151a5ba0, (CMBitMap*) 0x00000256151a5b60
 Prev Bits: [0x000002562d250000, 0x000002562da50000)
 Next Bits: [0x000002562ca50000, 0x000002562d250000)

Polling page: 0x00000256138d0000

Metaspace:

Usage:
  Non-class:     28.06 MB used.
      Class:      4.46 MB used.
       Both:     32.53 MB used.

Virtual space:
  Non-class space:       64.00 MB reserved,      28.25 MB ( 44%) committed,  1 nodes.
      Class space:      320.00 MB reserved,       4.62 MB (  1%) committed,  1 nodes.
             Both:      384.00 MB reserved,      32.88 MB (  9%) committed. 

Chunk freelists:
   Non-Class:  3.32 MB
       Class:  11.38 MB
        Both:  14.70 MB

MaxMetaspaceSize: 384.00 MB
CompressedClassSpaceSize: 320.00 MB
Initial GC threshold: 21.00 MB
Current GC threshold: 35.25 MB
CDS: on
MetaspaceReclaimPolicy: balanced
 - commit_granule_bytes: 65536.
 - commit_granule_words: 8192.
 - virtual_space_node_default_size: 8388608.
 - enlarge_chunks_in_place: 1.
 - new_chunks_are_fully_committed: 0.
 - uncommit_free_chunks: 1.
 - use_allocation_guard: 0.
 - handle_deallocations: 1.


Internal statistics:

num_allocs_failed_limit: 3.
num_arena_births: 406.
num_arena_deaths: 0.
num_vsnodes_births: 2.
num_vsnodes_deaths: 0.
num_space_committed: 526.
num_space_uncommitted: 0.
num_chunks_returned_to_freelist: 3.
num_chunks_taken_from_freelist: 1635.
num_chunk_merges: 3.
num_chunk_splits: 1077.
num_chunks_enlarged: 762.
num_inconsistent_stats: 0.

CodeHeap 'non-profiled nmethods': size=120000Kb used=2640Kb max_used=2640Kb free=117359Kb
 bounds [0x0000025624790000, 0x0000025624a30000, 0x000002562bcc0000]
CodeHeap 'profiled nmethods': size=120000Kb used=8595Kb max_used=8595Kb free=111404Kb
 bounds [0x000002561ccc0000, 0x000002561d530000, 0x00000256241f0000]
CodeHeap 'non-nmethods': size=5760Kb used=2290Kb max_used=2309Kb free=3469Kb
 bounds [0x00000256241f0000, 0x0000025624460000, 0x0000025624790000]
 total_blobs=4946 nmethods=4148 adapters=710
 compilation: enabled
              stopped_count=0, restarted_count=0
 full_count=0

Compilation events (20 events):
Event: 52.692 Thread 0x000002564d4e67e0 nmethod 4142 0x0000025624a23890 code [0x0000025624a23a20, 0x0000025624a23d78]
Event: 52.693 Thread 0x00000256304973f0 4143       4       org.codehaus.groovy.runtime.metaclass.MetaMethodIndex::addMethodToList (128 bytes)
Event: 52.697 Thread 0x0000025630497db0 4144       3       org.codehaus.groovy.reflection.CachedClass::getMethods (11 bytes)
Event: 52.698 Thread 0x0000025630497db0 nmethod 4144 0x000002561d518610 code [0x000002561d5187c0, 0x000002561d518a88]
Event: 52.698 Thread 0x0000025630497db0 4145   !   3       java.util.concurrent.ConcurrentHashMap::computeIfAbsent (576 bytes)
Event: 52.700 Thread 0x0000025630497db0 nmethod 4145 0x000002561d518b90 code [0x000002561d518fa0, 0x000002561d51b378]
Event: 52.700 Thread 0x0000025630497db0 4146       3       groovy.lang.MetaClassImpl::establishStaticMetaProperty (262 bytes)
Event: 52.702 Thread 0x0000025630497db0 nmethod 4146 0x000002561d51c410 code [0x000002561d51c6c0, 0x000002561d51df38]
Event: 52.718 Thread 0x000002564d4e67e0 4147       4       jdk.internal.loader.URLClassPath$JarLoader$2::getInputStream (15 bytes)
Event: 52.719 Thread 0x0000025630497db0 4148       3       com.google.common.collect.ImmutableList$Builder::addAll (65 bytes)
Event: 52.719 Thread 0x000002564d4e67e0 nmethod 4147 0x0000025624a23f10 code [0x0000025624a240a0, 0x0000025624a24168]
Event: 52.719 Thread 0x0000025630497db0 nmethod 4148 0x000002561d51e490 code [0x000002561d51e700, 0x000002561d51f438]
Event: 52.723 Thread 0x0000025630497db0 4149       3       com.google.common.collect.ImmutableList::of (4 bytes)
Event: 52.723 Thread 0x0000025630497db0 nmethod 4149 0x000002561d51f790 code [0x000002561d51f920, 0x000002561d51fa18]
Event: 52.734 Thread 0x000002564d4e67e0 4150       4       groovy.lang.MetaClassImpl$1MOPIter::methodNameAction (325 bytes)
Event: 52.734 Thread 0x0000025630497db0 4151       3       sun.reflect.misc.ReflectUtil::checkPackageAccess (14 bytes)
Event: 52.736 Thread 0x0000025630497db0 nmethod 4151 0x000002561d51fa90 code [0x000002561d51fda0, 0x000002561d521078]
Event: 52.737 Thread 0x0000025630497db0 4152       3       java.beans.MethodDescriptor::<init> (7 bytes)
Event: 52.738 Thread 0x0000025630497db0 nmethod 4152 0x000002561d521710 code [0x000002561d5218c0, 0x000002561d521a08]
Event: 52.738 Thread 0x0000025630497db0 4153  s    3       java.beans.MethodDescriptor::setMethod (41 bytes)

GC Heap History (8 events):
Event: 3.269 GC heap before
{Heap before GC invocations=0 (full 0):
 garbage-first heap   total 262144K, used 23552K [0x00000000e0000000, 0x0000000100000000)
  region size 1024K, 23 young (23552K), 0 survivors (0K)
 Metaspace       used 1033K, committed 1152K, reserved 393216K
  class space    used 72K, committed 128K, reserved 327680K
}
Event: 3.676 GC heap after
{Heap after GC invocations=1 (full 0):
 garbage-first heap   total 262144K, used 1905K [0x00000000e0000000, 0x0000000100000000)
  region size 1024K, 2 young (2048K), 2 survivors (2048K)
 Metaspace       used 1033K, committed 1152K, reserved 393216K
  class space    used 72K, committed 128K, reserved 327680K
}
Event: 5.705 GC heap before
{Heap before GC invocations=1 (full 0):
 garbage-first heap   total 262144K, used 39793K [0x00000000e0000000, 0x0000000100000000)
  region size 1024K, 36 young (36864K), 2 survivors (2048K)
 Metaspace       used 4339K, committed 4544K, reserved 393216K
  class space    used 545K, committed 640K, reserved 327680K
}
Event: 5.710 GC heap after
{Heap after GC invocations=2 (full 0):
 garbage-first heap   total 262144K, used 11086K [0x00000000e0000000, 0x0000000100000000)
  region size 1024K, 5 young (5120K), 5 survivors (5120K)
 Metaspace       used 4339K, committed 4544K, reserved 393216K
  class space    used 545K, committed 640K, reserved 327680K
}
Event: 7.641 GC heap before
{Heap before GC invocations=2 (full 0):
 garbage-first heap   total 262144K, used 61262K [0x00000000e0000000, 0x0000000100000000)
  region size 1024K, 52 young (53248K), 5 survivors (5120K)
 Metaspace       used 4639K, committed 4864K, reserved 393216K
  class space    used 589K, committed 704K, reserved 327680K
}
Event: 7.648 GC heap after
{Heap after GC invocations=3 (full 0):
 garbage-first heap   total 262144K, used 16637K [0x00000000e0000000, 0x0000000100000000)
  region size 1024K, 5 young (5120K), 5 survivors (5120K)
 Metaspace       used 4639K, committed 4864K, reserved 393216K
  class space    used 589K, committed 704K, reserved 327680K
}
Event: 33.111 GC heap before
{Heap before GC invocations=3 (full 0):
 garbage-first heap   total 262144K, used 126205K [0x00000000e0000000, 0x0000000100000000)
  region size 1024K, 113 young (115712K), 5 survivors (5120K)
 Metaspace       used 21192K, committed 21504K, reserved 393216K
  class space    used 3081K, committed 3264K, reserved 327680K
}
Event: 33.137 GC heap after
{Heap after GC invocations=4 (full 0):
 garbage-first heap   total 262144K, used 24431K [0x00000000e0000000, 0x0000000100000000)
  region size 1024K, 12 young (12288K), 12 survivors (12288K)
 Metaspace       used 21192K, committed 21504K, reserved 393216K
  class space    used 3081K, committed 3264K, reserved 327680K
}

Dll operation events (15 events):
Event: 0.053 Loaded shared library C:\Users\ASUS\.jdks\corretto-17.0.12\bin\java.dll
Event: 0.103 Loaded shared library C:\Users\ASUS\.jdks\corretto-17.0.12\bin\jsvml.dll
Event: 0.389 Loaded shared library C:\Users\ASUS\.jdks\corretto-17.0.12\bin\zip.dll
Event: 0.395 Loaded shared library C:\Users\ASUS\.jdks\corretto-17.0.12\bin\instrument.dll
Event: 0.480 Loaded shared library C:\Users\ASUS\.jdks\corretto-17.0.12\bin\net.dll
Event: 0.483 Loaded shared library C:\Users\ASUS\.jdks\corretto-17.0.12\bin\nio.dll
Event: 0.487 Loaded shared library C:\Users\ASUS\.jdks\corretto-17.0.12\bin\zip.dll
Event: 3.172 Loaded shared library C:\Users\ASUS\.jdks\corretto-17.0.12\bin\jimage.dll
Event: 3.963 Loaded shared library C:\Users\ASUS\.jdks\corretto-17.0.12\bin\verify.dll
Event: 4.126 Loaded shared library C:\Users\ASUS\.gradle\native\1def1411415f61bf3af743bc5b6707747c0891f09f0c88961ee8f79bc544acac\windows-amd64\native-platform.dll
Event: 4.144 Loaded shared library C:\Users\ASUS\.gradle\native\0.2.7\x86_64-windows-gnu\gradle-fileevents.dll
Event: 8.049 Loaded shared library C:\Users\ASUS\.jdks\corretto-17.0.12\bin\management.dll
Event: 8.053 Loaded shared library C:\Users\ASUS\.jdks\corretto-17.0.12\bin\management_ext.dll
Event: 9.672 Loaded shared library C:\Users\ASUS\.jdks\corretto-17.0.12\bin\extnet.dll
Event: 11.420 Loaded shared library C:\Users\ASUS\.jdks\corretto-17.0.12\bin\sunmscapi.dll

Deoptimization events (20 events):
Event: 49.850 Thread 0x000002564a4a0460 Uncommon trap: trap_request=0xffffffde fr.pc=0x00000256249ded00 relative=0x0000000000000420
Event: 49.850 Thread 0x000002564a4a0460 Uncommon trap: reason=class_check action=maybe_recompile pc=0x00000256249ded00 method=java.util.regex.Pattern$Start.match(Ljava/util/regex/Matcher;ILjava/lang/CharSequence;)Z @ 44 c2
Event: 49.850 Thread 0x000002564a4a0460 DEOPT PACKING pc=0x00000256249ded00 sp=0x000000e9fc9f9530
Event: 49.850 Thread 0x000002564a4a0460 DEOPT UNPACKING pc=0x00000256242469a3 sp=0x000000e9fc9f93f8 mode 2
Event: 49.850 Thread 0x000002564a4a0460 Uncommon trap: trap_request=0xffffffde fr.pc=0x00000256249ded00 relative=0x0000000000000420
Event: 49.850 Thread 0x000002564a4a0460 Uncommon trap: reason=class_check action=maybe_recompile pc=0x00000256249ded00 method=java.util.regex.Pattern$Start.match(Ljava/util/regex/Matcher;ILjava/lang/CharSequence;)Z @ 44 c2
Event: 49.850 Thread 0x000002564a4a0460 DEOPT PACKING pc=0x00000256249ded00 sp=0x000000e9fc9f9530
Event: 49.850 Thread 0x000002564a4a0460 DEOPT UNPACKING pc=0x00000256242469a3 sp=0x000000e9fc9f93f8 mode 2
Event: 49.947 Thread 0x000002564a4a0460 Uncommon trap: trap_request=0xffffffde fr.pc=0x00000256249d91e0 relative=0x0000000000000400
Event: 49.947 Thread 0x000002564a4a0460 Uncommon trap: reason=class_check action=maybe_recompile pc=0x00000256249d91e0 method=java.util.regex.Pattern$Start.match(Ljava/util/regex/Matcher;ILjava/lang/CharSequence;)Z @ 44 c2
Event: 49.948 Thread 0x000002564a4a0460 DEOPT PACKING pc=0x00000256249d91e0 sp=0x000000e9fc9f94c0
Event: 49.948 Thread 0x000002564a4a0460 DEOPT UNPACKING pc=0x00000256242469a3 sp=0x000000e9fc9f9400 mode 2
Event: 50.050 Thread 0x000002564a4a0460 Uncommon trap: trap_request=0xffffffde fr.pc=0x00000256249da498 relative=0x00000000000002d8
Event: 50.050 Thread 0x000002564a4a0460 Uncommon trap: reason=class_check action=maybe_recompile pc=0x00000256249da498 method=java.util.regex.Pattern$Start.match(Ljava/util/regex/Matcher;ILjava/lang/CharSequence;)Z @ 44 c2
Event: 50.050 Thread 0x000002564a4a0460 DEOPT PACKING pc=0x00000256249da498 sp=0x000000e9fc9f9440
Event: 50.050 Thread 0x000002564a4a0460 DEOPT UNPACKING pc=0x00000256242469a3 sp=0x000000e9fc9f9400 mode 2
Event: 52.460 Thread 0x000002564a4a0460 Uncommon trap: trap_request=0xffffff45 fr.pc=0x00000256249fb054 relative=0x0000000000001774
Event: 52.460 Thread 0x000002564a4a0460 Uncommon trap: reason=unstable_if action=reinterpret pc=0x00000256249fb054 method=java.util.concurrent.ConcurrentHashMap.computeIfAbsent(Ljava/lang/Object;Ljava/util/function/Function;)Ljava/lang/Object; @ 364 c2
Event: 52.460 Thread 0x000002564a4a0460 DEOPT PACKING pc=0x00000256249fb054 sp=0x000000e9fc9fac40
Event: 52.460 Thread 0x000002564a4a0460 DEOPT UNPACKING pc=0x00000256242469a3 sp=0x000000e9fc9fabd0 mode 2

Classes loaded (20 events):
Event: 46.483 Loading class java/util/WeakHashMap$KeyIterator
Event: 46.483 Loading class java/util/WeakHashMap$HashIterator
Event: 46.483 Loading class java/util/WeakHashMap$HashIterator done
Event: 46.484 Loading class java/util/WeakHashMap$KeyIterator done
Event: 47.975 Loading class jdk/internal/reflect/UnsafeObjectFieldAccessorImpl
Event: 47.975 Loading class jdk/internal/reflect/UnsafeObjectFieldAccessorImpl done
Event: 49.537 Loading class sun/reflect/MagicAccessorImpl
Event: 49.537 Loading class sun/reflect/MagicAccessorImpl done
Event: 49.845 Loading class sun/reflect/generics/tree/IntSignature
Event: 49.846 Loading class sun/reflect/generics/tree/IntSignature done
Event: 49.849 Loading class sun/reflect/generics/tree/ArrayTypeSignature
Event: 49.850 Loading class sun/reflect/generics/tree/ArrayTypeSignature done
Event: 50.481 Loading class com/sun/beans/finder/MethodFinder
Event: 50.482 Loading class com/sun/beans/finder/AbstractFinder
Event: 50.482 Loading class com/sun/beans/finder/AbstractFinder done
Event: 50.482 Loading class com/sun/beans/finder/MethodFinder done
Event: 50.482 Loading class com/sun/beans/finder/MethodFinder$1
Event: 50.482 Loading class com/sun/beans/finder/MethodFinder$1 done
Event: 50.482 Loading class com/sun/beans/finder/FinderUtils
Event: 50.482 Loading class com/sun/beans/finder/FinderUtils done

Classes unloaded (0 events):
No events

Classes redefined (0 events):
No events

Internal exceptions (20 events):
Event: 46.951 Thread 0x000002564a4a0460 Exception <a 'java/lang/ClassNotFoundException'{0x00000000eaf20090}: org/gradle/internal/extensibility/DefaultExtraPropertiesExtensionBeanInfo> (0x00000000eaf20090) 
thrown [s\src\hotspot\share\classfile\systemDictionary.cpp, line 256]
Event: 46.952 Thread 0x000002564a4a0460 Exception <a 'java/lang/ClassNotFoundException'{0x00000000eaf2a7f8}: org/gradle/internal/extensibility/DefaultExtraPropertiesExtensionCustomizer> (0x00000000eaf2a7f8) 
thrown [s\src\hotspot\share\classfile\systemDictionary.cpp, line 256]
Event: 47.363 Thread 0x000002564a4a0460 Exception <a 'java/lang/NoSuchMethodError'{0x00000000eae6cf90}: 'java.lang.Object java.lang.invoke.DirectMethodHandle$Holder.invokeSpecialIFC(java.lang.Object, java.lang.Object, java.lang.Object, java.lang.Object)'> (0x00000000eae6cf90) 
thrown [s\src\hotspot\share\interpreter\linkResolver.cpp, line 759]
Event: 47.387 Thread 0x000002564a4a0460 Exception <a 'java/lang/NoSuchMethodError'{0x00000000eaecc968}: 'java.lang.Object java.lang.invoke.DirectMethodHandle$Holder.newInvokeSpecial(java.lang.Object, java.lang.Object, java.lang.Object, java.lang.Object, java.lang.Object, java.lang.Object, java.lang.Object, java.lang.Object, java.lang.Object, java.lang.Object)'> (0x00000000eaecc968) 
thrown [s\src\hotspot\share\interpreter\linkResolver.cpp, line 759]
Event: 47.387 Thread 0x000002564a4a0460 Exception <a 'java/lang/NoSuchMethodError'{0x00000000eaed15a8}: 'java.lang.Object java.lang.invoke.Invokers$Holder.linkToTargetMethod(java.lang.Object, java.lang.Object, java.lang.Object, java.lang.Object, java.lang.Object, java.lang.Object, java.lang.Object, java.lang.Object, java.lang.Object, java.lang.Object)'> (0x00000000eaed15a8) 
thrown [s\src\hotspot\share\interpreter\linkResolver.cpp, line 759]
Event: 47.682 Thread 0x000002564a4a0460 Exception <a 'java/lang/NoSuchMethodError'{0x00000000eacd5bf8}: 'void java.lang.invoke.Invokers$Holder.invoke_MT(java.lang.Object, java.lang.Object, java.lang.Object, java.lang.Object)'> (0x00000000eacd5bf8) 
thrown [s\src\hotspot\share\interpreter\linkResolver.cpp, line 759]
Event: 47.785 Thread 0x000002564a4a0460 Exception <a 'java/lang/ClassNotFoundException'{0x00000000eaa58fe8}: org/gradle/invocation/DefaultGradle_DecoratedBeanInfo> (0x00000000eaa58fe8) 
thrown [s\src\hotspot\share\classfile\systemDictionary.cpp, line 256]
Event: 47.789 Thread 0x000002564a4a0460 Exception <a 'java/lang/ClassNotFoundException'{0x00000000eaa67b90}: org/gradle/invocation/DefaultGradleBeanInfo> (0x00000000eaa67b90) 
thrown [s\src\hotspot\share\classfile\systemDictionary.cpp, line 256]
Event: 47.791 Thread 0x000002564a4a0460 Exception <a 'java/lang/ClassNotFoundException'{0x00000000eaa76de0}: org/gradle/api/internal/project/AbstractPluginAwareBeanInfo> (0x00000000eaa76de0) 
thrown [s\src\hotspot\share\classfile\systemDictionary.cpp, line 256]
Event: 47.793 Thread 0x000002564a4a0460 Exception <a 'java/lang/ClassNotFoundException'{0x00000000eaa862f0}: org/gradle/api/internal/project/AbstractPluginAwareCustomizer> (0x00000000eaa862f0) 
thrown [s\src\hotspot\share\classfile\systemDictionary.cpp, line 256]
Event: 47.795 Thread 0x000002564a4a0460 Exception <a 'java/lang/ClassNotFoundException'{0x00000000eaa9aa48}: org/gradle/invocation/DefaultGradleCustomizer> (0x00000000eaa9aa48) 
thrown [s\src\hotspot\share\classfile\systemDictionary.cpp, line 256]
Event: 47.802 Thread 0x000002564a4a0460 Exception <a 'java/lang/ClassNotFoundException'{0x00000000eaadb758}: org/gradle/invocation/DefaultGradle_DecoratedCustomizer> (0x00000000eaadb758) 
thrown [s\src\hotspot\share\classfile\systemDictionary.cpp, line 256]
Event: 49.842 Thread 0x000002564a4a0460 Exception <a 'java/lang/ClassNotFoundException'{0x00000000ea6b2610}: groovy/lang/Closure$1BeanInfo> (0x00000000ea6b2610) 
thrown [s\src\hotspot\share\classfile\systemDictionary.cpp, line 256]
Event: 49.843 Thread 0x000002564a4a0460 Exception <a 'java/lang/ClassNotFoundException'{0x00000000ea6ce688}: groovy/lang/ClosureBeanInfo> (0x00000000ea6ce688) 
thrown [s\src\hotspot\share\classfile\systemDictionary.cpp, line 256]
Event: 49.845 Thread 0x000002564a4a0460 Exception <a 'java/lang/ClassNotFoundException'{0x00000000ea6ea608}: groovy/lang/ClosureCustomizer> (0x00000000ea6ea608) 
thrown [s\src\hotspot\share\classfile\systemDictionary.cpp, line 256]
Event: 50.410 Thread 0x000002564a4a0460 Exception <a 'java/lang/ClassNotFoundException'{0x00000000ea52a650}: groovy/lang/Closure$1Customizer> (0x00000000ea52a650) 
thrown [s\src\hotspot\share\classfile\systemDictionary.cpp, line 256]
Event: 52.696 Thread 0x000002564a4a0460 Exception <a 'java/lang/ClassNotFoundException'{0x00000000ea227480}: ijresolvers1_53sderka6ohh3rexh13m08x4oBeanInfo> (0x00000000ea227480) 
thrown [s\src\hotspot\share\classfile\systemDictionary.cpp, line 256]
Event: 52.696 Thread 0x000002564a4a0460 Exception <a 'java/lang/ClassNotFoundException'{0x00000000ea22dd28}: ijresolvers1_53sderka6ohh3rexh13m08x4oCustomizer> (0x00000000ea22dd28) 
thrown [s\src\hotspot\share\classfile\systemDictionary.cpp, line 256]
Event: 52.736 Thread 0x000002564a4a0460 Exception <a 'java/lang/ClassNotFoundException'{0x00000000ea2bbaf0}: SetupUtpTestResultListenerActionBeanInfo> (0x00000000ea2bbaf0) 
thrown [s\src\hotspot\share\classfile\systemDictionary.cpp, line 256]
Event: 52.737 Thread 0x000002564a4a0460 Exception <a 'java/lang/ClassNotFoundException'{0x00000000ea2c25b8}: SetupUtpTestResultListenerActionCustomizer> (0x00000000ea2c25b8) 
thrown [s\src\hotspot\share\classfile\systemDictionary.cpp, line 256]

VM Operations (20 events):
Event: 44.626 Executing VM operation: HandshakeAllThreads done
Event: 44.679 Executing VM operation: HandshakeAllThreads
Event: 44.679 Executing VM operation: HandshakeAllThreads done
Event: 44.946 Executing VM operation: HandshakeAllThreads
Event: 44.967 Executing VM operation: HandshakeAllThreads done
Event: 45.454 Executing VM operation: ICBufferFull
Event: 45.454 Executing VM operation: ICBufferFull done
Event: 45.456 Executing VM operation: HandshakeAllThreads
Event: 45.457 Executing VM operation: HandshakeAllThreads done
Event: 46.464 Executing VM operation: Cleanup
Event: 46.465 Executing VM operation: Cleanup done
Event: 47.466 Executing VM operation: Cleanup
Event: 47.518 Executing VM operation: Cleanup done
Event: 48.530 Executing VM operation: Cleanup
Event: 48.592 Executing VM operation: Cleanup done
Event: 50.601 Executing VM operation: Cleanup
Event: 50.680 Executing VM operation: Cleanup done
Event: 51.684 Executing VM operation: Cleanup
Event: 52.362 Executing VM operation: Cleanup done
Event: 53.364 Executing VM operation: Cleanup

Events (20 events):
Event: 35.252 Thread 0x000002564c2a0880 Thread added: 0x000002564c2a0880
Event: 38.364 Thread 0x000002564c2a3100 Thread added: 0x000002564c2a3100
Event: 39.075 Thread 0x000002564c2a3b20 Thread added: 0x000002564c2a3b20
Event: 44.199 Thread 0x000002564aea6050 Thread added: 0x000002564aea6050
Event: 44.392 Thread 0x000002564bb31100 Thread added: 0x000002564bb31100
Event: 44.931 Thread 0x000002564bb31100 Thread exited: 0x000002564bb31100
Event: 44.931 Thread 0x000002564aea6050 Thread exited: 0x000002564aea6050
Event: 45.021 Thread 0x000002564bdd18f0 Thread added: 0x000002564bdd18f0
Event: 45.025 Thread 0x000002564ccc94a0 Thread added: 0x000002564ccc94a0
Event: 45.479 Thread 0x000002564ccc94a0 Thread exited: 0x000002564ccc94a0
Event: 45.498 Thread 0x000002564bdd18f0 Thread exited: 0x000002564bdd18f0
Event: 45.562 Thread 0x000002564bdd18f0 Thread added: 0x000002564bdd18f0
Event: 46.465 Thread 0x000002564bdd18f0 Thread exited: 0x000002564bdd18f0
Event: 46.484 Thread 0x000002564bdd18f0 Thread added: 0x000002564bdd18f0
Event: 46.697 Thread 0x000002564bdd18f0 Thread exited: 0x000002564bdd18f0
Event: 47.304 Thread 0x000002564c2a4030 Thread added: 0x000002564c2a4030
Event: 47.519 Thread 0x000002564c2a12a0 Thread added: 0x000002564c2a12a0
Event: 51.334 Thread 0x000002564d4e67e0 Thread added: 0x000002564d4e67e0
Event: 52.410 Thread 0x000002564c2a5e90 Thread added: 0x000002564c2a5e90
Event: 52.597 Thread 0x000002564c2a2bf0 Thread added: 0x000002564c2a2bf0


Dynamic libraries:
0x00007ff735330000 - 0x00007ff73533e000 	C:\Users\ASUS\.jdks\corretto-17.0.12\bin\java.exe
0x00007ff9dfde0000 - 0x00007ff9e0048000 	C:\WINDOWS\SYSTEM32\ntdll.dll
0x00007ff9de090000 - 0x00007ff9de159000 	C:\WINDOWS\System32\KERNEL32.DLL
0x00007ff9dd190000 - 0x00007ff9dd588000 	C:\WINDOWS\System32\KERNELBASE.dll
0x00007ff9dd590000 - 0x00007ff9dd6db000 	C:\WINDOWS\System32\ucrtbase.dll
0x00007ff989a40000 - 0x00007ff989a57000 	C:\Users\ASUS\.jdks\corretto-17.0.12\bin\jli.dll
0x00007ff989a60000 - 0x00007ff989a7b000 	C:\Users\ASUS\.jdks\corretto-17.0.12\bin\VCRUNTIME140.dll
0x00007ff9dea80000 - 0x00007ff9dec47000 	C:\WINDOWS\System32\USER32.dll
0x00007ff9c6e20000 - 0x00007ff9c70b4000 	C:\WINDOWS\WinSxS\amd64_microsoft.windows.common-controls_6595b64144ccf1df_6.0.26100.7019_none_3e06ffa0e335b8a8\COMCTL32.dll
0x00007ff9dd160000 - 0x00007ff9dd187000 	C:\WINDOWS\System32\win32u.dll
0x00007ff9de6d0000 - 0x00007ff9de779000 	C:\WINDOWS\System32\msvcrt.dll
0x00007ff9dec60000 - 0x00007ff9dec8b000 	C:\WINDOWS\System32\GDI32.dll
0x00007ff9dd9a0000 - 0x00007ff9ddacc000 	C:\WINDOWS\System32\gdi32full.dll
0x00007ff9dcf30000 - 0x00007ff9dcfd3000 	C:\WINDOWS\System32\msvcp_win.dll
0x00007ff9de5c0000 - 0x00007ff9de5f1000 	C:\WINDOWS\System32\IMM32.DLL
0x00007ff9c5660000 - 0x00007ff9c566c000 	C:\Users\ASUS\.jdks\corretto-17.0.12\bin\vcruntime140_1.dll
0x00007ff980a60000 - 0x00007ff980aed000 	C:\Users\ASUS\.jdks\corretto-17.0.12\bin\msvcp140.dll
0x00007ff96dae0000 - 0x00007ff96e74a000 	C:\Users\ASUS\.jdks\corretto-17.0.12\bin\server\jvm.dll
0x00007ff9de610000 - 0x00007ff9de6c4000 	C:\WINDOWS\System32\ADVAPI32.dll
0x00007ff9de200000 - 0x00007ff9de2a6000 	C:\WINDOWS\System32\sechost.dll
0x00007ff9dfc80000 - 0x00007ff9dfd98000 	C:\WINDOWS\System32\RPCRT4.dll
0x00007ff9de180000 - 0x00007ff9de1f4000 	C:\WINDOWS\System32\WS2_32.dll
0x00007ff9dcd90000 - 0x00007ff9dcdee000 	C:\WINDOWS\SYSTEM32\POWRPROF.dll
0x00007ff9cf250000 - 0x00007ff9cf285000 	C:\WINDOWS\SYSTEM32\WINMM.dll
0x00007ff9d4d10000 - 0x00007ff9d4d1b000 	C:\WINDOWS\SYSTEM32\VERSION.dll
0x00007ff9dcd70000 - 0x00007ff9dcd84000 	C:\WINDOWS\SYSTEM32\UMPDC.dll
0x00007ff9dbcb0000 - 0x00007ff9dbccb000 	C:\WINDOWS\SYSTEM32\kernel.appcore.dll
0x00007ff9c4590000 - 0x00007ff9c459a000 	C:\Users\ASUS\.jdks\corretto-17.0.12\bin\jimage.dll
0x00007ff9cfa50000 - 0x00007ff9cfc92000 	C:\WINDOWS\SYSTEM32\DBGHELP.DLL
0x00007ff9ddd00000 - 0x00007ff9de08b000 	C:\WINDOWS\System32\combase.dll
0x00007ff9de920000 - 0x00007ff9de9f7000 	C:\WINDOWS\System32\OLEAUT32.dll
0x00007ff9c0700000 - 0x00007ff9c073c000 	C:\WINDOWS\SYSTEM32\dbgcore.DLL
0x00007ff9ddad0000 - 0x00007ff9ddb75000 	C:\WINDOWS\System32\bcryptPrimitives.dll
0x00007ff9d68c0000 - 0x00007ff9d68ce000 	C:\Users\ASUS\.jdks\corretto-17.0.12\bin\instrument.dll
0x00007ff96fcc0000 - 0x00007ff96fce5000 	C:\Users\ASUS\.jdks\corretto-17.0.12\bin\java.dll
0x00007ff96e840000 - 0x00007ff96e917000 	C:\Users\ASUS\.jdks\corretto-17.0.12\bin\jsvml.dll
0x00007ff9defd0000 - 0x00007ff9df71f000 	C:\WINDOWS\System32\SHELL32.dll
0x00007ff9dd7a0000 - 0x00007ff9dd90b000 	C:\WINDOWS\System32\wintypes.dll
0x00007ff9dab30000 - 0x00007ff9db38d000 	C:\WINDOWS\SYSTEM32\windows.storage.dll
0x00007ff9dec90000 - 0x00007ff9ded82000 	C:\WINDOWS\System32\SHCORE.dll
0x00007ff9de2b0000 - 0x00007ff9de317000 	C:\WINDOWS\System32\shlwapi.dll
0x00007ff9dce50000 - 0x00007ff9dce79000 	C:\WINDOWS\SYSTEM32\profapi.dll
0x00007ff982730000 - 0x00007ff982748000 	C:\Users\ASUS\.jdks\corretto-17.0.12\bin\zip.dll
0x00007ff9823a0000 - 0x00007ff9823b9000 	C:\Users\ASUS\.jdks\corretto-17.0.12\bin\net.dll
0x00007ff9d3e30000 - 0x00007ff9d3f58000 	C:\WINDOWS\SYSTEM32\WINHTTP.dll
0x00007ff9dc200000 - 0x00007ff9dc26b000 	C:\WINDOWS\system32\mswsock.dll
0x00007ff96fca0000 - 0x00007ff96fcb6000 	C:\Users\ASUS\.jdks\corretto-17.0.12\bin\nio.dll
0x00007ff9c5da0000 - 0x00007ff9c5db0000 	C:\Users\ASUS\.jdks\corretto-17.0.12\bin\verify.dll
0x00007ff939310000 - 0x00007ff939337000 	C:\Users\ASUS\.gradle\native\1def1411415f61bf3af743bc5b6707747c0891f09f0c88961ee8f79bc544acac\windows-amd64\native-platform.dll
0x00007ff9c53b0000 - 0x00007ff9c5428000 	C:\Users\ASUS\.gradle\native\0.2.7\x86_64-windows-gnu\gradle-fileevents.dll
0x00007ff9d68b0000 - 0x00007ff9d68b9000 	C:\Users\ASUS\.jdks\corretto-17.0.12\bin\management.dll
0x00007ff9d68a0000 - 0x00007ff9d68ab000 	C:\Users\ASUS\.jdks\corretto-17.0.12\bin\management_ext.dll
0x00007ff9ddcf0000 - 0x00007ff9ddcf8000 	C:\WINDOWS\System32\PSAPI.DLL
0x00007ff9db6a0000 - 0x00007ff9db6d4000 	C:\WINDOWS\SYSTEM32\IPHLPAPI.DLL
0x00007ff9dec50000 - 0x00007ff9dec5a000 	C:\WINDOWS\System32\NSI.dll
0x00007ff9d5410000 - 0x00007ff9d542e000 	C:\WINDOWS\SYSTEM32\dhcpcsvc6.DLL
0x00007ff9d39f0000 - 0x00007ff9d3a13000 	C:\WINDOWS\SYSTEM32\dhcpcsvc.DLL
0x00007ff9db730000 - 0x00007ff9db85c000 	C:\WINDOWS\SYSTEM32\DNSAPI.dll
0x00007ff9ba680000 - 0x00007ff9ba689000 	C:\Users\ASUS\.jdks\corretto-17.0.12\bin\extnet.dll
0x00007ff9dc5f0000 - 0x00007ff9dc60b000 	C:\WINDOWS\SYSTEM32\CRYPTSP.dll
0x00007ff9dbc10000 - 0x00007ff9dbc4a000 	C:\WINDOWS\system32\rsaenh.dll
0x00007ff9dc2b0000 - 0x00007ff9dc2db000 	C:\WINDOWS\SYSTEM32\USERENV.dll
0x00007ff9dce20000 - 0x00007ff9dce4a000 	C:\WINDOWS\SYSTEM32\bcrypt.dll
0x00007ff9dc450000 - 0x00007ff9dc45c000 	C:\WINDOWS\SYSTEM32\CRYPTBASE.dll
0x00007ff9c84c0000 - 0x00007ff9c84ce000 	C:\Users\ASUS\.jdks\corretto-17.0.12\bin\sunmscapi.dll
0x00007ff9dcfe0000 - 0x00007ff9dd157000 	C:\WINDOWS\System32\CRYPT32.dll
0x00007ff9dc740000 - 0x00007ff9dc770000 	C:\WINDOWS\SYSTEM32\ncrypt.dll
0x00007ff9dc6f0000 - 0x00007ff9dc72f000 	C:\WINDOWS\SYSTEM32\NTASN1.dll
0x00007ff9c4230000 - 0x00007ff9c4238000 	C:\WINDOWS\system32\wshunix.dll

dbghelp: loaded successfully - version: 4.0.5 - missing functions: none
symbol engine: initialized successfully - sym options: 0x614 - pdb path: .;C:\Users\ASUS\.jdks\corretto-17.0.12\bin;C:\WINDOWS\SYSTEM32;C:\WINDOWS\WinSxS\amd64_microsoft.windows.common-controls_6595b64144ccf1df_6.0.26100.7019_none_3e06ffa0e335b8a8;C:\Users\ASUS\.jdks\corretto-17.0.12\bin\server;C:\Users\ASUS\.gradle\native\1def1411415f61bf3af743bc5b6707747c0891f09f0c88961ee8f79bc544acac\windows-amd64;C:\Users\ASUS\.gradle\native\0.2.7\x86_64-windows-gnu

VM Arguments:
jvm_args: --add-opens=java.base/java.lang=ALL-UNNAMED --add-opens=java.base/java.lang.invoke=ALL-UNNAMED --add-opens=java.base/java.util=ALL-UNNAMED --add-opens=java.prefs/java.util.prefs=ALL-UNNAMED --add-exports=jdk.compiler/com.sun.tools.javac.api=ALL-UNNAMED --add-exports=jdk.compiler/com.sun.tools.javac.util=ALL-UNNAMED --add-opens=java.base/java.util=ALL-UNNAMED --add-opens=java.prefs/java.util.prefs=ALL-UNNAMED --add-opens=java.base/java.nio.charset=ALL-UNNAMED --add-opens=java.base/java.net=ALL-UNNAMED --add-opens=java.base/java.util.concurrent.atomic=ALL-UNNAMED --add-opens=java.xml/javax.xml.namespace=ALL-UNNAMED -XX:MaxMetaspaceSize=384m -XX:+HeapDumpOnOutOfMemoryError -Xms256m -Xmx512m -Dfile.encoding=windows-1252 -Duser.country=PE -Duser.language=es -Duser.variant -javaagent:C:\Users\ASUS\.gradle\wrapper\dists\gradle-8.14.3-bin\cv11ve7ro1n3o1j4so8xd9n66\gradle-8.14.3\lib\agents\gradle-instrumentation-agent-8.14.3.jar 
java_command: org.gradle.launcher.daemon.bootstrap.GradleDaemon 8.14.3
java_class_path (initial): C:\Users\ASUS\.gradle\wrapper\dists\gradle-8.14.3-bin\cv11ve7ro1n3o1j4so8xd9n66\gradle-8.14.3\lib\gradle-daemon-main-8.14.3.jar
Launcher Type: SUN_STANDARD

[Global flags]
     intx CICompilerCount                          = 4                                         {product} {ergonomic}
   size_t CompressedClassSpaceSize                 = 335544320                                 {product} {ergonomic}
     uint ConcGCThreads                            = 2                                         {product} {ergonomic}
     uint G1ConcRefinementThreads                  = 8                                         {product} {ergonomic}
   size_t G1HeapRegionSize                         = 1048576                                   {product} {ergonomic}
    uintx GCDrainStackTargetSize                   = 64                                        {product} {ergonomic}
     bool HeapDumpOnOutOfMemoryError               = true                                   {manageable} {command line}
   size_t InitialHeapSize                          = 268435456                                 {product} {command line}
   size_t MarkStackSize                            = 4194304                                   {product} {ergonomic}
   size_t MaxHeapSize                              = 536870912                                 {product} {command line}
   size_t MaxMetaspaceSize                         = 402653184                                 {product} {command line}
   size_t MaxNewSize                               = 321912832                                 {product} {ergonomic}
   size_t MinHeapDeltaBytes                        = 1048576                                   {product} {ergonomic}
   size_t MinHeapSize                              = 268435456                                 {product} {command line}
    uintx NonNMethodCodeHeapSize                   = 5839372                                {pd product} {ergonomic}
    uintx NonProfiledCodeHeapSize                  = 122909434                              {pd product} {ergonomic}
    uintx ProfiledCodeHeapSize                     = 122909434                              {pd product} {ergonomic}
    uintx ReservedCodeCacheSize                    = 251658240                              {pd product} {ergonomic}
     bool SegmentedCodeCache                       = true                                      {product} {ergonomic}
   size_t SoftMaxHeapSize                          = 536870912                              {manageable} {ergonomic}
     bool UseCompressedClassPointers               = true                           {product lp64_product} {ergonomic}
     bool UseCompressedOops                        = true                           {product lp64_product} {ergonomic}
     bool UseG1GC                                  = true                                      {product} {ergonomic}
     bool UseLargePagesIndividualAllocation        = false                                  {pd product} {ergonomic}

Logging:
Log output configuration:
 #0: stdout all=warning uptime,level,tags
 #1: stderr all=off uptime,level,tags

Environment Variables:
PATH=C:\Program Files\Common Files\Oracle\Java\javapath;%JAVA_HOME%\bin;C:\WINDOWS\system32;C:\WINDOWS;C:\WINDOWS\System32\Wbem;C:\WINDOWS\System32\WindowsPowerShell\v1.0\;C:\WINDOWS\System32\OpenSSH\;C:\Program Files\Docker\Docker\resources\bin;C:\Program Files\dotnet\;C:\Program Files\apache-maven-3.9.9\bin;C:\Program Files\Git\cmd;C:\Users\ASUS\AppData\Local\Microsoft\WindowsApps;C:\Users\ASUS\AppData\Local\Programs\Microsoft VS Code\bin;C:\Users\ASUS\AppData\Local\Programs\mongosh\;;C:\Users\ASUS\.deno\bin
USERNAME=ASUS
OS=Windows_NT
PROCESSOR_IDENTIFIER=Intel64 Family 6 Model 158 Stepping 10, GenuineIntel
TMP=C:\Users\ASUS\AppData\Local\Temp
TEMP=C:\Users\ASUS\AppData\Local\Temp



Periodic native trim disabled


---------------  S Y S T E M  ---------------

OS:
 Windows 11 , 64 bit Build 26100 (10.0.26100.7019)
OS uptime: 0 days 19:35 hours
Hyper-V role detected

CPU: total 8 (initial active 8) (4 cores per cpu, 2 threads per core) family 6 model 158 stepping 10 microcode 0xde, cx8, cmov, fxsr, ht, mmx, 3dnowpref, sse, sse2, sse3, ssse3, sse4.1, sse4.2, popcnt, lzcnt, tsc, tscinvbit, avx, avx2, aes, erms, clmul, bmi1, bmi2, adx, fma, vzeroupper, clflush, clflushopt, hv
Processor Information for all 8 processors :
  Max Mhz: 2304, Current Mhz: 2304, Mhz Limit: 2304

Memory: 4k page, system-wide physical 32623M (9590M free)
TotalPageFile size 34671M (AvailPageFile size 368M)
current process WorkingSet (physical memory assigned to process): 273M, peak: 279M
current process commit charge ("private bytes"): 435M, peak: 441M

vm_info: OpenJDK 64-Bit Server VM (17.0.12+7-LTS) for windows-amd64 JRE (17.0.12+7-LTS), built on Jul 10 2024 20:46:33 by "Administrator" with MS VC++ 16.10 / 16.11 (VS2019)

END.
