#
# There is insufficient memory for the Java Runtime Environment to continue.
# Native memory allocation (malloc) failed to allocate 1257456 bytes. Error detail: Chunk::new
# Possible reasons:
#   The system is out of physical RAM or swap space
#   This process is running with CompressedOops enabled, and the Java Heap may be blocking the growth of the native heap
# Possible solutions:
#   Reduce memory load on the system
#   Increase physical memory or swap space
#   Check if swap backing store is full
#   Decrease Java heap size (-Xmx/-Xms)
#   Decrease number of Java threads
#   Decrease Java thread stack sizes (-Xss)
#   Set larger code cache with -XX:ReservedCodeCacheSize=
#   JVM is running with Unscaled Compressed Oops mode in which the Java heap is
#     placed in the first 4GB address space. The Java Heap base address is the
#     maximum limit for the native heap growth. Please use -XX:HeapBaseMinAddress
#     to set the Java Heap base and to place the Java Heap above 4GB virtual address.
# This output file may be truncated or incomplete.
#
#  Out of Memory Error (arena.cpp:191), pid=21792, tid=30968
#
# JRE version: OpenJDK Runtime Environment Corretto-17.0.12.7.1 (17.0.12+7) (build 17.0.12+7-LTS)
# Java VM: OpenJDK 64-Bit Server VM Corretto-17.0.12.7.1 (17.0.12+7-LTS, mixed mode, sharing, tiered, compressed oops, compressed class ptrs, g1 gc, windows-amd64)
# No core dump will be written. Minidumps are not enabled by default on client versions of Windows
#

---------------  S U M M A R Y ------------

Command Line: --add-opens=java.base/java.lang=ALL-UNNAMED --add-opens=java.base/java.lang.invoke=ALL-UNNAMED --add-opens=java.base/java.util=ALL-UNNAMED --add-opens=java.prefs/java.util.prefs=ALL-UNNAMED --add-exports=jdk.compiler/com.sun.tools.javac.api=ALL-UNNAMED --add-exports=jdk.compiler/com.sun.tools.javac.util=ALL-UNNAMED --add-opens=java.base/java.util=ALL-UNNAMED --add-opens=java.prefs/java.util.prefs=ALL-UNNAMED --add-opens=java.base/java.nio.charset=ALL-UNNAMED --add-opens=java.base/java.net=ALL-UNNAMED --add-opens=java.base/java.util.concurrent.atomic=ALL-UNNAMED --add-opens=java.xml/javax.xml.namespace=ALL-UNNAMED -XX:MaxMetaspaceSize=384m -XX:+HeapDumpOnOutOfMemoryError -Xms256m -Xmx512m -Dfile.encoding=windows-1252 -Duser.country=PE -Duser.language=es -Duser.variant -javaagent:C:\Users\ASUS\.gradle\wrapper\dists\gradle-8.14.3-bin\cv11ve7ro1n3o1j4so8xd9n66\gradle-8.14.3\lib\agents\gradle-instrumentation-agent-8.14.3.jar org.gradle.launcher.daemon.bootstrap.GradleDaemon 8.14.3

Host: Intel(R) Core(TM) i5-8300H CPU @ 2.30GHz, 8 cores, 31G,  Windows 11 , 64 bit Build 26100 (10.0.26100.7019)
Time: Thu Nov 20 19:38:29 2025 Hora est. Pacífico, Sudamérica elapsed time: 46.349418 seconds (0d 0h 0m 46s)

---------------  T H R E A D  ---------------

Current thread (0x000002142922e060):  JavaThread "C2 CompilerThread0" daemon [_thread_in_native, id=30968, stack(0x0000007738700000,0x0000007738800000)]


Current CompileTask:
C2:  46349 4794       4       org.gradle.internal.service.DefaultServiceRegistry$OwnServices::getService (317 bytes)

Stack: [0x0000007738700000,0x0000007738800000]
Native frames: (J=compiled Java code, j=interpreted, Vv=VM code, C=native code)
V  [jvm.dll+0x67f4f9]
V  [jvm.dll+0x836eaa]
V  [jvm.dll+0x83896e]
V  [jvm.dll+0x838fd3]
V  [jvm.dll+0x247f6f]
V  [jvm.dll+0xac9d4]
V  [jvm.dll+0xad01c]
V  [jvm.dll+0x2af56f]
V  [jvm.dll+0x5864f7]
V  [jvm.dll+0x222e12]
V  [jvm.dll+0x22320f]
V  [jvm.dll+0x21c330]
V  [jvm.dll+0x219831]
V  [jvm.dll+0x1a57bd]
V  [jvm.dll+0x22966d]
V  [jvm.dll+0x22781c]
V  [jvm.dll+0x7ebec7]
V  [jvm.dll+0x7e62ac]
V  [jvm.dll+0x67e3c7]
C  [ucrtbase.dll+0x37b0]
C  [KERNEL32.DLL+0x2e8d7]
C  [ntdll.dll+0x8c53c]


---------------  P R O C E S S  ---------------

Threads class SMR info:
_java_thread_list=0x0000021444563d10, length=42, elements={
0x000002140e6955c0, 0x0000021429214960, 0x0000021429216fb0, 0x00000214292279d0,
0x000002142922c2c0, 0x000002142922cb90, 0x000002142922d460, 0x000002142922e060,
0x0000021429232c80, 0x0000021429269820, 0x00000214291faca0, 0x0000021429528620,
0x0000021443fd0080, 0x0000021443af30c0, 0x00000214445b8bf0, 0x0000021443567a00,
0x0000021443567ee0, 0x0000021429f56f10, 0x0000021429f57e40, 0x0000021429f57420,
0x0000021429f58350, 0x0000021429f58d70, 0x0000021429f59ca0, 0x0000021429f57930,
0x0000021429f58860, 0x0000021429f59280, 0x0000021429f5a1b0, 0x0000021429f5a6c0,
0x0000021446126350, 0x0000021446126860, 0x0000021446123fe0, 0x0000021446125e40,
0x0000021446127280, 0x0000021446123ad0, 0x0000021446128bd0, 0x0000021446125420,
0x00000214461290e0, 0x0000021446127790, 0x00000214461281b0, 0x0000021446125930,
0x00000214461295f0, 0x0000021443e9cae0
}

Java Threads: ( => current thread )
  0x000002140e6955c0 JavaThread "main" [_thread_blocked, id=22604, stack(0x0000007737a00000,0x0000007737b00000)]
  0x0000021429214960 JavaThread "Reference Handler" daemon [_thread_blocked, id=27796, stack(0x0000007738100000,0x0000007738200000)]
  0x0000021429216fb0 JavaThread "Finalizer" daemon [_thread_blocked, id=32252, stack(0x0000007738200000,0x0000007738300000)]
  0x00000214292279d0 JavaThread "Signal Dispatcher" daemon [_thread_blocked, id=33776, stack(0x0000007738300000,0x0000007738400000)]
  0x000002142922c2c0 JavaThread "Attach Listener" daemon [_thread_blocked, id=3228, stack(0x0000007738400000,0x0000007738500000)]
  0x000002142922cb90 JavaThread "Service Thread" daemon [_thread_blocked, id=4648, stack(0x0000007738500000,0x0000007738600000)]
  0x000002142922d460 JavaThread "Monitor Deflation Thread" daemon [_thread_blocked, id=11268, stack(0x0000007738600000,0x0000007738700000)]
=>0x000002142922e060 JavaThread "C2 CompilerThread0" daemon [_thread_in_native, id=30968, stack(0x0000007738700000,0x0000007738800000)]
  0x0000021429232c80 JavaThread "C1 CompilerThread0" daemon [_thread_blocked, id=2644, stack(0x0000007738800000,0x0000007738900000)]
  0x0000021429269820 JavaThread "Sweeper thread" daemon [_thread_blocked, id=32396, stack(0x0000007738900000,0x0000007738a00000)]
  0x00000214291faca0 JavaThread "Common-Cleaner" daemon [_thread_blocked, id=35044, stack(0x0000007738a00000,0x0000007738b00000)]
  0x0000021429528620 JavaThread "Notification Thread" daemon [_thread_blocked, id=35580, stack(0x0000007738c00000,0x0000007738d00000)]
  0x0000021443fd0080 JavaThread "Daemon health stats" [_thread_blocked, id=23152, stack(0x0000007739400000,0x0000007739500000)]
  0x0000021443af30c0 JavaThread "Incoming local TCP Connector on port 54130" [_thread_in_native, id=11848, stack(0x0000007738b00000,0x0000007738c00000)]
  0x00000214445b8bf0 JavaThread "Daemon periodic checks" [_thread_blocked, id=32580, stack(0x0000007739500000,0x0000007739600000)]
  0x0000021443567a00 JavaThread "Daemon" [_thread_blocked, id=36756, stack(0x0000007739600000,0x0000007739700000)]
  0x0000021443567ee0 JavaThread "Handler for socket connection from /127.0.0.1:54130 to /127.0.0.1:54131" [_thread_in_native, id=40292, stack(0x0000007739700000,0x0000007739800000)]
  0x0000021429f56f10 JavaThread "Cancel handler" [_thread_blocked, id=17576, stack(0x0000007739800000,0x0000007739900000)]
  0x0000021429f57e40 JavaThread "Daemon worker" [_thread_blocked, id=39156, stack(0x0000007739900000,0x0000007739a00000)]
  0x0000021429f57420 JavaThread "Asynchronous log dispatcher for DefaultDaemonConnection: socket connection from /127.0.0.1:54130 to /127.0.0.1:54131" [_thread_blocked, id=28316, stack(0x0000007739a00000,0x0000007739b00000)]
  0x0000021429f58350 JavaThread "Stdin handler" [_thread_blocked, id=21852, stack(0x0000007739b00000,0x0000007739c00000)]
  0x0000021429f58d70 JavaThread "Daemon client event forwarder" [_thread_blocked, id=36916, stack(0x0000007739c00000,0x0000007739d00000)]
  0x0000021429f59ca0 JavaThread "Cache worker for journal cache (C:\Users\ASUS\.gradle\caches\journal-1)" [_thread_blocked, id=4500, stack(0x0000007739d00000,0x0000007739e00000)]
  0x0000021429f57930 JavaThread "File lock request listener" [_thread_in_native, id=36360, stack(0x0000007739e00000,0x0000007739f00000)]
  0x0000021429f58860 JavaThread "Cache worker for file hash cache (C:\Users\ASUS\.gradle\caches\8.14.3\fileHashes)" [_thread_blocked, id=30496, stack(0x0000007739f00000,0x000000773a000000)]
  0x0000021429f59280 JavaThread "File lock release action executor" [_thread_in_vm, id=23136, stack(0x000000773a100000,0x000000773a200000)]
  0x0000021429f5a1b0 JavaThread "Cache worker for file hash cache (D:\scotiabank\challengue\.gradle\8.14.3\fileHashes)" [_thread_blocked, id=21592, stack(0x000000773a200000,0x000000773a300000)]
  0x0000021429f5a6c0 JavaThread "Cache worker for Build Output Cleanup Cache (D:\scotiabank\challengue\.gradle\buildOutputCleanup)" [_thread_blocked, id=24744, stack(0x000000773a300000,0x000000773a400000)]
  0x0000021446126350 JavaThread "File watcher server" daemon [_thread_in_native, id=38428, stack(0x000000773a700000,0x000000773a800000)]
  0x0000021446126860 JavaThread "File watcher consumer" daemon [_thread_blocked, id=4652, stack(0x000000773a800000,0x000000773a900000)]
  0x0000021446123fe0 JavaThread "jar transforms" [_thread_blocked, id=37324, stack(0x000000773a000000,0x000000773a100000)]
  0x0000021446125e40 JavaThread "jar transforms Thread 2" [_thread_blocked, id=36640, stack(0x000000773a900000,0x000000773aa00000)]
  0x0000021446127280 JavaThread "Cache worker for checksums cache (D:\scotiabank\challengue\.gradle\8.14.3\checksums)" [_thread_blocked, id=40040, stack(0x000000773ac00000,0x000000773ad00000)]
  0x0000021446123ad0 JavaThread "Cache worker for file content cache (C:\Users\ASUS\.gradle\caches\8.14.3\fileContent)" [_thread_blocked, id=40852, stack(0x000000773ad00000,0x000000773ae00000)]
  0x0000021446128bd0 JavaThread "jar transforms Thread 3" [_thread_blocked, id=36152, stack(0x0000007737800000,0x0000007737900000)]
  0x0000021446125420 JavaThread "jar transforms Thread 4" [_thread_blocked, id=40388, stack(0x000000773aa00000,0x000000773ab00000)]
  0x00000214461290e0 JavaThread "jar transforms Thread 5" [_thread_blocked, id=40060, stack(0x000000773ab00000,0x000000773ac00000)]
  0x0000021446127790 JavaThread "jar transforms Thread 6" [_thread_blocked, id=34308, stack(0x000000773ae00000,0x000000773af00000)]
  0x00000214461281b0 JavaThread "Cache worker for cache directory md-supplier (C:\Users\ASUS\.gradle\caches\8.14.3\md-supplier)" [_thread_blocked, id=40624, stack(0x000000773b000000,0x000000773b100000)]
  0x0000021446125930 JavaThread "Cache worker for cache directory md-rule (C:\Users\ASUS\.gradle\caches\8.14.3\md-rule)" [_thread_blocked, id=13580, stack(0x000000773b100000,0x000000773b200000)]
  0x00000214461295f0 JavaThread "jar transforms Thread 7" [_thread_blocked, id=23132, stack(0x000000773b300000,0x000000773b400000)]
  0x0000021443e9cae0 JavaThread "C2 CompilerThread1" daemon [_thread_blocked, id=36076, stack(0x000000773b400000,0x000000773b500000)]

Other Threads:
  0x000002142920f0f0 VMThread "VM Thread" [stack: 0x0000007738000000,0x0000007738100000] [id=33524] _threads_hazard_ptr=0x0000021444563d10
  0x0000021429577580 WatcherThread [stack: 0x0000007738d00000,0x0000007738e00000] [id=6732]
  0x000002140e6c7960 GCTaskThread "GC Thread#0" [stack: 0x0000007737b00000,0x0000007737c00000] [id=28388]
  0x00000214298bbb40 GCTaskThread "GC Thread#1" [stack: 0x0000007738e00000,0x0000007738f00000] [id=22680]
  0x0000021429669030 GCTaskThread "GC Thread#2" [stack: 0x0000007738f00000,0x0000007739000000] [id=39840]
  0x00000214296ecc90 GCTaskThread "GC Thread#3" [stack: 0x0000007739000000,0x0000007739100000] [id=16912]
  0x00000214296eb320 GCTaskThread "GC Thread#4" [stack: 0x0000007739100000,0x0000007739200000] [id=20384]
  0x0000021429647810 GCTaskThread "GC Thread#5" [stack: 0x0000007739200000,0x0000007739300000] [id=21640]
  0x00000214446b53f0 GCTaskThread "GC Thread#6" [stack: 0x000000773a400000,0x000000773a500000] [id=26676]
  0x0000021444f64ea0 GCTaskThread "GC Thread#7" [stack: 0x000000773a500000,0x000000773a600000] [id=27688]
  0x000002140e6cd7d0 ConcurrentGCThread "G1 Main Marker" [stack: 0x0000007737c00000,0x0000007737d00000] [id=22912]
  0x000002140e6ce100 ConcurrentGCThread "G1 Conc#0" [stack: 0x0000007737d00000,0x0000007737e00000] [id=20324]
  0x0000021444ee2430 ConcurrentGCThread "G1 Conc#1" [stack: 0x000000773a600000,0x000000773a700000] [id=29816]
  0x000002140e74db30 ConcurrentGCThread "G1 Refine#0" [stack: 0x0000007737e00000,0x0000007737f00000] [id=4468]
  0x000002144397b130 ConcurrentGCThread "G1 Refine#1" [stack: 0x0000007739300000,0x0000007739400000] [id=36304]
  0x000002140e74e470 ConcurrentGCThread "G1 Service" [stack: 0x0000007737f00000,0x0000007738000000] [id=28464]

Threads with active compile tasks:
C2 CompilerThread0    46389 4794       4       org.gradle.internal.service.DefaultServiceRegistry$OwnServices::getService (317 bytes)
C2 CompilerThread1    46389 4855       4       org.objectweb.asm.SymbolTable::addType (81 bytes)

VM state: synchronizing (normal execution)

VM Mutex/Monitor currently owned by a thread:  ([mutex/lock_event])
[0x000002140c45dad0] Threads_lock - owner thread: 0x000002142920f0f0

Heap address: 0x00000000e0000000, size: 512 MB, Compressed Oops mode: 32-bit

CDS archive(s) mapped at: [0x000002142a000000-0x000002142abb0000-0x000002142abb0000), size 12255232, SharedBaseAddress: 0x000002142a000000, ArchiveRelocationMode: 1.
Compressed class space mapped at: 0x000002142b000000-0x000002143f000000, reserved size: 335544320
Narrow klass base: 0x000002142a000000, Narrow klass shift: 0, Narrow klass range: 0x100000000

GC Precious Log:
 CPUs: 8 total, 8 available
 Memory: 32623M
 Large Page Support: Disabled
 NUMA Support: Disabled
 Compressed Oops: Enabled (32-bit)
 Heap Region Size: 1M
 Heap Min Capacity: 256M
 Heap Initial Capacity: 256M
 Heap Max Capacity: 512M
 Pre-touch: Disabled
 Parallel Workers: 8
 Concurrent Workers: 2
 Concurrent Refinement Workers: 8
 Periodic GC: Disabled

Heap:
 garbage-first heap   total 262144K, used 82026K [0x00000000e0000000, 0x0000000100000000)
  region size 1024K, 50 young (51200K), 1 survivors (1024K)
 Metaspace       used 41966K, committed 42368K, reserved 393216K
  class space    used 5844K, committed 6016K, reserved 327680K

Heap Regions: E=young(eden), S=young(survivor), O=old, HS=humongous(starts), HC=humongous(continues), CS=collection set, F=free, OA=open archive, CA=closed archive, TAMS=top-at-mark-start (previous, next)
|   0|0x00000000e0000000, 0x00000000e0100000, 0x00000000e0100000|100%|HS|  |TAMS 0x00000000e0100000, 0x00000000e0000000| Complete 
|   1|0x00000000e0100000, 0x00000000e0200000, 0x00000000e0200000|100%|HC|  |TAMS 0x00000000e0200000, 0x00000000e0100000| Complete 
|   2|0x00000000e0200000, 0x00000000e0300000, 0x00000000e0300000|100%|HC|  |TAMS 0x00000000e0300000, 0x00000000e0200000| Complete 
|   3|0x00000000e0300000, 0x00000000e0400000, 0x00000000e0400000|100%| O|  |TAMS 0x00000000e0400000, 0x00000000e0300000| Untracked 
|   4|0x00000000e0400000, 0x00000000e0500000, 0x00000000e0500000|100%| O|  |TAMS 0x00000000e0500000, 0x00000000e0400000| Untracked 
|   5|0x00000000e0500000, 0x00000000e0600000, 0x00000000e0600000|100%| O|  |TAMS 0x00000000e0600000, 0x00000000e0500000| Untracked 
|   6|0x00000000e0600000, 0x00000000e0700000, 0x00000000e0700000|100%|HS|  |TAMS 0x00000000e0700000, 0x00000000e0600000| Complete 
|   7|0x00000000e0700000, 0x00000000e0800000, 0x00000000e0800000|100%| O|  |TAMS 0x00000000e0800000, 0x00000000e0700000| Untracked 
|   8|0x00000000e0800000, 0x00000000e0900000, 0x00000000e0900000|100%| O|  |TAMS 0x00000000e0900000, 0x00000000e0800000| Untracked 
|   9|0x00000000e0900000, 0x00000000e0a00000, 0x00000000e0a00000|100%| O|  |TAMS 0x00000000e0a00000, 0x00000000e0900000| Untracked 
|  10|0x00000000e0a00000, 0x00000000e0b00000, 0x00000000e0b00000|100%| O|  |TAMS 0x00000000e0b00000, 0x00000000e0a00000| Untracked 
|  11|0x00000000e0b00000, 0x00000000e0c00000, 0x00000000e0c00000|100%|HS|  |TAMS 0x00000000e0b00000, 0x00000000e0b00000| Complete 
|  12|0x00000000e0c00000, 0x00000000e0d00000, 0x00000000e0d00000|100%| O|  |TAMS 0x00000000e0d00000, 0x00000000e0c00000| Untracked 
|  13|0x00000000e0d00000, 0x00000000e0e00000, 0x00000000e0e00000|100%| O|  |TAMS 0x00000000e0e00000, 0x00000000e0d00000| Untracked 
|  14|0x00000000e0e00000, 0x00000000e0f00000, 0x00000000e0f00000|100%| O|  |TAMS 0x00000000e0f00000, 0x00000000e0e00000| Untracked 
|  15|0x00000000e0f00000, 0x00000000e1000000, 0x00000000e1000000|100%| O|  |TAMS 0x00000000e1000000, 0x00000000e0f00000| Untracked 
|  16|0x00000000e1000000, 0x00000000e1100000, 0x00000000e1100000|100%| O|  |TAMS 0x00000000e1100000, 0x00000000e1000000| Untracked 
|  17|0x00000000e1100000, 0x00000000e1200000, 0x00000000e1200000|100%| O|  |TAMS 0x00000000e1200000, 0x00000000e1100000| Untracked 
|  18|0x00000000e1200000, 0x00000000e1300000, 0x00000000e1300000|100%| O|  |TAMS 0x00000000e1300000, 0x00000000e1200000| Complete 
|  19|0x00000000e1300000, 0x00000000e1400000, 0x00000000e1400000|100%| O|  |TAMS 0x00000000e1400000, 0x00000000e1300000| Untracked 
|  20|0x00000000e1400000, 0x00000000e1500000, 0x00000000e1500000|100%| O|  |TAMS 0x00000000e1500000, 0x00000000e1400000| Untracked 
|  21|0x00000000e1500000, 0x00000000e1600000, 0x00000000e1600000|100%| O|  |TAMS 0x00000000e1600000, 0x00000000e1500000| Untracked 
|  22|0x00000000e1600000, 0x00000000e1700000, 0x00000000e1700000|100%| O|  |TAMS 0x00000000e1700000, 0x00000000e1600000| Untracked 
|  23|0x00000000e1700000, 0x00000000e1800000, 0x00000000e1800000|100%| O|  |TAMS 0x00000000e1800000, 0x00000000e1700000| Untracked 
|  24|0x00000000e1800000, 0x00000000e1900000, 0x00000000e1900000|100%| O|  |TAMS 0x00000000e1900000, 0x00000000e1800000| Untracked 
|  25|0x00000000e1900000, 0x00000000e1a00000, 0x00000000e1a00000|100%| O|  |TAMS 0x00000000e1a00000, 0x00000000e1900000| Untracked 
|  26|0x00000000e1a00000, 0x00000000e1b00000, 0x00000000e1b00000|100%| O|  |TAMS 0x00000000e1b00000, 0x00000000e1a00000| Untracked 
|  27|0x00000000e1b00000, 0x00000000e1c00000, 0x00000000e1c00000|100%| O|  |TAMS 0x00000000e1c00000, 0x00000000e1b00000| Untracked 
|  28|0x00000000e1c00000, 0x00000000e1d00000, 0x00000000e1d00000|100%| O|  |TAMS 0x00000000e1d00000, 0x00000000e1c00000| Untracked 
|  29|0x00000000e1d00000, 0x00000000e1e00000, 0x00000000e1e00000|100%| O|  |TAMS 0x00000000e1e00000, 0x00000000e1d00000| Untracked 
|  30|0x00000000e1e00000, 0x00000000e1f00000, 0x00000000e1f00000|100%| O|  |TAMS 0x00000000e1f00000, 0x00000000e1e00000| Untracked 
|  31|0x00000000e1f00000, 0x00000000e1f9a000, 0x00000000e2000000| 60%| O|  |TAMS 0x00000000e1f9a000, 0x00000000e1f00000| Untracked 
|  32|0x00000000e2000000, 0x00000000e2100000, 0x00000000e2100000|100%|HS|  |TAMS 0x00000000e2000000, 0x00000000e2000000| Complete 
|  33|0x00000000e2100000, 0x00000000e2100000, 0x00000000e2200000|  0%| F|  |TAMS 0x00000000e2100000, 0x00000000e2100000| Untracked 
|  34|0x00000000e2200000, 0x00000000e2200000, 0x00000000e2300000|  0%| F|  |TAMS 0x00000000e2200000, 0x00000000e2200000| Untracked 
|  35|0x00000000e2300000, 0x00000000e2300000, 0x00000000e2400000|  0%| F|  |TAMS 0x00000000e2300000, 0x00000000e2300000| Untracked 
|  36|0x00000000e2400000, 0x00000000e2400000, 0x00000000e2500000|  0%| F|  |TAMS 0x00000000e2400000, 0x00000000e2400000| Untracked 
|  37|0x00000000e2500000, 0x00000000e2500000, 0x00000000e2600000|  0%| F|  |TAMS 0x00000000e2500000, 0x00000000e2500000| Untracked 
|  38|0x00000000e2600000, 0x00000000e2600000, 0x00000000e2700000|  0%| F|  |TAMS 0x00000000e2600000, 0x00000000e2600000| Untracked 
|  39|0x00000000e2700000, 0x00000000e2700000, 0x00000000e2800000|  0%| F|  |TAMS 0x00000000e2700000, 0x00000000e2700000| Untracked 
|  40|0x00000000e2800000, 0x00000000e2800000, 0x00000000e2900000|  0%| F|  |TAMS 0x00000000e2800000, 0x00000000e2800000| Untracked 
|  41|0x00000000e2900000, 0x00000000e2900000, 0x00000000e2a00000|  0%| F|  |TAMS 0x00000000e2900000, 0x00000000e2900000| Untracked 
|  42|0x00000000e2a00000, 0x00000000e2a00000, 0x00000000e2b00000|  0%| F|  |TAMS 0x00000000e2a00000, 0x00000000e2a00000| Untracked 
|  43|0x00000000e2b00000, 0x00000000e2b00000, 0x00000000e2c00000|  0%| F|  |TAMS 0x00000000e2b00000, 0x00000000e2b00000| Untracked 
|  44|0x00000000e2c00000, 0x00000000e2c00000, 0x00000000e2d00000|  0%| F|  |TAMS 0x00000000e2c00000, 0x00000000e2c00000| Untracked 
|  45|0x00000000e2d00000, 0x00000000e2d00000, 0x00000000e2e00000|  0%| F|  |TAMS 0x00000000e2d00000, 0x00000000e2d00000| Untracked 
|  46|0x00000000e2e00000, 0x00000000e2e00000, 0x00000000e2f00000|  0%| F|  |TAMS 0x00000000e2e00000, 0x00000000e2e00000| Untracked 
|  47|0x00000000e2f00000, 0x00000000e2f00000, 0x00000000e3000000|  0%| F|  |TAMS 0x00000000e2f00000, 0x00000000e2f00000| Untracked 
|  48|0x00000000e3000000, 0x00000000e3000000, 0x00000000e3100000|  0%| F|  |TAMS 0x00000000e3000000, 0x00000000e3000000| Untracked 
|  49|0x00000000e3100000, 0x00000000e3100000, 0x00000000e3200000|  0%| F|  |TAMS 0x00000000e3100000, 0x00000000e3100000| Untracked 
|  50|0x00000000e3200000, 0x00000000e3200000, 0x00000000e3300000|  0%| F|  |TAMS 0x00000000e3200000, 0x00000000e3200000| Untracked 
|  51|0x00000000e3300000, 0x00000000e3300000, 0x00000000e3400000|  0%| F|  |TAMS 0x00000000e3300000, 0x00000000e3300000| Untracked 
|  52|0x00000000e3400000, 0x00000000e3400000, 0x00000000e3500000|  0%| F|  |TAMS 0x00000000e3400000, 0x00000000e3400000| Untracked 
|  53|0x00000000e3500000, 0x00000000e3500000, 0x00000000e3600000|  0%| F|  |TAMS 0x00000000e3500000, 0x00000000e3500000| Untracked 
|  54|0x00000000e3600000, 0x00000000e3600000, 0x00000000e3700000|  0%| F|  |TAMS 0x00000000e3600000, 0x00000000e3600000| Untracked 
|  55|0x00000000e3700000, 0x00000000e3700000, 0x00000000e3800000|  0%| F|  |TAMS 0x00000000e3700000, 0x00000000e3700000| Untracked 
|  56|0x00000000e3800000, 0x00000000e3800000, 0x00000000e3900000|  0%| F|  |TAMS 0x00000000e3800000, 0x00000000e3800000| Untracked 
|  57|0x00000000e3900000, 0x00000000e3900000, 0x00000000e3a00000|  0%| F|  |TAMS 0x00000000e3900000, 0x00000000e3900000| Untracked 
|  58|0x00000000e3a00000, 0x00000000e3a00000, 0x00000000e3b00000|  0%| F|  |TAMS 0x00000000e3a00000, 0x00000000e3a00000| Untracked 
|  59|0x00000000e3b00000, 0x00000000e3b00000, 0x00000000e3c00000|  0%| F|  |TAMS 0x00000000e3b00000, 0x00000000e3b00000| Untracked 
|  60|0x00000000e3c00000, 0x00000000e3c00000, 0x00000000e3d00000|  0%| F|  |TAMS 0x00000000e3c00000, 0x00000000e3c00000| Untracked 
|  61|0x00000000e3d00000, 0x00000000e3d00000, 0x00000000e3e00000|  0%| F|  |TAMS 0x00000000e3d00000, 0x00000000e3d00000| Untracked 
|  62|0x00000000e3e00000, 0x00000000e3e00000, 0x00000000e3f00000|  0%| F|  |TAMS 0x00000000e3e00000, 0x00000000e3e00000| Untracked 
|  63|0x00000000e3f00000, 0x00000000e3f00000, 0x00000000e4000000|  0%| F|  |TAMS 0x00000000e3f00000, 0x00000000e3f00000| Untracked 
|  64|0x00000000e4000000, 0x00000000e4000000, 0x00000000e4100000|  0%| F|  |TAMS 0x00000000e4000000, 0x00000000e4000000| Untracked 
|  65|0x00000000e4100000, 0x00000000e4100000, 0x00000000e4200000|  0%| F|  |TAMS 0x00000000e4100000, 0x00000000e4100000| Untracked 
|  66|0x00000000e4200000, 0x00000000e4200000, 0x00000000e4300000|  0%| F|  |TAMS 0x00000000e4200000, 0x00000000e4200000| Untracked 
|  67|0x00000000e4300000, 0x00000000e4300000, 0x00000000e4400000|  0%| F|  |TAMS 0x00000000e4300000, 0x00000000e4300000| Untracked 
|  68|0x00000000e4400000, 0x00000000e4400000, 0x00000000e4500000|  0%| F|  |TAMS 0x00000000e4400000, 0x00000000e4400000| Untracked 
|  69|0x00000000e4500000, 0x00000000e4500000, 0x00000000e4600000|  0%| F|  |TAMS 0x00000000e4500000, 0x00000000e4500000| Untracked 
|  70|0x00000000e4600000, 0x00000000e4600000, 0x00000000e4700000|  0%| F|  |TAMS 0x00000000e4600000, 0x00000000e4600000| Untracked 
|  71|0x00000000e4700000, 0x00000000e4700000, 0x00000000e4800000|  0%| F|  |TAMS 0x00000000e4700000, 0x00000000e4700000| Untracked 
|  72|0x00000000e4800000, 0x00000000e4800000, 0x00000000e4900000|  0%| F|  |TAMS 0x00000000e4800000, 0x00000000e4800000| Untracked 
|  73|0x00000000e4900000, 0x00000000e4900000, 0x00000000e4a00000|  0%| F|  |TAMS 0x00000000e4900000, 0x00000000e4900000| Untracked 
|  74|0x00000000e4a00000, 0x00000000e4a00000, 0x00000000e4b00000|  0%| F|  |TAMS 0x00000000e4a00000, 0x00000000e4a00000| Untracked 
|  75|0x00000000e4b00000, 0x00000000e4b00000, 0x00000000e4c00000|  0%| F|  |TAMS 0x00000000e4b00000, 0x00000000e4b00000| Untracked 
|  76|0x00000000e4c00000, 0x00000000e4c00000, 0x00000000e4d00000|  0%| F|  |TAMS 0x00000000e4c00000, 0x00000000e4c00000| Untracked 
|  77|0x00000000e4d00000, 0x00000000e4d00000, 0x00000000e4e00000|  0%| F|  |TAMS 0x00000000e4d00000, 0x00000000e4d00000| Untracked 
|  78|0x00000000e4e00000, 0x00000000e4e00000, 0x00000000e4f00000|  0%| F|  |TAMS 0x00000000e4e00000, 0x00000000e4e00000| Untracked 
|  79|0x00000000e4f00000, 0x00000000e4f00000, 0x00000000e5000000|  0%| F|  |TAMS 0x00000000e4f00000, 0x00000000e4f00000| Untracked 
|  80|0x00000000e5000000, 0x00000000e5000000, 0x00000000e5100000|  0%| F|  |TAMS 0x00000000e5000000, 0x00000000e5000000| Untracked 
|  81|0x00000000e5100000, 0x00000000e5100000, 0x00000000e5200000|  0%| F|  |TAMS 0x00000000e5100000, 0x00000000e5100000| Untracked 
|  82|0x00000000e5200000, 0x00000000e5200000, 0x00000000e5300000|  0%| F|  |TAMS 0x00000000e5200000, 0x00000000e5200000| Untracked 
|  83|0x00000000e5300000, 0x00000000e5300000, 0x00000000e5400000|  0%| F|  |TAMS 0x00000000e5300000, 0x00000000e5300000| Untracked 
|  84|0x00000000e5400000, 0x00000000e5400000, 0x00000000e5500000|  0%| F|  |TAMS 0x00000000e5400000, 0x00000000e5400000| Untracked 
|  85|0x00000000e5500000, 0x00000000e5500000, 0x00000000e5600000|  0%| F|  |TAMS 0x00000000e5500000, 0x00000000e5500000| Untracked 
|  86|0x00000000e5600000, 0x00000000e5600000, 0x00000000e5700000|  0%| F|  |TAMS 0x00000000e5600000, 0x00000000e5600000| Untracked 
|  87|0x00000000e5700000, 0x00000000e5700000, 0x00000000e5800000|  0%| F|  |TAMS 0x00000000e5700000, 0x00000000e5700000| Untracked 
|  88|0x00000000e5800000, 0x00000000e5800000, 0x00000000e5900000|  0%| F|  |TAMS 0x00000000e5800000, 0x00000000e5800000| Untracked 
|  89|0x00000000e5900000, 0x00000000e5900000, 0x00000000e5a00000|  0%| F|  |TAMS 0x00000000e5900000, 0x00000000e5900000| Untracked 
|  90|0x00000000e5a00000, 0x00000000e5a00000, 0x00000000e5b00000|  0%| F|  |TAMS 0x00000000e5a00000, 0x00000000e5a00000| Untracked 
|  91|0x00000000e5b00000, 0x00000000e5b00000, 0x00000000e5c00000|  0%| F|  |TAMS 0x00000000e5b00000, 0x00000000e5b00000| Untracked 
|  92|0x00000000e5c00000, 0x00000000e5c00000, 0x00000000e5d00000|  0%| F|  |TAMS 0x00000000e5c00000, 0x00000000e5c00000| Untracked 
|  93|0x00000000e5d00000, 0x00000000e5d00000, 0x00000000e5e00000|  0%| F|  |TAMS 0x00000000e5d00000, 0x00000000e5d00000| Untracked 
|  94|0x00000000e5e00000, 0x00000000e5e00000, 0x00000000e5f00000|  0%| F|  |TAMS 0x00000000e5e00000, 0x00000000e5e00000| Untracked 
|  95|0x00000000e5f00000, 0x00000000e5f00000, 0x00000000e6000000|  0%| F|  |TAMS 0x00000000e5f00000, 0x00000000e5f00000| Untracked 
|  96|0x00000000e6000000, 0x00000000e6000000, 0x00000000e6100000|  0%| F|  |TAMS 0x00000000e6000000, 0x00000000e6000000| Untracked 
|  97|0x00000000e6100000, 0x00000000e6100000, 0x00000000e6200000|  0%| F|  |TAMS 0x00000000e6100000, 0x00000000e6100000| Untracked 
|  98|0x00000000e6200000, 0x00000000e6200000, 0x00000000e6300000|  0%| F|  |TAMS 0x00000000e6200000, 0x00000000e6200000| Untracked 
|  99|0x00000000e6300000, 0x00000000e6300000, 0x00000000e6400000|  0%| F|  |TAMS 0x00000000e6300000, 0x00000000e6300000| Untracked 
| 100|0x00000000e6400000, 0x00000000e6400000, 0x00000000e6500000|  0%| F|  |TAMS 0x00000000e6400000, 0x00000000e6400000| Untracked 
| 101|0x00000000e6500000, 0x00000000e6500000, 0x00000000e6600000|  0%| F|  |TAMS 0x00000000e6500000, 0x00000000e6500000| Untracked 
| 102|0x00000000e6600000, 0x00000000e6600000, 0x00000000e6700000|  0%| F|  |TAMS 0x00000000e6600000, 0x00000000e6600000| Untracked 
| 103|0x00000000e6700000, 0x00000000e6700000, 0x00000000e6800000|  0%| F|  |TAMS 0x00000000e6700000, 0x00000000e6700000| Untracked 
| 104|0x00000000e6800000, 0x00000000e6800000, 0x00000000e6900000|  0%| F|  |TAMS 0x00000000e6800000, 0x00000000e6800000| Untracked 
| 105|0x00000000e6900000, 0x00000000e6900000, 0x00000000e6a00000|  0%| F|  |TAMS 0x00000000e6900000, 0x00000000e6900000| Untracked 
| 106|0x00000000e6a00000, 0x00000000e6a00000, 0x00000000e6b00000|  0%| F|  |TAMS 0x00000000e6a00000, 0x00000000e6a00000| Untracked 
| 107|0x00000000e6b00000, 0x00000000e6b00000, 0x00000000e6c00000|  0%| F|  |TAMS 0x00000000e6b00000, 0x00000000e6b00000| Untracked 
| 108|0x00000000e6c00000, 0x00000000e6c00000, 0x00000000e6d00000|  0%| F|  |TAMS 0x00000000e6c00000, 0x00000000e6c00000| Untracked 
| 109|0x00000000e6d00000, 0x00000000e6d00000, 0x00000000e6e00000|  0%| F|  |TAMS 0x00000000e6d00000, 0x00000000e6d00000| Untracked 
| 110|0x00000000e6e00000, 0x00000000e6e00000, 0x00000000e6f00000|  0%| F|  |TAMS 0x00000000e6e00000, 0x00000000e6e00000| Untracked 
| 111|0x00000000e6f00000, 0x00000000e6f00000, 0x00000000e7000000|  0%| F|  |TAMS 0x00000000e6f00000, 0x00000000e6f00000| Untracked 
| 112|0x00000000e7000000, 0x00000000e7000000, 0x00000000e7100000|  0%| F|  |TAMS 0x00000000e7000000, 0x00000000e7000000| Untracked 
| 113|0x00000000e7100000, 0x00000000e7100000, 0x00000000e7200000|  0%| F|  |TAMS 0x00000000e7100000, 0x00000000e7100000| Untracked 
| 114|0x00000000e7200000, 0x00000000e7200000, 0x00000000e7300000|  0%| F|  |TAMS 0x00000000e7200000, 0x00000000e7200000| Untracked 
| 115|0x00000000e7300000, 0x00000000e7300000, 0x00000000e7400000|  0%| F|  |TAMS 0x00000000e7300000, 0x00000000e7300000| Untracked 
| 116|0x00000000e7400000, 0x00000000e7400000, 0x00000000e7500000|  0%| F|  |TAMS 0x00000000e7400000, 0x00000000e7400000| Untracked 
| 117|0x00000000e7500000, 0x00000000e7500000, 0x00000000e7600000|  0%| F|  |TAMS 0x00000000e7500000, 0x00000000e7500000| Untracked 
| 118|0x00000000e7600000, 0x00000000e7600000, 0x00000000e7700000|  0%| F|  |TAMS 0x00000000e7600000, 0x00000000e7600000| Untracked 
| 119|0x00000000e7700000, 0x00000000e7700000, 0x00000000e7800000|  0%| F|  |TAMS 0x00000000e7700000, 0x00000000e7700000| Untracked 
| 120|0x00000000e7800000, 0x00000000e7800000, 0x00000000e7900000|  0%| F|  |TAMS 0x00000000e7800000, 0x00000000e7800000| Untracked 
| 121|0x00000000e7900000, 0x00000000e7900000, 0x00000000e7a00000|  0%| F|  |TAMS 0x00000000e7900000, 0x00000000e7900000| Untracked 
| 122|0x00000000e7a00000, 0x00000000e7a00000, 0x00000000e7b00000|  0%| F|  |TAMS 0x00000000e7a00000, 0x00000000e7a00000| Untracked 
| 123|0x00000000e7b00000, 0x00000000e7b00000, 0x00000000e7c00000|  0%| F|  |TAMS 0x00000000e7b00000, 0x00000000e7b00000| Untracked 
| 124|0x00000000e7c00000, 0x00000000e7c00000, 0x00000000e7d00000|  0%| F|  |TAMS 0x00000000e7c00000, 0x00000000e7c00000| Untracked 
| 125|0x00000000e7d00000, 0x00000000e7d00000, 0x00000000e7e00000|  0%| F|  |TAMS 0x00000000e7d00000, 0x00000000e7d00000| Untracked 
| 126|0x00000000e7e00000, 0x00000000e7e00000, 0x00000000e7f00000|  0%| F|  |TAMS 0x00000000e7e00000, 0x00000000e7e00000| Untracked 
| 127|0x00000000e7f00000, 0x00000000e7f00000, 0x00000000e8000000|  0%| F|  |TAMS 0x00000000e7f00000, 0x00000000e7f00000| Untracked 
| 128|0x00000000e8000000, 0x00000000e8000000, 0x00000000e8100000|  0%| F|  |TAMS 0x00000000e8000000, 0x00000000e8000000| Untracked 
| 129|0x00000000e8100000, 0x00000000e8100000, 0x00000000e8200000|  0%| F|  |TAMS 0x00000000e8100000, 0x00000000e8100000| Untracked 
| 130|0x00000000e8200000, 0x00000000e8200000, 0x00000000e8300000|  0%| F|  |TAMS 0x00000000e8200000, 0x00000000e8200000| Untracked 
| 131|0x00000000e8300000, 0x00000000e8300000, 0x00000000e8400000|  0%| F|  |TAMS 0x00000000e8300000, 0x00000000e8300000| Untracked 
| 132|0x00000000e8400000, 0x00000000e8400000, 0x00000000e8500000|  0%| F|  |TAMS 0x00000000e8400000, 0x00000000e8400000| Untracked 
| 133|0x00000000e8500000, 0x00000000e8500000, 0x00000000e8600000|  0%| F|  |TAMS 0x00000000e8500000, 0x00000000e8500000| Untracked 
| 134|0x00000000e8600000, 0x00000000e8600000, 0x00000000e8700000|  0%| F|  |TAMS 0x00000000e8600000, 0x00000000e8600000| Untracked 
| 135|0x00000000e8700000, 0x00000000e8700000, 0x00000000e8800000|  0%| F|  |TAMS 0x00000000e8700000, 0x00000000e8700000| Untracked 
| 136|0x00000000e8800000, 0x00000000e8800000, 0x00000000e8900000|  0%| F|  |TAMS 0x00000000e8800000, 0x00000000e8800000| Untracked 
| 137|0x00000000e8900000, 0x00000000e8900000, 0x00000000e8a00000|  0%| F|  |TAMS 0x00000000e8900000, 0x00000000e8900000| Untracked 
| 138|0x00000000e8a00000, 0x00000000e8a00000, 0x00000000e8b00000|  0%| F|  |TAMS 0x00000000e8a00000, 0x00000000e8a00000| Untracked 
| 139|0x00000000e8b00000, 0x00000000e8b00000, 0x00000000e8c00000|  0%| F|  |TAMS 0x00000000e8b00000, 0x00000000e8b00000| Untracked 
| 140|0x00000000e8c00000, 0x00000000e8c00000, 0x00000000e8d00000|  0%| F|  |TAMS 0x00000000e8c00000, 0x00000000e8c00000| Untracked 
| 141|0x00000000e8d00000, 0x00000000e8d00000, 0x00000000e8e00000|  0%| F|  |TAMS 0x00000000e8d00000, 0x00000000e8d00000| Untracked 
| 142|0x00000000e8e00000, 0x00000000e8e00000, 0x00000000e8f00000|  0%| F|  |TAMS 0x00000000e8e00000, 0x00000000e8e00000| Untracked 
| 143|0x00000000e8f00000, 0x00000000e8f00000, 0x00000000e9000000|  0%| F|  |TAMS 0x00000000e8f00000, 0x00000000e8f00000| Untracked 
| 144|0x00000000e9000000, 0x00000000e9000000, 0x00000000e9100000|  0%| F|  |TAMS 0x00000000e9000000, 0x00000000e9000000| Untracked 
| 145|0x00000000e9100000, 0x00000000e9100000, 0x00000000e9200000|  0%| F|  |TAMS 0x00000000e9100000, 0x00000000e9100000| Untracked 
| 146|0x00000000e9200000, 0x00000000e9200000, 0x00000000e9300000|  0%| F|  |TAMS 0x00000000e9200000, 0x00000000e9200000| Untracked 
| 147|0x00000000e9300000, 0x00000000e9300000, 0x00000000e9400000|  0%| F|  |TAMS 0x00000000e9300000, 0x00000000e9300000| Untracked 
| 148|0x00000000e9400000, 0x00000000e9400000, 0x00000000e9500000|  0%| F|  |TAMS 0x00000000e9400000, 0x00000000e9400000| Untracked 
| 149|0x00000000e9500000, 0x00000000e9500000, 0x00000000e9600000|  0%| F|  |TAMS 0x00000000e9500000, 0x00000000e9500000| Untracked 
| 150|0x00000000e9600000, 0x00000000e9600000, 0x00000000e9700000|  0%| F|  |TAMS 0x00000000e9600000, 0x00000000e9600000| Untracked 
| 151|0x00000000e9700000, 0x00000000e9700000, 0x00000000e9800000|  0%| F|  |TAMS 0x00000000e9700000, 0x00000000e9700000| Untracked 
| 152|0x00000000e9800000, 0x00000000e9800000, 0x00000000e9900000|  0%| F|  |TAMS 0x00000000e9800000, 0x00000000e9800000| Untracked 
| 153|0x00000000e9900000, 0x00000000e9900000, 0x00000000e9a00000|  0%| F|  |TAMS 0x00000000e9900000, 0x00000000e9900000| Untracked 
| 154|0x00000000e9a00000, 0x00000000e9a00000, 0x00000000e9b00000|  0%| F|  |TAMS 0x00000000e9a00000, 0x00000000e9a00000| Untracked 
| 155|0x00000000e9b00000, 0x00000000e9b00000, 0x00000000e9c00000|  0%| F|  |TAMS 0x00000000e9b00000, 0x00000000e9b00000| Untracked 
| 156|0x00000000e9c00000, 0x00000000e9c00000, 0x00000000e9d00000|  0%| F|  |TAMS 0x00000000e9c00000, 0x00000000e9c00000| Untracked 
| 157|0x00000000e9d00000, 0x00000000e9d00000, 0x00000000e9e00000|  0%| F|  |TAMS 0x00000000e9d00000, 0x00000000e9d00000| Untracked 
| 158|0x00000000e9e00000, 0x00000000e9e00000, 0x00000000e9f00000|  0%| F|  |TAMS 0x00000000e9e00000, 0x00000000e9e00000| Untracked 
| 159|0x00000000e9f00000, 0x00000000e9f00000, 0x00000000ea000000|  0%| F|  |TAMS 0x00000000e9f00000, 0x00000000e9f00000| Untracked 
| 160|0x00000000ea000000, 0x00000000ea000000, 0x00000000ea100000|  0%| F|  |TAMS 0x00000000ea000000, 0x00000000ea000000| Untracked 
| 161|0x00000000ea100000, 0x00000000ea100000, 0x00000000ea200000|  0%| F|  |TAMS 0x00000000ea100000, 0x00000000ea100000| Untracked 
| 162|0x00000000ea200000, 0x00000000ea200000, 0x00000000ea300000|  0%| F|  |TAMS 0x00000000ea200000, 0x00000000ea200000| Untracked 
| 163|0x00000000ea300000, 0x00000000ea300000, 0x00000000ea400000|  0%| F|  |TAMS 0x00000000ea300000, 0x00000000ea300000| Untracked 
| 164|0x00000000ea400000, 0x00000000ea400000, 0x00000000ea500000|  0%| F|  |TAMS 0x00000000ea400000, 0x00000000ea400000| Untracked 
| 165|0x00000000ea500000, 0x00000000ea500000, 0x00000000ea600000|  0%| F|  |TAMS 0x00000000ea500000, 0x00000000ea500000| Untracked 
| 166|0x00000000ea600000, 0x00000000ea600000, 0x00000000ea700000|  0%| F|  |TAMS 0x00000000ea600000, 0x00000000ea600000| Untracked 
| 167|0x00000000ea700000, 0x00000000ea700000, 0x00000000ea800000|  0%| F|  |TAMS 0x00000000ea700000, 0x00000000ea700000| Untracked 
| 168|0x00000000ea800000, 0x00000000ea800000, 0x00000000ea900000|  0%| F|  |TAMS 0x00000000ea800000, 0x00000000ea800000| Untracked 
| 169|0x00000000ea900000, 0x00000000ea900000, 0x00000000eaa00000|  0%| F|  |TAMS 0x00000000ea900000, 0x00000000ea900000| Untracked 
| 170|0x00000000eaa00000, 0x00000000eaa00000, 0x00000000eab00000|  0%| F|  |TAMS 0x00000000eaa00000, 0x00000000eaa00000| Untracked 
| 171|0x00000000eab00000, 0x00000000eab00000, 0x00000000eac00000|  0%| F|  |TAMS 0x00000000eab00000, 0x00000000eab00000| Untracked 
| 172|0x00000000eac00000, 0x00000000eac00000, 0x00000000ead00000|  0%| F|  |TAMS 0x00000000eac00000, 0x00000000eac00000| Untracked 
| 173|0x00000000ead00000, 0x00000000ead00000, 0x00000000eae00000|  0%| F|  |TAMS 0x00000000ead00000, 0x00000000ead00000| Untracked 
| 174|0x00000000eae00000, 0x00000000eae00000, 0x00000000eaf00000|  0%| F|  |TAMS 0x00000000eae00000, 0x00000000eae00000| Untracked 
| 175|0x00000000eaf00000, 0x00000000eaf00000, 0x00000000eb000000|  0%| F|  |TAMS 0x00000000eaf00000, 0x00000000eaf00000| Untracked 
| 176|0x00000000eb000000, 0x00000000eb000000, 0x00000000eb100000|  0%| F|  |TAMS 0x00000000eb000000, 0x00000000eb000000| Untracked 
| 177|0x00000000eb100000, 0x00000000eb100000, 0x00000000eb200000|  0%| F|  |TAMS 0x00000000eb100000, 0x00000000eb100000| Untracked 
| 178|0x00000000eb200000, 0x00000000eb200000, 0x00000000eb300000|  0%| F|  |TAMS 0x00000000eb200000, 0x00000000eb200000| Untracked 
| 179|0x00000000eb300000, 0x00000000eb300000, 0x00000000eb400000|  0%| F|  |TAMS 0x00000000eb300000, 0x00000000eb300000| Untracked 
| 180|0x00000000eb400000, 0x00000000eb400000, 0x00000000eb500000|  0%| F|  |TAMS 0x00000000eb400000, 0x00000000eb400000| Untracked 
| 181|0x00000000eb500000, 0x00000000eb500000, 0x00000000eb600000|  0%| F|  |TAMS 0x00000000eb500000, 0x00000000eb500000| Untracked 
| 182|0x00000000eb600000, 0x00000000eb600000, 0x00000000eb700000|  0%| F|  |TAMS 0x00000000eb600000, 0x00000000eb600000| Untracked 
| 183|0x00000000eb700000, 0x00000000eb700000, 0x00000000eb800000|  0%| F|  |TAMS 0x00000000eb700000, 0x00000000eb700000| Untracked 
| 184|0x00000000eb800000, 0x00000000eb800000, 0x00000000eb900000|  0%| F|  |TAMS 0x00000000eb800000, 0x00000000eb800000| Untracked 
| 185|0x00000000eb900000, 0x00000000eb900000, 0x00000000eba00000|  0%| F|  |TAMS 0x00000000eb900000, 0x00000000eb900000| Untracked 
| 186|0x00000000eba00000, 0x00000000eba00000, 0x00000000ebb00000|  0%| F|  |TAMS 0x00000000eba00000, 0x00000000eba00000| Untracked 
| 187|0x00000000ebb00000, 0x00000000ebb00000, 0x00000000ebc00000|  0%| F|  |TAMS 0x00000000ebb00000, 0x00000000ebb00000| Untracked 
| 188|0x00000000ebc00000, 0x00000000ebc00000, 0x00000000ebd00000|  0%| F|  |TAMS 0x00000000ebc00000, 0x00000000ebc00000| Untracked 
| 189|0x00000000ebd00000, 0x00000000ebd00000, 0x00000000ebe00000|  0%| F|  |TAMS 0x00000000ebd00000, 0x00000000ebd00000| Untracked 
| 190|0x00000000ebe00000, 0x00000000ebe00000, 0x00000000ebf00000|  0%| F|  |TAMS 0x00000000ebe00000, 0x00000000ebe00000| Untracked 
| 191|0x00000000ebf00000, 0x00000000ebf00000, 0x00000000ec000000|  0%| F|  |TAMS 0x00000000ebf00000, 0x00000000ebf00000| Untracked 
| 192|0x00000000ec000000, 0x00000000ec000000, 0x00000000ec100000|  0%| F|  |TAMS 0x00000000ec000000, 0x00000000ec000000| Untracked 
| 193|0x00000000ec100000, 0x00000000ec100000, 0x00000000ec200000|  0%| F|  |TAMS 0x00000000ec100000, 0x00000000ec100000| Untracked 
| 194|0x00000000ec200000, 0x00000000ec200000, 0x00000000ec300000|  0%| F|  |TAMS 0x00000000ec200000, 0x00000000ec200000| Untracked 
| 195|0x00000000ec300000, 0x00000000ec300000, 0x00000000ec400000|  0%| F|  |TAMS 0x00000000ec300000, 0x00000000ec300000| Untracked 
| 196|0x00000000ec400000, 0x00000000ec400000, 0x00000000ec500000|  0%| F|  |TAMS 0x00000000ec400000, 0x00000000ec400000| Untracked 
| 197|0x00000000ec500000, 0x00000000ec500000, 0x00000000ec600000|  0%| F|  |TAMS 0x00000000ec500000, 0x00000000ec500000| Untracked 
| 198|0x00000000ec600000, 0x00000000ec600000, 0x00000000ec700000|  0%| F|  |TAMS 0x00000000ec600000, 0x00000000ec600000| Untracked 
| 199|0x00000000ec700000, 0x00000000ec700000, 0x00000000ec800000|  0%| F|  |TAMS 0x00000000ec700000, 0x00000000ec700000| Untracked 
| 200|0x00000000ec800000, 0x00000000ec800000, 0x00000000ec900000|  0%| F|  |TAMS 0x00000000ec800000, 0x00000000ec800000| Untracked 
| 201|0x00000000ec900000, 0x00000000ec900000, 0x00000000eca00000|  0%| F|  |TAMS 0x00000000ec900000, 0x00000000ec900000| Untracked 
| 202|0x00000000eca00000, 0x00000000eca00000, 0x00000000ecb00000|  0%| F|  |TAMS 0x00000000eca00000, 0x00000000eca00000| Untracked 
| 203|0x00000000ecb00000, 0x00000000ecb00000, 0x00000000ecc00000|  0%| F|  |TAMS 0x00000000ecb00000, 0x00000000ecb00000| Untracked 
| 204|0x00000000ecc00000, 0x00000000ecc00000, 0x00000000ecd00000|  0%| F|  |TAMS 0x00000000ecc00000, 0x00000000ecc00000| Untracked 
| 205|0x00000000ecd00000, 0x00000000ecd00000, 0x00000000ece00000|  0%| F|  |TAMS 0x00000000ecd00000, 0x00000000ecd00000| Untracked 
| 206|0x00000000ece00000, 0x00000000ecf00000, 0x00000000ecf00000|100%| E|  |TAMS 0x00000000ece00000, 0x00000000ece00000| Complete 
| 207|0x00000000ecf00000, 0x00000000ed000000, 0x00000000ed000000|100%| E|CS|TAMS 0x00000000ecf00000, 0x00000000ecf00000| Complete 
| 208|0x00000000ed000000, 0x00000000ed100000, 0x00000000ed100000|100%| E|CS|TAMS 0x00000000ed000000, 0x00000000ed000000| Complete 
| 209|0x00000000ed100000, 0x00000000ed200000, 0x00000000ed200000|100%| E|CS|TAMS 0x00000000ed100000, 0x00000000ed100000| Complete 
| 210|0x00000000ed200000, 0x00000000ed300000, 0x00000000ed300000|100%| E|CS|TAMS 0x00000000ed200000, 0x00000000ed200000| Complete 
| 211|0x00000000ed300000, 0x00000000ed400000, 0x00000000ed400000|100%| E|CS|TAMS 0x00000000ed300000, 0x00000000ed300000| Complete 
| 212|0x00000000ed400000, 0x00000000ed500000, 0x00000000ed500000|100%| E|CS|TAMS 0x00000000ed400000, 0x00000000ed400000| Complete 
| 213|0x00000000ed500000, 0x00000000ed600000, 0x00000000ed600000|100%| E|CS|TAMS 0x00000000ed500000, 0x00000000ed500000| Complete 
| 214|0x00000000ed600000, 0x00000000ed700000, 0x00000000ed700000|100%| E|CS|TAMS 0x00000000ed600000, 0x00000000ed600000| Complete 
| 215|0x00000000ed700000, 0x00000000ed800000, 0x00000000ed800000|100%| E|CS|TAMS 0x00000000ed700000, 0x00000000ed700000| Complete 
| 216|0x00000000ed800000, 0x00000000ed900000, 0x00000000ed900000|100%| E|CS|TAMS 0x00000000ed800000, 0x00000000ed800000| Complete 
| 217|0x00000000ed900000, 0x00000000eda00000, 0x00000000eda00000|100%| E|CS|TAMS 0x00000000ed900000, 0x00000000ed900000| Complete 
| 218|0x00000000eda00000, 0x00000000edb00000, 0x00000000edb00000|100%| E|CS|TAMS 0x00000000eda00000, 0x00000000eda00000| Complete 
| 219|0x00000000edb00000, 0x00000000edc00000, 0x00000000edc00000|100%| E|CS|TAMS 0x00000000edb00000, 0x00000000edb00000| Complete 
| 220|0x00000000edc00000, 0x00000000edd00000, 0x00000000edd00000|100%| E|CS|TAMS 0x00000000edc00000, 0x00000000edc00000| Complete 
| 221|0x00000000edd00000, 0x00000000ede00000, 0x00000000ede00000|100%| E|CS|TAMS 0x00000000edd00000, 0x00000000edd00000| Complete 
| 222|0x00000000ede00000, 0x00000000edf00000, 0x00000000edf00000|100%| E|  |TAMS 0x00000000ede00000, 0x00000000ede00000| Complete 
| 223|0x00000000edf00000, 0x00000000ee000000, 0x00000000ee000000|100%| E|CS|TAMS 0x00000000edf00000, 0x00000000edf00000| Complete 
| 224|0x00000000ee000000, 0x00000000ee100000, 0x00000000ee100000|100%| E|CS|TAMS 0x00000000ee000000, 0x00000000ee000000| Complete 
| 225|0x00000000ee100000, 0x00000000ee200000, 0x00000000ee200000|100%| E|CS|TAMS 0x00000000ee100000, 0x00000000ee100000| Complete 
| 226|0x00000000ee200000, 0x00000000ee300000, 0x00000000ee300000|100%| E|CS|TAMS 0x00000000ee200000, 0x00000000ee200000| Complete 
| 227|0x00000000ee300000, 0x00000000ee400000, 0x00000000ee400000|100%| E|CS|TAMS 0x00000000ee300000, 0x00000000ee300000| Complete 
| 228|0x00000000ee400000, 0x00000000ee500000, 0x00000000ee500000|100%| E|CS|TAMS 0x00000000ee400000, 0x00000000ee400000| Complete 
| 229|0x00000000ee500000, 0x00000000ee600000, 0x00000000ee600000|100%| E|CS|TAMS 0x00000000ee500000, 0x00000000ee500000| Complete 
| 230|0x00000000ee600000, 0x00000000ee700000, 0x00000000ee700000|100%| E|CS|TAMS 0x00000000ee600000, 0x00000000ee600000| Complete 
| 231|0x00000000ee700000, 0x00000000ee800000, 0x00000000ee800000|100%| E|CS|TAMS 0x00000000ee700000, 0x00000000ee700000| Complete 
| 232|0x00000000ee800000, 0x00000000ee900000, 0x00000000ee900000|100%| E|CS|TAMS 0x00000000ee800000, 0x00000000ee800000| Complete 
| 233|0x00000000ee900000, 0x00000000eea00000, 0x00000000eea00000|100%| E|CS|TAMS 0x00000000ee900000, 0x00000000ee900000| Complete 
| 234|0x00000000eea00000, 0x00000000eeb00000, 0x00000000eeb00000|100%| E|CS|TAMS 0x00000000eea00000, 0x00000000eea00000| Complete 
| 235|0x00000000eeb00000, 0x00000000eec00000, 0x00000000eec00000|100%| E|CS|TAMS 0x00000000eeb00000, 0x00000000eeb00000| Complete 
| 236|0x00000000eec00000, 0x00000000eed00000, 0x00000000eed00000|100%| E|CS|TAMS 0x00000000eec00000, 0x00000000eec00000| Complete 
| 237|0x00000000eed00000, 0x00000000eee00000, 0x00000000eee00000|100%| E|CS|TAMS 0x00000000eed00000, 0x00000000eed00000| Complete 
| 238|0x00000000eee00000, 0x00000000eef00000, 0x00000000eef00000|100%| E|CS|TAMS 0x00000000eee00000, 0x00000000eee00000| Complete 
| 239|0x00000000eef00000, 0x00000000ef000000, 0x00000000ef000000|100%| E|CS|TAMS 0x00000000eef00000, 0x00000000eef00000| Complete 
| 240|0x00000000ef000000, 0x00000000ef100000, 0x00000000ef100000|100%| E|CS|TAMS 0x00000000ef000000, 0x00000000ef000000| Complete 
| 241|0x00000000ef100000, 0x00000000ef200000, 0x00000000ef200000|100%| E|CS|TAMS 0x00000000ef100000, 0x00000000ef100000| Complete 
| 242|0x00000000ef200000, 0x00000000ef300000, 0x00000000ef300000|100%| E|CS|TAMS 0x00000000ef200000, 0x00000000ef200000| Complete 
| 243|0x00000000ef300000, 0x00000000ef400000, 0x00000000ef400000|100%| E|CS|TAMS 0x00000000ef300000, 0x00000000ef300000| Complete 
| 244|0x00000000ef400000, 0x00000000ef500000, 0x00000000ef500000|100%| E|CS|TAMS 0x00000000ef400000, 0x00000000ef400000| Complete 
| 245|0x00000000ef500000, 0x00000000ef600000, 0x00000000ef600000|100%| E|CS|TAMS 0x00000000ef500000, 0x00000000ef500000| Complete 
| 246|0x00000000ef600000, 0x00000000ef700000, 0x00000000ef700000|100%| E|CS|TAMS 0x00000000ef600000, 0x00000000ef600000| Complete 
| 247|0x00000000ef700000, 0x00000000ef800000, 0x00000000ef800000|100%| E|CS|TAMS 0x00000000ef700000, 0x00000000ef700000| Complete 
| 248|0x00000000ef800000, 0x00000000ef900000, 0x00000000ef900000|100%| E|CS|TAMS 0x00000000ef800000, 0x00000000ef800000| Complete 
| 249|0x00000000ef900000, 0x00000000ef980820, 0x00000000efa00000| 50%| S|CS|TAMS 0x00000000ef900000, 0x00000000ef900000| Complete 
| 250|0x00000000efa00000, 0x00000000efb00000, 0x00000000efb00000|100%| E|CS|TAMS 0x00000000efa00000, 0x00000000efa00000| Complete 
| 251|0x00000000efb00000, 0x00000000efc00000, 0x00000000efc00000|100%| E|CS|TAMS 0x00000000efb00000, 0x00000000efb00000| Complete 
| 252|0x00000000efc00000, 0x00000000efd00000, 0x00000000efd00000|100%| E|CS|TAMS 0x00000000efc00000, 0x00000000efc00000| Complete 
| 253|0x00000000efd00000, 0x00000000efe00000, 0x00000000efe00000|100%| E|CS|TAMS 0x00000000efd00000, 0x00000000efd00000| Complete 
| 254|0x00000000efe00000, 0x00000000eff00000, 0x00000000eff00000|100%| E|CS|TAMS 0x00000000efe00000, 0x00000000efe00000| Complete 
| 255|0x00000000eff00000, 0x00000000f0000000, 0x00000000f0000000|100%| E|CS|TAMS 0x00000000eff00000, 0x00000000eff00000| Complete 

Card table byte_map: [0x00000214255f0000,0x00000214256f0000] _byte_map_base: 0x0000021424ef0000

Marking Bits (Prev, Next): (CMBitMap*) 0x000002140e6c8ea0, (CMBitMap*) 0x000002140e6c8ee0
 Prev Bits: [0x00000214257f0000, 0x0000021425ff0000)
 Next Bits: [0x0000021425ff0000, 0x00000214267f0000)

Polling page: 0x000002140c580000

Metaspace:

Usage:
  Non-class:     35.28 MB used.
      Class:      5.71 MB used.
       Both:     40.98 MB used.

Virtual space:
  Non-class space:       64.00 MB reserved,      35.50 MB ( 55%) committed,  1 nodes.
      Class space:      320.00 MB reserved,       5.88 MB (  2%) committed,  1 nodes.
             Both:      384.00 MB reserved,      41.38 MB ( 11%) committed. 

Chunk freelists:
   Non-Class:  11.83 MB
       Class:  10.13 MB
        Both:  21.96 MB

MaxMetaspaceSize: 384.00 MB
CompressedClassSpaceSize: 320.00 MB
Initial GC threshold: 21.00 MB
Current GC threshold: 59.69 MB
CDS: on
MetaspaceReclaimPolicy: balanced
 - commit_granule_bytes: 65536.
 - commit_granule_words: 8192.
 - virtual_space_node_default_size: 8388608.
 - enlarge_chunks_in_place: 1.
 - new_chunks_are_fully_committed: 0.
 - uncommit_free_chunks: 1.
 - use_allocation_guard: 0.
 - handle_deallocations: 1.


Internal statistics:

num_allocs_failed_limit: 9.
num_arena_births: 462.
num_arena_deaths: 0.
num_vsnodes_births: 2.
num_vsnodes_deaths: 0.
num_space_committed: 662.
num_space_uncommitted: 0.
num_chunks_returned_to_freelist: 9.
num_chunks_taken_from_freelist: 2072.
num_chunk_merges: 9.
num_chunk_splits: 1381.
num_chunks_enlarged: 964.
num_inconsistent_stats: 0.

CodeHeap 'non-profiled nmethods': size=120000Kb used=2240Kb max_used=2985Kb free=117759Kb
 bounds [0x000002141dc90000, 0x000002141df80000, 0x00000214251c0000]
CodeHeap 'profiled nmethods': size=120000Kb used=8143Kb max_used=9484Kb free=111856Kb
 bounds [0x00000214161c0000, 0x0000021416b20000, 0x000002141d6f0000]
CodeHeap 'non-nmethods': size=5760Kb used=2309Kb max_used=2381Kb free=3451Kb
 bounds [0x000002141d6f0000, 0x000002141d960000, 0x000002141dc90000]
 total_blobs=4916 nmethods=4098 adapters=730
 compilation: enabled
              stopped_count=0, restarted_count=0
 full_count=0

Compilation events (20 events):
Event: 45.278 Thread 0x0000021429232c80 4870       3       org.gradle.model.internal.asm.ClassVisitorScope$1::<init> (20 bytes)
Event: 45.279 Thread 0x0000021429232c80 nmethod 4870 0x0000021416878310 code [0x00000214168784c0, 0x0000021416878738]
Event: 45.279 Thread 0x0000021429232c80 4871       3       org.gradle.model.internal.asm.ClassVisitorScope$1::emit (11 bytes)
Event: 45.279 Thread 0x0000021429232c80 nmethod 4871 0x0000021416833510 code [0x0000021416833720, 0x0000021416833e58]
Event: 45.279 Thread 0x0000021429232c80 4872       3       org.gradle.model.internal.asm.ClassVisitorScope$1$1::<init> (33 bytes)
Event: 45.280 Thread 0x0000021429232c80 nmethod 4872 0x000002141688a810 code [0x000002141688aa00, 0x000002141688b078]
Event: 45.304 Thread 0x0000021429232c80 4877       3       java.lang.invoke.BoundMethodHandle::bindSingle (7 bytes)
Event: 45.304 Thread 0x0000021429232c80 nmethod 4877 0x000002141648b810 code [0x000002141648b9a0, 0x000002141648baa8]
Event: 45.308 Thread 0x0000021429232c80 4878       3       java.lang.invoke.SimpleMethodHandle::make (10 bytes)
Event: 45.308 Thread 0x0000021429232c80 nmethod 4878 0x00000214166fbb10 code [0x00000214166fbcc0, 0x00000214166fbec8]
Event: 45.308 Thread 0x0000021429232c80 4879       3       java.lang.invoke.SimpleMethodHandle::<init> (7 bytes)
Event: 45.308 Thread 0x0000021429232c80 nmethod 4879 0x00000214161fbe10 code [0x00000214161fbfc0, 0x00000214161fc188]
Event: 45.308 Thread 0x0000021429232c80 4880       1       org.gradle.internal.operations.BuildOperationDescriptor::getMetadata (5 bytes)
Event: 45.308 Thread 0x0000021429232c80 nmethod 4880 0x000002141dd89c10 code [0x000002141dd89da0, 0x000002141dd89e78]
Event: 45.312 Thread 0x0000021429232c80 4881       3       java.lang.invoke.LambdaForm::identityForm (27 bytes)
Event: 45.312 Thread 0x0000021429232c80 nmethod 4881 0x0000021416496b10 code [0x0000021416496cc0, 0x0000021416496ea8]
Event: 45.312 Thread 0x0000021429232c80 4882       3       java.lang.invoke.MethodHandleImpl::makeIntrinsic (14 bytes)
Event: 45.313 Thread 0x0000021429232c80 nmethod 4882 0x00000214163a1190 code [0x00000214163a1380, 0x00000214163a1a78]
Event: 45.313 Thread 0x0000021429232c80 4883       3       java.lang.invoke.MethodHandleImpl$IntrinsicMethodHandle::<init> (8 bytes)
Event: 45.313 Thread 0x0000021429232c80 nmethod 4883 0x0000021416517490 code [0x0000021416517680, 0x0000021416517cf8]

GC Heap History (14 events):
Event: 1.441 GC heap before
{Heap before GC invocations=0 (full 0):
 garbage-first heap   total 262144K, used 23552K [0x00000000e0000000, 0x0000000100000000)
  region size 1024K, 23 young (23552K), 0 survivors (0K)
 Metaspace       used 1046K, committed 1216K, reserved 393216K
  class space    used 72K, committed 128K, reserved 327680K
}
Event: 1.643 GC heap after
{Heap after GC invocations=1 (full 0):
 garbage-first heap   total 262144K, used 1948K [0x00000000e0000000, 0x0000000100000000)
  region size 1024K, 2 young (2048K), 2 survivors (2048K)
 Metaspace       used 1046K, committed 1216K, reserved 393216K
  class space    used 72K, committed 128K, reserved 327680K
}
Event: 4.635 GC heap before
{Heap before GC invocations=1 (full 0):
 garbage-first heap   total 262144K, used 39836K [0x00000000e0000000, 0x0000000100000000)
  region size 1024K, 36 young (36864K), 2 survivors (2048K)
 Metaspace       used 4350K, committed 4544K, reserved 393216K
  class space    used 545K, committed 640K, reserved 327680K
}
Event: 4.646 GC heap after
{Heap after GC invocations=2 (full 0):
 garbage-first heap   total 262144K, used 10796K [0x00000000e0000000, 0x0000000100000000)
  region size 1024K, 5 young (5120K), 5 survivors (5120K)
 Metaspace       used 4350K, committed 4544K, reserved 393216K
  class space    used 545K, committed 640K, reserved 327680K
}
Event: 6.721 GC heap before
{Heap before GC invocations=2 (full 0):
 garbage-first heap   total 262144K, used 56876K [0x00000000e0000000, 0x0000000100000000)
  region size 1024K, 48 young (49152K), 5 survivors (5120K)
 Metaspace       used 4443K, committed 4608K, reserved 393216K
  class space    used 547K, committed 640K, reserved 327680K
}
Event: 6.726 GC heap after
{Heap after GC invocations=3 (full 0):
 garbage-first heap   total 262144K, used 15950K [0x00000000e0000000, 0x0000000100000000)
  region size 1024K, 4 young (4096K), 4 survivors (4096K)
 Metaspace       used 4443K, committed 4608K, reserved 393216K
  class space    used 547K, committed 640K, reserved 327680K
}
Event: 17.317 GC heap before
{Heap before GC invocations=3 (full 0):
 garbage-first heap   total 262144K, used 130638K [0x00000000e0000000, 0x0000000100000000)
  region size 1024K, 117 young (119808K), 4 survivors (4096K)
 Metaspace       used 21146K, committed 21504K, reserved 393216K
  class space    used 3079K, committed 3264K, reserved 327680K
}
Event: 17.361 GC heap after
{Heap after GC invocations=4 (full 0):
 garbage-first heap   total 262144K, used 23722K [0x00000000e0000000, 0x0000000100000000)
  region size 1024K, 12 young (12288K), 12 survivors (12288K)
 Metaspace       used 21146K, committed 21504K, reserved 393216K
  class space    used 3079K, committed 3264K, reserved 327680K
}
Event: 36.666 GC heap before
{Heap before GC invocations=5 (full 0):
 garbage-first heap   total 262144K, used 148650K [0x00000000e0000000, 0x0000000100000000)
  region size 1024K, 131 young (134144K), 12 survivors (12288K)
 Metaspace       used 35710K, committed 36160K, reserved 393216K
  class space    used 4942K, committed 5120K, reserved 327680K
}
Event: 36.683 GC heap after
{Heap after GC invocations=6 (full 0):
 garbage-first heap   total 262144K, used 32749K [0x00000000e0000000, 0x0000000100000000)
  region size 1024K, 17 young (17408K), 17 survivors (17408K)
 Metaspace       used 35710K, committed 36160K, reserved 393216K
  class space    used 4942K, committed 5120K, reserved 327680K
}
Event: 36.707 GC heap before
{Heap before GC invocations=6 (full 0):
 garbage-first heap   total 262144K, used 32749K [0x00000000e0000000, 0x0000000100000000)
  region size 1024K, 18 young (18432K), 17 survivors (17408K)
 Metaspace       used 35792K, committed 36288K, reserved 393216K
  class space    used 4959K, committed 5184K, reserved 327680K
}
Event: 36.720 GC heap after
{Heap after GC invocations=7 (full 0):
 garbage-first heap   total 262144K, used 33375K [0x00000000e0000000, 0x0000000100000000)
  region size 1024K, 2 young (2048K), 2 survivors (2048K)
 Metaspace       used 35792K, committed 36288K, reserved 393216K
  class space    used 4959K, committed 5184K, reserved 327680K
}
Event: 37.110 GC heap before
{Heap before GC invocations=7 (full 0):
 garbage-first heap   total 262144K, used 36447K [0x00000000e0000000, 0x0000000100000000)
  region size 1024K, 6 young (6144K), 2 survivors (2048K)
 Metaspace       used 36086K, committed 36480K, reserved 393216K
  class space    used 5003K, committed 5184K, reserved 327680K
}
Event: 37.114 GC heap after
{Heap after GC invocations=8 (full 0):
 garbage-first heap   total 262144K, used 31850K [0x00000000e0000000, 0x0000000100000000)
  region size 1024K, 1 young (1024K), 1 survivors (1024K)
 Metaspace       used 36086K, committed 36480K, reserved 393216K
  class space    used 5003K, committed 5184K, reserved 327680K
}

Dll operation events (15 events):
Event: 0.092 Loaded shared library C:\Users\ASUS\.jdks\corretto-17.0.12\bin\java.dll
Event: 0.142 Loaded shared library C:\Users\ASUS\.jdks\corretto-17.0.12\bin\jsvml.dll
Event: 0.338 Loaded shared library C:\Users\ASUS\.jdks\corretto-17.0.12\bin\zip.dll
Event: 0.342 Loaded shared library C:\Users\ASUS\.jdks\corretto-17.0.12\bin\instrument.dll
Event: 0.350 Loaded shared library C:\Users\ASUS\.jdks\corretto-17.0.12\bin\net.dll
Event: 0.353 Loaded shared library C:\Users\ASUS\.jdks\corretto-17.0.12\bin\nio.dll
Event: 0.357 Loaded shared library C:\Users\ASUS\.jdks\corretto-17.0.12\bin\zip.dll
Event: 1.232 Loaded shared library C:\Users\ASUS\.jdks\corretto-17.0.12\bin\jimage.dll
Event: 3.126 Loaded shared library C:\Users\ASUS\.jdks\corretto-17.0.12\bin\verify.dll
Event: 3.749 Loaded shared library C:\Users\ASUS\.gradle\native\1def1411415f61bf3af743bc5b6707747c0891f09f0c88961ee8f79bc544acac\windows-amd64\native-platform.dll
Event: 3.837 Loaded shared library C:\Users\ASUS\.gradle\native\0.2.7\x86_64-windows-gnu\gradle-fileevents.dll
Event: 7.861 Loaded shared library C:\Users\ASUS\.jdks\corretto-17.0.12\bin\management.dll
Event: 7.865 Loaded shared library C:\Users\ASUS\.jdks\corretto-17.0.12\bin\management_ext.dll
Event: 11.300 Loaded shared library C:\Users\ASUS\.jdks\corretto-17.0.12\bin\extnet.dll
Event: 12.842 Loaded shared library C:\Users\ASUS\.jdks\corretto-17.0.12\bin\sunmscapi.dll

Deoptimization events (20 events):
Event: 38.526 Thread 0x0000021429f57e40 Uncommon trap: trap_request=0xffffff45 fr.pc=0x000002141de72c6c relative=0x00000000000000ec
Event: 38.526 Thread 0x0000021429f57e40 Uncommon trap: reason=unstable_if action=reinterpret pc=0x000002141de72c6c method=org.objectweb.asm.ByteVector.putShort(I)Lorg/objectweb/asm/ByteVector; @ 13 c2
Event: 38.526 Thread 0x0000021429f57e40 DEOPT PACKING pc=0x000002141de72c6c sp=0x00000077399f8c80
Event: 38.526 Thread 0x0000021429f57e40 DEOPT UNPACKING pc=0x000002141d7469a3 sp=0x00000077399f8c18 mode 2
Event: 38.586 Thread 0x0000021429f57e40 Uncommon trap: trap_request=0xffffff45 fr.pc=0x000002141dd4bcf4 relative=0x00000000000001d4
Event: 38.586 Thread 0x0000021429f57e40 Uncommon trap: reason=unstable_if action=reinterpret pc=0x000002141dd4bcf4 method=java.net.URI$Parser.scan(IILjava/lang/String;)I @ 26 c2
Event: 38.586 Thread 0x0000021429f57e40 DEOPT PACKING pc=0x000002141dd4bcf4 sp=0x00000077399f93c0
Event: 38.586 Thread 0x0000021429f57e40 DEOPT UNPACKING pc=0x000002141d7469a3 sp=0x00000077399f9350 mode 2
Event: 38.586 Thread 0x0000021429f57e40 Uncommon trap: trap_request=0xffffff45 fr.pc=0x000002141dd104d0 relative=0x0000000000000130
Event: 38.586 Thread 0x0000021429f57e40 Uncommon trap: reason=unstable_if action=reinterpret pc=0x000002141dd104d0 method=java.net.URI.match(CJJ)Z @ 45 c2
Event: 38.586 Thread 0x0000021429f57e40 DEOPT PACKING pc=0x000002141dd104d0 sp=0x00000077399f9120
Event: 38.586 Thread 0x0000021429f57e40 DEOPT UNPACKING pc=0x000002141d7469a3 sp=0x00000077399f9058 mode 2
Event: 38.586 Thread 0x0000021429f57e40 Uncommon trap: trap_request=0xffffff45 fr.pc=0x000002141dcc194c relative=0x000000000000004c
Event: 38.586 Thread 0x0000021429f57e40 Uncommon trap: reason=unstable_if action=reinterpret pc=0x000002141dcc194c method=java.net.URI.match(CJJ)Z @ 19 c2
Event: 38.586 Thread 0x0000021429f57e40 DEOPT PACKING pc=0x000002141dcc194c sp=0x00000077399f9130
Event: 38.586 Thread 0x0000021429f57e40 DEOPT UNPACKING pc=0x000002141d7469a3 sp=0x00000077399f90e0 mode 2
Event: 44.758 Thread 0x00000214461295f0 DEOPT PACKING pc=0x00000214169c0964 sp=0x000000773b3fec90
Event: 44.758 Thread 0x00000214461295f0 DEOPT UNPACKING pc=0x000002141d747143 sp=0x000000773b3fe210 mode 0
Event: 45.031 Thread 0x0000021429f57e40 DEOPT PACKING pc=0x00000214166309a3 sp=0x00000077399f75e0
Event: 45.032 Thread 0x0000021429f57e40 DEOPT UNPACKING pc=0x000002141d747143 sp=0x00000077399f6a50 mode 0

Classes loaded (20 events):
Event: 38.595 Loading class javax/net/ssl/HostnameVerifier
Event: 38.595 Loading class javax/net/ssl/HostnameVerifier done
Event: 38.599 Loading class javax/net/ssl/TrustManager
Event: 38.599 Loading class javax/net/ssl/TrustManager done
Event: 38.600 Loading class javax/net/ssl/X509TrustManager
Event: 38.600 Loading class javax/net/ssl/X509TrustManager done
Event: 38.602 Loading class javax/net/ssl/SSLException
Event: 38.603 Loading class javax/net/ssl/SSLException done
Event: 38.603 Loading class javax/net/ssl/SSLPeerUnverifiedException
Event: 38.603 Loading class javax/net/ssl/SSLPeerUnverifiedException done
Event: 38.603 Loading class javax/naming/NamingException
Event: 38.603 Loading class javax/naming/NamingException done
Event: 38.603 Loading class javax/naming/InvalidNameException
Event: 38.603 Loading class javax/naming/InvalidNameException done
Event: 38.603 Loading class java/security/cert/CertificateParsingException
Event: 38.603 Loading class java/security/cert/CertificateException
Event: 38.603 Loading class java/security/cert/CertificateException done
Event: 38.603 Loading class java/security/cert/CertificateParsingException done
Event: 44.978 Loading class java/util/function/IntBinaryOperator
Event: 44.978 Loading class java/util/function/IntBinaryOperator done

Classes unloaded (0 events):
No events

Classes redefined (0 events):
No events

Internal exceptions (20 events):
Event: 36.684 Thread 0x0000021429f57e40 Exception <a 'java/lang/NoSuchMethodError'{0x00000000eff017e8}: 'java.lang.Object java.lang.invoke.DirectMethodHandle$Holder.invokeSpecial(java.lang.Object, java.lang.Object, java.lang.Object, java.lang.Object, java.lang.Object, java.lang.Object, java.lang.Object, java.lang.Object, java.lang.Object, java.lang.Object, java.lang.Object, java.lang.Object)'> (0x00000000eff017e8) 
thrown [s\src\hotspot\share\interpreter\linkResolver.cpp, line 759]
Event: 36.685 Thread 0x0000021429f57e40 Exception <a 'java/lang/NoSuchMethodError'{0x00000000eff07328}: 'java.lang.Object java.lang.invoke.Invokers$Holder.linkToTargetMethod(java.lang.Object, java.lang.Object, java.lang.Object, java.lang.Object, java.lang.Object, java.lang.Object, java.lang.Object, java.lang.Object, java.lang.Object, java.lang.Object, java.lang.Object)'> (0x00000000eff07328) 
thrown [s\src\hotspot\share\interpreter\linkResolver.cpp, line 759]
Event: 36.695 Thread 0x0000021429f57e40 Exception <a 'java/lang/NoSuchMethodError'{0x00000000eff7b4f8}: 'java.lang.Object java.lang.invoke.DirectMethodHandle$Holder.newInvokeSpecial(java.lang.Object, java.lang.Object, java.lang.Object, java.lang.Object, java.lang.Object, java.lang.Object, java.lang.Object, java.lang.Object, java.lang.Object, java.lang.Object, java.lang.Object, java.lang.Object)'> (0x00000000eff7b4f8) 
thrown [s\src\hotspot\share\interpreter\linkResolver.cpp, line 759]
Event: 36.696 Thread 0x0000021429f57e40 Exception <a 'java/lang/NoSuchMethodError'{0x00000000eff816a0}: 'java.lang.Object java.lang.invoke.DirectMethodHandle$Holder.invokeSpecial(java.lang.Object, java.lang.Object, java.lang.Object, java.lang.Object, java.lang.Object, java.lang.Object, java.lang.Object, java.lang.Object, java.lang.Object, java.lang.Object, java.lang.Object, java.lang.Object, java.lang.Object)'> (0x00000000eff816a0) 
thrown [s\src\hotspot\share\interpreter\linkResolver.cpp, line 759]
Event: 36.696 Thread 0x0000021429f57e40 Exception <a 'java/lang/NoSuchMethodError'{0x00000000eff87348}: 'java.lang.Object java.lang.invoke.Invokers$Holder.linkToTargetMethod(java.lang.Object, java.lang.Object, java.lang.Object, java.lang.Object, java.lang.Object, java.lang.Object, java.lang.Object, java.lang.Object, java.lang.Object, java.lang.Object, java.lang.Object, java.lang.Object)'> (0x00000000eff87348) 
thrown [s\src\hotspot\share\interpreter\linkResolver.cpp, line 759]
Event: 37.215 Thread 0x0000021429f57e40 Exception <a 'java/lang/NoSuchMethodError'{0x00000000efb344b0}: 'void java.lang.invoke.DirectMethodHandle$Holder.invokeInterface(java.lang.Object, java.lang.Object)'> (0x00000000efb344b0) 
thrown [s\src\hotspot\share\interpreter\linkResolver.cpp, line 759]
Event: 37.229 Thread 0x0000021429f57e40 Implicit null exception at 0x000002141df02f6c to 0x000002141df0301c
Event: 37.912 Thread 0x0000021429f57e40 Exception <a 'java/lang/NoSuchMethodError'{0x00000000eea48cd0}: 'long java.lang.invoke.DirectMethodHandle$Holder.invokeStatic(java.lang.Object, long)'> (0x00000000eea48cd0) 
thrown [s\src\hotspot\share\interpreter\linkResolver.cpp, line 759]
Event: 44.947 Thread 0x0000021429f57e40 Exception <a 'java/lang/ClassNotFoundException'{0x00000000eda63c98}: build_96t5iwjlxivc8n63ghn50cpmjBeanInfo> (0x00000000eda63c98) 
thrown [s\src\hotspot\share\classfile\systemDictionary.cpp, line 256]
Event: 44.948 Thread 0x0000021429f57e40 Exception <a 'java/lang/ClassNotFoundException'{0x00000000eda6f088}: org/gradle/api/internal/project/ProjectScriptBeanInfo> (0x00000000eda6f088) 
thrown [s\src\hotspot\share\classfile\systemDictionary.cpp, line 256]
Event: 44.949 Thread 0x0000021429f57e40 Exception <a 'java/lang/ClassNotFoundException'{0x00000000eda7a5b8}: org/gradle/api/internal/project/ProjectScriptCustomizer> (0x00000000eda7a5b8) 
thrown [s\src\hotspot\share\classfile\systemDictionary.cpp, line 256]
Event: 44.950 Thread 0x0000021429f57e40 Exception <a 'java/lang/ClassNotFoundException'{0x00000000eda92600}: build_96t5iwjlxivc8n63ghn50cpmjCustomizer> (0x00000000eda92600) 
thrown [s\src\hotspot\share\classfile\systemDictionary.cpp, line 256]
Event: 44.964 Thread 0x0000021429f57e40 Exception <a 'java/lang/ClassNotFoundException'{0x00000000edaf7758}: org/gradle/internal/metaobject/ConfigureDelegateBeanInfo> (0x00000000edaf7758) 
thrown [s\src\hotspot\share\classfile\systemDictionary.cpp, line 256]
Event: 44.965 Thread 0x0000021429f57e40 Exception <a 'java/lang/ClassNotFoundException'{0x00000000ed907f48}: org/gradle/internal/metaobject/ConfigureDelegateCustomizer> (0x00000000ed907f48) 
thrown [s\src\hotspot\share\classfile\systemDictionary.cpp, line 256]
Event: 44.984 Thread 0x0000021429f57e40 Exception <a 'java/lang/ClassNotFoundException'{0x00000000ed9b85f8}: org/gradle/plugin/use/internal/PluginRequestCollector$PluginDependenciesSpecImplBeanInfo> (0x00000000ed9b85f8) 
thrown [s\src\hotspot\share\classfile\systemDictionary.cpp, line 256]
Event: 44.985 Thread 0x0000021429f57e40 Exception <a 'java/lang/ClassNotFoundException'{0x00000000ed9c9e90}: org/gradle/plugin/use/internal/PluginRequestCollector$PluginDependenciesSpecImplCustomizer> (0x00000000ed9c9e90) 
thrown [s\src\hotspot\share\classfile\systemDictionary.cpp, line 256]
Event: 44.991 Thread 0x0000021429f57e40 Exception <a 'java/lang/ClassNotFoundException'{0x00000000ed8199d8}: org/gradle/plugin/use/internal/PluginRequestCollector$PluginDependencySpecImplBeanInfo> (0x00000000ed8199d8) 
thrown [s\src\hotspot\share\classfile\systemDictionary.cpp, line 256]
Event: 44.992 Thread 0x0000021429f57e40 Exception <a 'java/lang/ClassNotFoundException'{0x00000000ed82b218}: org/gradle/plugin/use/internal/PluginRequestCollector$PluginDependencySpecImplCustomizer> (0x00000000ed82b218) 
thrown [s\src\hotspot\share\classfile\systemDictionary.cpp, line 256]
Event: 45.288 Thread 0x0000021429f57e40 Exception <a 'java/lang/NoSuchMethodError'{0x00000000ecffb608}: 'java.lang.Object java.lang.invoke.DirectMethodHandle$Holder.newInvokeSpecial(java.lang.Object, java.lang.Object, java.lang.Object, int, java.lang.Object)'> (0x00000000ecffb608) 
thrown [s\src\hotspot\share\interpreter\linkResolver.cpp, line 759]
Event: 45.289 Thread 0x0000021429f57e40 Exception <a 'java/lang/NoSuchMethodError'{0x00000000ece03f18}: 'java.lang.Object java.lang.invoke.Invokers$Holder.linkToTargetMethod(java.lang.Object, java.lang.Object, int, java.lang.Object, java.lang.Object)'> (0x00000000ece03f18) 
thrown [s\src\hotspot\share\interpreter\linkResolver.cpp, line 759]

VM Operations (20 events):
Event: 37.532 Executing VM operation: HandshakeAllThreads done
Event: 37.542 Executing VM operation: HandshakeAllThreads
Event: 37.542 Executing VM operation: HandshakeAllThreads done
Event: 37.548 Executing VM operation: HandshakeAllThreads
Event: 37.548 Executing VM operation: HandshakeAllThreads done
Event: 37.942 Executing VM operation: HandshakeAllThreads
Event: 37.942 Executing VM operation: HandshakeAllThreads done
Event: 38.955 Executing VM operation: Cleanup
Event: 38.955 Executing VM operation: Cleanup done
Event: 39.956 Executing VM operation: Cleanup
Event: 39.956 Executing VM operation: Cleanup done
Event: 40.971 Executing VM operation: Cleanup
Event: 40.971 Executing VM operation: Cleanup done
Event: 41.976 Executing VM operation: Cleanup
Event: 41.976 Executing VM operation: Cleanup done
Event: 42.980 Executing VM operation: Cleanup
Event: 42.980 Executing VM operation: Cleanup done
Event: 44.998 Executing VM operation: Cleanup
Event: 45.000 Executing VM operation: Cleanup done
Event: 46.002 Executing VM operation: Cleanup

Events (20 events):
Event: 37.555 Thread 0x0000021429269820 flushing nmethod 0x0000021416929e90
Event: 37.555 Thread 0x0000021429269820 flushing nmethod 0x000002141692a290
Event: 37.555 Thread 0x0000021429269820 flushing nmethod 0x0000021416939390
Event: 37.555 Thread 0x0000021429269820 flushing nmethod 0x000002141693a810
Event: 37.555 Thread 0x0000021429269820 flushing nmethod 0x0000021416944110
Event: 37.555 Thread 0x0000021429269820 flushing nmethod 0x0000021416944c90
Event: 37.555 Thread 0x0000021429269820 flushing nmethod 0x0000021416945490
Event: 37.555 Thread 0x0000021429269820 flushing nmethod 0x0000021416945f10
Event: 37.555 Thread 0x0000021429269820 flushing nmethod 0x0000021416947410
Event: 37.555 Thread 0x0000021429269820 flushing nmethod 0x0000021416950510
Event: 37.555 Thread 0x0000021429269820 flushing nmethod 0x0000021416952890
Event: 37.555 Thread 0x0000021429269820 flushing nmethod 0x0000021416954110
Event: 37.555 Thread 0x0000021429269820 flushing nmethod 0x0000021416958d10
Event: 37.555 Thread 0x0000021429269820 flushing nmethod 0x000002141696d590
Event: 37.555 Thread 0x0000021429269820 flushing nmethod 0x000002141698a010
Event: 37.555 Thread 0x0000021429269820 flushing nmethod 0x00000214169a1f10
Event: 37.556 Thread 0x0000021429269820 flushing nmethod 0x0000021416a51b10
Event: 37.556 Thread 0x0000021429269820 flushing nmethod 0x0000021416a62090
Event: 44.711 Thread 0x00000214461295f0 Thread added: 0x00000214461295f0
Event: 45.054 Thread 0x0000021443e9cae0 Thread added: 0x0000021443e9cae0


Dynamic libraries:
0x00007ff735330000 - 0x00007ff73533e000 	C:\Users\ASUS\.jdks\corretto-17.0.12\bin\java.exe
0x00007ff9dfde0000 - 0x00007ff9e0048000 	C:\WINDOWS\SYSTEM32\ntdll.dll
0x00007ff9de090000 - 0x00007ff9de159000 	C:\WINDOWS\System32\KERNEL32.DLL
0x00007ff9dd190000 - 0x00007ff9dd588000 	C:\WINDOWS\System32\KERNELBASE.dll
0x00007ff9dd590000 - 0x00007ff9dd6db000 	C:\WINDOWS\System32\ucrtbase.dll
0x00007ff989a40000 - 0x00007ff989a57000 	C:\Users\ASUS\.jdks\corretto-17.0.12\bin\jli.dll
0x00007ff9dea80000 - 0x00007ff9dec47000 	C:\WINDOWS\System32\USER32.dll
0x00007ff9dd160000 - 0x00007ff9dd187000 	C:\WINDOWS\System32\win32u.dll
0x00007ff9dec60000 - 0x00007ff9dec8b000 	C:\WINDOWS\System32\GDI32.dll
0x00007ff9dd9a0000 - 0x00007ff9ddacc000 	C:\WINDOWS\System32\gdi32full.dll
0x00007ff989a60000 - 0x00007ff989a7b000 	C:\Users\ASUS\.jdks\corretto-17.0.12\bin\VCRUNTIME140.dll
0x00007ff9dcf30000 - 0x00007ff9dcfd3000 	C:\WINDOWS\System32\msvcp_win.dll
0x00007ff9c6e20000 - 0x00007ff9c70b4000 	C:\WINDOWS\WinSxS\amd64_microsoft.windows.common-controls_6595b64144ccf1df_6.0.26100.7019_none_3e06ffa0e335b8a8\COMCTL32.dll
0x00007ff9de6d0000 - 0x00007ff9de779000 	C:\WINDOWS\System32\msvcrt.dll
0x00007ff9de5c0000 - 0x00007ff9de5f1000 	C:\WINDOWS\System32\IMM32.DLL
0x00007ff9c5660000 - 0x00007ff9c566c000 	C:\Users\ASUS\.jdks\corretto-17.0.12\bin\vcruntime140_1.dll
0x00007ff980a60000 - 0x00007ff980aed000 	C:\Users\ASUS\.jdks\corretto-17.0.12\bin\msvcp140.dll
0x00007ff96dae0000 - 0x00007ff96e74a000 	C:\Users\ASUS\.jdks\corretto-17.0.12\bin\server\jvm.dll
0x00007ff9de610000 - 0x00007ff9de6c4000 	C:\WINDOWS\System32\ADVAPI32.dll
0x00007ff9de200000 - 0x00007ff9de2a6000 	C:\WINDOWS\System32\sechost.dll
0x00007ff9dfc80000 - 0x00007ff9dfd98000 	C:\WINDOWS\System32\RPCRT4.dll
0x00007ff9de180000 - 0x00007ff9de1f4000 	C:\WINDOWS\System32\WS2_32.dll
0x00007ff9dcd90000 - 0x00007ff9dcdee000 	C:\WINDOWS\SYSTEM32\POWRPROF.dll
0x00007ff9cf250000 - 0x00007ff9cf285000 	C:\WINDOWS\SYSTEM32\WINMM.dll
0x00007ff9d4d10000 - 0x00007ff9d4d1b000 	C:\WINDOWS\SYSTEM32\VERSION.dll
0x00007ff9dcd70000 - 0x00007ff9dcd84000 	C:\WINDOWS\SYSTEM32\UMPDC.dll
0x00007ff9dbcb0000 - 0x00007ff9dbccb000 	C:\WINDOWS\SYSTEM32\kernel.appcore.dll
0x00007ff9c4590000 - 0x00007ff9c459a000 	C:\Users\ASUS\.jdks\corretto-17.0.12\bin\jimage.dll
0x00007ff9cfa50000 - 0x00007ff9cfc92000 	C:\WINDOWS\SYSTEM32\DBGHELP.DLL
0x00007ff9ddd00000 - 0x00007ff9de08b000 	C:\WINDOWS\System32\combase.dll
0x00007ff9de920000 - 0x00007ff9de9f7000 	C:\WINDOWS\System32\OLEAUT32.dll
0x00007ff9c0700000 - 0x00007ff9c073c000 	C:\WINDOWS\SYSTEM32\dbgcore.DLL
0x00007ff9ddad0000 - 0x00007ff9ddb75000 	C:\WINDOWS\System32\bcryptPrimitives.dll
0x00007ff9d68c0000 - 0x00007ff9d68ce000 	C:\Users\ASUS\.jdks\corretto-17.0.12\bin\instrument.dll
0x00007ff96fcc0000 - 0x00007ff96fce5000 	C:\Users\ASUS\.jdks\corretto-17.0.12\bin\java.dll
0x00007ff96e840000 - 0x00007ff96e917000 	C:\Users\ASUS\.jdks\corretto-17.0.12\bin\jsvml.dll
0x00007ff9defd0000 - 0x00007ff9df71f000 	C:\WINDOWS\System32\SHELL32.dll
0x00007ff9dd7a0000 - 0x00007ff9dd90b000 	C:\WINDOWS\System32\wintypes.dll
0x00007ff9dab30000 - 0x00007ff9db38d000 	C:\WINDOWS\SYSTEM32\windows.storage.dll
0x00007ff9dec90000 - 0x00007ff9ded82000 	C:\WINDOWS\System32\SHCORE.dll
0x00007ff9de2b0000 - 0x00007ff9de317000 	C:\WINDOWS\System32\shlwapi.dll
0x00007ff9dce50000 - 0x00007ff9dce79000 	C:\WINDOWS\SYSTEM32\profapi.dll
0x00007ff982730000 - 0x00007ff982748000 	C:\Users\ASUS\.jdks\corretto-17.0.12\bin\zip.dll
0x00007ff9823a0000 - 0x00007ff9823b9000 	C:\Users\ASUS\.jdks\corretto-17.0.12\bin\net.dll
0x00007ff9d3e30000 - 0x00007ff9d3f58000 	C:\WINDOWS\SYSTEM32\WINHTTP.dll
0x00007ff9dc200000 - 0x00007ff9dc26b000 	C:\WINDOWS\system32\mswsock.dll
0x00007ff96fca0000 - 0x00007ff96fcb6000 	C:\Users\ASUS\.jdks\corretto-17.0.12\bin\nio.dll
0x00007ff9c5da0000 - 0x00007ff9c5db0000 	C:\Users\ASUS\.jdks\corretto-17.0.12\bin\verify.dll
0x00007ff939310000 - 0x00007ff939337000 	C:\Users\ASUS\.gradle\native\1def1411415f61bf3af743bc5b6707747c0891f09f0c88961ee8f79bc544acac\windows-amd64\native-platform.dll
0x00007ff9c53b0000 - 0x00007ff9c5428000 	C:\Users\ASUS\.gradle\native\0.2.7\x86_64-windows-gnu\gradle-fileevents.dll
0x00007ff9d68b0000 - 0x00007ff9d68b9000 	C:\Users\ASUS\.jdks\corretto-17.0.12\bin\management.dll
0x00007ff9d68a0000 - 0x00007ff9d68ab000 	C:\Users\ASUS\.jdks\corretto-17.0.12\bin\management_ext.dll
0x00007ff9ddcf0000 - 0x00007ff9ddcf8000 	C:\WINDOWS\System32\PSAPI.DLL
0x00007ff9db6a0000 - 0x00007ff9db6d4000 	C:\WINDOWS\SYSTEM32\IPHLPAPI.DLL
0x00007ff9dec50000 - 0x00007ff9dec5a000 	C:\WINDOWS\System32\NSI.dll
0x00007ff9d5410000 - 0x00007ff9d542e000 	C:\WINDOWS\SYSTEM32\dhcpcsvc6.DLL
0x00007ff9d39f0000 - 0x00007ff9d3a13000 	C:\WINDOWS\SYSTEM32\dhcpcsvc.DLL
0x00007ff9db730000 - 0x00007ff9db85c000 	C:\WINDOWS\SYSTEM32\DNSAPI.dll
0x00007ff9ba680000 - 0x00007ff9ba689000 	C:\Users\ASUS\.jdks\corretto-17.0.12\bin\extnet.dll
0x00007ff9dc5f0000 - 0x00007ff9dc60b000 	C:\WINDOWS\SYSTEM32\CRYPTSP.dll
0x00007ff9dbc10000 - 0x00007ff9dbc4a000 	C:\WINDOWS\system32\rsaenh.dll
0x00007ff9dc2b0000 - 0x00007ff9dc2db000 	C:\WINDOWS\SYSTEM32\USERENV.dll
0x00007ff9dce20000 - 0x00007ff9dce4a000 	C:\WINDOWS\SYSTEM32\bcrypt.dll
0x00007ff9dc450000 - 0x00007ff9dc45c000 	C:\WINDOWS\SYSTEM32\CRYPTBASE.dll
0x00007ff9c84c0000 - 0x00007ff9c84ce000 	C:\Users\ASUS\.jdks\corretto-17.0.12\bin\sunmscapi.dll
0x00007ff9dcfe0000 - 0x00007ff9dd157000 	C:\WINDOWS\System32\CRYPT32.dll
0x00007ff9dc740000 - 0x00007ff9dc770000 	C:\WINDOWS\SYSTEM32\ncrypt.dll
0x00007ff9dc6f0000 - 0x00007ff9dc72f000 	C:\WINDOWS\SYSTEM32\NTASN1.dll
0x00007ff9c4230000 - 0x00007ff9c4238000 	C:\WINDOWS\system32\wshunix.dll

dbghelp: loaded successfully - version: 4.0.5 - missing functions: none
symbol engine: initialized successfully - sym options: 0x614 - pdb path: .;C:\Users\ASUS\.jdks\corretto-17.0.12\bin;C:\WINDOWS\SYSTEM32;C:\WINDOWS\WinSxS\amd64_microsoft.windows.common-controls_6595b64144ccf1df_6.0.26100.7019_none_3e06ffa0e335b8a8;C:\Users\ASUS\.jdks\corretto-17.0.12\bin\server;C:\Users\ASUS\.gradle\native\1def1411415f61bf3af743bc5b6707747c0891f09f0c88961ee8f79bc544acac\windows-amd64;C:\Users\ASUS\.gradle\native\0.2.7\x86_64-windows-gnu

VM Arguments:
jvm_args: --add-opens=java.base/java.lang=ALL-UNNAMED --add-opens=java.base/java.lang.invoke=ALL-UNNAMED --add-opens=java.base/java.util=ALL-UNNAMED --add-opens=java.prefs/java.util.prefs=ALL-UNNAMED --add-exports=jdk.compiler/com.sun.tools.javac.api=ALL-UNNAMED --add-exports=jdk.compiler/com.sun.tools.javac.util=ALL-UNNAMED --add-opens=java.base/java.util=ALL-UNNAMED --add-opens=java.prefs/java.util.prefs=ALL-UNNAMED --add-opens=java.base/java.nio.charset=ALL-UNNAMED --add-opens=java.base/java.net=ALL-UNNAMED --add-opens=java.base/java.util.concurrent.atomic=ALL-UNNAMED --add-opens=java.xml/javax.xml.namespace=ALL-UNNAMED -XX:MaxMetaspaceSize=384m -XX:+HeapDumpOnOutOfMemoryError -Xms256m -Xmx512m -Dfile.encoding=windows-1252 -Duser.country=PE -Duser.language=es -Duser.variant -javaagent:C:\Users\ASUS\.gradle\wrapper\dists\gradle-8.14.3-bin\cv11ve7ro1n3o1j4so8xd9n66\gradle-8.14.3\lib\agents\gradle-instrumentation-agent-8.14.3.jar 
java_command: org.gradle.launcher.daemon.bootstrap.GradleDaemon 8.14.3
java_class_path (initial): C:\Users\ASUS\.gradle\wrapper\dists\gradle-8.14.3-bin\cv11ve7ro1n3o1j4so8xd9n66\gradle-8.14.3\lib\gradle-daemon-main-8.14.3.jar
Launcher Type: SUN_STANDARD

[Global flags]
     intx CICompilerCount                          = 4                                         {product} {ergonomic}
   size_t CompressedClassSpaceSize                 = 335544320                                 {product} {ergonomic}
     uint ConcGCThreads                            = 2                                         {product} {ergonomic}
     uint G1ConcRefinementThreads                  = 8                                         {product} {ergonomic}
   size_t G1HeapRegionSize                         = 1048576                                   {product} {ergonomic}
    uintx GCDrainStackTargetSize                   = 64                                        {product} {ergonomic}
     bool HeapDumpOnOutOfMemoryError               = true                                   {manageable} {command line}
   size_t InitialHeapSize                          = 268435456                                 {product} {command line}
   size_t MarkStackSize                            = 4194304                                   {product} {ergonomic}
   size_t MaxHeapSize                              = 536870912                                 {product} {command line}
   size_t MaxMetaspaceSize                         = 402653184                                 {product} {command line}
   size_t MaxNewSize                               = 321912832                                 {product} {ergonomic}
   size_t MinHeapDeltaBytes                        = 1048576                                   {product} {ergonomic}
   size_t MinHeapSize                              = 268435456                                 {product} {command line}
    uintx NonNMethodCodeHeapSize                   = 5839372                                {pd product} {ergonomic}
    uintx NonProfiledCodeHeapSize                  = 122909434                              {pd product} {ergonomic}
    uintx ProfiledCodeHeapSize                     = 122909434                              {pd product} {ergonomic}
    uintx ReservedCodeCacheSize                    = 251658240                              {pd product} {ergonomic}
     bool SegmentedCodeCache                       = true                                      {product} {ergonomic}
   size_t SoftMaxHeapSize                          = 536870912                              {manageable} {ergonomic}
     bool UseCompressedClassPointers               = true                           {product lp64_product} {ergonomic}
     bool UseCompressedOops                        = true                           {product lp64_product} {ergonomic}
     bool UseG1GC                                  = true                                      {product} {ergonomic}
     bool UseLargePagesIndividualAllocation        = false                                  {pd product} {ergonomic}

Logging:
Log output configuration:
 #0: stdout all=warning uptime,level,tags
 #1: stderr all=off uptime,level,tags

Environment Variables:
PATH=C:\Program Files\Common Files\Oracle\Java\javapath;%JAVA_HOME%\bin;C:\WINDOWS\system32;C:\WINDOWS;C:\WINDOWS\System32\Wbem;C:\WINDOWS\System32\WindowsPowerShell\v1.0\;C:\WINDOWS\System32\OpenSSH\;C:\Program Files\Docker\Docker\resources\bin;C:\Program Files\dotnet\;C:\Program Files\apache-maven-3.9.9\bin;C:\Program Files\Git\cmd;C:\Users\ASUS\AppData\Local\Microsoft\WindowsApps;C:\Users\ASUS\AppData\Local\Programs\Microsoft VS Code\bin;C:\Users\ASUS\AppData\Local\Programs\mongosh\;;C:\Users\ASUS\.deno\bin
USERNAME=ASUS
OS=Windows_NT
PROCESSOR_IDENTIFIER=Intel64 Family 6 Model 158 Stepping 10, GenuineIntel
TMP=C:\Users\ASUS\AppData\Local\Temp
TEMP=C:\Users\ASUS\AppData\Local\Temp



Periodic native trim disabled


---------------  S Y S T E M  ---------------

OS:
 Windows 11 , 64 bit Build 26100 (10.0.26100.7019)
OS uptime: 0 days 19:35 hours
Hyper-V role detected

CPU: total 8 (initial active 8) (4 cores per cpu, 2 threads per core) family 6 model 158 stepping 10 microcode 0xde, cx8, cmov, fxsr, ht, mmx, 3dnowpref, sse, sse2, sse3, ssse3, sse4.1, sse4.2, popcnt, lzcnt, tsc, tscinvbit, avx, avx2, aes, erms, clmul, bmi1, bmi2, adx, fma, vzeroupper, clflush, clflushopt, hv
Processor Information for all 8 processors :
  Max Mhz: 2304, Current Mhz: 2304, Mhz Limit: 2304

Memory: 4k page, system-wide physical 32623M (9331M free)
TotalPageFile size 34671M (AvailPageFile size 215M)
current process WorkingSet (physical memory assigned to process): 335M, peak: 335M
current process commit charge ("private bytes"): 452M, peak: 453M

vm_info: OpenJDK 64-Bit Server VM (17.0.12+7-LTS) for windows-amd64 JRE (17.0.12+7-LTS), built on Jul 10 2024 20:46:33 by "Administrator" with MS VC++ 16.10 / 16.11 (VS2019)

END.
