#
# There is insufficient memory for the Java Runtime Environment to continue.
# Native memory allocation (mmap) failed to map 534773760 bytes. Error detail: G1 virtual space
# Possible reasons:
#   The system is out of physical RAM or swap space
#   This process is running with CompressedOops enabled, and the Java Heap may be blocking the growth of the native heap
# Possible solutions:
#   Reduce memory load on the system
#   Increase physical memory or swap space
#   Check if swap backing store is full
#   Decrease Java heap size (-Xmx/-Xms)
#   Decrease number of Java threads
#   Decrease Java thread stack sizes (-Xss)
#   Set larger code cache with -XX:ReservedCodeCacheSize=
#   JVM is running with Unscaled Compressed Oops mode in which the Java heap is
#     placed in the first 4GB address space. The Java Heap base address is the
#     maximum limit for the native heap growth. Please use -XX:HeapBaseMinAddress
#     to set the Java Heap base and to place the Java Heap above 4GB virtual address.
# This output file may be truncated or incomplete.
#
#  Out of Memory Error (os_windows.cpp:3613), pid=31272, tid=10284
#
# JRE version:  (17.0.12+7) (build )
# Java VM: OpenJDK 64-Bit Server VM (17.0.12+7-LTS, mixed mode, sharing, tiered, compressed oops, compressed class ptrs, g1 gc, windows-amd64)
# No core dump will be written. Minidumps are not enabled by default on client versions of Windows
#

---------------  S U M M A R Y ------------

Command Line: -Dorg.gradle.internal.worker.tmpdir=D:\scotiabank\challengue\build\tmp\test\work -Xmx512m -Dfile.encoding=windows-1252 -Duser.country=PE -Duser.language=es -Duser.variant -ea worker.org.gradle.process.internal.worker.GradleWorkerMain 'Gradle Test Executor 2'

Host: Intel(R) Core(TM) i5-8300H CPU @ 2.30GHz, 8 cores, 31G,  Windows 11 , 64 bit Build 26100 (10.0.26100.7019)
Time: Sat Nov 22 11:58:33 2025 Hora est. Pacífico, Sudamérica elapsed time: 0.028918 seconds (0d 0h 0m 0s)

---------------  T H R E A D  ---------------

Current thread (0x0000028fffb9fbe0):  JavaThread "Unknown thread" [_thread_in_vm, id=10284, stack(0x000000f531f00000,0x000000f532000000)]

Stack: [0x000000f531f00000,0x000000f532000000]
Native frames: (J=compiled Java code, j=interpreted, Vv=VM code, C=native code)
V  [jvm.dll+0x67f4f9]
V  [jvm.dll+0x836eaa]
V  [jvm.dll+0x83896e]
V  [jvm.dll+0x838fd3]
V  [jvm.dll+0x247f6f]
V  [jvm.dll+0x67c2b9]
V  [jvm.dll+0x670d7a]
V  [jvm.dll+0x307b5b]
V  [jvm.dll+0x30f046]
V  [jvm.dll+0x35f22e]
V  [jvm.dll+0x35f46f]
V  [jvm.dll+0x2deb7c]
V  [jvm.dll+0x2dfad4]
V  [jvm.dll+0x80870b]
V  [jvm.dll+0x36cfa1]
V  [jvm.dll+0x7e70f5]
V  [jvm.dll+0x3f0adf]
V  [jvm.dll+0x3f2631]
C  [jli.dll+0x528f]
C  [ucrtbase.dll+0x37b0]
C  [KERNEL32.DLL+0x2e8d7]
C  [ntdll.dll+0x8c53c]


---------------  P R O C E S S  ---------------

Threads class SMR info:
_java_thread_list=0x00007ff96e616f18, length=0, elements={
}

Java Threads: ( => current thread )

Other Threads:
  0x0000028fffbcd2c0 GCTaskThread "GC Thread#0" [stack: 0x000000f532000000,0x000000f532100000] [id=3752]
  0x0000028fffbd3400 ConcurrentGCThread "G1 Main Marker" [stack: 0x000000f532100000,0x000000f532200000] [id=37992]
  0x0000028fffbd44d0 ConcurrentGCThread "G1 Conc#0" [stack: 0x000000f532200000,0x000000f532300000] [id=29960]

[error occurred during error reporting (printing all threads), id 0xc0000005, EXCEPTION_ACCESS_VIOLATION (0xc0000005) at pc=0x00007ff96ddcf277]

VM state: not at safepoint (not fully initialized)

VM Mutex/Monitor currently owned by a thread:  ([mutex/lock_event])
[0x0000028fffb9c010] Heap_lock - owner thread: 0x0000028fffb9fbe0

Heap address: 0x00000000e0000000, size: 512 MB, Compressed Oops mode: 32-bit

CDS archive(s) mapped at: [0x0000000000000000-0x0000000000000000-0x0000000000000000), size 0, SharedBaseAddress: 0x0000000800000000, ArchiveRelocationMode: 1.
Narrow klass base: 0x0000000000000000, Narrow klass shift: 0, Narrow klass range: 0x0

GC Precious Log:
<Empty>

Heap:
 garbage-first heap   total 0K, used 0K [0x00000000e0000000, 0x0000000100000000)
  region size 1024K, 0 young (0K), 0 survivors (0K)

[error occurred during error reporting (printing heap information), id 0xc0000005, EXCEPTION_ACCESS_VIOLATION (0xc0000005) at pc=0x00007ff96e1b8829]

GC Heap History (0 events):
No events

Dll operation events (1 events):
Event: 0.018 Loaded shared library C:\Users\ASUS\.jdks\corretto-17.0.12\bin\java.dll

Deoptimization events (0 events):
No events

Classes loaded (0 events):
No events

Classes unloaded (0 events):
No events

Classes redefined (0 events):
No events

Internal exceptions (0 events):
No events

VM Operations (0 events):
No events

Events (0 events):
No events


Dynamic libraries:
0x00007ff735330000 - 0x00007ff73533e000 	C:\Users\ASUS\.jdks\corretto-17.0.12\bin\java.exe
0x00007ff9dfde0000 - 0x00007ff9e0048000 	C:\WINDOWS\SYSTEM32\ntdll.dll
0x00007ff9de090000 - 0x00007ff9de159000 	C:\WINDOWS\System32\KERNEL32.DLL
0x00007ff9dd190000 - 0x00007ff9dd588000 	C:\WINDOWS\System32\KERNELBASE.dll
0x00007ff9dd590000 - 0x00007ff9dd6db000 	C:\WINDOWS\System32\ucrtbase.dll
0x00007ff989a40000 - 0x00007ff989a57000 	C:\Users\ASUS\.jdks\corretto-17.0.12\bin\jli.dll
0x00007ff989a60000 - 0x00007ff989a7b000 	C:\Users\ASUS\.jdks\corretto-17.0.12\bin\VCRUNTIME140.dll
0x00007ff9dea80000 - 0x00007ff9dec47000 	C:\WINDOWS\System32\USER32.dll
0x00007ff9c6e20000 - 0x00007ff9c70b4000 	C:\WINDOWS\WinSxS\amd64_microsoft.windows.common-controls_6595b64144ccf1df_6.0.26100.7019_none_3e06ffa0e335b8a8\COMCTL32.dll
0x00007ff9dd160000 - 0x00007ff9dd187000 	C:\WINDOWS\System32\win32u.dll
0x00007ff9de6d0000 - 0x00007ff9de779000 	C:\WINDOWS\System32\msvcrt.dll
0x00007ff9dec60000 - 0x00007ff9dec8b000 	C:\WINDOWS\System32\GDI32.dll
0x00007ff9dd9a0000 - 0x00007ff9ddacc000 	C:\WINDOWS\System32\gdi32full.dll
0x00007ff9dcf30000 - 0x00007ff9dcfd3000 	C:\WINDOWS\System32\msvcp_win.dll
0x00007ff9de5c0000 - 0x00007ff9de5f1000 	C:\WINDOWS\System32\IMM32.DLL
0x00007ff9c5660000 - 0x00007ff9c566c000 	C:\Users\ASUS\.jdks\corretto-17.0.12\bin\vcruntime140_1.dll
0x00007ff980a60000 - 0x00007ff980aed000 	C:\Users\ASUS\.jdks\corretto-17.0.12\bin\msvcp140.dll
0x00007ff96dae0000 - 0x00007ff96e74a000 	C:\Users\ASUS\.jdks\corretto-17.0.12\bin\server\jvm.dll
0x00007ff9de610000 - 0x00007ff9de6c4000 	C:\WINDOWS\System32\ADVAPI32.dll
0x00007ff9de200000 - 0x00007ff9de2a6000 	C:\WINDOWS\System32\sechost.dll
0x00007ff9dfc80000 - 0x00007ff9dfd98000 	C:\WINDOWS\System32\RPCRT4.dll
0x00007ff9de180000 - 0x00007ff9de1f4000 	C:\WINDOWS\System32\WS2_32.dll
0x00007ff9dcd90000 - 0x00007ff9dcdee000 	C:\WINDOWS\SYSTEM32\POWRPROF.dll
0x00007ff9cf250000 - 0x00007ff9cf285000 	C:\WINDOWS\SYSTEM32\WINMM.dll
0x00007ff9d4d10000 - 0x00007ff9d4d1b000 	C:\WINDOWS\SYSTEM32\VERSION.dll
0x00007ff9dcd70000 - 0x00007ff9dcd84000 	C:\WINDOWS\SYSTEM32\UMPDC.dll
0x00007ff9dbcb0000 - 0x00007ff9dbccb000 	C:\WINDOWS\SYSTEM32\kernel.appcore.dll
0x00007ff9c4590000 - 0x00007ff9c459a000 	C:\Users\ASUS\.jdks\corretto-17.0.12\bin\jimage.dll
0x00007ff9cfa50000 - 0x00007ff9cfc92000 	C:\WINDOWS\SYSTEM32\DBGHELP.DLL
0x00007ff9ddd00000 - 0x00007ff9de08b000 	C:\WINDOWS\System32\combase.dll
0x00007ff9de920000 - 0x00007ff9de9f7000 	C:\WINDOWS\System32\OLEAUT32.dll
0x00007ff9c0700000 - 0x00007ff9c073c000 	C:\WINDOWS\SYSTEM32\dbgcore.DLL
0x00007ff9ddad0000 - 0x00007ff9ddb75000 	C:\WINDOWS\System32\bcryptPrimitives.dll
0x00007ff96fcc0000 - 0x00007ff96fce5000 	C:\Users\ASUS\.jdks\corretto-17.0.12\bin\java.dll

dbghelp: loaded successfully - version: 4.0.5 - missing functions: none
symbol engine: initialized successfully - sym options: 0x614 - pdb path: .;C:\Users\ASUS\.jdks\corretto-17.0.12\bin;C:\WINDOWS\SYSTEM32;C:\WINDOWS\WinSxS\amd64_microsoft.windows.common-controls_6595b64144ccf1df_6.0.26100.7019_none_3e06ffa0e335b8a8;C:\Users\ASUS\.jdks\corretto-17.0.12\bin\server

VM Arguments:
jvm_args: -Dorg.gradle.internal.worker.tmpdir=D:\scotiabank\challengue\build\tmp\test\work -Xmx512m -Dfile.encoding=windows-1252 -Duser.country=PE -Duser.language=es -Duser.variant -ea 
java_command: worker.org.gradle.process.internal.worker.GradleWorkerMain 'Gradle Test Executor 2'
java_class_path (initial): C:\\Users\\ASUS\\.gradle\\caches\\8.14.3\\workerMain\\gradle-worker.jar;D:\\scotiabank\\challengue\\build\\classes\\java\\test;D:\\scotiabank\\challengue\\build\\classes\\java\\main;D:\\scotiabank\\challengue\\build\\resources\\main;C:\\Users\\ASUS\\.gradle\\caches\\modules-2\\files-2.1\\org.springframework.boot\\spring-boot-starter-webflux\\3.4.11\\575a472458097b144d787017f02c1d234d01dbb8\\spring-boot-starter-webflux-3.4.11.jar;C:\\Users\\ASUS\\.gradle\\caches\\modules-2\\files-2.1\\org.springframework.boot\\spring-boot-starter-json\\3.4.11\\4e1efd3b8e1d440aeb0d8d681574284d7367194d\\spring-boot-starter-json-3.4.11.jar;C:\\Users\\ASUS\\.gradle\\caches\\modules-2\\files-2.1\\org.springframework.boot\\spring-boot-starter-validation\\3.4.11\\914b3f63e03591d623544c188b6da9e48ef54076\\spring-boot-starter-validation-3.4.11.jar;C:\\Users\\ASUS\\.gradle\\caches\\modules-2\\files-2.1\\org.springframework.boot\\spring-boot-starter-data-r2dbc\\3.4.11\\956c3e08032497f31c4c11ba7e6f2a1e49f22ee4\\spring-boot-starter-data-r2dbc-3.4.11.jar;C:\\Users\\ASUS\\.gradle\\caches\\modules-2\\files-2.1\\org.mapstruct\\mapstruct\\1.5.5.Final\\2ca3cbe39b6e9ea8d5ea521965a89bef2a1e8eeb\\mapstruct-1.5.5.Final.jar;C:\\Users\\ASUS\\.gradle\\caches\\modules-2\\files-2.1\\io.r2dbc\\r2dbc-h2\\1.0.1.RELEASE\\fa97530edebd694af6fb03ce9533ffc6286c7f64\\r2dbc-h2-1.0.1.RELEASE.jar;C:\\Users\\ASUS\\.gradle\\caches\\modules-2\\files-2.1\\com.h2database\\h2\\2.3.232\\4fcc05d966ccdb2812ae8b9a718f69226c0cf4e2\\h2-2.3.232.jar;C:\\Users\\ASUS\\.gradle\\caches\\modules-2\\files-2.1\\org.springframework.boot\\spring-boot-starter-test\\3.4.11\\1cedb3eb215c714a6fd3205615d6ed771be35e5f\\spring-boot-starter-test-3.4.11.jar;C:\\Users\\ASUS\\.gradle\\caches\\modules-2\\files-2.1\\io.projectreactor\\reactor-test\\3.7.12\\59e48d0186983708664a07cb89c5ef68afb4cb8f\\reactor-test-3.7.12.jar;C:\\Users\\ASUS\\.gradle\\caches\\modules-2\\files-2.1\\org.junit.jupiter\\junit-jupiter\\5.11.4\\a699f024a4a4
Launcher Type: SUN_STANDARD

[Global flags]
     intx CICompilerCount                          = 4                                         {product} {ergonomic}
     uint ConcGCThreads                            = 2                                         {product} {ergonomic}
     uint G1ConcRefinementThreads                  = 8                                         {product} {ergonomic}
   size_t G1HeapRegionSize                         = 1048576                                   {product} {ergonomic}
    uintx GCDrainStackTargetSize                   = 64                                        {product} {ergonomic}
   size_t InitialHeapSize                          = 534773760                                 {product} {ergonomic}
   size_t MarkStackSize                            = 4194304                                   {product} {ergonomic}
   size_t MaxHeapSize                              = 536870912                                 {product} {command line}
   size_t MinHeapDeltaBytes                        = 1048576                                   {product} {ergonomic}
   size_t MinHeapSize                              = 8388608                                   {product} {ergonomic}
    uintx NonNMethodCodeHeapSize                   = 5839372                                {pd product} {ergonomic}
    uintx NonProfiledCodeHeapSize                  = 122909434                              {pd product} {ergonomic}
    uintx ProfiledCodeHeapSize                     = 122909434                              {pd product} {ergonomic}
    uintx ReservedCodeCacheSize                    = 251658240                              {pd product} {ergonomic}
     bool SegmentedCodeCache                       = true                                      {product} {ergonomic}
   size_t SoftMaxHeapSize                          = 536870912                              {manageable} {ergonomic}
     bool UseCompressedClassPointers               = true                           {product lp64_product} {ergonomic}
     bool UseCompressedOops                        = true                           {product lp64_product} {ergonomic}
     bool UseG1GC                                  = true                                      {product} {ergonomic}
     bool UseLargePagesIndividualAllocation        = false                                  {pd product} {ergonomic}

Logging:
Log output configuration:
 #0: stdout all=warning uptime,level,tags
 #1: stderr all=off uptime,level,tags

Environment Variables:
PATH=C:\Program Files\Common Files\Oracle\Java\javapath;%JAVA_HOME%\bin;C:\WINDOWS\system32;C:\WINDOWS;C:\WINDOWS\System32\Wbem;C:\WINDOWS\System32\WindowsPowerShell\v1.0\;C:\WINDOWS\System32\OpenSSH\;C:\Program Files\Docker\Docker\resources\bin;C:\Program Files\dotnet\;C:\Program Files\apache-maven-3.9.9\bin;C:\Program Files\Git\cmd;C:\Users\ASUS\AppData\Local\Microsoft\WindowsApps;C:\Users\ASUS\AppData\Local\Programs\Microsoft VS Code\bin;C:\Users\ASUS\AppData\Local\Programs\mongosh\;;C:\Users\ASUS\.deno\bin
USERNAME=ASUS
OS=Windows_NT
PROCESSOR_IDENTIFIER=Intel64 Family 6 Model 158 Stepping 10, GenuineIntel
TMP=C:\Users\ASUS\AppData\Local\Temp
TEMP=C:\Users\ASUS\AppData\Local\Temp



Periodic native trim disabled


---------------  S Y S T E M  ---------------

OS:
 Windows 11 , 64 bit Build 26100 (10.0.26100.7019)
OS uptime: 2 days 11:55 hours
Hyper-V role detected

CPU: total 8 (initial active 8) (4 cores per cpu, 2 threads per core) family 6 model 158 stepping 10 microcode 0xde, cx8, cmov, fxsr, ht, mmx, 3dnowpref, sse, sse2, sse3, ssse3, sse4.1, sse4.2, popcnt, lzcnt, tsc, tscinvbit, avx, avx2, aes, erms, clmul, bmi1, bmi2, adx, fma, vzeroupper, clflush, clflushopt, hv
Processor Information for all 8 processors :
  Max Mhz: 2304, Current Mhz: 2304, Mhz Limit: 2304

Memory: 4k page, system-wide physical 32623M (7780M free)
TotalPageFile size 34671M (AvailPageFile size 67M)
current process WorkingSet (physical memory assigned to process): 12M, peak: 12M
current process commit charge ("private bytes"): 60M, peak: 569M

vm_info: OpenJDK 64-Bit Server VM (17.0.12+7-LTS) for windows-amd64 JRE (17.0.12+7-LTS), built on Jul 10 2024 20:46:33 by "Administrator" with MS VC++ 16.10 / 16.11 (VS2019)

END.
