#
# There is insufficient memory for the Java Runtime Environment to continue.
# Native memory allocation (malloc) failed to allocate 230480 bytes for Chunk::new
# Possible reasons:
#   The system is out of physical RAM or swap space
#   The process is running with CompressedOops enabled, and the Java Heap may be blocking the growth of the native heap
# Possible solutions:
#   Reduce memory load on the system
#   Increase physical memory or swap space
#   Check if swap backing store is full
#   Decrease Java heap size (-Xmx/-Xms)
#   Decrease number of Java threads
#   Decrease Java thread stack sizes (-Xss)
#   Set larger code cache with -XX:ReservedCodeCacheSize=
#   JVM is running with Unscaled Compressed Oops mode in which the Java heap is
#     placed in the first 4GB address space. The Java Heap base address is the
#     maximum limit for the native heap growth. Please use -XX:HeapBaseMinAddress
#     to set the Java Heap base and to place the Java Heap above 4GB virtual address.
# This output file may be truncated or incomplete.
#
#  Out of Memory Error (arena.cpp:189), pid=37336, tid=30820
#
# JRE version: Java(TM) SE Runtime Environment (17.0.12+8) (build 17.0.12+8-LTS-286)
# Java VM: Java HotSpot(TM) 64-Bit Server VM (17.0.12+8-LTS-286, mixed mode, sharing, tiered, compressed oops, compressed class ptrs, g1 gc, windows-amd64)
# No core dump will be written. Minidumps are not enabled by default on client versions of Windows
#

---------------  S U M M A R Y ------------

Command Line: --add-opens=java.base/java.lang=ALL-UNNAMED --add-opens=java.base/java.lang.invoke=ALL-UNNAMED --add-opens=java.base/java.util=ALL-UNNAMED --add-opens=java.prefs/java.util.prefs=ALL-UNNAMED --add-exports=jdk.compiler/com.sun.tools.javac.api=ALL-UNNAMED --add-exports=jdk.compiler/com.sun.tools.javac.util=ALL-UNNAMED --add-opens=java.base/java.util=ALL-UNNAMED --add-opens=java.prefs/java.util.prefs=ALL-UNNAMED --add-opens=java.base/java.nio.charset=ALL-UNNAMED --add-opens=java.base/java.net=ALL-UNNAMED --add-opens=java.base/java.util.concurrent.atomic=ALL-UNNAMED --add-opens=java.xml/javax.xml.namespace=ALL-UNNAMED -XX:MaxMetaspaceSize=384m -XX:+HeapDumpOnOutOfMemoryError -Xms256m -Xmx512m -Dfile.encoding=windows-1252 -Duser.country=PE -Duser.language=es -Duser.variant -javaagent:C:\Users\ASUS\.gradle\wrapper\dists\gradle-8.14.3-bin\cv11ve7ro1n3o1j4so8xd9n66\gradle-8.14.3\lib\agents\gradle-instrumentation-agent-8.14.3.jar org.gradle.launcher.daemon.bootstrap.GradleDaemon 8.14.3

Host: Intel(R) Core(TM) i5-8300H CPU @ 2.30GHz, 8 cores, 31G,  Windows 11 , 64 bit Build 26100 (10.0.26100.7019)
Time: Mon Nov 24 13:14:19 2025 Hora est. Pacífico, Sudamérica elapsed time: 18.312604 seconds (0d 0h 0m 18s)

---------------  T H R E A D  ---------------

Current thread (0x000001bc751db300):  JavaThread "C2 CompilerThread0" daemon [_thread_in_native, id=30820, stack(0x000000917eb00000,0x000000917ec00000)]


Current CompileTask:
C2:  18312 6280       4       java.lang.Class::getMethodsRecursive (99 bytes)

Stack: [0x000000917eb00000,0x000000917ec00000]
Native frames: (J=compiled Java code, j=interpreted, Vv=VM code, C=native code)
V  [jvm.dll+0x67a04a]
V  [jvm.dll+0x7da4ed]
V  [jvm.dll+0x7dbe33]
V  [jvm.dll+0x7dc4a3]
V  [jvm.dll+0x24508f]
V  [jvm.dll+0xab773]
V  [jvm.dll+0xabd3c]
V  [jvm.dll+0x11e324]
V  [jvm.dll+0x6087a2]
V  [jvm.dll+0x60c715]
V  [jvm.dll+0x2166be]
V  [jvm.dll+0x215c6f]
V  [jvm.dll+0x1a2960]
V  [jvm.dll+0x22610b]
V  [jvm.dll+0x2242ab]
V  [jvm.dll+0x79075c]
V  [jvm.dll+0x78abea]
V  [jvm.dll+0x678f35]
C  [ucrtbase.dll+0x37b0]
C  [KERNEL32.DLL+0x2e8d7]
C  [ntdll.dll+0x8c53c]


---------------  P R O C E S S  ---------------

Threads class SMR info:
_java_thread_list=0x000001bc7b76c340, length=66, elements={
0x000001bc698822c0, 0x000001bc751b6a60, 0x000001bc751b7ea0, 0x000001bc751cc5e0,
0x000001bc751cceb0, 0x000001bc751cea90, 0x000001bc751cfed0, 0x000001bc751db300,
0x000001bc751e3270, 0x000001bc751eeaa0, 0x000001bc7541e490, 0x000001bc7541e9a0,
0x000001bc7541f3c0, 0x000001bc754202f0, 0x000001bc7541f8d0, 0x000001bc7541fde0,
0x000001bc75420800, 0x000001bc7541da70, 0x000001bc7541d050, 0x000001bc7541d560,
0x000001bc7541df80, 0x000001bc7b28c930, 0x000001bc7b28aad0, 0x000001bc7b28ba00,
0x000001bc7b28ce40, 0x000001bc7b28bf10, 0x000001bc7b28c420, 0x000001bc7b28a0b0,
0x000001bc7b28b4f0, 0x000001bc7b28a5c0, 0x000001bc7b289ba0, 0x000001bc7b28fbd0,
0x000001bc7b28f1b0, 0x000001bc7b28f6c0, 0x000001bc7b290b00, 0x000001bc7b2900e0,
0x000001bc7b28e280, 0x000001bc7b2905f0, 0x000001bc7b28dd70, 0x000001bc7b291010,
0x000001bc7b28eca0, 0x000001bc7d15ece0, 0x000001bc7b291520, 0x000001bc7cb750c0,
0x000001bc7cb76a10, 0x000001bc7cb746a0, 0x000001bc7cb74bb0, 0x000001bc7cb78870,
0x000001bc7cb755d0, 0x000001bc7cb76f20, 0x000001bc7cb77430, 0x000001bc7cb78d80,
0x000001bc7cb75ff0, 0x000001bc7cb77e50, 0x000001bc7cb79290, 0x000001bc7cb77940,
0x000001bc7cb78360, 0x000001bc7cb75ae0, 0x000001bc7cb797a0, 0x000001bc7cb79cb0,
0x000001bc7cb76500, 0x000001bc7cb7a1c0, 0x000001bc7cb7b600, 0x000001bc7d15f230,
0x000001bc7cb7a6d0, 0x000001bc7cb7b0f0
}

Java Threads: ( => current thread )
  0x000001bc698822c0 JavaThread "main" [_thread_blocked, id=16804, stack(0x000000917de00000,0x000000917df00000)]
  0x000001bc751b6a60 JavaThread "Reference Handler" daemon [_thread_blocked, id=6516, stack(0x000000917e500000,0x000000917e600000)]
  0x000001bc751b7ea0 JavaThread "Finalizer" daemon [_thread_blocked, id=31068, stack(0x000000917e600000,0x000000917e700000)]
  0x000001bc751cc5e0 JavaThread "Signal Dispatcher" daemon [_thread_blocked, id=39384, stack(0x000000917e700000,0x000000917e800000)]
  0x000001bc751cceb0 JavaThread "Attach Listener" daemon [_thread_blocked, id=41236, stack(0x000000917e800000,0x000000917e900000)]
  0x000001bc751cea90 JavaThread "Service Thread" daemon [_thread_blocked, id=40548, stack(0x000000917e900000,0x000000917ea00000)]
  0x000001bc751cfed0 JavaThread "Monitor Deflation Thread" daemon [_thread_blocked, id=39912, stack(0x000000917ea00000,0x000000917eb00000)]
=>0x000001bc751db300 JavaThread "C2 CompilerThread0" daemon [_thread_in_native, id=30820, stack(0x000000917eb00000,0x000000917ec00000)]
  0x000001bc751e3270 JavaThread "C1 CompilerThread0" daemon [_thread_in_native, id=39424, stack(0x000000917ec00000,0x000000917ed00000)]
  0x000001bc751eeaa0 JavaThread "Sweeper thread" daemon [_thread_blocked, id=17656, stack(0x000000917ed00000,0x000000917ee00000)]
  0x000001bc7541e490 JavaThread "Common-Cleaner" daemon [_thread_blocked, id=31776, stack(0x000000917ee00000,0x000000917ef00000)]
  0x000001bc7541e9a0 JavaThread "Notification Thread" daemon [_thread_blocked, id=10924, stack(0x000000917ef00000,0x000000917f000000)]
  0x000001bc7541f3c0 JavaThread "Daemon health stats" [_thread_blocked, id=41768, stack(0x000000917f200000,0x000000917f300000)]
  0x000001bc754202f0 JavaThread "Incoming local TCP Connector on port 53877" [_thread_in_native, id=36072, stack(0x000000917f100000,0x000000917f200000)]
  0x000001bc7541f8d0 JavaThread "Daemon periodic checks" [_thread_blocked, id=18892, stack(0x000000917f800000,0x000000917f900000)]
  0x000001bc7541fde0 JavaThread "Daemon" [_thread_blocked, id=22084, stack(0x000000917f900000,0x000000917fa00000)]
  0x000001bc75420800 JavaThread "Handler for socket connection from /127.0.0.1:53877 to /127.0.0.1:53878" [_thread_in_native, id=17200, stack(0x000000917fa00000,0x000000917fb00000)]
  0x000001bc7541da70 JavaThread "Cancel handler" [_thread_blocked, id=35916, stack(0x000000917fb00000,0x000000917fc00000)]
  0x000001bc7541d050 JavaThread "Daemon worker" [_thread_in_native, id=35224, stack(0x000000917fc00000,0x000000917fd00000)]
  0x000001bc7541d560 JavaThread "Asynchronous log dispatcher for DefaultDaemonConnection: socket connection from /127.0.0.1:53877 to /127.0.0.1:53878" [_thread_blocked, id=8856, stack(0x000000917fd00000,0x000000917fe00000)]
  0x000001bc7541df80 JavaThread "Stdin handler" [_thread_blocked, id=5608, stack(0x000000917fe00000,0x000000917ff00000)]
  0x000001bc7b28c930 JavaThread "Daemon client event forwarder" [_thread_blocked, id=30928, stack(0x000000917ff00000,0x0000009180000000)]
  0x000001bc7b28aad0 JavaThread "Cache worker for journal cache (C:\Users\ASUS\.gradle\caches\journal-1)" [_thread_blocked, id=33136, stack(0x0000009100000000,0x0000009100100000)]
  0x000001bc7b28ba00 JavaThread "File lock request listener" [_thread_in_native, id=27584, stack(0x0000009100100000,0x0000009100200000)]
  0x000001bc7b28ce40 JavaThread "Cache worker for file hash cache (C:\Users\ASUS\.gradle\caches\8.14.3\fileHashes)" [_thread_blocked, id=41872, stack(0x0000009100200000,0x0000009100300000)]
  0x000001bc7b28bf10 JavaThread "Cache worker for file hash cache (D:\scotiabank\challengue\.gradle\8.14.3\fileHashes)" [_thread_blocked, id=24220, stack(0x0000009100400000,0x0000009100500000)]
  0x000001bc7b28c420 JavaThread "Cache worker for Build Output Cleanup Cache (D:\scotiabank\challengue\.gradle\buildOutputCleanup)" [_thread_blocked, id=37584, stack(0x0000009100500000,0x0000009100600000)]
  0x000001bc7b28a0b0 JavaThread "File watcher server" daemon [_thread_in_native, id=40228, stack(0x0000009100900000,0x0000009100a00000)]
  0x000001bc7b28b4f0 JavaThread "File watcher consumer" daemon [_thread_blocked, id=33352, stack(0x0000009100a00000,0x0000009100b00000)]
  0x000001bc7b28a5c0 JavaThread "jar transforms" [_thread_blocked, id=23452, stack(0x0000009100800000,0x0000009100900000)]
  0x000001bc7b289ba0 JavaThread "jar transforms Thread 2" [_thread_blocked, id=12324, stack(0x0000009100c00000,0x0000009100d00000)]
  0x000001bc7b28fbd0 JavaThread "File lock release action executor" [_thread_blocked, id=38152, stack(0x0000009100d00000,0x0000009100e00000)]
  0x000001bc7b28f1b0 JavaThread "Cache worker for checksums cache (D:\scotiabank\challengue\.gradle\8.14.3\checksums)" [_thread_blocked, id=27352, stack(0x0000009100f00000,0x0000009101000000)]
  0x000001bc7b28f6c0 JavaThread "Cache worker for file content cache (C:\Users\ASUS\.gradle\caches\8.14.3\fileContent)" [_thread_blocked, id=16104, stack(0x0000009101000000,0x0000009101100000)]
  0x000001bc7b290b00 JavaThread "jar transforms Thread 3" [_thread_blocked, id=18136, stack(0x0000009101100000,0x0000009101200000)]
  0x000001bc7b2900e0 JavaThread "jar transforms Thread 4" [_thread_blocked, id=39312, stack(0x0000009101200000,0x0000009101300000)]
  0x000001bc7b28e280 JavaThread "jar transforms Thread 5" [_thread_blocked, id=39468, stack(0x0000009101300000,0x0000009101400000)]
  0x000001bc7b2905f0 JavaThread "jar transforms Thread 6" [_thread_blocked, id=32472, stack(0x0000009101400000,0x0000009101500000)]
  0x000001bc7b28dd70 JavaThread "Cache worker for cache directory md-supplier (C:\Users\ASUS\.gradle\caches\8.14.3\md-supplier)" [_thread_blocked, id=17156, stack(0x0000009100e00000,0x0000009100f00000)]
  0x000001bc7b291010 JavaThread "Cache worker for cache directory md-rule (C:\Users\ASUS\.gradle\caches\8.14.3\md-rule)" [_thread_blocked, id=26176, stack(0x0000009101500000,0x0000009101600000)]
  0x000001bc7b28eca0 JavaThread "jar transforms Thread 7" [_thread_blocked, id=33824, stack(0x0000009100b00000,0x0000009100c00000)]
  0x000001bc7d15ece0 JavaThread "C2 CompilerThread1" daemon [_thread_in_native, id=6500, stack(0x0000009101600000,0x0000009101700000)]
  0x000001bc7b291520 JavaThread "Unconstrained build operations" [_thread_blocked, id=33120, stack(0x0000009101700000,0x0000009101800000)]
  0x000001bc7cb750c0 JavaThread "Unconstrained build operations Thread 2" [_thread_blocked, id=16248, stack(0x0000009101800000,0x0000009101900000)]
  0x000001bc7cb76a10 JavaThread "Unconstrained build operations Thread 3" [_thread_blocked, id=5456, stack(0x0000009101900000,0x0000009101a00000)]
  0x000001bc7cb746a0 JavaThread "Unconstrained build operations Thread 4" [_thread_blocked, id=20472, stack(0x0000009101a00000,0x0000009101b00000)]
  0x000001bc7cb74bb0 JavaThread "Unconstrained build operations Thread 5" [_thread_blocked, id=9460, stack(0x0000009101b00000,0x0000009101c00000)]
  0x000001bc7cb78870 JavaThread "Unconstrained build operations Thread 6" [_thread_blocked, id=39260, stack(0x0000009101c00000,0x0000009101d00000)]
  0x000001bc7cb755d0 JavaThread "Unconstrained build operations Thread 7" [_thread_blocked, id=21632, stack(0x0000009101d00000,0x0000009101e00000)]
  0x000001bc7cb76f20 JavaThread "Unconstrained build operations Thread 8" [_thread_blocked, id=16760, stack(0x0000009101e00000,0x0000009101f00000)]
  0x000001bc7cb77430 JavaThread "Unconstrained build operations Thread 9" [_thread_blocked, id=27344, stack(0x0000009101f00000,0x0000009102000000)]
  0x000001bc7cb78d80 JavaThread "Unconstrained build operations Thread 10" [_thread_blocked, id=18740, stack(0x0000009102000000,0x0000009102100000)]
  0x000001bc7cb75ff0 JavaThread "Unconstrained build operations Thread 11" [_thread_blocked, id=27728, stack(0x0000009102100000,0x0000009102200000)]
  0x000001bc7cb77e50 JavaThread "Unconstrained build operations Thread 12" [_thread_blocked, id=4540, stack(0x0000009102200000,0x0000009102300000)]
  0x000001bc7cb79290 JavaThread "Unconstrained build operations Thread 13" [_thread_blocked, id=5408, stack(0x0000009102300000,0x0000009102400000)]
  0x000001bc7cb77940 JavaThread "Unconstrained build operations Thread 14" [_thread_blocked, id=38844, stack(0x0000009102400000,0x0000009102500000)]
  0x000001bc7cb78360 JavaThread "Unconstrained build operations Thread 15" [_thread_blocked, id=20620, stack(0x0000009102500000,0x0000009102600000)]
  0x000001bc7cb75ae0 JavaThread "Unconstrained build operations Thread 16" [_thread_blocked, id=5564, stack(0x0000009102600000,0x0000009102700000)]
  0x000001bc7cb797a0 JavaThread "Unconstrained build operations Thread 17" [_thread_blocked, id=33964, stack(0x0000009102700000,0x0000009102800000)]
  0x000001bc7cb79cb0 JavaThread "Unconstrained build operations Thread 18" [_thread_blocked, id=26696, stack(0x0000009102800000,0x0000009102900000)]
  0x000001bc7cb76500 JavaThread "Unconstrained build operations Thread 19" [_thread_blocked, id=36320, stack(0x0000009102900000,0x0000009102a00000)]
  0x000001bc7cb7a1c0 JavaThread "Unconstrained build operations Thread 20" [_thread_blocked, id=41576, stack(0x0000009102a00000,0x0000009102b00000)]
  0x000001bc7cb7b600 JavaThread "Unconstrained build operations Thread 21" [_thread_blocked, id=24820, stack(0x0000009102b00000,0x0000009102c00000)]
  0x000001bc7d15f230 JavaThread "C2 CompilerThread2" daemon [_thread_in_native, id=19144, stack(0x0000009102c00000,0x0000009102d00000)]
  0x000001bc7cb7a6d0 JavaThread "Memory manager" [_thread_blocked, id=8692, stack(0x0000009102d00000,0x0000009102e00000)]
  0x000001bc7cb7b0f0 JavaThread "jar transforms Thread 8" [_thread_blocked, id=1624, stack(0x0000009102f00000,0x0000009103000000)]

Other Threads:
  0x000001bc751ae1d0 VMThread "VM Thread" [stack: 0x000000917e400000,0x000000917e500000] [id=13760]
  0x000001bc698c7210 WatcherThread [stack: 0x000000917f000000,0x000000917f100000] [id=10748]
  0x000001bc698b06b0 GCTaskThread "GC Thread#0" [stack: 0x000000917df00000,0x000000917e000000] [id=6984]
  0x000001bc75988a10 GCTaskThread "GC Thread#1" [stack: 0x000000917f300000,0x000000917f400000] [id=4648]
  0x000001bc75affe70 GCTaskThread "GC Thread#2" [stack: 0x000000917f400000,0x000000917f500000] [id=16848]
  0x000001bc75b00130 GCTaskThread "GC Thread#3" [stack: 0x000000917f500000,0x000000917f600000] [id=13140]
  0x000001bc75b003f0 GCTaskThread "GC Thread#4" [stack: 0x000000917f600000,0x000000917f700000] [id=19944]
  0x000001bc758711d0 GCTaskThread "GC Thread#5" [stack: 0x000000917f700000,0x000000917f800000] [id=41788]
  0x000001bc7be3e990 GCTaskThread "GC Thread#6" [stack: 0x0000009100300000,0x0000009100400000] [id=21380]
  0x000001bc7be3ec50 GCTaskThread "GC Thread#7" [stack: 0x0000009100600000,0x0000009100700000] [id=40060]
  0x000001bc698b53b0 ConcurrentGCThread "G1 Main Marker" [stack: 0x000000917e000000,0x000000917e100000] [id=24836]
  0x000001bc698b6e80 ConcurrentGCThread "G1 Conc#0" [stack: 0x000000917e100000,0x000000917e200000] [id=8512]
  0x000001bc7be3ef10 ConcurrentGCThread "G1 Conc#1" [stack: 0x0000009100700000,0x0000009100800000] [id=25088]
  0x000001bc6994d740 ConcurrentGCThread "G1 Refine#0" [stack: 0x000000917e200000,0x000000917e300000] [id=22240]
  0x000001bc7e747950 ConcurrentGCThread "G1 Refine#1" [stack: 0x0000009102e00000,0x0000009102f00000] [id=15516]
  0x000001bc6994de20 ConcurrentGCThread "G1 Service" [stack: 0x000000917e300000,0x000000917e400000] [id=20740]

Threads with active compile tasks:
C2 CompilerThread0    21390 6280       4       java.lang.Class::getMethodsRecursive (99 bytes)
C2 CompilerThread1    21390 6374       4       groovy.lang.MetaClassImpl::addMetaMethodToIndex (65 bytes)
C2 CompilerThread2    21390 6302       4       sun.reflect.generics.visitor.Reifier::visitClassTypeSignature (381 bytes)

VM state: not at safepoint (normal execution)

VM Mutex/Monitor currently owned by a thread: None

Heap address: 0x00000000e0000000, size: 512 MB, Compressed Oops mode: 32-bit

CDS archive(s) mapped at: [0x000001bc0f000000-0x000001bc0fbd0000-0x000001bc0fbd0000), size 12386304, SharedBaseAddress: 0x000001bc0f000000, ArchiveRelocationMode: 1.
Compressed class space mapped at: 0x000001bc10000000-0x000001bc24000000, reserved size: 335544320
Narrow klass base: 0x000001bc0f000000, Narrow klass shift: 0, Narrow klass range: 0x100000000

GC Precious Log:
 CPUs: 8 total, 8 available
 Memory: 32623M
 Large Page Support: Disabled
 NUMA Support: Disabled
 Compressed Oops: Enabled (32-bit)
 Heap Region Size: 1M
 Heap Min Capacity: 256M
 Heap Initial Capacity: 256M
 Heap Max Capacity: 512M
 Pre-touch: Disabled
 Parallel Workers: 8
 Concurrent Workers: 2
 Concurrent Refinement Workers: 8
 Periodic GC: Disabled

Heap:
 garbage-first heap   total 262144K, used 79639K [0x00000000e0000000, 0x0000000100000000)
  region size 1024K, 56 young (57344K), 15 survivors (15360K)
 Metaspace       used 50911K, committed 51520K, reserved 393216K
  class space    used 7263K, committed 7552K, reserved 327680K

Heap Regions: E=young(eden), S=young(survivor), O=old, HS=humongous(starts), HC=humongous(continues), CS=collection set, F=free, OA=open archive, CA=closed archive, TAMS=top-at-mark-start (previous, next)
|   0|0x00000000e0000000, 0x00000000e0100000, 0x00000000e0100000|100%|HS|  |TAMS 0x00000000e0100000, 0x00000000e0000000| Complete 
|   1|0x00000000e0100000, 0x00000000e0200000, 0x00000000e0200000|100%|HC|  |TAMS 0x00000000e0200000, 0x00000000e0100000| Complete 
|   2|0x00000000e0200000, 0x00000000e0300000, 0x00000000e0300000|100%|HC|  |TAMS 0x00000000e0300000, 0x00000000e0200000| Complete 
|   3|0x00000000e0300000, 0x00000000e0400000, 0x00000000e0400000|100%| O|  |TAMS 0x00000000e0400000, 0x00000000e0300000| Untracked 
|   4|0x00000000e0400000, 0x00000000e0500000, 0x00000000e0500000|100%| O|  |TAMS 0x00000000e0500000, 0x00000000e0400000| Untracked 
|   5|0x00000000e0500000, 0x00000000e0600000, 0x00000000e0600000|100%| O|  |TAMS 0x00000000e0600000, 0x00000000e0500000| Untracked 
|   6|0x00000000e0600000, 0x00000000e0700000, 0x00000000e0700000|100%|HS|  |TAMS 0x00000000e0700000, 0x00000000e0600000| Complete 
|   7|0x00000000e0700000, 0x00000000e0700000, 0x00000000e0800000|  0%| F|  |TAMS 0x00000000e0700000, 0x00000000e0700000| Untracked 
|   8|0x00000000e0800000, 0x00000000e0900000, 0x00000000e0900000|100%| O|  |TAMS 0x00000000e0900000, 0x00000000e0800000| Untracked 
|   9|0x00000000e0900000, 0x00000000e0a00000, 0x00000000e0a00000|100%| O|  |TAMS 0x00000000e0a00000, 0x00000000e0900000| Untracked 
|  10|0x00000000e0a00000, 0x00000000e0b00000, 0x00000000e0b00000|100%| O|  |TAMS 0x00000000e0b00000, 0x00000000e0a00000| Untracked 
|  11|0x00000000e0b00000, 0x00000000e0c00000, 0x00000000e0c00000|100%| O|  |TAMS 0x00000000e0c00000, 0x00000000e0b00000| Untracked 
|  12|0x00000000e0c00000, 0x00000000e0d00000, 0x00000000e0d00000|100%| O|  |TAMS 0x00000000e0cfbe00, 0x00000000e0c00000| Untracked 
|  13|0x00000000e0d00000, 0x00000000e0d00000, 0x00000000e0e00000|  0%| F|  |TAMS 0x00000000e0d00000, 0x00000000e0d00000| Untracked 
|  14|0x00000000e0e00000, 0x00000000e0f00000, 0x00000000e0f00000|100%| O|  |TAMS 0x00000000e0e00000, 0x00000000e0e00000| Untracked 
|  15|0x00000000e0f00000, 0x00000000e1000000, 0x00000000e1000000|100%| O|  |TAMS 0x00000000e0f00000, 0x00000000e0f00000| Untracked 
|  16|0x00000000e1000000, 0x00000000e1100000, 0x00000000e1100000|100%| O|  |TAMS 0x00000000e1000000, 0x00000000e1000000| Untracked 
|  17|0x00000000e1100000, 0x00000000e1200000, 0x00000000e1200000|100%| O|  |TAMS 0x00000000e1100000, 0x00000000e1100000| Untracked 
|  18|0x00000000e1200000, 0x00000000e1300000, 0x00000000e1300000|100%| O|  |TAMS 0x00000000e1200000, 0x00000000e1200000| Untracked 
|  19|0x00000000e1300000, 0x00000000e1400000, 0x00000000e1400000|100%| O|  |TAMS 0x00000000e1300000, 0x00000000e1300000| Untracked 
|  20|0x00000000e1400000, 0x00000000e1500000, 0x00000000e1500000|100%| O|  |TAMS 0x00000000e1400000, 0x00000000e1400000| Untracked 
|  21|0x00000000e1500000, 0x00000000e1600000, 0x00000000e1600000|100%| O|  |TAMS 0x00000000e1500000, 0x00000000e1500000| Untracked 
|  22|0x00000000e1600000, 0x00000000e1700000, 0x00000000e1700000|100%| O|  |TAMS 0x00000000e1600000, 0x00000000e1600000| Untracked 
|  23|0x00000000e1700000, 0x00000000e1800000, 0x00000000e1800000|100%| O|  |TAMS 0x00000000e1700000, 0x00000000e1700000| Untracked 
|  24|0x00000000e1800000, 0x00000000e1900000, 0x00000000e1900000|100%| O|  |TAMS 0x00000000e1800000, 0x00000000e1800000| Untracked 
|  25|0x00000000e1900000, 0x00000000e1923600, 0x00000000e1a00000| 13%| O|  |TAMS 0x00000000e1900000, 0x00000000e1900000| Untracked 
|  26|0x00000000e1a00000, 0x00000000e1a00000, 0x00000000e1b00000|  0%| F|  |TAMS 0x00000000e1a00000, 0x00000000e1a00000| Untracked 
|  27|0x00000000e1b00000, 0x00000000e1b00000, 0x00000000e1c00000|  0%| F|  |TAMS 0x00000000e1b00000, 0x00000000e1b00000| Untracked 
|  28|0x00000000e1c00000, 0x00000000e1c00000, 0x00000000e1d00000|  0%| F|  |TAMS 0x00000000e1c00000, 0x00000000e1c00000| Untracked 
|  29|0x00000000e1d00000, 0x00000000e1d00000, 0x00000000e1e00000|  0%| F|  |TAMS 0x00000000e1d00000, 0x00000000e1d00000| Untracked 
|  30|0x00000000e1e00000, 0x00000000e1e00000, 0x00000000e1f00000|  0%| F|  |TAMS 0x00000000e1e00000, 0x00000000e1e00000| Untracked 
|  31|0x00000000e1f00000, 0x00000000e1f00000, 0x00000000e2000000|  0%| F|  |TAMS 0x00000000e1f00000, 0x00000000e1f00000| Untracked 
|  32|0x00000000e2000000, 0x00000000e2000000, 0x00000000e2100000|  0%| F|  |TAMS 0x00000000e2000000, 0x00000000e2000000| Untracked 
|  33|0x00000000e2100000, 0x00000000e2100000, 0x00000000e2200000|  0%| F|  |TAMS 0x00000000e2100000, 0x00000000e2100000| Untracked 
|  34|0x00000000e2200000, 0x00000000e2200000, 0x00000000e2300000|  0%| F|  |TAMS 0x00000000e2200000, 0x00000000e2200000| Untracked 
|  35|0x00000000e2300000, 0x00000000e2300000, 0x00000000e2400000|  0%| F|  |TAMS 0x00000000e2300000, 0x00000000e2300000| Untracked 
|  36|0x00000000e2400000, 0x00000000e2400000, 0x00000000e2500000|  0%| F|  |TAMS 0x00000000e2400000, 0x00000000e2400000| Untracked 
|  37|0x00000000e2500000, 0x00000000e2500000, 0x00000000e2600000|  0%| F|  |TAMS 0x00000000e2500000, 0x00000000e2500000| Untracked 
|  38|0x00000000e2600000, 0x00000000e2600000, 0x00000000e2700000|  0%| F|  |TAMS 0x00000000e2600000, 0x00000000e2600000| Untracked 
|  39|0x00000000e2700000, 0x00000000e2700000, 0x00000000e2800000|  0%| F|  |TAMS 0x00000000e2700000, 0x00000000e2700000| Untracked 
|  40|0x00000000e2800000, 0x00000000e2800000, 0x00000000e2900000|  0%| F|  |TAMS 0x00000000e2800000, 0x00000000e2800000| Untracked 
|  41|0x00000000e2900000, 0x00000000e2900000, 0x00000000e2a00000|  0%| F|  |TAMS 0x00000000e2900000, 0x00000000e2900000| Untracked 
|  42|0x00000000e2a00000, 0x00000000e2a00000, 0x00000000e2b00000|  0%| F|  |TAMS 0x00000000e2a00000, 0x00000000e2a00000| Untracked 
|  43|0x00000000e2b00000, 0x00000000e2b00000, 0x00000000e2c00000|  0%| F|  |TAMS 0x00000000e2b00000, 0x00000000e2b00000| Untracked 
|  44|0x00000000e2c00000, 0x00000000e2c00000, 0x00000000e2d00000|  0%| F|  |TAMS 0x00000000e2c00000, 0x00000000e2c00000| Untracked 
|  45|0x00000000e2d00000, 0x00000000e2d00000, 0x00000000e2e00000|  0%| F|  |TAMS 0x00000000e2d00000, 0x00000000e2d00000| Untracked 
|  46|0x00000000e2e00000, 0x00000000e2e00000, 0x00000000e2f00000|  0%| F|  |TAMS 0x00000000e2e00000, 0x00000000e2e00000| Untracked 
|  47|0x00000000e2f00000, 0x00000000e2f00000, 0x00000000e3000000|  0%| F|  |TAMS 0x00000000e2f00000, 0x00000000e2f00000| Untracked 
|  48|0x00000000e3000000, 0x00000000e3000000, 0x00000000e3100000|  0%| F|  |TAMS 0x00000000e3000000, 0x00000000e3000000| Untracked 
|  49|0x00000000e3100000, 0x00000000e3100000, 0x00000000e3200000|  0%| F|  |TAMS 0x00000000e3100000, 0x00000000e3100000| Untracked 
|  50|0x00000000e3200000, 0x00000000e3200000, 0x00000000e3300000|  0%| F|  |TAMS 0x00000000e3200000, 0x00000000e3200000| Untracked 
|  51|0x00000000e3300000, 0x00000000e3300000, 0x00000000e3400000|  0%| F|  |TAMS 0x00000000e3300000, 0x00000000e3300000| Untracked 
|  52|0x00000000e3400000, 0x00000000e3400000, 0x00000000e3500000|  0%| F|  |TAMS 0x00000000e3400000, 0x00000000e3400000| Untracked 
|  53|0x00000000e3500000, 0x00000000e3500000, 0x00000000e3600000|  0%| F|  |TAMS 0x00000000e3500000, 0x00000000e3500000| Untracked 
|  54|0x00000000e3600000, 0x00000000e3600000, 0x00000000e3700000|  0%| F|  |TAMS 0x00000000e3600000, 0x00000000e3600000| Untracked 
|  55|0x00000000e3700000, 0x00000000e3700000, 0x00000000e3800000|  0%| F|  |TAMS 0x00000000e3700000, 0x00000000e3700000| Untracked 
|  56|0x00000000e3800000, 0x00000000e3800000, 0x00000000e3900000|  0%| F|  |TAMS 0x00000000e3800000, 0x00000000e3800000| Untracked 
|  57|0x00000000e3900000, 0x00000000e3900000, 0x00000000e3a00000|  0%| F|  |TAMS 0x00000000e3900000, 0x00000000e3900000| Untracked 
|  58|0x00000000e3a00000, 0x00000000e3a00000, 0x00000000e3b00000|  0%| F|  |TAMS 0x00000000e3a00000, 0x00000000e3a00000| Untracked 
|  59|0x00000000e3b00000, 0x00000000e3b00000, 0x00000000e3c00000|  0%| F|  |TAMS 0x00000000e3b00000, 0x00000000e3b00000| Untracked 
|  60|0x00000000e3c00000, 0x00000000e3c00000, 0x00000000e3d00000|  0%| F|  |TAMS 0x00000000e3c00000, 0x00000000e3c00000| Untracked 
|  61|0x00000000e3d00000, 0x00000000e3d00000, 0x00000000e3e00000|  0%| F|  |TAMS 0x00000000e3d00000, 0x00000000e3d00000| Untracked 
|  62|0x00000000e3e00000, 0x00000000e3e00000, 0x00000000e3f00000|  0%| F|  |TAMS 0x00000000e3e00000, 0x00000000e3e00000| Untracked 
|  63|0x00000000e3f00000, 0x00000000e3f00000, 0x00000000e4000000|  0%| F|  |TAMS 0x00000000e3f00000, 0x00000000e3f00000| Untracked 
|  64|0x00000000e4000000, 0x00000000e4000000, 0x00000000e4100000|  0%| F|  |TAMS 0x00000000e4000000, 0x00000000e4000000| Untracked 
|  65|0x00000000e4100000, 0x00000000e4100000, 0x00000000e4200000|  0%| F|  |TAMS 0x00000000e4100000, 0x00000000e4100000| Untracked 
|  66|0x00000000e4200000, 0x00000000e4200000, 0x00000000e4300000|  0%| F|  |TAMS 0x00000000e4200000, 0x00000000e4200000| Untracked 
|  67|0x00000000e4300000, 0x00000000e4300000, 0x00000000e4400000|  0%| F|  |TAMS 0x00000000e4300000, 0x00000000e4300000| Untracked 
|  68|0x00000000e4400000, 0x00000000e4400000, 0x00000000e4500000|  0%| F|  |TAMS 0x00000000e4400000, 0x00000000e4400000| Untracked 
|  69|0x00000000e4500000, 0x00000000e4500000, 0x00000000e4600000|  0%| F|  |TAMS 0x00000000e4500000, 0x00000000e4500000| Untracked 
|  70|0x00000000e4600000, 0x00000000e4600000, 0x00000000e4700000|  0%| F|  |TAMS 0x00000000e4600000, 0x00000000e4600000| Untracked 
|  71|0x00000000e4700000, 0x00000000e4700000, 0x00000000e4800000|  0%| F|  |TAMS 0x00000000e4700000, 0x00000000e4700000| Untracked 
|  72|0x00000000e4800000, 0x00000000e4800000, 0x00000000e4900000|  0%| F|  |TAMS 0x00000000e4800000, 0x00000000e4800000| Untracked 
|  73|0x00000000e4900000, 0x00000000e4900000, 0x00000000e4a00000|  0%| F|  |TAMS 0x00000000e4900000, 0x00000000e4900000| Untracked 
|  74|0x00000000e4a00000, 0x00000000e4a00000, 0x00000000e4b00000|  0%| F|  |TAMS 0x00000000e4a00000, 0x00000000e4a00000| Untracked 
|  75|0x00000000e4b00000, 0x00000000e4b00000, 0x00000000e4c00000|  0%| F|  |TAMS 0x00000000e4b00000, 0x00000000e4b00000| Untracked 
|  76|0x00000000e4c00000, 0x00000000e4c00000, 0x00000000e4d00000|  0%| F|  |TAMS 0x00000000e4c00000, 0x00000000e4c00000| Untracked 
|  77|0x00000000e4d00000, 0x00000000e4d00000, 0x00000000e4e00000|  0%| F|  |TAMS 0x00000000e4d00000, 0x00000000e4d00000| Untracked 
|  78|0x00000000e4e00000, 0x00000000e4e00000, 0x00000000e4f00000|  0%| F|  |TAMS 0x00000000e4e00000, 0x00000000e4e00000| Untracked 
|  79|0x00000000e4f00000, 0x00000000e4f00000, 0x00000000e5000000|  0%| F|  |TAMS 0x00000000e4f00000, 0x00000000e4f00000| Untracked 
|  80|0x00000000e5000000, 0x00000000e5000000, 0x00000000e5100000|  0%| F|  |TAMS 0x00000000e5000000, 0x00000000e5000000| Untracked 
|  81|0x00000000e5100000, 0x00000000e5100000, 0x00000000e5200000|  0%| F|  |TAMS 0x00000000e5100000, 0x00000000e5100000| Untracked 
|  82|0x00000000e5200000, 0x00000000e5200000, 0x00000000e5300000|  0%| F|  |TAMS 0x00000000e5200000, 0x00000000e5200000| Untracked 
|  83|0x00000000e5300000, 0x00000000e5300000, 0x00000000e5400000|  0%| F|  |TAMS 0x00000000e5300000, 0x00000000e5300000| Untracked 
|  84|0x00000000e5400000, 0x00000000e5400000, 0x00000000e5500000|  0%| F|  |TAMS 0x00000000e5400000, 0x00000000e5400000| Untracked 
|  85|0x00000000e5500000, 0x00000000e5500000, 0x00000000e5600000|  0%| F|  |TAMS 0x00000000e5500000, 0x00000000e5500000| Untracked 
|  86|0x00000000e5600000, 0x00000000e5600000, 0x00000000e5700000|  0%| F|  |TAMS 0x00000000e5600000, 0x00000000e5600000| Untracked 
|  87|0x00000000e5700000, 0x00000000e5700000, 0x00000000e5800000|  0%| F|  |TAMS 0x00000000e5700000, 0x00000000e5700000| Untracked 
|  88|0x00000000e5800000, 0x00000000e58a2980, 0x00000000e5900000| 63%| S|CS|TAMS 0x00000000e5800000, 0x00000000e5800000| Complete 
|  89|0x00000000e5900000, 0x00000000e5a00000, 0x00000000e5a00000|100%| S|CS|TAMS 0x00000000e5900000, 0x00000000e5900000| Complete 
|  90|0x00000000e5a00000, 0x00000000e5b00000, 0x00000000e5b00000|100%| S|CS|TAMS 0x00000000e5a00000, 0x00000000e5a00000| Complete 
|  91|0x00000000e5b00000, 0x00000000e5c00000, 0x00000000e5c00000|100%| S|CS|TAMS 0x00000000e5b00000, 0x00000000e5b00000| Complete 
|  92|0x00000000e5c00000, 0x00000000e5d00000, 0x00000000e5d00000|100%| S|CS|TAMS 0x00000000e5c00000, 0x00000000e5c00000| Complete 
|  93|0x00000000e5d00000, 0x00000000e5e00000, 0x00000000e5e00000|100%| S|CS|TAMS 0x00000000e5d00000, 0x00000000e5d00000| Complete 
|  94|0x00000000e5e00000, 0x00000000e5f00000, 0x00000000e5f00000|100%| S|CS|TAMS 0x00000000e5e00000, 0x00000000e5e00000| Complete 
|  95|0x00000000e5f00000, 0x00000000e6000000, 0x00000000e6000000|100%| S|CS|TAMS 0x00000000e5f00000, 0x00000000e5f00000| Complete 
|  96|0x00000000e6000000, 0x00000000e6100000, 0x00000000e6100000|100%| S|CS|TAMS 0x00000000e6000000, 0x00000000e6000000| Complete 
|  97|0x00000000e6100000, 0x00000000e6200000, 0x00000000e6200000|100%| S|CS|TAMS 0x00000000e6100000, 0x00000000e6100000| Complete 
|  98|0x00000000e6200000, 0x00000000e6300000, 0x00000000e6300000|100%| S|CS|TAMS 0x00000000e6200000, 0x00000000e6200000| Complete 
|  99|0x00000000e6300000, 0x00000000e6400000, 0x00000000e6400000|100%| S|CS|TAMS 0x00000000e6300000, 0x00000000e6300000| Complete 
| 100|0x00000000e6400000, 0x00000000e6500000, 0x00000000e6500000|100%| S|CS|TAMS 0x00000000e6400000, 0x00000000e6400000| Complete 
| 101|0x00000000e6500000, 0x00000000e6600000, 0x00000000e6600000|100%| S|CS|TAMS 0x00000000e6500000, 0x00000000e6500000| Complete 
| 102|0x00000000e6600000, 0x00000000e6700000, 0x00000000e6700000|100%| S|CS|TAMS 0x00000000e6600000, 0x00000000e6600000| Complete 
| 103|0x00000000e6700000, 0x00000000e6700000, 0x00000000e6800000|  0%| F|  |TAMS 0x00000000e6700000, 0x00000000e6700000| Untracked 
| 104|0x00000000e6800000, 0x00000000e6800000, 0x00000000e6900000|  0%| F|  |TAMS 0x00000000e6800000, 0x00000000e6800000| Untracked 
| 105|0x00000000e6900000, 0x00000000e6900000, 0x00000000e6a00000|  0%| F|  |TAMS 0x00000000e6900000, 0x00000000e6900000| Untracked 
| 106|0x00000000e6a00000, 0x00000000e6a00000, 0x00000000e6b00000|  0%| F|  |TAMS 0x00000000e6a00000, 0x00000000e6a00000| Untracked 
| 107|0x00000000e6b00000, 0x00000000e6b00000, 0x00000000e6c00000|  0%| F|  |TAMS 0x00000000e6b00000, 0x00000000e6b00000| Untracked 
| 108|0x00000000e6c00000, 0x00000000e6c00000, 0x00000000e6d00000|  0%| F|  |TAMS 0x00000000e6c00000, 0x00000000e6c00000| Untracked 
| 109|0x00000000e6d00000, 0x00000000e6d00000, 0x00000000e6e00000|  0%| F|  |TAMS 0x00000000e6d00000, 0x00000000e6d00000| Untracked 
| 110|0x00000000e6e00000, 0x00000000e6e00000, 0x00000000e6f00000|  0%| F|  |TAMS 0x00000000e6e00000, 0x00000000e6e00000| Untracked 
| 111|0x00000000e6f00000, 0x00000000e6f00000, 0x00000000e7000000|  0%| F|  |TAMS 0x00000000e6f00000, 0x00000000e6f00000| Untracked 
| 112|0x00000000e7000000, 0x00000000e7000000, 0x00000000e7100000|  0%| F|  |TAMS 0x00000000e7000000, 0x00000000e7000000| Untracked 
| 113|0x00000000e7100000, 0x00000000e7100000, 0x00000000e7200000|  0%| F|  |TAMS 0x00000000e7100000, 0x00000000e7100000| Untracked 
| 114|0x00000000e7200000, 0x00000000e7200000, 0x00000000e7300000|  0%| F|  |TAMS 0x00000000e7200000, 0x00000000e7200000| Untracked 
| 115|0x00000000e7300000, 0x00000000e7300000, 0x00000000e7400000|  0%| F|  |TAMS 0x00000000e7300000, 0x00000000e7300000| Untracked 
| 116|0x00000000e7400000, 0x00000000e7400000, 0x00000000e7500000|  0%| F|  |TAMS 0x00000000e7400000, 0x00000000e7400000| Untracked 
| 117|0x00000000e7500000, 0x00000000e7500000, 0x00000000e7600000|  0%| F|  |TAMS 0x00000000e7500000, 0x00000000e7500000| Untracked 
| 118|0x00000000e7600000, 0x00000000e7600000, 0x00000000e7700000|  0%| F|  |TAMS 0x00000000e7600000, 0x00000000e7600000| Untracked 
| 119|0x00000000e7700000, 0x00000000e7700000, 0x00000000e7800000|  0%| F|  |TAMS 0x00000000e7700000, 0x00000000e7700000| Untracked 
| 120|0x00000000e7800000, 0x00000000e7800000, 0x00000000e7900000|  0%| F|  |TAMS 0x00000000e7800000, 0x00000000e7800000| Untracked 
| 121|0x00000000e7900000, 0x00000000e7900000, 0x00000000e7a00000|  0%| F|  |TAMS 0x00000000e7900000, 0x00000000e7900000| Untracked 
| 122|0x00000000e7a00000, 0x00000000e7a00000, 0x00000000e7b00000|  0%| F|  |TAMS 0x00000000e7a00000, 0x00000000e7a00000| Untracked 
| 123|0x00000000e7b00000, 0x00000000e7b00000, 0x00000000e7c00000|  0%| F|  |TAMS 0x00000000e7b00000, 0x00000000e7b00000| Untracked 
| 124|0x00000000e7c00000, 0x00000000e7c00000, 0x00000000e7d00000|  0%| F|  |TAMS 0x00000000e7c00000, 0x00000000e7c00000| Untracked 
| 125|0x00000000e7d00000, 0x00000000e7d00000, 0x00000000e7e00000|  0%| F|  |TAMS 0x00000000e7d00000, 0x00000000e7d00000| Untracked 
| 126|0x00000000e7e00000, 0x00000000e7e00000, 0x00000000e7f00000|  0%| F|  |TAMS 0x00000000e7e00000, 0x00000000e7e00000| Untracked 
| 127|0x00000000e7f00000, 0x00000000e7f00000, 0x00000000e8000000|  0%| F|  |TAMS 0x00000000e7f00000, 0x00000000e7f00000| Untracked 
| 128|0x00000000e8000000, 0x00000000e8000000, 0x00000000e8100000|  0%| F|  |TAMS 0x00000000e8000000, 0x00000000e8000000| Untracked 
| 129|0x00000000e8100000, 0x00000000e8100000, 0x00000000e8200000|  0%| F|  |TAMS 0x00000000e8100000, 0x00000000e8100000| Untracked 
| 130|0x00000000e8200000, 0x00000000e8200000, 0x00000000e8300000|  0%| F|  |TAMS 0x00000000e8200000, 0x00000000e8200000| Untracked 
| 131|0x00000000e8300000, 0x00000000e8300000, 0x00000000e8400000|  0%| F|  |TAMS 0x00000000e8300000, 0x00000000e8300000| Untracked 
| 132|0x00000000e8400000, 0x00000000e8400000, 0x00000000e8500000|  0%| F|  |TAMS 0x00000000e8400000, 0x00000000e8400000| Untracked 
| 133|0x00000000e8500000, 0x00000000e8500000, 0x00000000e8600000|  0%| F|  |TAMS 0x00000000e8500000, 0x00000000e8500000| Untracked 
| 134|0x00000000e8600000, 0x00000000e8600000, 0x00000000e8700000|  0%| F|  |TAMS 0x00000000e8600000, 0x00000000e8600000| Untracked 
| 135|0x00000000e8700000, 0x00000000e8700000, 0x00000000e8800000|  0%| F|  |TAMS 0x00000000e8700000, 0x00000000e8700000| Untracked 
| 136|0x00000000e8800000, 0x00000000e8800000, 0x00000000e8900000|  0%| F|  |TAMS 0x00000000e8800000, 0x00000000e8800000| Untracked 
| 137|0x00000000e8900000, 0x00000000e8900000, 0x00000000e8a00000|  0%| F|  |TAMS 0x00000000e8900000, 0x00000000e8900000| Untracked 
| 138|0x00000000e8a00000, 0x00000000e8a00000, 0x00000000e8b00000|  0%| F|  |TAMS 0x00000000e8a00000, 0x00000000e8a00000| Untracked 
| 139|0x00000000e8b00000, 0x00000000e8b00000, 0x00000000e8c00000|  0%| F|  |TAMS 0x00000000e8b00000, 0x00000000e8b00000| Untracked 
| 140|0x00000000e8c00000, 0x00000000e8c00000, 0x00000000e8d00000|  0%| F|  |TAMS 0x00000000e8c00000, 0x00000000e8c00000| Untracked 
| 141|0x00000000e8d00000, 0x00000000e8d00000, 0x00000000e8e00000|  0%| F|  |TAMS 0x00000000e8d00000, 0x00000000e8d00000| Untracked 
| 142|0x00000000e8e00000, 0x00000000e8e00000, 0x00000000e8f00000|  0%| F|  |TAMS 0x00000000e8e00000, 0x00000000e8e00000| Untracked 
| 143|0x00000000e8f00000, 0x00000000e8f00000, 0x00000000e9000000|  0%| F|  |TAMS 0x00000000e8f00000, 0x00000000e8f00000| Untracked 
| 144|0x00000000e9000000, 0x00000000e9000000, 0x00000000e9100000|  0%| F|  |TAMS 0x00000000e9000000, 0x00000000e9000000| Untracked 
| 145|0x00000000e9100000, 0x00000000e9100000, 0x00000000e9200000|  0%| F|  |TAMS 0x00000000e9100000, 0x00000000e9100000| Untracked 
| 146|0x00000000e9200000, 0x00000000e9200000, 0x00000000e9300000|  0%| F|  |TAMS 0x00000000e9200000, 0x00000000e9200000| Untracked 
| 147|0x00000000e9300000, 0x00000000e9300000, 0x00000000e9400000|  0%| F|  |TAMS 0x00000000e9300000, 0x00000000e9300000| Untracked 
| 148|0x00000000e9400000, 0x00000000e9400000, 0x00000000e9500000|  0%| F|  |TAMS 0x00000000e9400000, 0x00000000e9400000| Untracked 
| 149|0x00000000e9500000, 0x00000000e9500000, 0x00000000e9600000|  0%| F|  |TAMS 0x00000000e9500000, 0x00000000e9500000| Untracked 
| 150|0x00000000e9600000, 0x00000000e9600000, 0x00000000e9700000|  0%| F|  |TAMS 0x00000000e9600000, 0x00000000e9600000| Untracked 
| 151|0x00000000e9700000, 0x00000000e9700000, 0x00000000e9800000|  0%| F|  |TAMS 0x00000000e9700000, 0x00000000e9700000| Untracked 
| 152|0x00000000e9800000, 0x00000000e9800000, 0x00000000e9900000|  0%| F|  |TAMS 0x00000000e9800000, 0x00000000e9800000| Untracked 
| 153|0x00000000e9900000, 0x00000000e9900000, 0x00000000e9a00000|  0%| F|  |TAMS 0x00000000e9900000, 0x00000000e9900000| Untracked 
| 154|0x00000000e9a00000, 0x00000000e9a00000, 0x00000000e9b00000|  0%| F|  |TAMS 0x00000000e9a00000, 0x00000000e9a00000| Untracked 
| 155|0x00000000e9b00000, 0x00000000e9b00000, 0x00000000e9c00000|  0%| F|  |TAMS 0x00000000e9b00000, 0x00000000e9b00000| Untracked 
| 156|0x00000000e9c00000, 0x00000000e9c00000, 0x00000000e9d00000|  0%| F|  |TAMS 0x00000000e9c00000, 0x00000000e9c00000| Untracked 
| 157|0x00000000e9d00000, 0x00000000e9d00000, 0x00000000e9e00000|  0%| F|  |TAMS 0x00000000e9d00000, 0x00000000e9d00000| Untracked 
| 158|0x00000000e9e00000, 0x00000000e9e00000, 0x00000000e9f00000|  0%| F|  |TAMS 0x00000000e9e00000, 0x00000000e9e00000| Untracked 
| 159|0x00000000e9f00000, 0x00000000e9f00000, 0x00000000ea000000|  0%| F|  |TAMS 0x00000000e9f00000, 0x00000000e9f00000| Untracked 
| 160|0x00000000ea000000, 0x00000000ea000000, 0x00000000ea100000|  0%| F|  |TAMS 0x00000000ea000000, 0x00000000ea000000| Untracked 
| 161|0x00000000ea100000, 0x00000000ea100000, 0x00000000ea200000|  0%| F|  |TAMS 0x00000000ea100000, 0x00000000ea100000| Untracked 
| 162|0x00000000ea200000, 0x00000000ea200000, 0x00000000ea300000|  0%| F|  |TAMS 0x00000000ea200000, 0x00000000ea200000| Untracked 
| 163|0x00000000ea300000, 0x00000000ea300000, 0x00000000ea400000|  0%| F|  |TAMS 0x00000000ea300000, 0x00000000ea300000| Untracked 
| 164|0x00000000ea400000, 0x00000000ea400000, 0x00000000ea500000|  0%| F|  |TAMS 0x00000000ea400000, 0x00000000ea400000| Untracked 
| 165|0x00000000ea500000, 0x00000000ea500000, 0x00000000ea600000|  0%| F|  |TAMS 0x00000000ea500000, 0x00000000ea500000| Untracked 
| 166|0x00000000ea600000, 0x00000000ea600000, 0x00000000ea700000|  0%| F|  |TAMS 0x00000000ea600000, 0x00000000ea600000| Untracked 
| 167|0x00000000ea700000, 0x00000000ea700000, 0x00000000ea800000|  0%| F|  |TAMS 0x00000000ea700000, 0x00000000ea700000| Untracked 
| 168|0x00000000ea800000, 0x00000000ea800000, 0x00000000ea900000|  0%| F|  |TAMS 0x00000000ea800000, 0x00000000ea800000| Untracked 
| 169|0x00000000ea900000, 0x00000000ea900000, 0x00000000eaa00000|  0%| F|  |TAMS 0x00000000ea900000, 0x00000000ea900000| Untracked 
| 170|0x00000000eaa00000, 0x00000000eaa00000, 0x00000000eab00000|  0%| F|  |TAMS 0x00000000eaa00000, 0x00000000eaa00000| Untracked 
| 171|0x00000000eab00000, 0x00000000eab00000, 0x00000000eac00000|  0%| F|  |TAMS 0x00000000eab00000, 0x00000000eab00000| Untracked 
| 172|0x00000000eac00000, 0x00000000eac00000, 0x00000000ead00000|  0%| F|  |TAMS 0x00000000eac00000, 0x00000000eac00000| Untracked 
| 173|0x00000000ead00000, 0x00000000ead00000, 0x00000000eae00000|  0%| F|  |TAMS 0x00000000ead00000, 0x00000000ead00000| Untracked 
| 174|0x00000000eae00000, 0x00000000eae00000, 0x00000000eaf00000|  0%| F|  |TAMS 0x00000000eae00000, 0x00000000eae00000| Untracked 
| 175|0x00000000eaf00000, 0x00000000eaf00000, 0x00000000eb000000|  0%| F|  |TAMS 0x00000000eaf00000, 0x00000000eaf00000| Untracked 
| 176|0x00000000eb000000, 0x00000000eb000000, 0x00000000eb100000|  0%| F|  |TAMS 0x00000000eb000000, 0x00000000eb000000| Untracked 
| 177|0x00000000eb100000, 0x00000000eb100000, 0x00000000eb200000|  0%| F|  |TAMS 0x00000000eb100000, 0x00000000eb100000| Untracked 
| 178|0x00000000eb200000, 0x00000000eb200000, 0x00000000eb300000|  0%| F|  |TAMS 0x00000000eb200000, 0x00000000eb200000| Untracked 
| 179|0x00000000eb300000, 0x00000000eb300000, 0x00000000eb400000|  0%| F|  |TAMS 0x00000000eb300000, 0x00000000eb300000| Untracked 
| 180|0x00000000eb400000, 0x00000000eb400000, 0x00000000eb500000|  0%| F|  |TAMS 0x00000000eb400000, 0x00000000eb400000| Untracked 
| 181|0x00000000eb500000, 0x00000000eb500000, 0x00000000eb600000|  0%| F|  |TAMS 0x00000000eb500000, 0x00000000eb500000| Untracked 
| 182|0x00000000eb600000, 0x00000000eb600000, 0x00000000eb700000|  0%| F|  |TAMS 0x00000000eb600000, 0x00000000eb600000| Untracked 
| 183|0x00000000eb700000, 0x00000000eb700000, 0x00000000eb800000|  0%| F|  |TAMS 0x00000000eb700000, 0x00000000eb700000| Untracked 
| 184|0x00000000eb800000, 0x00000000eb800000, 0x00000000eb900000|  0%| F|  |TAMS 0x00000000eb800000, 0x00000000eb800000| Untracked 
| 185|0x00000000eb900000, 0x00000000eb900000, 0x00000000eba00000|  0%| F|  |TAMS 0x00000000eb900000, 0x00000000eb900000| Untracked 
| 186|0x00000000eba00000, 0x00000000eba00000, 0x00000000ebb00000|  0%| F|  |TAMS 0x00000000eba00000, 0x00000000eba00000| Untracked 
| 187|0x00000000ebb00000, 0x00000000ebb00000, 0x00000000ebc00000|  0%| F|  |TAMS 0x00000000ebb00000, 0x00000000ebb00000| Untracked 
| 188|0x00000000ebc00000, 0x00000000ebc00000, 0x00000000ebd00000|  0%| F|  |TAMS 0x00000000ebc00000, 0x00000000ebc00000| Untracked 
| 189|0x00000000ebd00000, 0x00000000ebd00000, 0x00000000ebe00000|  0%| F|  |TAMS 0x00000000ebd00000, 0x00000000ebd00000| Untracked 
| 190|0x00000000ebe00000, 0x00000000ebe00000, 0x00000000ebf00000|  0%| F|  |TAMS 0x00000000ebe00000, 0x00000000ebe00000| Untracked 
| 191|0x00000000ebf00000, 0x00000000ebf00000, 0x00000000ec000000|  0%| F|  |TAMS 0x00000000ebf00000, 0x00000000ebf00000| Untracked 
| 192|0x00000000ec000000, 0x00000000ec000000, 0x00000000ec100000|  0%| F|  |TAMS 0x00000000ec000000, 0x00000000ec000000| Untracked 
| 193|0x00000000ec100000, 0x00000000ec100000, 0x00000000ec200000|  0%| F|  |TAMS 0x00000000ec100000, 0x00000000ec100000| Untracked 
| 194|0x00000000ec200000, 0x00000000ec200000, 0x00000000ec300000|  0%| F|  |TAMS 0x00000000ec200000, 0x00000000ec200000| Untracked 
| 195|0x00000000ec300000, 0x00000000ec300000, 0x00000000ec400000|  0%| F|  |TAMS 0x00000000ec300000, 0x00000000ec300000| Untracked 
| 196|0x00000000ec400000, 0x00000000ec400000, 0x00000000ec500000|  0%| F|  |TAMS 0x00000000ec400000, 0x00000000ec400000| Untracked 
| 197|0x00000000ec500000, 0x00000000ec500000, 0x00000000ec600000|  0%| F|  |TAMS 0x00000000ec500000, 0x00000000ec500000| Untracked 
| 198|0x00000000ec600000, 0x00000000ec600000, 0x00000000ec700000|  0%| F|  |TAMS 0x00000000ec600000, 0x00000000ec600000| Untracked 
| 199|0x00000000ec700000, 0x00000000ec700000, 0x00000000ec800000|  0%| F|  |TAMS 0x00000000ec700000, 0x00000000ec700000| Untracked 
| 200|0x00000000ec800000, 0x00000000ec800000, 0x00000000ec900000|  0%| F|  |TAMS 0x00000000ec800000, 0x00000000ec800000| Untracked 
| 201|0x00000000ec900000, 0x00000000ec900000, 0x00000000eca00000|  0%| F|  |TAMS 0x00000000ec900000, 0x00000000ec900000| Untracked 
| 202|0x00000000eca00000, 0x00000000eca00000, 0x00000000ecb00000|  0%| F|  |TAMS 0x00000000eca00000, 0x00000000eca00000| Untracked 
| 203|0x00000000ecb00000, 0x00000000ecb00000, 0x00000000ecc00000|  0%| F|  |TAMS 0x00000000ecb00000, 0x00000000ecb00000| Untracked 
| 204|0x00000000ecc00000, 0x00000000ecc00000, 0x00000000ecd00000|  0%| F|  |TAMS 0x00000000ecc00000, 0x00000000ecc00000| Untracked 
| 205|0x00000000ecd00000, 0x00000000ecd00000, 0x00000000ece00000|  0%| F|  |TAMS 0x00000000ecd00000, 0x00000000ecd00000| Untracked 
| 206|0x00000000ece00000, 0x00000000ece00000, 0x00000000ecf00000|  0%| F|  |TAMS 0x00000000ece00000, 0x00000000ece00000| Untracked 
| 207|0x00000000ecf00000, 0x00000000ecf00000, 0x00000000ed000000|  0%| F|  |TAMS 0x00000000ecf00000, 0x00000000ecf00000| Untracked 
| 208|0x00000000ed000000, 0x00000000ed000000, 0x00000000ed100000|  0%| F|  |TAMS 0x00000000ed000000, 0x00000000ed000000| Untracked 
| 209|0x00000000ed100000, 0x00000000ed100000, 0x00000000ed200000|  0%| F|  |TAMS 0x00000000ed100000, 0x00000000ed100000| Untracked 
| 210|0x00000000ed200000, 0x00000000ed200000, 0x00000000ed300000|  0%| F|  |TAMS 0x00000000ed200000, 0x00000000ed200000| Untracked 
| 211|0x00000000ed300000, 0x00000000ed300000, 0x00000000ed400000|  0%| F|  |TAMS 0x00000000ed300000, 0x00000000ed300000| Untracked 
| 212|0x00000000ed400000, 0x00000000ed400000, 0x00000000ed500000|  0%| F|  |TAMS 0x00000000ed400000, 0x00000000ed400000| Untracked 
| 213|0x00000000ed500000, 0x00000000ed500000, 0x00000000ed600000|  0%| F|  |TAMS 0x00000000ed500000, 0x00000000ed500000| Untracked 
| 214|0x00000000ed600000, 0x00000000ed680800, 0x00000000ed700000| 50%| E|  |TAMS 0x00000000ed600000, 0x00000000ed600000| Complete 
| 215|0x00000000ed700000, 0x00000000ed800000, 0x00000000ed800000|100%| E|CS|TAMS 0x00000000ed700000, 0x00000000ed700000| Complete 
| 216|0x00000000ed800000, 0x00000000ed900000, 0x00000000ed900000|100%| E|CS|TAMS 0x00000000ed800000, 0x00000000ed800000| Complete 
| 217|0x00000000ed900000, 0x00000000eda00000, 0x00000000eda00000|100%| E|CS|TAMS 0x00000000ed900000, 0x00000000ed900000| Complete 
| 218|0x00000000eda00000, 0x00000000edb00000, 0x00000000edb00000|100%| E|CS|TAMS 0x00000000eda00000, 0x00000000eda00000| Complete 
| 219|0x00000000edb00000, 0x00000000edc00000, 0x00000000edc00000|100%| E|CS|TAMS 0x00000000edb00000, 0x00000000edb00000| Complete 
| 220|0x00000000edc00000, 0x00000000edd00000, 0x00000000edd00000|100%| E|CS|TAMS 0x00000000edc00000, 0x00000000edc00000| Complete 
| 221|0x00000000edd00000, 0x00000000ede00000, 0x00000000ede00000|100%| E|CS|TAMS 0x00000000edd00000, 0x00000000edd00000| Complete 
| 222|0x00000000ede00000, 0x00000000edf00000, 0x00000000edf00000|100%| E|CS|TAMS 0x00000000ede00000, 0x00000000ede00000| Complete 
| 223|0x00000000edf00000, 0x00000000ee000000, 0x00000000ee000000|100%| E|CS|TAMS 0x00000000edf00000, 0x00000000edf00000| Complete 
| 224|0x00000000ee000000, 0x00000000ee100000, 0x00000000ee100000|100%| E|CS|TAMS 0x00000000ee000000, 0x00000000ee000000| Complete 
| 225|0x00000000ee100000, 0x00000000ee200000, 0x00000000ee200000|100%| E|CS|TAMS 0x00000000ee100000, 0x00000000ee100000| Complete 
| 226|0x00000000ee200000, 0x00000000ee300000, 0x00000000ee300000|100%| E|CS|TAMS 0x00000000ee200000, 0x00000000ee200000| Complete 
| 227|0x00000000ee300000, 0x00000000ee400000, 0x00000000ee400000|100%| E|CS|TAMS 0x00000000ee300000, 0x00000000ee300000| Complete 
| 228|0x00000000ee400000, 0x00000000ee500000, 0x00000000ee500000|100%| E|CS|TAMS 0x00000000ee400000, 0x00000000ee400000| Complete 
| 229|0x00000000ee500000, 0x00000000ee600000, 0x00000000ee600000|100%| E|CS|TAMS 0x00000000ee500000, 0x00000000ee500000| Complete 
| 230|0x00000000ee600000, 0x00000000ee700000, 0x00000000ee700000|100%| E|CS|TAMS 0x00000000ee600000, 0x00000000ee600000| Complete 
| 231|0x00000000ee700000, 0x00000000ee800000, 0x00000000ee800000|100%| E|CS|TAMS 0x00000000ee700000, 0x00000000ee700000| Complete 
| 232|0x00000000ee800000, 0x00000000ee900000, 0x00000000ee900000|100%| E|CS|TAMS 0x00000000ee800000, 0x00000000ee800000| Complete 
| 233|0x00000000ee900000, 0x00000000eea00000, 0x00000000eea00000|100%| E|CS|TAMS 0x00000000ee900000, 0x00000000ee900000| Complete 
| 234|0x00000000eea00000, 0x00000000eeb00000, 0x00000000eeb00000|100%| E|CS|TAMS 0x00000000eea00000, 0x00000000eea00000| Complete 
| 235|0x00000000eeb00000, 0x00000000eec00000, 0x00000000eec00000|100%| E|CS|TAMS 0x00000000eeb00000, 0x00000000eeb00000| Complete 
| 236|0x00000000eec00000, 0x00000000eed00000, 0x00000000eed00000|100%| E|CS|TAMS 0x00000000eec00000, 0x00000000eec00000| Complete 
| 237|0x00000000eed00000, 0x00000000eee00000, 0x00000000eee00000|100%| E|CS|TAMS 0x00000000eed00000, 0x00000000eed00000| Complete 
| 238|0x00000000eee00000, 0x00000000eef00000, 0x00000000eef00000|100%| E|CS|TAMS 0x00000000eee00000, 0x00000000eee00000| Complete 
| 239|0x00000000eef00000, 0x00000000ef000000, 0x00000000ef000000|100%| E|CS|TAMS 0x00000000eef00000, 0x00000000eef00000| Complete 
| 240|0x00000000ef000000, 0x00000000ef100000, 0x00000000ef100000|100%| E|CS|TAMS 0x00000000ef000000, 0x00000000ef000000| Complete 
| 241|0x00000000ef100000, 0x00000000ef200000, 0x00000000ef200000|100%| E|CS|TAMS 0x00000000ef100000, 0x00000000ef100000| Complete 
| 242|0x00000000ef200000, 0x00000000ef300000, 0x00000000ef300000|100%| E|CS|TAMS 0x00000000ef200000, 0x00000000ef200000| Complete 
| 243|0x00000000ef300000, 0x00000000ef400000, 0x00000000ef400000|100%| E|CS|TAMS 0x00000000ef300000, 0x00000000ef300000| Complete 
| 244|0x00000000ef400000, 0x00000000ef500000, 0x00000000ef500000|100%| E|CS|TAMS 0x00000000ef400000, 0x00000000ef400000| Complete 
| 245|0x00000000ef500000, 0x00000000ef600000, 0x00000000ef600000|100%| E|CS|TAMS 0x00000000ef500000, 0x00000000ef500000| Complete 
| 246|0x00000000ef600000, 0x00000000ef700000, 0x00000000ef700000|100%| E|CS|TAMS 0x00000000ef600000, 0x00000000ef600000| Complete 
| 247|0x00000000ef700000, 0x00000000ef800000, 0x00000000ef800000|100%| E|CS|TAMS 0x00000000ef700000, 0x00000000ef700000| Complete 
| 248|0x00000000ef800000, 0x00000000ef900000, 0x00000000ef900000|100%| E|CS|TAMS 0x00000000ef800000, 0x00000000ef800000| Complete 
| 249|0x00000000ef900000, 0x00000000efa00000, 0x00000000efa00000|100%| E|CS|TAMS 0x00000000ef900000, 0x00000000ef900000| Complete 
| 250|0x00000000efa00000, 0x00000000efb00000, 0x00000000efb00000|100%| E|CS|TAMS 0x00000000efa00000, 0x00000000efa00000| Complete 
| 251|0x00000000efb00000, 0x00000000efc00000, 0x00000000efc00000|100%| E|CS|TAMS 0x00000000efb00000, 0x00000000efb00000| Complete 
| 252|0x00000000efc00000, 0x00000000efd00000, 0x00000000efd00000|100%| E|CS|TAMS 0x00000000efc00000, 0x00000000efc00000| Complete 
| 253|0x00000000efd00000, 0x00000000efe00000, 0x00000000efe00000|100%| E|CS|TAMS 0x00000000efd00000, 0x00000000efd00000| Complete 
| 254|0x00000000efe00000, 0x00000000eff00000, 0x00000000eff00000|100%| E|CS|TAMS 0x00000000efe00000, 0x00000000efe00000| Complete 
| 255|0x00000000eff00000, 0x00000000f0000000, 0x00000000f0000000|100%| E|CS|TAMS 0x00000000eff00000, 0x00000000eff00000| Complete 

Card table byte_map: [0x000001bc71570000,0x000001bc71670000] _byte_map_base: 0x000001bc70e70000

Marking Bits (Prev, Next): (CMBitMap*) 0x000001bc698b0a80, (CMBitMap*) 0x000001bc698b0ac0
 Prev Bits: [0x000001bc71770000, 0x000001bc71f70000)
 Next Bits: [0x000001bc71f70000, 0x000001bc72770000)

Polling page: 0x000001bc68fc0000

Metaspace:

Usage:
  Non-class:     42.64 MB used.
      Class:      7.09 MB used.
       Both:     49.73 MB used.

Virtual space:
  Non-class space:       64.00 MB reserved,      42.94 MB ( 67%) committed,  1 nodes.
      Class space:      320.00 MB reserved,       7.38 MB (  2%) committed,  1 nodes.
             Both:      384.00 MB reserved,      50.31 MB ( 13%) committed. 

Chunk freelists:
   Non-Class:  4.78 MB
       Class:  8.48 MB
        Both:  13.26 MB

MaxMetaspaceSize: 384.00 MB
CompressedClassSpaceSize: 320.00 MB
Initial GC threshold: 21.00 MB
Current GC threshold: 59.00 MB
CDS: on
MetaspaceReclaimPolicy: balanced
 - commit_granule_bytes: 65536.
 - commit_granule_words: 8192.
 - virtual_space_node_default_size: 8388608.
 - enlarge_chunks_in_place: 1.
 - new_chunks_are_fully_committed: 0.
 - uncommit_free_chunks: 1.
 - use_allocation_guard: 0.
 - handle_deallocations: 1.


Internal statistics:

num_allocs_failed_limit: 6.
num_arena_births: 608.
num_arena_deaths: 0.
num_vsnodes_births: 2.
num_vsnodes_deaths: 0.
num_space_committed: 805.
num_space_uncommitted: 0.
num_chunks_returned_to_freelist: 6.
num_chunks_taken_from_freelist: 2714.
num_chunk_merges: 6.
num_chunk_splits: 1735.
num_chunks_enlarged: 1152.
num_inconsistent_stats: 0.

CodeHeap 'non-profiled nmethods': size=120000Kb used=3437Kb max_used=3437Kb free=116562Kb
 bounds [0x000001bc07ad0000, 0x000001bc07e30000, 0x000001bc0f000000]
CodeHeap 'profiled nmethods': size=120000Kb used=11178Kb max_used=11178Kb free=108821Kb
 bounds [0x000001bc00000000, 0x000001bc00af0000, 0x000001bc07530000]
CodeHeap 'non-nmethods': size=5760Kb used=2333Kb max_used=2419Kb free=3427Kb
 bounds [0x000001bc07530000, 0x000001bc077b0000, 0x000001bc07ad0000]
 total_blobs=6441 nmethods=5592 adapters=761
 compilation: enabled
              stopped_count=0, restarted_count=0
 full_count=0

Compilation events (20 events):
Event: 16.287 Thread 0x000001bc751e3270 6332       3       org.codehaus.groovy.runtime.metaclass.MetaMethodIndex::resize (103 bytes)
Event: 16.288 Thread 0x000001bc751e3270 nmethod 6332 0x000001bc00ad2090 code [0x000001bc00ad2260, 0x000001bc00ad2838]
Event: 16.292 Thread 0x000001bc751e3270 6333 %     3       groovy.lang.MetaClassImpl::inheritInterfaceNewMetaMethods @ 100 (195 bytes)
Event: 16.294 Thread 0x000001bc751e3270 nmethod 6333% 0x000001bc00ad2a10 code [0x000001bc00ad2d20, 0x000001bc00ad4358]
Event: 16.295 Thread 0x000001bc751e3270 6334       3       groovy.lang.MetaClassImpl::inheritInterfaceNewMetaMethods (195 bytes)
Event: 16.296 Thread 0x000001bc751e3270 nmethod 6334 0x000001bc00ad4b10 code [0x000001bc00ad4e00, 0x000001bc00ad6118]
Event: 16.297 Thread 0x000001bc751e3270 6335       3       org.codehaus.groovy.util.FastArray::add (71 bytes)
Event: 16.297 Thread 0x000001bc751e3270 nmethod 6335 0x000001bc00ad6790 code [0x000001bc00ad6960, 0x000001bc00ad6e88]
Event: 16.297 Thread 0x000001bc751e3270 6336       3       org.codehaus.groovy.reflection.stdclasses.CachedSAMClass::isAssignableFrom (30 bytes)
Event: 16.298 Thread 0x000001bc751e3270 nmethod 6336 0x000001bc00ad7010 code [0x000001bc00ad71e0, 0x000001bc00ad74f8]
Event: 16.305 Thread 0x000001bc751e3270 6337       3       com.sun.beans.util.Cache$CacheEntry::matches (53 bytes)
Event: 16.305 Thread 0x000001bc751e3270 nmethod 6337 0x000001bc00ad7610 code [0x000001bc00ad77e0, 0x000001bc00ad7c98]
Event: 16.306 Thread 0x000001bc751e3270 6338       3       sun.reflect.generics.reflectiveObjects.TypeVariableImpl::toString (5 bytes)
Event: 16.306 Thread 0x000001bc751e3270 nmethod 6338 0x000001bc00ad7e10 code [0x000001bc00ad7fa0, 0x000001bc00ad80d8]
Event: 17.500 Thread 0x000001bc751e3270 6340       3       java.lang.invoke.DirectMethodHandle$Holder::invokeStatic (14 bytes)
Event: 17.500 Thread 0x000001bc751e3270 nmethod 6340 0x000001bc00ad8190 code [0x000001bc00ad8360, 0x000001bc00ad8878]
Event: 17.500 Thread 0x000001bc751e3270 6341       3       java.lang.invoke.DirectMethodHandle$Holder::invokeStatic (17 bytes)
Event: 17.500 Thread 0x000001bc751e3270 nmethod 6341 0x000001bc00ad8990 code [0x000001bc00ad8b60, 0x000001bc00ad8ff8]
Event: 17.500 Thread 0x000001bc751e3270 6342       3       java.util.Spliterators::emptySpliterator (4 bytes)
Event: 17.500 Thread 0x000001bc751e3270 nmethod 6342 0x000001bc00ad9110 code [0x000001bc00ad92a0, 0x000001bc00ad9398]

GC Heap History (12 events):
Event: 0.933 GC heap before
{Heap before GC invocations=0 (full 0):
 garbage-first heap   total 262144K, used 23552K [0x00000000e0000000, 0x0000000100000000)
  region size 1024K, 23 young (23552K), 0 survivors (0K)
 Metaspace       used 1049K, committed 1216K, reserved 393216K
  class space    used 72K, committed 128K, reserved 327680K
}
Event: 0.935 GC heap after
{Heap after GC invocations=1 (full 0):
 garbage-first heap   total 262144K, used 2090K [0x00000000e0000000, 0x0000000100000000)
  region size 1024K, 3 young (3072K), 3 survivors (3072K)
 Metaspace       used 1049K, committed 1216K, reserved 393216K
  class space    used 72K, committed 128K, reserved 327680K
}
Event: 2.292 GC heap before
{Heap before GC invocations=1 (full 0):
 garbage-first heap   total 262144K, used 42026K [0x00000000e0000000, 0x0000000100000000)
  region size 1024K, 39 young (39936K), 3 survivors (3072K)
 Metaspace       used 4394K, committed 4544K, reserved 393216K
  class space    used 548K, committed 640K, reserved 327680K
}
Event: 2.297 GC heap after
{Heap after GC invocations=2 (full 0):
 garbage-first heap   total 262144K, used 11153K [0x00000000e0000000, 0x0000000100000000)
  region size 1024K, 5 young (5120K), 5 survivors (5120K)
 Metaspace       used 4394K, committed 4544K, reserved 393216K
  class space    used 548K, committed 640K, reserved 327680K
}
Event: 3.295 GC heap before
{Heap before GC invocations=2 (full 0):
 garbage-first heap   total 262144K, used 62353K [0x00000000e0000000, 0x0000000100000000)
  region size 1024K, 53 young (54272K), 5 survivors (5120K)
 Metaspace       used 5037K, committed 5248K, reserved 393216K
  class space    used 658K, committed 768K, reserved 327680K
}
Event: 3.299 GC heap after
{Heap after GC invocations=3 (full 0):
 garbage-first heap   total 262144K, used 16918K [0x00000000e0000000, 0x0000000100000000)
  region size 1024K, 5 young (5120K), 5 survivors (5120K)
 Metaspace       used 5037K, committed 5248K, reserved 393216K
  class space    used 658K, committed 768K, reserved 327680K
}
Event: 8.153 GC heap before
{Heap before GC invocations=3 (full 0):
 garbage-first heap   total 262144K, used 123414K [0x00000000e0000000, 0x0000000100000000)
  region size 1024K, 110 young (112640K), 5 survivors (5120K)
 Metaspace       used 21150K, committed 21504K, reserved 393216K
  class space    used 3075K, committed 3264K, reserved 327680K
}
Event: 8.166 GC heap after
{Heap after GC invocations=4 (full 0):
 garbage-first heap   total 262144K, used 24218K [0x00000000e0000000, 0x0000000100000000)
  region size 1024K, 12 young (12288K), 12 survivors (12288K)
 Metaspace       used 21150K, committed 21504K, reserved 393216K
  class space    used 3075K, committed 3264K, reserved 327680K
}
Event: 11.655 GC heap before
{Heap before GC invocations=5 (full 0):
 garbage-first heap   total 262144K, used 148122K [0x00000000e0000000, 0x0000000100000000)
  region size 1024K, 130 young (133120K), 12 survivors (12288K)
 Metaspace       used 35663K, committed 36096K, reserved 393216K
  class space    used 4937K, committed 5120K, reserved 327680K
}
Event: 11.672 GC heap after
{Heap after GC invocations=6 (full 0):
 garbage-first heap   total 262144K, used 33518K [0x00000000e0000000, 0x0000000100000000)
  region size 1024K, 17 young (17408K), 17 survivors (17408K)
 Metaspace       used 35663K, committed 36096K, reserved 393216K
  class space    used 4937K, committed 5120K, reserved 327680K
}
Event: 15.615 GC heap before
{Heap before GC invocations=7 (full 0):
 garbage-first heap   total 262144K, used 173806K [0x00000000e0000000, 0x0000000100000000)
  region size 1024K, 153 young (156672K), 17 survivors (17408K)
 Metaspace       used 49334K, committed 49920K, reserved 393216K
  class space    used 7021K, committed 7296K, reserved 327680K
}
Event: 15.632 GC heap after
{Heap after GC invocations=8 (full 0):
 garbage-first heap   total 262144K, used 38679K [0x00000000e0000000, 0x0000000100000000)
  region size 1024K, 15 young (15360K), 15 survivors (15360K)
 Metaspace       used 49334K, committed 49920K, reserved 393216K
  class space    used 7021K, committed 7296K, reserved 327680K
}

Deoptimization events (20 events):
Event: 16.221 Thread 0x000001bc7541d050 Uncommon trap: trap_request=0xffffffc6 fr.pc=0x000001bc07d5c624 relative=0x00000000000011e4
Event: 16.221 Thread 0x000001bc7541d050 Uncommon trap: reason=bimorphic_or_optimized_type_check action=maybe_recompile pc=0x000001bc07d5c624 method=org.codehaus.groovy.runtime.metaclass.MetaMethodIndex.isOverridden(Lgroovy/lang/MetaMethod;Lgroovy/lang/MetaMethod;)Z @ 56 c2
Event: 16.221 Thread 0x000001bc7541d050 DEOPT PACKING pc=0x000001bc07d5c624 sp=0x000000917fcf71d0
Event: 16.221 Thread 0x000001bc7541d050 DEOPT UNPACKING pc=0x000001bc075823a3 sp=0x000000917fcf7178 mode 2
Event: 16.222 Thread 0x000001bc7541d050 Uncommon trap: trap_request=0xffffffc6 fr.pc=0x000001bc07d5eda8 relative=0x0000000000003968
Event: 16.222 Thread 0x000001bc7541d050 Uncommon trap: reason=bimorphic_or_optimized_type_check action=maybe_recompile pc=0x000001bc07d5eda8 method=org.codehaus.groovy.runtime.metaclass.MetaMethodIndex.isOverridden(Lgroovy/lang/MetaMethod;Lgroovy/lang/MetaMethod;)Z @ 10 c2
Event: 16.222 Thread 0x000001bc7541d050 DEOPT PACKING pc=0x000001bc07d5eda8 sp=0x000000917fcf7130
Event: 16.222 Thread 0x000001bc7541d050 DEOPT UNPACKING pc=0x000001bc075823a3 sp=0x000000917fcf70d8 mode 2
Event: 16.236 Thread 0x000001bc7541d050 Uncommon trap: trap_request=0xffffffde fr.pc=0x000001bc07e1ec58 relative=0x00000000000015d8
Event: 16.236 Thread 0x000001bc7541d050 Uncommon trap: reason=class_check action=maybe_recompile pc=0x000001bc07e1ec58 method=java.util.WeakHashMap.matchesKey(Ljava/util/WeakHashMap$Entry;Ljava/lang/Object;)Z @ 21 c2
Event: 16.236 Thread 0x000001bc7541d050 DEOPT PACKING pc=0x000001bc07e1ec58 sp=0x000000917fcf63d0
Event: 16.236 Thread 0x000001bc7541d050 DEOPT UNPACKING pc=0x000001bc075823a3 sp=0x000000917fcf6350 mode 2
Event: 16.242 Thread 0x000001bc7541d050 Uncommon trap: trap_request=0xffffffde fr.pc=0x000001bc07e1ec58 relative=0x00000000000015d8
Event: 16.242 Thread 0x000001bc7541d050 Uncommon trap: reason=class_check action=maybe_recompile pc=0x000001bc07e1ec58 method=java.util.WeakHashMap.matchesKey(Ljava/util/WeakHashMap$Entry;Ljava/lang/Object;)Z @ 21 c2
Event: 16.242 Thread 0x000001bc7541d050 DEOPT PACKING pc=0x000001bc07e1ec58 sp=0x000000917fcf66d0
Event: 16.242 Thread 0x000001bc7541d050 DEOPT UNPACKING pc=0x000001bc075823a3 sp=0x000000917fcf6650 mode 2
Event: 16.259 Thread 0x000001bc7541d050 Uncommon trap: trap_request=0xffffffc6 fr.pc=0x000001bc07d5eda8 relative=0x0000000000003968
Event: 16.259 Thread 0x000001bc7541d050 Uncommon trap: reason=bimorphic_or_optimized_type_check action=maybe_recompile pc=0x000001bc07d5eda8 method=org.codehaus.groovy.runtime.metaclass.MetaMethodIndex.isOverridden(Lgroovy/lang/MetaMethod;Lgroovy/lang/MetaMethod;)Z @ 10 c2
Event: 16.259 Thread 0x000001bc7541d050 DEOPT PACKING pc=0x000001bc07d5eda8 sp=0x000000917fcf5e90
Event: 16.259 Thread 0x000001bc7541d050 DEOPT UNPACKING pc=0x000001bc075823a3 sp=0x000000917fcf5e38 mode 2

Classes unloaded (0 events):
No events

Classes redefined (0 events):
No events

Internal exceptions (20 events):
Event: 16.238 Thread 0x000001bc7541d050 Exception <a 'java/lang/ClassNotFoundException'{0x00000000ee7f0a58}: org/gradle/api/internal/AbstractNamedDomainObjectContainerCustomizer> (0x00000000ee7f0a58) 
thrown [s\open\src\hotspot\share\classfile\systemDictionary.cpp, line 256]
Event: 16.242 Thread 0x000001bc7541d050 Exception <a 'java/lang/ClassNotFoundException'{0x00000000ee619418}: org/gradle/api/internal/AbstractValidatingNamedDomainObjectContainerCustomizer> (0x00000000ee619418) 
thrown [s\open\src\hotspot\share\classfile\systemDictionary.cpp, line 256]
Event: 16.244 Thread 0x000001bc7541d050 Exception <a 'java/lang/ClassNotFoundException'{0x00000000ee63e1f8}: org/gradle/api/internal/artifacts/configurations/DefaultConfigurationContainerCustomizer> (0x00000000ee63e1f8) 
thrown [s\open\src\hotspot\share\classfile\systemDictionary.cpp, line 256]
Event: 16.247 Thread 0x000001bc7541d050 Exception <a 'java/lang/ClassNotFoundException'{0x00000000ee68bb00}: org/gradle/api/internal/artifacts/configurations/DefaultConfigurationContainer_DecoratedCustomizer> (0x00000000ee68bb00) 
thrown [s\open\src\hotspot\share\classfile\systemDictionary.cpp, line 256]
Event: 16.262 Thread 0x000001bc7541d050 Exception <a 'java/lang/ClassNotFoundException'{0x00000000ee338800}: org/gradle/api/internal/artifacts/configurations/DefaultLegacyConfiguration_DecoratedBeanInfo> (0x00000000ee338800) 
thrown [s\open\src\hotspot\share\classfile\systemDictionary.cpp, line 256]
Event: 16.264 Thread 0x000001bc7541d050 Exception <a 'java/lang/ClassNotFoundException'{0x00000000ee351e38}: org/gradle/api/internal/artifacts/configurations/DefaultLegacyConfigurationBeanInfo> (0x00000000ee351e38) 
thrown [s\open\src\hotspot\share\classfile\systemDictionary.cpp, line 256]
Event: 16.266 Thread 0x000001bc7541d050 Exception <a 'java/lang/ClassNotFoundException'{0x00000000ee36b3d0}: org/gradle/api/internal/artifacts/configurations/DefaultConfigurationBeanInfo> (0x00000000ee36b3d0) 
thrown [s\open\src\hotspot\share\classfile\systemDictionary.cpp, line 256]
Event: 16.267 Thread 0x000001bc7541d050 Exception <a 'java/lang/ClassNotFoundException'{0x00000000ee381c30}: org/gradle/api/internal/file/AbstractFileCollectionBeanInfo> (0x00000000ee381c30) 
thrown [s\open\src\hotspot\share\classfile\systemDictionary.cpp, line 256]
Event: 16.269 Thread 0x000001bc7541d050 Exception <a 'java/lang/ClassNotFoundException'{0x00000000ee3981e0}: org/gradle/api/internal/file/AbstractFileCollectionCustomizer> (0x00000000ee3981e0) 
thrown [s\open\src\hotspot\share\classfile\systemDictionary.cpp, line 256]
Event: 16.271 Thread 0x000001bc7541d050 Exception <a 'java/lang/ClassNotFoundException'{0x00000000ee3c30b8}: org/gradle/api/internal/artifacts/configurations/DefaultConfigurationCustomizer> (0x00000000ee3c30b8) 
thrown [s\open\src\hotspot\share\classfile\systemDictionary.cpp, line 256]
Event: 16.275 Thread 0x000001bc7541d050 Exception <a 'java/lang/ClassNotFoundException'{0x00000000ee230de0}: org/gradle/api/internal/artifacts/configurations/DefaultLegacyConfigurationCustomizer> (0x00000000ee230de0) 
thrown [s\open\src\hotspot\share\classfile\systemDictionary.cpp, line 256]
Event: 16.276 Thread 0x000001bc7541d050 Exception <a 'java/lang/ClassNotFoundException'{0x00000000ee257e30}: org/gradle/api/internal/artifacts/configurations/DefaultLegacyConfiguration_DecoratedCustomizer> (0x00000000ee257e30) 
thrown [s\open\src\hotspot\share\classfile\systemDictionary.cpp, line 256]
Event: 16.297 Thread 0x000001bc7541d050 Exception <a 'java/lang/ClassNotFoundException'{0x00000000edeb2dd8}: org/gradle/api/internal/artifacts/dsl/DefaultRepositoryHandler_DecoratedBeanInfo> (0x00000000edeb2dd8) 
thrown [s\open\src\hotspot\share\classfile\systemDictionary.cpp, line 256]
Event: 16.299 Thread 0x000001bc7541d050 Exception <a 'java/lang/ClassNotFoundException'{0x00000000edec9c98}: org/gradle/api/internal/artifacts/dsl/DefaultRepositoryHandlerBeanInfo> (0x00000000edec9c98) 
thrown [s\open\src\hotspot\share\classfile\systemDictionary.cpp, line 256]
Event: 16.300 Thread 0x000001bc7541d050 Exception <a 'java/lang/ClassNotFoundException'{0x00000000edee0dd8}: org/gradle/api/internal/artifacts/DefaultArtifactRepositoryContainerBeanInfo> (0x00000000edee0dd8) 
thrown [s\open\src\hotspot\share\classfile\systemDictionary.cpp, line 256]
Event: 16.301 Thread 0x000001bc7541d050 Exception <a 'java/lang/ClassNotFoundException'{0x00000000edef5248}: org/gradle/api/internal/DefaultNamedDomainObjectListBeanInfo> (0x00000000edef5248) 
thrown [s\open\src\hotspot\share\classfile\systemDictionary.cpp, line 256]
Event: 16.302 Thread 0x000001bc7541d050 Exception <a 'java/lang/ClassNotFoundException'{0x00000000edd09c00}: org/gradle/api/internal/DefaultNamedDomainObjectListCustomizer> (0x00000000edd09c00) 
thrown [s\open\src\hotspot\share\classfile\systemDictionary.cpp, line 256]
Event: 16.304 Thread 0x000001bc7541d050 Exception <a 'java/lang/ClassNotFoundException'{0x00000000edd3e380}: org/gradle/api/internal/artifacts/DefaultArtifactRepositoryContainerCustomizer> (0x00000000edd3e380) 
thrown [s\open\src\hotspot\share\classfile\systemDictionary.cpp, line 256]
Event: 16.305 Thread 0x000001bc7541d050 Exception <a 'java/lang/ClassNotFoundException'{0x00000000edd67e18}: org/gradle/api/internal/artifacts/dsl/DefaultRepositoryHandlerCustomizer> (0x00000000edd67e18) 
thrown [s\open\src\hotspot\share\classfile\systemDictionary.cpp, line 256]
Event: 16.307 Thread 0x000001bc7541d050 Exception <a 'java/lang/ClassNotFoundException'{0x00000000edda0590}: org/gradle/api/internal/artifacts/dsl/DefaultRepositoryHandler_DecoratedCustomizer> (0x00000000edda0590) 
thrown [s\open\src\hotspot\share\classfile\systemDictionary.cpp, line 256]

VM Operations (20 events):
Event: 14.359 Executing VM operation: HandshakeAllThreads
Event: 14.359 Executing VM operation: HandshakeAllThreads done
Event: 14.501 Executing VM operation: HandshakeAllThreads
Event: 14.502 Executing VM operation: HandshakeAllThreads done
Event: 14.504 Executing VM operation: HandshakeAllThreads
Event: 14.504 Executing VM operation: HandshakeAllThreads done
Event: 14.548 Executing VM operation: HandshakeAllThreads
Event: 14.549 Executing VM operation: HandshakeAllThreads done
Event: 14.636 Executing VM operation: ICBufferFull
Event: 14.636 Executing VM operation: ICBufferFull done
Event: 14.894 Executing VM operation: ICBufferFull
Event: 14.895 Executing VM operation: ICBufferFull done
Event: 15.114 Executing VM operation: ICBufferFull
Event: 15.114 Executing VM operation: ICBufferFull done
Event: 15.615 Executing VM operation: G1CollectForAllocation
Event: 15.632 Executing VM operation: G1CollectForAllocation done
Event: 16.062 Executing VM operation: ICBufferFull
Event: 16.062 Executing VM operation: ICBufferFull done
Event: 17.064 Executing VM operation: Cleanup
Event: 17.064 Executing VM operation: Cleanup done

Events (20 events):
Event: 15.899 loading class java/util/stream/ReduceOps$CountingSink$OfRef done
Event: 16.065 Thread 0x000001bc7cb7b0f0 Thread added: 0x000001bc7cb7b0f0
Event: 16.093 loading class sun/reflect/generics/tree/BooleanSignature
Event: 16.093 loading class sun/reflect/generics/tree/BooleanSignature done
Event: 16.102 loading class org/xml/sax/Locator
Event: 16.102 loading class org/xml/sax/Locator done
Event: 16.102 loading class org/xml/sax/SAXParseException
Event: 16.102 loading class org/xml/sax/SAXParseException done
Event: 16.104 loading class org/xml/sax/Attributes
Event: 16.104 loading class org/xml/sax/Attributes done
Event: 16.229 loading class java/util/AbstractCollectionBeanInfo
Event: 16.229 loading class java/util/AbstractCollectionBeanInfo done
Event: 16.229 loading class java/util/AbstractCollectionBeanInfo
Event: 16.229 loading class java/util/AbstractCollectionBeanInfo done
Event: 16.229 loading class java/util/AbstractCollectionCustomizer
Event: 16.229 loading class java/util/AbstractCollectionCustomizer done
Event: 16.229 loading class java/util/AbstractCollectionCustomizer
Event: 16.229 loading class java/util/AbstractCollectionCustomizer done
Event: 16.229 loading class sun/reflect/generics/reflectiveObjects/GenericArrayTypeImpl
Event: 16.229 loading class sun/reflect/generics/reflectiveObjects/GenericArrayTypeImpl done


Dynamic libraries:
0x00007ff676490000 - 0x00007ff6764a0000 	C:\Program Files\Java\jdk-17\bin\java.exe
0x00007ff9dfde0000 - 0x00007ff9e0048000 	C:\WINDOWS\SYSTEM32\ntdll.dll
0x00007ff9de090000 - 0x00007ff9de159000 	C:\WINDOWS\System32\KERNEL32.DLL
0x00007ff9dd190000 - 0x00007ff9dd588000 	C:\WINDOWS\System32\KERNELBASE.dll
0x00007ff9dd590000 - 0x00007ff9dd6db000 	C:\WINDOWS\System32\ucrtbase.dll
0x00007ff9d4320000 - 0x00007ff9d433b000 	C:\Program Files\Java\jdk-17\bin\VCRUNTIME140.dll
0x00007ff9cffd0000 - 0x00007ff9cffe9000 	C:\Program Files\Java\jdk-17\bin\jli.dll
0x00007ff9de610000 - 0x00007ff9de6c4000 	C:\WINDOWS\System32\ADVAPI32.dll
0x00007ff9de6d0000 - 0x00007ff9de779000 	C:\WINDOWS\System32\msvcrt.dll
0x00007ff9de200000 - 0x00007ff9de2a6000 	C:\WINDOWS\System32\sechost.dll
0x00007ff9dfc80000 - 0x00007ff9dfd98000 	C:\WINDOWS\System32\RPCRT4.dll
0x00007ff9dea80000 - 0x00007ff9dec47000 	C:\WINDOWS\System32\USER32.dll
0x00007ff9c6e20000 - 0x00007ff9c70b4000 	C:\WINDOWS\WinSxS\amd64_microsoft.windows.common-controls_6595b64144ccf1df_6.0.26100.7019_none_3e06ffa0e335b8a8\COMCTL32.dll
0x00007ff9dd160000 - 0x00007ff9dd187000 	C:\WINDOWS\System32\win32u.dll
0x00007ff9dec60000 - 0x00007ff9dec8b000 	C:\WINDOWS\System32\GDI32.dll
0x00007ff9dd9a0000 - 0x00007ff9ddacc000 	C:\WINDOWS\System32\gdi32full.dll
0x00007ff9dcf30000 - 0x00007ff9dcfd3000 	C:\WINDOWS\System32\msvcp_win.dll
0x00007ff9d4d10000 - 0x00007ff9d4d1b000 	C:\WINDOWS\SYSTEM32\VERSION.dll
0x00007ff9de5c0000 - 0x00007ff9de5f1000 	C:\WINDOWS\System32\IMM32.DLL
0x00007ff9d6610000 - 0x00007ff9d661c000 	C:\Program Files\Java\jdk-17\bin\vcruntime140_1.dll
0x00007ff9a7f90000 - 0x00007ff9a801e000 	C:\Program Files\Java\jdk-17\bin\msvcp140.dll
0x00007ff90af90000 - 0x00007ff90bb70000 	C:\Program Files\Java\jdk-17\bin\server\jvm.dll
0x00007ff9ddcf0000 - 0x00007ff9ddcf8000 	C:\WINDOWS\System32\PSAPI.DLL
0x00007ff9c58f0000 - 0x00007ff9c58fa000 	C:\WINDOWS\SYSTEM32\WSOCK32.dll
0x00007ff9cf250000 - 0x00007ff9cf285000 	C:\WINDOWS\SYSTEM32\WINMM.dll
0x00007ff9de180000 - 0x00007ff9de1f4000 	C:\WINDOWS\System32\WS2_32.dll
0x00007ff9dbcb0000 - 0x00007ff9dbccb000 	C:\WINDOWS\SYSTEM32\kernel.appcore.dll
0x00007ff9cf430000 - 0x00007ff9cf43a000 	C:\Program Files\Java\jdk-17\bin\jimage.dll
0x00007ff9cfa50000 - 0x00007ff9cfc92000 	C:\WINDOWS\SYSTEM32\DBGHELP.DLL
0x00007ff9ddd00000 - 0x00007ff9de08b000 	C:\WINDOWS\System32\combase.dll
0x00007ff9de920000 - 0x00007ff9de9f7000 	C:\WINDOWS\System32\OLEAUT32.dll
0x00007ff9c0700000 - 0x00007ff9c073c000 	C:\WINDOWS\SYSTEM32\dbgcore.DLL
0x00007ff9ddad0000 - 0x00007ff9ddb75000 	C:\WINDOWS\System32\bcryptPrimitives.dll
0x00007ff9cf420000 - 0x00007ff9cf42e000 	C:\Program Files\Java\jdk-17\bin\instrument.dll
0x00007ff9c72b0000 - 0x00007ff9c72d5000 	C:\Program Files\Java\jdk-17\bin\java.dll
0x00007ff997c80000 - 0x00007ff997d57000 	C:\Program Files\Java\jdk-17\bin\jsvml.dll
0x00007ff9defd0000 - 0x00007ff9df71f000 	C:\WINDOWS\System32\SHELL32.dll
0x00007ff9dd7a0000 - 0x00007ff9dd90b000 	C:\WINDOWS\System32\wintypes.dll
0x00007ff9dab30000 - 0x00007ff9db38d000 	C:\WINDOWS\SYSTEM32\windows.storage.dll
0x00007ff9dec90000 - 0x00007ff9ded82000 	C:\WINDOWS\System32\SHCORE.dll
0x00007ff9de2b0000 - 0x00007ff9de317000 	C:\WINDOWS\System32\shlwapi.dll
0x00007ff9dce50000 - 0x00007ff9dce79000 	C:\WINDOWS\SYSTEM32\profapi.dll
0x00007ff9cb140000 - 0x00007ff9cb158000 	C:\Program Files\Java\jdk-17\bin\zip.dll
0x00007ff9c52e0000 - 0x00007ff9c52f9000 	C:\Program Files\Java\jdk-17\bin\net.dll
0x00007ff9d3e30000 - 0x00007ff9d3f58000 	C:\WINDOWS\SYSTEM32\WINHTTP.dll
0x00007ff9dc200000 - 0x00007ff9dc26b000 	C:\WINDOWS\system32\mswsock.dll
0x00007ff9c5260000 - 0x00007ff9c5276000 	C:\Program Files\Java\jdk-17\bin\nio.dll
0x00007ff9d68a0000 - 0x00007ff9d68b0000 	C:\Program Files\Java\jdk-17\bin\verify.dll
0x00007ff939310000 - 0x00007ff939337000 	C:\Users\ASUS\.gradle\native\1def1411415f61bf3af743bc5b6707747c0891f09f0c88961ee8f79bc544acac\windows-amd64\native-platform.dll
0x00007ff9aacd0000 - 0x00007ff9aad48000 	C:\Users\ASUS\.gradle\native\0.2.7\x86_64-windows-gnu\gradle-fileevents.dll
0x00007ff9c5250000 - 0x00007ff9c525a000 	C:\Program Files\Java\jdk-17\bin\management.dll
0x00007ff9bb590000 - 0x00007ff9bb59b000 	C:\Program Files\Java\jdk-17\bin\management_ext.dll
0x00007ff9db6a0000 - 0x00007ff9db6d4000 	C:\WINDOWS\SYSTEM32\IPHLPAPI.DLL
0x00007ff9dec50000 - 0x00007ff9dec5a000 	C:\WINDOWS\System32\NSI.dll
0x00007ff9d5410000 - 0x00007ff9d542e000 	C:\WINDOWS\SYSTEM32\dhcpcsvc6.DLL
0x00007ff9d39f0000 - 0x00007ff9d3a13000 	C:\WINDOWS\SYSTEM32\dhcpcsvc.DLL
0x00007ff9db730000 - 0x00007ff9db85c000 	C:\WINDOWS\SYSTEM32\DNSAPI.dll
0x00007ff9dc5f0000 - 0x00007ff9dc60b000 	C:\WINDOWS\SYSTEM32\CRYPTSP.dll
0x00007ff9dbc10000 - 0x00007ff9dbc4a000 	C:\WINDOWS\system32\rsaenh.dll
0x00007ff9dc2b0000 - 0x00007ff9dc2db000 	C:\WINDOWS\SYSTEM32\USERENV.dll
0x00007ff9dce20000 - 0x00007ff9dce4a000 	C:\WINDOWS\SYSTEM32\bcrypt.dll
0x00007ff9dc450000 - 0x00007ff9dc45c000 	C:\WINDOWS\SYSTEM32\CRYPTBASE.dll
0x00007ff9bafb0000 - 0x00007ff9bafbe000 	C:\Program Files\Java\jdk-17\bin\sunmscapi.dll
0x00007ff9dcfe0000 - 0x00007ff9dd157000 	C:\WINDOWS\System32\CRYPT32.dll
0x00007ff9dc740000 - 0x00007ff9dc770000 	C:\WINDOWS\SYSTEM32\ncrypt.dll
0x00007ff9dc6f0000 - 0x00007ff9dc72f000 	C:\WINDOWS\SYSTEM32\NTASN1.dll
0x00007ff9c4230000 - 0x00007ff9c4238000 	C:\WINDOWS\system32\wshunix.dll

dbghelp: loaded successfully - version: 4.0.5 - missing functions: none
symbol engine: initialized successfully - sym options: 0x614 - pdb path: .;C:\Program Files\Java\jdk-17\bin;C:\WINDOWS\SYSTEM32;C:\WINDOWS\WinSxS\amd64_microsoft.windows.common-controls_6595b64144ccf1df_6.0.26100.7019_none_3e06ffa0e335b8a8;C:\Program Files\Java\jdk-17\bin\server;C:\Users\ASUS\.gradle\native\1def1411415f61bf3af743bc5b6707747c0891f09f0c88961ee8f79bc544acac\windows-amd64;C:\Users\ASUS\.gradle\native\0.2.7\x86_64-windows-gnu

VM Arguments:
jvm_args: --add-opens=java.base/java.lang=ALL-UNNAMED --add-opens=java.base/java.lang.invoke=ALL-UNNAMED --add-opens=java.base/java.util=ALL-UNNAMED --add-opens=java.prefs/java.util.prefs=ALL-UNNAMED --add-exports=jdk.compiler/com.sun.tools.javac.api=ALL-UNNAMED --add-exports=jdk.compiler/com.sun.tools.javac.util=ALL-UNNAMED --add-opens=java.base/java.util=ALL-UNNAMED --add-opens=java.prefs/java.util.prefs=ALL-UNNAMED --add-opens=java.base/java.nio.charset=ALL-UNNAMED --add-opens=java.base/java.net=ALL-UNNAMED --add-opens=java.base/java.util.concurrent.atomic=ALL-UNNAMED --add-opens=java.xml/javax.xml.namespace=ALL-UNNAMED -XX:MaxMetaspaceSize=384m -XX:+HeapDumpOnOutOfMemoryError -Xms256m -Xmx512m -Dfile.encoding=windows-1252 -Duser.country=PE -Duser.language=es -Duser.variant -javaagent:C:\Users\ASUS\.gradle\wrapper\dists\gradle-8.14.3-bin\cv11ve7ro1n3o1j4so8xd9n66\gradle-8.14.3\lib\agents\gradle-instrumentation-agent-8.14.3.jar 
java_command: org.gradle.launcher.daemon.bootstrap.GradleDaemon 8.14.3
java_class_path (initial): C:\Users\ASUS\.gradle\wrapper\dists\gradle-8.14.3-bin\cv11ve7ro1n3o1j4so8xd9n66\gradle-8.14.3\lib\gradle-daemon-main-8.14.3.jar
Launcher Type: SUN_STANDARD

[Global flags]
     intx CICompilerCount                          = 4                                         {product} {ergonomic}
   size_t CompressedClassSpaceSize                 = 335544320                                 {product} {ergonomic}
     uint ConcGCThreads                            = 2                                         {product} {ergonomic}
     uint G1ConcRefinementThreads                  = 8                                         {product} {ergonomic}
   size_t G1HeapRegionSize                         = 1048576                                   {product} {ergonomic}
    uintx GCDrainStackTargetSize                   = 64                                        {product} {ergonomic}
     bool HeapDumpOnOutOfMemoryError               = true                                   {manageable} {command line}
   size_t InitialHeapSize                          = 268435456                                 {product} {command line}
   size_t MarkStackSize                            = 4194304                                   {product} {ergonomic}
   size_t MaxHeapSize                              = 536870912                                 {product} {command line}
   size_t MaxMetaspaceSize                         = 402653184                                 {product} {command line}
   size_t MaxNewSize                               = 321912832                                 {product} {ergonomic}
   size_t MinHeapDeltaBytes                        = 1048576                                   {product} {ergonomic}
   size_t MinHeapSize                              = 268435456                                 {product} {command line}
    uintx NonNMethodCodeHeapSize                   = 5839372                                {pd product} {ergonomic}
    uintx NonProfiledCodeHeapSize                  = 122909434                              {pd product} {ergonomic}
    uintx ProfiledCodeHeapSize                     = 122909434                              {pd product} {ergonomic}
    uintx ReservedCodeCacheSize                    = 251658240                              {pd product} {ergonomic}
     bool SegmentedCodeCache                       = true                                      {product} {ergonomic}
   size_t SoftMaxHeapSize                          = 536870912                              {manageable} {ergonomic}
     bool UseCompressedClassPointers               = true                           {product lp64_product} {ergonomic}
     bool UseCompressedOops                        = true                           {product lp64_product} {ergonomic}
     bool UseG1GC                                  = true                                      {product} {ergonomic}
     bool UseLargePagesIndividualAllocation        = false                                  {pd product} {ergonomic}

Logging:
Log output configuration:
 #0: stdout all=warning uptime,level,tags
 #1: stderr all=off uptime,level,tags

Environment Variables:
JAVA_HOME=C:\Program Files\Java\jdk-21.0.4+7
PATH=C:\Program Files\Common Files\Oracle\Java\javapath;C:\Program Files\Java\jdk-21.0.4+7\bin;C:\WINDOWS\system32;C:\WINDOWS;C:\WINDOWS\System32\Wbem;C:\WINDOWS\System32\WindowsPowerShell\v1.0\;C:\WINDOWS\System32\OpenSSH\;C:\Program Files\Docker\Docker\resources\bin;C:\Program Files\dotnet\;C:\Program Files\apache-maven-3.9.9\bin;C:\Program Files\Git\cmd;C:\Program Files\gradle-8.14.3-all\gradle-8.14.3\bin;C:\Users\ASUS\AppData\Local\Microsoft\WindowsApps;C:\Users\ASUS\AppData\Local\Programs\Microsoft VS Code\bin;C:\Users\ASUS\AppData\Local\Programs\mongosh\;;C:\Users\ASUS\.deno\bin
USERNAME=ASUS
OS=Windows_NT
PROCESSOR_IDENTIFIER=Intel64 Family 6 Model 158 Stepping 10, GenuineIntel



---------------  S Y S T E M  ---------------

OS:
 Windows 11 , 64 bit Build 26100 (10.0.26100.7019)
OS uptime: 4 days 13:11 hours
Hyper-V role detected

CPU: total 8 (initial active 8) (4 cores per cpu, 2 threads per core) family 6 model 158 stepping 10 microcode 0xde, cx8, cmov, fxsr, ht, mmx, 3dnowpref, sse, sse2, sse3, ssse3, sse4.1, sse4.2, popcnt, lzcnt, tsc, tscinvbit, avx, avx2, aes, erms, clmul, bmi1, bmi2, adx, fma, vzeroupper, clflush, clflushopt, hv

Memory: 4k page, system-wide physical 32623M (8462M free)
TotalPageFile size 34671M (AvailPageFile size 8M)
current process WorkingSet (physical memory assigned to process): 382M, peak: 387M
current process commit charge ("private bytes"): 487M, peak: 495M

vm_info: Java HotSpot(TM) 64-Bit Server VM (17.0.12+8-LTS-286) for windows-amd64 JRE (17.0.12+8-LTS-286), built on Jun  5 2024 06:46:59 by "mach5one" with MS VC++ 17.6 (VS2022)

END.
