#
# There is insufficient memory for the Java Runtime Environment to continue.
# Native memory allocation (malloc) failed to allocate 1380496 bytes. Error detail: Chunk::new
# Possible reasons:
#   The system is out of physical RAM or swap space
#   This process is running with CompressedOops enabled, and the Java Heap may be blocking the growth of the native heap
# Possible solutions:
#   Reduce memory load on the system
#   Increase physical memory or swap space
#   Check if swap backing store is full
#   Decrease Java heap size (-Xmx/-Xms)
#   Decrease number of Java threads
#   Decrease Java thread stack sizes (-Xss)
#   Set larger code cache with -XX:ReservedCodeCacheSize=
#   JVM is running with Unscaled Compressed Oops mode in which the Java heap is
#     placed in the first 4GB address space. The Java Heap base address is the
#     maximum limit for the native heap growth. Please use -XX:HeapBaseMinAddress
#     to set the Java Heap base and to place the Java Heap above 4GB virtual address.
# This output file may be truncated or incomplete.
#
#  Out of Memory Error (arena.cpp:191), pid=21860, tid=29064
#
# JRE version: OpenJDK Runtime Environment Corretto-17.0.12.7.1 (17.0.12+7) (build 17.0.12+7-LTS)
# Java VM: OpenJDK 64-Bit Server VM Corretto-17.0.12.7.1 (17.0.12+7-LTS, mixed mode, sharing, tiered, compressed oops, compressed class ptrs, g1 gc, windows-amd64)
# No core dump will be written. Minidumps are not enabled by default on client versions of Windows
#

---------------  S U M M A R Y ------------

Command Line: --add-opens=java.base/java.lang=ALL-UNNAMED --add-opens=java.base/java.lang.invoke=ALL-UNNAMED --add-opens=java.base/java.util=ALL-UNNAMED --add-opens=java.prefs/java.util.prefs=ALL-UNNAMED --add-exports=jdk.compiler/com.sun.tools.javac.api=ALL-UNNAMED --add-exports=jdk.compiler/com.sun.tools.javac.util=ALL-UNNAMED --add-opens=java.base/java.util=ALL-UNNAMED --add-opens=java.prefs/java.util.prefs=ALL-UNNAMED --add-opens=java.base/java.nio.charset=ALL-UNNAMED --add-opens=java.base/java.net=ALL-UNNAMED --add-opens=java.base/java.util.concurrent.atomic=ALL-UNNAMED --add-opens=java.xml/javax.xml.namespace=ALL-UNNAMED -XX:MaxMetaspaceSize=384m -XX:+HeapDumpOnOutOfMemoryError -Xms256m -Xmx512m -Dfile.encoding=windows-1252 -Duser.country=PE -Duser.language=es -Duser.variant -javaagent:C:\Users\ASUS\.gradle\wrapper\dists\gradle-8.14.3-bin\cv11ve7ro1n3o1j4so8xd9n66\gradle-8.14.3\lib\agents\gradle-instrumentation-agent-8.14.3.jar org.gradle.launcher.daemon.bootstrap.GradleDaemon 8.14.3

Host: Intel(R) Core(TM) i5-8300H CPU @ 2.30GHz, 8 cores, 31G,  Windows 11 , 64 bit Build 26100 (10.0.26100.7019)
Time: Wed Nov 19 18:42:36 2025 Hora est. Pacífico, Sudamérica elapsed time: 89.883299 seconds (0d 0h 1m 29s)

---------------  T H R E A D  ---------------

Current thread (0x0000015ca69a4f00):  JavaThread "C2 CompilerThread1" daemon [_thread_in_native, id=29064, stack(0x0000002fc2a00000,0x0000002fc2b00000)]


Current CompileTask:
C2:  89883 4613       4       org.objectweb.asm.Frame::execute (2303 bytes)

Stack: [0x0000002fc2a00000,0x0000002fc2b00000]
Native frames: (J=compiled Java code, j=interpreted, Vv=VM code, C=native code)
V  [jvm.dll+0x67f4f9]
V  [jvm.dll+0x836eaa]
V  [jvm.dll+0x83896e]
V  [jvm.dll+0x838fd3]
V  [jvm.dll+0x247f6f]
V  [jvm.dll+0xac9d4]
V  [jvm.dll+0xad01c]
V  [jvm.dll+0x367042]
V  [jvm.dll+0x33156a]
V  [jvm.dll+0x330a0a]
V  [jvm.dll+0x21a501]
V  [jvm.dll+0x219941]
V  [jvm.dll+0x1a57bd]
V  [jvm.dll+0x22966d]
V  [jvm.dll+0x22781c]
V  [jvm.dll+0x7ebec7]
V  [jvm.dll+0x7e62ac]
V  [jvm.dll+0x67e3c7]
C  [ucrtbase.dll+0x37b0]
C  [KERNEL32.DLL+0x2e8d7]
C  [ntdll.dll+0x8c53c]


---------------  P R O C E S S  ---------------

Threads class SMR info:
_java_thread_list=0x0000015ca62ba0a0, length=41, elements={
0x0000015cee3a4d00, 0x0000015cfa727750, 0x0000015cfa728d90, 0x0000015cfa7399c0,
0x0000015cfa73e2b0, 0x0000015cfa73eb80, 0x0000015cfa73f450, 0x0000015cfa740100,
0x0000015cfa7443f0, 0x0000015cfa77e550, 0x0000015cfa70b500, 0x0000015cfaa898a0,
0x0000015ca4119020, 0x0000015cff122560, 0x0000015cfa9d2b90, 0x0000015cff168860,
0x0000015ca428f220, 0x0000015cff01bee0, 0x0000015cff01d320, 0x0000015cff01afb0,
0x0000015cff01a080, 0x0000015cff01ce10, 0x0000015cff01a590, 0x0000015cff01d830,
0x0000015cff01aaa0, 0x0000015cff01b4c0, 0x0000015cff01c3f0, 0x0000015cff01c900,
0x0000015ca6f20910, 0x0000015ca6f20400, 0x0000015ca6f20e20, 0x0000015ca6f21330,
0x0000015ca6f22260, 0x0000015ca6f22c80, 0x0000015ca6f23190, 0x0000015ca6f24ff0,
0x0000015ca6f23bb0, 0x0000015ca6f245d0, 0x0000015ca6f21840, 0x0000015ca69a4f00,
0x0000015ca6f24ae0
}

Java Threads: ( => current thread )
  0x0000015cee3a4d00 JavaThread "main" [_thread_blocked, id=29248, stack(0x0000002fbf200000,0x0000002fbf300000)]
  0x0000015cfa727750 JavaThread "Reference Handler" daemon [_thread_blocked, id=12452, stack(0x0000002fbf900000,0x0000002fbfa00000)]
  0x0000015cfa728d90 JavaThread "Finalizer" daemon [_thread_blocked, id=8212, stack(0x0000002fbfa00000,0x0000002fbfb00000)]
  0x0000015cfa7399c0 JavaThread "Signal Dispatcher" daemon [_thread_blocked, id=11824, stack(0x0000002fbfb00000,0x0000002fbfc00000)]
  0x0000015cfa73e2b0 JavaThread "Attach Listener" daemon [_thread_blocked, id=33708, stack(0x0000002fbfc00000,0x0000002fbfd00000)]
  0x0000015cfa73eb80 JavaThread "Service Thread" daemon [_thread_blocked, id=24876, stack(0x0000002fbfd00000,0x0000002fbfe00000)]
  0x0000015cfa73f450 JavaThread "Monitor Deflation Thread" daemon [_thread_blocked, id=4168, stack(0x0000002fbfe00000,0x0000002fbff00000)]
  0x0000015cfa740100 JavaThread "C2 CompilerThread0" daemon [_thread_blocked, id=17080, stack(0x0000002fbff00000,0x0000002fc0000000)]
  0x0000015cfa7443f0 JavaThread "C1 CompilerThread0" daemon [_thread_blocked, id=27508, stack(0x0000002fc0000000,0x0000002fc0100000)]
  0x0000015cfa77e550 JavaThread "Sweeper thread" daemon [_thread_blocked, id=34468, stack(0x0000002fc0100000,0x0000002fc0200000)]
  0x0000015cfa70b500 JavaThread "Common-Cleaner" daemon [_thread_blocked, id=1968, stack(0x0000002fc0200000,0x0000002fc0300000)]
  0x0000015cfaa898a0 JavaThread "Notification Thread" daemon [_thread_blocked, id=23660, stack(0x0000002fc0300000,0x0000002fc0400000)]
  0x0000015ca4119020 JavaThread "Daemon health stats" [_thread_blocked, id=23496, stack(0x0000002fc0a00000,0x0000002fc0b00000)]
  0x0000015cff122560 JavaThread "Incoming local TCP Connector on port 54229" [_thread_in_native, id=32932, stack(0x0000002fc0b00000,0x0000002fc0c00000)]
  0x0000015cfa9d2b90 JavaThread "Daemon periodic checks" [_thread_blocked, id=22732, stack(0x0000002fc0c00000,0x0000002fc0d00000)]
  0x0000015cff168860 JavaThread "Daemon" [_thread_blocked, id=32956, stack(0x0000002fc0d00000,0x0000002fc0e00000)]
  0x0000015ca428f220 JavaThread "Handler for socket connection from /127.0.0.1:54229 to /127.0.0.1:54231" [_thread_in_native, id=3016, stack(0x0000002fc0e00000,0x0000002fc0f00000)]
  0x0000015cff01bee0 JavaThread "Cancel handler" [_thread_blocked, id=22396, stack(0x0000002fc0f00000,0x0000002fc1000000)]
  0x0000015cff01d320 JavaThread "Daemon worker" [_thread_in_vm, id=31152, stack(0x0000002fc1000000,0x0000002fc1100000)]
  0x0000015cff01afb0 JavaThread "Asynchronous log dispatcher for DefaultDaemonConnection: socket connection from /127.0.0.1:54229 to /127.0.0.1:54231" [_thread_blocked, id=14044, stack(0x0000002fc1100000,0x0000002fc1200000)]
  0x0000015cff01a080 JavaThread "Stdin handler" [_thread_blocked, id=32912, stack(0x0000002fc1200000,0x0000002fc1300000)]
  0x0000015cff01ce10 JavaThread "Daemon client event forwarder" [_thread_blocked, id=23440, stack(0x0000002fc1300000,0x0000002fc1400000)]
  0x0000015cff01a590 JavaThread "Cache worker for journal cache (C:\Users\ASUS\.gradle\caches\journal-1)" [_thread_blocked, id=30824, stack(0x0000002fc1400000,0x0000002fc1500000)]
  0x0000015cff01d830 JavaThread "File lock request listener" [_thread_in_native, id=30400, stack(0x0000002fc1500000,0x0000002fc1600000)]
  0x0000015cff01aaa0 JavaThread "File lock release action executor" [_thread_blocked, id=7028, stack(0x0000002fc1600000,0x0000002fc1700000)]
  0x0000015cff01b4c0 JavaThread "Cache worker for file hash cache (C:\Users\ASUS\.gradle\caches\8.14.3\fileHashes)" [_thread_blocked, id=22136, stack(0x0000002fc1700000,0x0000002fc1800000)]
  0x0000015cff01c3f0 JavaThread "Cache worker for file hash cache (D:\scotiabank\challengue\.gradle\8.14.3\fileHashes)" [_thread_blocked, id=25528, stack(0x0000002fc1900000,0x0000002fc1a00000)]
  0x0000015cff01c900 JavaThread "Cache worker for Build Output Cleanup Cache (D:\scotiabank\challengue\.gradle\buildOutputCleanup)" [_thread_blocked, id=11488, stack(0x0000002fc1800000,0x0000002fc1900000)]
  0x0000015ca6f20910 JavaThread "File watcher server" daemon [_thread_in_native, id=32544, stack(0x0000002fc1f00000,0x0000002fc2000000)]
  0x0000015ca6f20400 JavaThread "File watcher consumer" daemon [_thread_blocked, id=17324, stack(0x0000002fc2000000,0x0000002fc2100000)]
  0x0000015ca6f20e20 JavaThread "File lock release action executor Thread 2" [_thread_blocked, id=19572, stack(0x0000002fc1d00000,0x0000002fc1e00000)]
  0x0000015ca6f21330 JavaThread "jar transforms" [_thread_blocked, id=31840, stack(0x0000002fc1e00000,0x0000002fc1f00000)]
  0x0000015ca6f22260 JavaThread "jar transforms Thread 2" [_thread_blocked, id=7624, stack(0x0000002fc2100000,0x0000002fc2200000)]
  0x0000015ca6f22c80 JavaThread "Cache worker for checksums cache (D:\scotiabank\challengue\.gradle\8.14.3\checksums)" [_thread_blocked, id=31564, stack(0x0000002fc2600000,0x0000002fc2700000)]
  0x0000015ca6f23190 JavaThread "Cache worker for file content cache (C:\Users\ASUS\.gradle\caches\8.14.3\fileContent)" [_thread_blocked, id=33616, stack(0x0000002fc2700000,0x0000002fc2800000)]
  0x0000015ca6f24ff0 JavaThread "jar transforms Thread 3" [_thread_blocked, id=14720, stack(0x0000002fc2200000,0x0000002fc2300000)]
  0x0000015ca6f23bb0 JavaThread "jar transforms Thread 4" [_thread_blocked, id=23880, stack(0x0000002fc2300000,0x0000002fc2400000)]
  0x0000015ca6f245d0 JavaThread "jar transforms Thread 5" [_thread_blocked, id=1856, stack(0x0000002fc2800000,0x0000002fc2900000)]
  0x0000015ca6f21840 JavaThread "jar transforms Thread 6" [_thread_blocked, id=25176, stack(0x0000002fc2900000,0x0000002fc2a00000)]
=>0x0000015ca69a4f00 JavaThread "C2 CompilerThread1" daemon [_thread_in_native, id=29064, stack(0x0000002fc2a00000,0x0000002fc2b00000)]
  0x0000015ca6f24ae0 JavaThread "Cache worker for cache directory md-supplier (C:\Users\ASUS\.gradle\caches\8.14.3\md-supplier)" [_thread_blocked, id=23916, stack(0x0000002fc2b00000,0x0000002fc2c00000)]

Other Threads:
  0x0000015cfa721670 VMThread "VM Thread" [stack: 0x0000002fbf800000,0x0000002fbf900000] [id=26008]
  0x0000015cee3a5a90 WatcherThread [stack: 0x0000002fc0400000,0x0000002fc0500000] [id=31272]
  0x0000015cee3d33a0 GCTaskThread "GC Thread#0" [stack: 0x0000002fbf300000,0x0000002fbf400000] [id=31924]
  0x0000015cfab70120 GCTaskThread "GC Thread#1" [stack: 0x0000002fc0500000,0x0000002fc0600000] [id=17472]
  0x0000015cfabe07f0 GCTaskThread "GC Thread#2" [stack: 0x0000002fc0600000,0x0000002fc0700000] [id=30656]
  0x0000015cfabe0ab0 GCTaskThread "GC Thread#3" [stack: 0x0000002fc0700000,0x0000002fc0800000] [id=30060]
  0x0000015cfabe0d70 GCTaskThread "GC Thread#4" [stack: 0x0000002fc0800000,0x0000002fc0900000] [id=17960]
  0x0000015cfab86a60 GCTaskThread "GC Thread#5" [stack: 0x0000002fc0900000,0x0000002fc0a00000] [id=14868]
  0x0000015ca6160600 GCTaskThread "GC Thread#6" [stack: 0x0000002fc1a00000,0x0000002fc1b00000] [id=23688]
  0x0000015ca5cfba70 GCTaskThread "GC Thread#7" [stack: 0x0000002fc1b00000,0x0000002fc1c00000] [id=6560]
  0x0000015cee3d9210 ConcurrentGCThread "G1 Main Marker" [stack: 0x0000002fbf400000,0x0000002fbf500000] [id=29896]
  0x0000015cee3d9b40 ConcurrentGCThread "G1 Conc#0" [stack: 0x0000002fbf500000,0x0000002fbf600000] [id=1712]
  0x0000015ca6f6a020 ConcurrentGCThread "G1 Conc#1" [stack: 0x0000002fc1c00000,0x0000002fc1d00000] [id=34920]
  0x0000015cee45d590 ConcurrentGCThread "G1 Refine#0" [stack: 0x0000002fbf600000,0x0000002fbf700000] [id=33688]
  0x0000015cee45ded0 ConcurrentGCThread "G1 Service" [stack: 0x0000002fbf700000,0x0000002fbf800000] [id=23664]

Threads with active compile tasks:
C2 CompilerThread1    89922 4613       4       org.objectweb.asm.Frame::execute (2303 bytes)

VM state: not at safepoint (normal execution)

VM Mutex/Monitor currently owned by a thread: None

Heap address: 0x00000000e0000000, size: 512 MB, Compressed Oops mode: 32-bit

CDS archive(s) mapped at: [0x0000015c8f000000-0x0000015c8fbb0000-0x0000015c8fbb0000), size 12255232, SharedBaseAddress: 0x0000015c8f000000, ArchiveRelocationMode: 1.
Compressed class space mapped at: 0x0000015c90000000-0x0000015ca4000000, reserved size: 335544320
Narrow klass base: 0x0000015c8f000000, Narrow klass shift: 0, Narrow klass range: 0x100000000

GC Precious Log:
 CPUs: 8 total, 8 available
 Memory: 32623M
 Large Page Support: Disabled
 NUMA Support: Disabled
 Compressed Oops: Enabled (32-bit)
 Heap Region Size: 1M
 Heap Min Capacity: 256M
 Heap Initial Capacity: 256M
 Heap Max Capacity: 512M
 Pre-touch: Disabled
 Parallel Workers: 8
 Concurrent Workers: 2
 Concurrent Refinement Workers: 8
 Periodic GC: Disabled

Heap:
 garbage-first heap   total 262144K, used 35342K [0x00000000e0000000, 0x0000000100000000)
  region size 1024K, 5 young (5120K), 2 survivors (2048K)
 Metaspace       used 36005K, committed 36416K, reserved 393216K
  class space    used 4978K, committed 5184K, reserved 327680K

Heap Regions: E=young(eden), S=young(survivor), O=old, HS=humongous(starts), HC=humongous(continues), CS=collection set, F=free, OA=open archive, CA=closed archive, TAMS=top-at-mark-start (previous, next)
|   0|0x00000000e0000000, 0x00000000e0100000, 0x00000000e0100000|100%|HS|  |TAMS 0x00000000e0100000, 0x00000000e0000000| Complete 
|   1|0x00000000e0100000, 0x00000000e0200000, 0x00000000e0200000|100%|HC|  |TAMS 0x00000000e0200000, 0x00000000e0100000| Complete 
|   2|0x00000000e0200000, 0x00000000e0300000, 0x00000000e0300000|100%|HC|  |TAMS 0x00000000e0300000, 0x00000000e0200000| Complete 
|   3|0x00000000e0300000, 0x00000000e0300000, 0x00000000e0400000|  0%| F|  |TAMS 0x00000000e0300000, 0x00000000e0300000| Untracked 
|   4|0x00000000e0400000, 0x00000000e0500000, 0x00000000e0500000|100%| O|  |TAMS 0x00000000e0500000, 0x00000000e0400000| Untracked 
|   5|0x00000000e0500000, 0x00000000e0600000, 0x00000000e0600000|100%| O|  |TAMS 0x00000000e0600000, 0x00000000e0500000| Untracked 
|   6|0x00000000e0600000, 0x00000000e0700000, 0x00000000e0700000|100%|HS|  |TAMS 0x00000000e0700000, 0x00000000e0600000| Complete 
|   7|0x00000000e0700000, 0x00000000e0800000, 0x00000000e0800000|100%| O|  |TAMS 0x00000000e0700000, 0x00000000e0700000| Untracked 
|   8|0x00000000e0800000, 0x00000000e0900000, 0x00000000e0900000|100%| O|  |TAMS 0x00000000e0900000, 0x00000000e0800000| Untracked 
|   9|0x00000000e0900000, 0x00000000e0a00000, 0x00000000e0a00000|100%| O|  |TAMS 0x00000000e0a00000, 0x00000000e0900000| Untracked 
|  10|0x00000000e0a00000, 0x00000000e0b00000, 0x00000000e0b00000|100%| O|  |TAMS 0x00000000e0b00000, 0x00000000e0a00000| Untracked 
|  11|0x00000000e0b00000, 0x00000000e0c00000, 0x00000000e0c00000|100%| O|  |TAMS 0x00000000e0c00000, 0x00000000e0b00000| Untracked 
|  12|0x00000000e0c00000, 0x00000000e0d00000, 0x00000000e0d00000|100%| O|  |TAMS 0x00000000e0ce8200, 0x00000000e0c00000| Untracked 
|  13|0x00000000e0d00000, 0x00000000e0e00000, 0x00000000e0e00000|100%| O|  |TAMS 0x00000000e0d00000, 0x00000000e0d00000| Untracked 
|  14|0x00000000e0e00000, 0x00000000e0f00000, 0x00000000e0f00000|100%| O|  |TAMS 0x00000000e0e00000, 0x00000000e0e00000| Untracked 
|  15|0x00000000e0f00000, 0x00000000e1000000, 0x00000000e1000000|100%| O|  |TAMS 0x00000000e0f00000, 0x00000000e0f00000| Untracked 
|  16|0x00000000e1000000, 0x00000000e1100000, 0x00000000e1100000|100%| O|  |TAMS 0x00000000e1000000, 0x00000000e1000000| Untracked 
|  17|0x00000000e1100000, 0x00000000e1200000, 0x00000000e1200000|100%| O|  |TAMS 0x00000000e1100000, 0x00000000e1100000| Untracked 
|  18|0x00000000e1200000, 0x00000000e1300000, 0x00000000e1300000|100%| O|  |TAMS 0x00000000e1200000, 0x00000000e1200000| Untracked 
|  19|0x00000000e1300000, 0x00000000e1400000, 0x00000000e1400000|100%| O|  |TAMS 0x00000000e1300000, 0x00000000e1300000| Untracked 
|  20|0x00000000e1400000, 0x00000000e1500000, 0x00000000e1500000|100%| O|  |TAMS 0x00000000e1400000, 0x00000000e1400000| Untracked 
|  21|0x00000000e1500000, 0x00000000e1600000, 0x00000000e1600000|100%| O|  |TAMS 0x00000000e1500000, 0x00000000e1500000| Untracked 
|  22|0x00000000e1600000, 0x00000000e1700000, 0x00000000e1700000|100%| O|  |TAMS 0x00000000e1600000, 0x00000000e1600000| Untracked 
|  23|0x00000000e1700000, 0x00000000e1800000, 0x00000000e1800000|100%| O|  |TAMS 0x00000000e1700000, 0x00000000e1700000| Untracked 
|  24|0x00000000e1800000, 0x00000000e1900000, 0x00000000e1900000|100%| O|  |TAMS 0x00000000e1800000, 0x00000000e1800000| Untracked 
|  25|0x00000000e1900000, 0x00000000e1a00000, 0x00000000e1a00000|100%| O|  |TAMS 0x00000000e1900000, 0x00000000e1900000| Untracked 
|  26|0x00000000e1a00000, 0x00000000e1b00000, 0x00000000e1b00000|100%| O|  |TAMS 0x00000000e1a00000, 0x00000000e1a00000| Untracked 
|  27|0x00000000e1b00000, 0x00000000e1c00000, 0x00000000e1c00000|100%| O|  |TAMS 0x00000000e1b00000, 0x00000000e1b00000| Untracked 
|  28|0x00000000e1c00000, 0x00000000e1d00000, 0x00000000e1d00000|100%| O|  |TAMS 0x00000000e1c00000, 0x00000000e1c00000| Untracked 
|  29|0x00000000e1d00000, 0x00000000e1e00000, 0x00000000e1e00000|100%| O|  |TAMS 0x00000000e1d00000, 0x00000000e1d00000| Untracked 
|  30|0x00000000e1e00000, 0x00000000e1f00000, 0x00000000e1f00000|100%| O|  |TAMS 0x00000000e1e00000, 0x00000000e1e00000| Untracked 
|  31|0x00000000e1f00000, 0x00000000e1f88a00, 0x00000000e2000000| 53%| O|  |TAMS 0x00000000e1f00000, 0x00000000e1f00000| Untracked 
|  32|0x00000000e2000000, 0x00000000e2000000, 0x00000000e2100000|  0%| F|  |TAMS 0x00000000e2000000, 0x00000000e2000000| Untracked 
|  33|0x00000000e2100000, 0x00000000e2100000, 0x00000000e2200000|  0%| F|  |TAMS 0x00000000e2100000, 0x00000000e2100000| Untracked 
|  34|0x00000000e2200000, 0x00000000e2200000, 0x00000000e2300000|  0%| F|  |TAMS 0x00000000e2200000, 0x00000000e2200000| Untracked 
|  35|0x00000000e2300000, 0x00000000e2300000, 0x00000000e2400000|  0%| F|  |TAMS 0x00000000e2300000, 0x00000000e2300000| Untracked 
|  36|0x00000000e2400000, 0x00000000e2400000, 0x00000000e2500000|  0%| F|  |TAMS 0x00000000e2400000, 0x00000000e2400000| Untracked 
|  37|0x00000000e2500000, 0x00000000e2500000, 0x00000000e2600000|  0%| F|  |TAMS 0x00000000e2500000, 0x00000000e2500000| Untracked 
|  38|0x00000000e2600000, 0x00000000e2600000, 0x00000000e2700000|  0%| F|  |TAMS 0x00000000e2600000, 0x00000000e2600000| Untracked 
|  39|0x00000000e2700000, 0x00000000e2700000, 0x00000000e2800000|  0%| F|  |TAMS 0x00000000e2700000, 0x00000000e2700000| Untracked 
|  40|0x00000000e2800000, 0x00000000e2800000, 0x00000000e2900000|  0%| F|  |TAMS 0x00000000e2800000, 0x00000000e2800000| Untracked 
|  41|0x00000000e2900000, 0x00000000e2900000, 0x00000000e2a00000|  0%| F|  |TAMS 0x00000000e2900000, 0x00000000e2900000| Untracked 
|  42|0x00000000e2a00000, 0x00000000e2a00000, 0x00000000e2b00000|  0%| F|  |TAMS 0x00000000e2a00000, 0x00000000e2a00000| Untracked 
|  43|0x00000000e2b00000, 0x00000000e2b00000, 0x00000000e2c00000|  0%| F|  |TAMS 0x00000000e2b00000, 0x00000000e2b00000| Untracked 
|  44|0x00000000e2c00000, 0x00000000e2c00000, 0x00000000e2d00000|  0%| F|  |TAMS 0x00000000e2c00000, 0x00000000e2c00000| Untracked 
|  45|0x00000000e2d00000, 0x00000000e2d00000, 0x00000000e2e00000|  0%| F|  |TAMS 0x00000000e2d00000, 0x00000000e2d00000| Untracked 
|  46|0x00000000e2e00000, 0x00000000e2e00000, 0x00000000e2f00000|  0%| F|  |TAMS 0x00000000e2e00000, 0x00000000e2e00000| Untracked 
|  47|0x00000000e2f00000, 0x00000000e2f00000, 0x00000000e3000000|  0%| F|  |TAMS 0x00000000e2f00000, 0x00000000e2f00000| Untracked 
|  48|0x00000000e3000000, 0x00000000e3000000, 0x00000000e3100000|  0%| F|  |TAMS 0x00000000e3000000, 0x00000000e3000000| Untracked 
|  49|0x00000000e3100000, 0x00000000e3100000, 0x00000000e3200000|  0%| F|  |TAMS 0x00000000e3100000, 0x00000000e3100000| Untracked 
|  50|0x00000000e3200000, 0x00000000e3200000, 0x00000000e3300000|  0%| F|  |TAMS 0x00000000e3200000, 0x00000000e3200000| Untracked 
|  51|0x00000000e3300000, 0x00000000e3300000, 0x00000000e3400000|  0%| F|  |TAMS 0x00000000e3300000, 0x00000000e3300000| Untracked 
|  52|0x00000000e3400000, 0x00000000e3400000, 0x00000000e3500000|  0%| F|  |TAMS 0x00000000e3400000, 0x00000000e3400000| Untracked 
|  53|0x00000000e3500000, 0x00000000e3500000, 0x00000000e3600000|  0%| F|  |TAMS 0x00000000e3500000, 0x00000000e3500000| Untracked 
|  54|0x00000000e3600000, 0x00000000e3600000, 0x00000000e3700000|  0%| F|  |TAMS 0x00000000e3600000, 0x00000000e3600000| Untracked 
|  55|0x00000000e3700000, 0x00000000e3700000, 0x00000000e3800000|  0%| F|  |TAMS 0x00000000e3700000, 0x00000000e3700000| Untracked 
|  56|0x00000000e3800000, 0x00000000e3800000, 0x00000000e3900000|  0%| F|  |TAMS 0x00000000e3800000, 0x00000000e3800000| Untracked 
|  57|0x00000000e3900000, 0x00000000e3900000, 0x00000000e3a00000|  0%| F|  |TAMS 0x00000000e3900000, 0x00000000e3900000| Untracked 
|  58|0x00000000e3a00000, 0x00000000e3a00000, 0x00000000e3b00000|  0%| F|  |TAMS 0x00000000e3a00000, 0x00000000e3a00000| Untracked 
|  59|0x00000000e3b00000, 0x00000000e3b00000, 0x00000000e3c00000|  0%| F|  |TAMS 0x00000000e3b00000, 0x00000000e3b00000| Untracked 
|  60|0x00000000e3c00000, 0x00000000e3c00000, 0x00000000e3d00000|  0%| F|  |TAMS 0x00000000e3c00000, 0x00000000e3c00000| Untracked 
|  61|0x00000000e3d00000, 0x00000000e3d00000, 0x00000000e3e00000|  0%| F|  |TAMS 0x00000000e3d00000, 0x00000000e3d00000| Untracked 
|  62|0x00000000e3e00000, 0x00000000e3e00000, 0x00000000e3f00000|  0%| F|  |TAMS 0x00000000e3e00000, 0x00000000e3e00000| Untracked 
|  63|0x00000000e3f00000, 0x00000000e3f00000, 0x00000000e4000000|  0%| F|  |TAMS 0x00000000e3f00000, 0x00000000e3f00000| Untracked 
|  64|0x00000000e4000000, 0x00000000e4000000, 0x00000000e4100000|  0%| F|  |TAMS 0x00000000e4000000, 0x00000000e4000000| Untracked 
|  65|0x00000000e4100000, 0x00000000e4100000, 0x00000000e4200000|  0%| F|  |TAMS 0x00000000e4100000, 0x00000000e4100000| Untracked 
|  66|0x00000000e4200000, 0x00000000e4200000, 0x00000000e4300000|  0%| F|  |TAMS 0x00000000e4200000, 0x00000000e4200000| Untracked 
|  67|0x00000000e4300000, 0x00000000e4300000, 0x00000000e4400000|  0%| F|  |TAMS 0x00000000e4300000, 0x00000000e4300000| Untracked 
|  68|0x00000000e4400000, 0x00000000e4400000, 0x00000000e4500000|  0%| F|  |TAMS 0x00000000e4400000, 0x00000000e4400000| Untracked 
|  69|0x00000000e4500000, 0x00000000e4500000, 0x00000000e4600000|  0%| F|  |TAMS 0x00000000e4500000, 0x00000000e4500000| Untracked 
|  70|0x00000000e4600000, 0x00000000e4600000, 0x00000000e4700000|  0%| F|  |TAMS 0x00000000e4600000, 0x00000000e4600000| Untracked 
|  71|0x00000000e4700000, 0x00000000e4700000, 0x00000000e4800000|  0%| F|  |TAMS 0x00000000e4700000, 0x00000000e4700000| Untracked 
|  72|0x00000000e4800000, 0x00000000e4800000, 0x00000000e4900000|  0%| F|  |TAMS 0x00000000e4800000, 0x00000000e4800000| Untracked 
|  73|0x00000000e4900000, 0x00000000e4900000, 0x00000000e4a00000|  0%| F|  |TAMS 0x00000000e4900000, 0x00000000e4900000| Untracked 
|  74|0x00000000e4a00000, 0x00000000e4a00000, 0x00000000e4b00000|  0%| F|  |TAMS 0x00000000e4a00000, 0x00000000e4a00000| Untracked 
|  75|0x00000000e4b00000, 0x00000000e4b00000, 0x00000000e4c00000|  0%| F|  |TAMS 0x00000000e4b00000, 0x00000000e4b00000| Untracked 
|  76|0x00000000e4c00000, 0x00000000e4c00000, 0x00000000e4d00000|  0%| F|  |TAMS 0x00000000e4c00000, 0x00000000e4c00000| Untracked 
|  77|0x00000000e4d00000, 0x00000000e4d00000, 0x00000000e4e00000|  0%| F|  |TAMS 0x00000000e4d00000, 0x00000000e4d00000| Untracked 
|  78|0x00000000e4e00000, 0x00000000e4e00000, 0x00000000e4f00000|  0%| F|  |TAMS 0x00000000e4e00000, 0x00000000e4e00000| Untracked 
|  79|0x00000000e4f00000, 0x00000000e4f00000, 0x00000000e5000000|  0%| F|  |TAMS 0x00000000e4f00000, 0x00000000e4f00000| Untracked 
|  80|0x00000000e5000000, 0x00000000e5000000, 0x00000000e5100000|  0%| F|  |TAMS 0x00000000e5000000, 0x00000000e5000000| Untracked 
|  81|0x00000000e5100000, 0x00000000e5100000, 0x00000000e5200000|  0%| F|  |TAMS 0x00000000e5100000, 0x00000000e5100000| Untracked 
|  82|0x00000000e5200000, 0x00000000e5200000, 0x00000000e5300000|  0%| F|  |TAMS 0x00000000e5200000, 0x00000000e5200000| Untracked 
|  83|0x00000000e5300000, 0x00000000e5300000, 0x00000000e5400000|  0%| F|  |TAMS 0x00000000e5300000, 0x00000000e5300000| Untracked 
|  84|0x00000000e5400000, 0x00000000e5400000, 0x00000000e5500000|  0%| F|  |TAMS 0x00000000e5400000, 0x00000000e5400000| Untracked 
|  85|0x00000000e5500000, 0x00000000e5500000, 0x00000000e5600000|  0%| F|  |TAMS 0x00000000e5500000, 0x00000000e5500000| Untracked 
|  86|0x00000000e5600000, 0x00000000e5600000, 0x00000000e5700000|  0%| F|  |TAMS 0x00000000e5600000, 0x00000000e5600000| Untracked 
|  87|0x00000000e5700000, 0x00000000e5700000, 0x00000000e5800000|  0%| F|  |TAMS 0x00000000e5700000, 0x00000000e5700000| Untracked 
|  88|0x00000000e5800000, 0x00000000e5800000, 0x00000000e5900000|  0%| F|  |TAMS 0x00000000e5800000, 0x00000000e5800000| Untracked 
|  89|0x00000000e5900000, 0x00000000e5900000, 0x00000000e5a00000|  0%| F|  |TAMS 0x00000000e5900000, 0x00000000e5900000| Untracked 
|  90|0x00000000e5a00000, 0x00000000e5a00000, 0x00000000e5b00000|  0%| F|  |TAMS 0x00000000e5a00000, 0x00000000e5a00000| Untracked 
|  91|0x00000000e5b00000, 0x00000000e5b00000, 0x00000000e5c00000|  0%| F|  |TAMS 0x00000000e5b00000, 0x00000000e5b00000| Untracked 
|  92|0x00000000e5c00000, 0x00000000e5c00000, 0x00000000e5d00000|  0%| F|  |TAMS 0x00000000e5c00000, 0x00000000e5c00000| Untracked 
|  93|0x00000000e5d00000, 0x00000000e5d00000, 0x00000000e5e00000|  0%| F|  |TAMS 0x00000000e5d00000, 0x00000000e5d00000| Untracked 
|  94|0x00000000e5e00000, 0x00000000e5e00000, 0x00000000e5f00000|  0%| F|  |TAMS 0x00000000e5e00000, 0x00000000e5e00000| Untracked 
|  95|0x00000000e5f00000, 0x00000000e5f00000, 0x00000000e6000000|  0%| F|  |TAMS 0x00000000e5f00000, 0x00000000e5f00000| Untracked 
|  96|0x00000000e6000000, 0x00000000e6000000, 0x00000000e6100000|  0%| F|  |TAMS 0x00000000e6000000, 0x00000000e6000000| Untracked 
|  97|0x00000000e6100000, 0x00000000e6100000, 0x00000000e6200000|  0%| F|  |TAMS 0x00000000e6100000, 0x00000000e6100000| Untracked 
|  98|0x00000000e6200000, 0x00000000e6200000, 0x00000000e6300000|  0%| F|  |TAMS 0x00000000e6200000, 0x00000000e6200000| Untracked 
|  99|0x00000000e6300000, 0x00000000e6300000, 0x00000000e6400000|  0%| F|  |TAMS 0x00000000e6300000, 0x00000000e6300000| Untracked 
| 100|0x00000000e6400000, 0x00000000e6400000, 0x00000000e6500000|  0%| F|  |TAMS 0x00000000e6400000, 0x00000000e6400000| Untracked 
| 101|0x00000000e6500000, 0x00000000e6500000, 0x00000000e6600000|  0%| F|  |TAMS 0x00000000e6500000, 0x00000000e6500000| Untracked 
| 102|0x00000000e6600000, 0x00000000e6600000, 0x00000000e6700000|  0%| F|  |TAMS 0x00000000e6600000, 0x00000000e6600000| Untracked 
| 103|0x00000000e6700000, 0x00000000e6700000, 0x00000000e6800000|  0%| F|  |TAMS 0x00000000e6700000, 0x00000000e6700000| Untracked 
| 104|0x00000000e6800000, 0x00000000e6800000, 0x00000000e6900000|  0%| F|  |TAMS 0x00000000e6800000, 0x00000000e6800000| Untracked 
| 105|0x00000000e6900000, 0x00000000e6900000, 0x00000000e6a00000|  0%| F|  |TAMS 0x00000000e6900000, 0x00000000e6900000| Untracked 
| 106|0x00000000e6a00000, 0x00000000e6a00000, 0x00000000e6b00000|  0%| F|  |TAMS 0x00000000e6a00000, 0x00000000e6a00000| Untracked 
| 107|0x00000000e6b00000, 0x00000000e6b00000, 0x00000000e6c00000|  0%| F|  |TAMS 0x00000000e6b00000, 0x00000000e6b00000| Untracked 
| 108|0x00000000e6c00000, 0x00000000e6c00000, 0x00000000e6d00000|  0%| F|  |TAMS 0x00000000e6c00000, 0x00000000e6c00000| Untracked 
| 109|0x00000000e6d00000, 0x00000000e6d00000, 0x00000000e6e00000|  0%| F|  |TAMS 0x00000000e6d00000, 0x00000000e6d00000| Untracked 
| 110|0x00000000e6e00000, 0x00000000e6e00000, 0x00000000e6f00000|  0%| F|  |TAMS 0x00000000e6e00000, 0x00000000e6e00000| Untracked 
| 111|0x00000000e6f00000, 0x00000000e6f00000, 0x00000000e7000000|  0%| F|  |TAMS 0x00000000e6f00000, 0x00000000e6f00000| Untracked 
| 112|0x00000000e7000000, 0x00000000e7000000, 0x00000000e7100000|  0%| F|  |TAMS 0x00000000e7000000, 0x00000000e7000000| Untracked 
| 113|0x00000000e7100000, 0x00000000e7100000, 0x00000000e7200000|  0%| F|  |TAMS 0x00000000e7100000, 0x00000000e7100000| Untracked 
| 114|0x00000000e7200000, 0x00000000e7200000, 0x00000000e7300000|  0%| F|  |TAMS 0x00000000e7200000, 0x00000000e7200000| Untracked 
| 115|0x00000000e7300000, 0x00000000e7300000, 0x00000000e7400000|  0%| F|  |TAMS 0x00000000e7300000, 0x00000000e7300000| Untracked 
| 116|0x00000000e7400000, 0x00000000e7400000, 0x00000000e7500000|  0%| F|  |TAMS 0x00000000e7400000, 0x00000000e7400000| Untracked 
| 117|0x00000000e7500000, 0x00000000e7500000, 0x00000000e7600000|  0%| F|  |TAMS 0x00000000e7500000, 0x00000000e7500000| Untracked 
| 118|0x00000000e7600000, 0x00000000e7600000, 0x00000000e7700000|  0%| F|  |TAMS 0x00000000e7600000, 0x00000000e7600000| Untracked 
| 119|0x00000000e7700000, 0x00000000e7700000, 0x00000000e7800000|  0%| F|  |TAMS 0x00000000e7700000, 0x00000000e7700000| Untracked 
| 120|0x00000000e7800000, 0x00000000e7800000, 0x00000000e7900000|  0%| F|  |TAMS 0x00000000e7800000, 0x00000000e7800000| Untracked 
| 121|0x00000000e7900000, 0x00000000e7900000, 0x00000000e7a00000|  0%| F|  |TAMS 0x00000000e7900000, 0x00000000e7900000| Untracked 
| 122|0x00000000e7a00000, 0x00000000e7a00000, 0x00000000e7b00000|  0%| F|  |TAMS 0x00000000e7a00000, 0x00000000e7a00000| Untracked 
| 123|0x00000000e7b00000, 0x00000000e7b00000, 0x00000000e7c00000|  0%| F|  |TAMS 0x00000000e7b00000, 0x00000000e7b00000| Untracked 
| 124|0x00000000e7c00000, 0x00000000e7c00000, 0x00000000e7d00000|  0%| F|  |TAMS 0x00000000e7c00000, 0x00000000e7c00000| Untracked 
| 125|0x00000000e7d00000, 0x00000000e7d00000, 0x00000000e7e00000|  0%| F|  |TAMS 0x00000000e7d00000, 0x00000000e7d00000| Untracked 
| 126|0x00000000e7e00000, 0x00000000e7e00000, 0x00000000e7f00000|  0%| F|  |TAMS 0x00000000e7e00000, 0x00000000e7e00000| Untracked 
| 127|0x00000000e7f00000, 0x00000000e7f00000, 0x00000000e8000000|  0%| F|  |TAMS 0x00000000e7f00000, 0x00000000e7f00000| Untracked 
| 128|0x00000000e8000000, 0x00000000e8000000, 0x00000000e8100000|  0%| F|  |TAMS 0x00000000e8000000, 0x00000000e8000000| Untracked 
| 129|0x00000000e8100000, 0x00000000e8100000, 0x00000000e8200000|  0%| F|  |TAMS 0x00000000e8100000, 0x00000000e8100000| Untracked 
| 130|0x00000000e8200000, 0x00000000e8200000, 0x00000000e8300000|  0%| F|  |TAMS 0x00000000e8200000, 0x00000000e8200000| Untracked 
| 131|0x00000000e8300000, 0x00000000e8300000, 0x00000000e8400000|  0%| F|  |TAMS 0x00000000e8300000, 0x00000000e8300000| Untracked 
| 132|0x00000000e8400000, 0x00000000e8400000, 0x00000000e8500000|  0%| F|  |TAMS 0x00000000e8400000, 0x00000000e8400000| Untracked 
| 133|0x00000000e8500000, 0x00000000e8500000, 0x00000000e8600000|  0%| F|  |TAMS 0x00000000e8500000, 0x00000000e8500000| Untracked 
| 134|0x00000000e8600000, 0x00000000e8600000, 0x00000000e8700000|  0%| F|  |TAMS 0x00000000e8600000, 0x00000000e8600000| Untracked 
| 135|0x00000000e8700000, 0x00000000e8700000, 0x00000000e8800000|  0%| F|  |TAMS 0x00000000e8700000, 0x00000000e8700000| Untracked 
| 136|0x00000000e8800000, 0x00000000e8800000, 0x00000000e8900000|  0%| F|  |TAMS 0x00000000e8800000, 0x00000000e8800000| Untracked 
| 137|0x00000000e8900000, 0x00000000e8900000, 0x00000000e8a00000|  0%| F|  |TAMS 0x00000000e8900000, 0x00000000e8900000| Untracked 
| 138|0x00000000e8a00000, 0x00000000e8a00000, 0x00000000e8b00000|  0%| F|  |TAMS 0x00000000e8a00000, 0x00000000e8a00000| Untracked 
| 139|0x00000000e8b00000, 0x00000000e8b00000, 0x00000000e8c00000|  0%| F|  |TAMS 0x00000000e8b00000, 0x00000000e8b00000| Untracked 
| 140|0x00000000e8c00000, 0x00000000e8c00000, 0x00000000e8d00000|  0%| F|  |TAMS 0x00000000e8c00000, 0x00000000e8c00000| Untracked 
| 141|0x00000000e8d00000, 0x00000000e8d00000, 0x00000000e8e00000|  0%| F|  |TAMS 0x00000000e8d00000, 0x00000000e8d00000| Untracked 
| 142|0x00000000e8e00000, 0x00000000e8e00000, 0x00000000e8f00000|  0%| F|  |TAMS 0x00000000e8e00000, 0x00000000e8e00000| Untracked 
| 143|0x00000000e8f00000, 0x00000000e8f00000, 0x00000000e9000000|  0%| F|  |TAMS 0x00000000e8f00000, 0x00000000e8f00000| Untracked 
| 144|0x00000000e9000000, 0x00000000e9000000, 0x00000000e9100000|  0%| F|  |TAMS 0x00000000e9000000, 0x00000000e9000000| Untracked 
| 145|0x00000000e9100000, 0x00000000e9100000, 0x00000000e9200000|  0%| F|  |TAMS 0x00000000e9100000, 0x00000000e9100000| Untracked 
| 146|0x00000000e9200000, 0x00000000e9200000, 0x00000000e9300000|  0%| F|  |TAMS 0x00000000e9200000, 0x00000000e9200000| Untracked 
| 147|0x00000000e9300000, 0x00000000e9300000, 0x00000000e9400000|  0%| F|  |TAMS 0x00000000e9300000, 0x00000000e9300000| Untracked 
| 148|0x00000000e9400000, 0x00000000e9400000, 0x00000000e9500000|  0%| F|  |TAMS 0x00000000e9400000, 0x00000000e9400000| Untracked 
| 149|0x00000000e9500000, 0x00000000e9500000, 0x00000000e9600000|  0%| F|  |TAMS 0x00000000e9500000, 0x00000000e9500000| Untracked 
| 150|0x00000000e9600000, 0x00000000e9600000, 0x00000000e9700000|  0%| F|  |TAMS 0x00000000e9600000, 0x00000000e9600000| Untracked 
| 151|0x00000000e9700000, 0x00000000e9700000, 0x00000000e9800000|  0%| F|  |TAMS 0x00000000e9700000, 0x00000000e9700000| Untracked 
| 152|0x00000000e9800000, 0x00000000e9800000, 0x00000000e9900000|  0%| F|  |TAMS 0x00000000e9800000, 0x00000000e9800000| Untracked 
| 153|0x00000000e9900000, 0x00000000e9900000, 0x00000000e9a00000|  0%| F|  |TAMS 0x00000000e9900000, 0x00000000e9900000| Untracked 
| 154|0x00000000e9a00000, 0x00000000e9a00000, 0x00000000e9b00000|  0%| F|  |TAMS 0x00000000e9a00000, 0x00000000e9a00000| Untracked 
| 155|0x00000000e9b00000, 0x00000000e9b00000, 0x00000000e9c00000|  0%| F|  |TAMS 0x00000000e9b00000, 0x00000000e9b00000| Untracked 
| 156|0x00000000e9c00000, 0x00000000e9c00000, 0x00000000e9d00000|  0%| F|  |TAMS 0x00000000e9c00000, 0x00000000e9c00000| Untracked 
| 157|0x00000000e9d00000, 0x00000000e9d00000, 0x00000000e9e00000|  0%| F|  |TAMS 0x00000000e9d00000, 0x00000000e9d00000| Untracked 
| 158|0x00000000e9e00000, 0x00000000e9e00000, 0x00000000e9f00000|  0%| F|  |TAMS 0x00000000e9e00000, 0x00000000e9e00000| Untracked 
| 159|0x00000000e9f00000, 0x00000000e9f00000, 0x00000000ea000000|  0%| F|  |TAMS 0x00000000e9f00000, 0x00000000e9f00000| Untracked 
| 160|0x00000000ea000000, 0x00000000ea000000, 0x00000000ea100000|  0%| F|  |TAMS 0x00000000ea000000, 0x00000000ea000000| Untracked 
| 161|0x00000000ea100000, 0x00000000ea100000, 0x00000000ea200000|  0%| F|  |TAMS 0x00000000ea100000, 0x00000000ea100000| Untracked 
| 162|0x00000000ea200000, 0x00000000ea200000, 0x00000000ea300000|  0%| F|  |TAMS 0x00000000ea200000, 0x00000000ea200000| Untracked 
| 163|0x00000000ea300000, 0x00000000ea300000, 0x00000000ea400000|  0%| F|  |TAMS 0x00000000ea300000, 0x00000000ea300000| Untracked 
| 164|0x00000000ea400000, 0x00000000ea400000, 0x00000000ea500000|  0%| F|  |TAMS 0x00000000ea400000, 0x00000000ea400000| Untracked 
| 165|0x00000000ea500000, 0x00000000ea500000, 0x00000000ea600000|  0%| F|  |TAMS 0x00000000ea500000, 0x00000000ea500000| Untracked 
| 166|0x00000000ea600000, 0x00000000ea600000, 0x00000000ea700000|  0%| F|  |TAMS 0x00000000ea600000, 0x00000000ea600000| Untracked 
| 167|0x00000000ea700000, 0x00000000ea700000, 0x00000000ea800000|  0%| F|  |TAMS 0x00000000ea700000, 0x00000000ea700000| Untracked 
| 168|0x00000000ea800000, 0x00000000ea800000, 0x00000000ea900000|  0%| F|  |TAMS 0x00000000ea800000, 0x00000000ea800000| Untracked 
| 169|0x00000000ea900000, 0x00000000ea900000, 0x00000000eaa00000|  0%| F|  |TAMS 0x00000000ea900000, 0x00000000ea900000| Untracked 
| 170|0x00000000eaa00000, 0x00000000eaa00000, 0x00000000eab00000|  0%| F|  |TAMS 0x00000000eaa00000, 0x00000000eaa00000| Untracked 
| 171|0x00000000eab00000, 0x00000000eab00000, 0x00000000eac00000|  0%| F|  |TAMS 0x00000000eab00000, 0x00000000eab00000| Untracked 
| 172|0x00000000eac00000, 0x00000000eac00000, 0x00000000ead00000|  0%| F|  |TAMS 0x00000000eac00000, 0x00000000eac00000| Untracked 
| 173|0x00000000ead00000, 0x00000000ead00000, 0x00000000eae00000|  0%| F|  |TAMS 0x00000000ead00000, 0x00000000ead00000| Untracked 
| 174|0x00000000eae00000, 0x00000000eae00000, 0x00000000eaf00000|  0%| F|  |TAMS 0x00000000eae00000, 0x00000000eae00000| Untracked 
| 175|0x00000000eaf00000, 0x00000000eaf00000, 0x00000000eb000000|  0%| F|  |TAMS 0x00000000eaf00000, 0x00000000eaf00000| Untracked 
| 176|0x00000000eb000000, 0x00000000eb000000, 0x00000000eb100000|  0%| F|  |TAMS 0x00000000eb000000, 0x00000000eb000000| Untracked 
| 177|0x00000000eb100000, 0x00000000eb100000, 0x00000000eb200000|  0%| F|  |TAMS 0x00000000eb100000, 0x00000000eb100000| Untracked 
| 178|0x00000000eb200000, 0x00000000eb200000, 0x00000000eb300000|  0%| F|  |TAMS 0x00000000eb200000, 0x00000000eb200000| Untracked 
| 179|0x00000000eb300000, 0x00000000eb300000, 0x00000000eb400000|  0%| F|  |TAMS 0x00000000eb300000, 0x00000000eb300000| Untracked 
| 180|0x00000000eb400000, 0x00000000eb400000, 0x00000000eb500000|  0%| F|  |TAMS 0x00000000eb400000, 0x00000000eb400000| Untracked 
| 181|0x00000000eb500000, 0x00000000eb500000, 0x00000000eb600000|  0%| F|  |TAMS 0x00000000eb500000, 0x00000000eb500000| Untracked 
| 182|0x00000000eb600000, 0x00000000eb600000, 0x00000000eb700000|  0%| F|  |TAMS 0x00000000eb600000, 0x00000000eb600000| Untracked 
| 183|0x00000000eb700000, 0x00000000eb700000, 0x00000000eb800000|  0%| F|  |TAMS 0x00000000eb700000, 0x00000000eb700000| Untracked 
| 184|0x00000000eb800000, 0x00000000eb800000, 0x00000000eb900000|  0%| F|  |TAMS 0x00000000eb800000, 0x00000000eb800000| Untracked 
| 185|0x00000000eb900000, 0x00000000eb900000, 0x00000000eba00000|  0%| F|  |TAMS 0x00000000eb900000, 0x00000000eb900000| Untracked 
| 186|0x00000000eba00000, 0x00000000eba00000, 0x00000000ebb00000|  0%| F|  |TAMS 0x00000000eba00000, 0x00000000eba00000| Untracked 
| 187|0x00000000ebb00000, 0x00000000ebb00000, 0x00000000ebc00000|  0%| F|  |TAMS 0x00000000ebb00000, 0x00000000ebb00000| Untracked 
| 188|0x00000000ebc00000, 0x00000000ebc00000, 0x00000000ebd00000|  0%| F|  |TAMS 0x00000000ebc00000, 0x00000000ebc00000| Untracked 
| 189|0x00000000ebd00000, 0x00000000ebd00000, 0x00000000ebe00000|  0%| F|  |TAMS 0x00000000ebd00000, 0x00000000ebd00000| Untracked 
| 190|0x00000000ebe00000, 0x00000000ebe00000, 0x00000000ebf00000|  0%| F|  |TAMS 0x00000000ebe00000, 0x00000000ebe00000| Untracked 
| 191|0x00000000ebf00000, 0x00000000ebf00000, 0x00000000ec000000|  0%| F|  |TAMS 0x00000000ebf00000, 0x00000000ebf00000| Untracked 
| 192|0x00000000ec000000, 0x00000000ec000000, 0x00000000ec100000|  0%| F|  |TAMS 0x00000000ec000000, 0x00000000ec000000| Untracked 
| 193|0x00000000ec100000, 0x00000000ec100000, 0x00000000ec200000|  0%| F|  |TAMS 0x00000000ec100000, 0x00000000ec100000| Untracked 
| 194|0x00000000ec200000, 0x00000000ec200000, 0x00000000ec300000|  0%| F|  |TAMS 0x00000000ec200000, 0x00000000ec200000| Untracked 
| 195|0x00000000ec300000, 0x00000000ec300000, 0x00000000ec400000|  0%| F|  |TAMS 0x00000000ec300000, 0x00000000ec300000| Untracked 
| 196|0x00000000ec400000, 0x00000000ec400000, 0x00000000ec500000|  0%| F|  |TAMS 0x00000000ec400000, 0x00000000ec400000| Untracked 
| 197|0x00000000ec500000, 0x00000000ec500000, 0x00000000ec600000|  0%| F|  |TAMS 0x00000000ec500000, 0x00000000ec500000| Untracked 
| 198|0x00000000ec600000, 0x00000000ec600000, 0x00000000ec700000|  0%| F|  |TAMS 0x00000000ec600000, 0x00000000ec600000| Untracked 
| 199|0x00000000ec700000, 0x00000000ec700000, 0x00000000ec800000|  0%| F|  |TAMS 0x00000000ec700000, 0x00000000ec700000| Untracked 
| 200|0x00000000ec800000, 0x00000000ec800000, 0x00000000ec900000|  0%| F|  |TAMS 0x00000000ec800000, 0x00000000ec800000| Untracked 
| 201|0x00000000ec900000, 0x00000000ec900000, 0x00000000eca00000|  0%| F|  |TAMS 0x00000000ec900000, 0x00000000ec900000| Untracked 
| 202|0x00000000eca00000, 0x00000000eca00000, 0x00000000ecb00000|  0%| F|  |TAMS 0x00000000eca00000, 0x00000000eca00000| Untracked 
| 203|0x00000000ecb00000, 0x00000000ecb00000, 0x00000000ecc00000|  0%| F|  |TAMS 0x00000000ecb00000, 0x00000000ecb00000| Untracked 
| 204|0x00000000ecc00000, 0x00000000ecc00000, 0x00000000ecd00000|  0%| F|  |TAMS 0x00000000ecc00000, 0x00000000ecc00000| Untracked 
| 205|0x00000000ecd00000, 0x00000000ecd00000, 0x00000000ece00000|  0%| F|  |TAMS 0x00000000ecd00000, 0x00000000ecd00000| Untracked 
| 206|0x00000000ece00000, 0x00000000ece00000, 0x00000000ecf00000|  0%| F|  |TAMS 0x00000000ece00000, 0x00000000ece00000| Untracked 
| 207|0x00000000ecf00000, 0x00000000ecf00000, 0x00000000ed000000|  0%| F|  |TAMS 0x00000000ecf00000, 0x00000000ecf00000| Untracked 
| 208|0x00000000ed000000, 0x00000000ed000000, 0x00000000ed100000|  0%| F|  |TAMS 0x00000000ed000000, 0x00000000ed000000| Untracked 
| 209|0x00000000ed100000, 0x00000000ed100000, 0x00000000ed200000|  0%| F|  |TAMS 0x00000000ed100000, 0x00000000ed100000| Untracked 
| 210|0x00000000ed200000, 0x00000000ed200000, 0x00000000ed300000|  0%| F|  |TAMS 0x00000000ed200000, 0x00000000ed200000| Untracked 
| 211|0x00000000ed300000, 0x00000000ed300000, 0x00000000ed400000|  0%| F|  |TAMS 0x00000000ed300000, 0x00000000ed300000| Untracked 
| 212|0x00000000ed400000, 0x00000000ed400000, 0x00000000ed500000|  0%| F|  |TAMS 0x00000000ed400000, 0x00000000ed400000| Untracked 
| 213|0x00000000ed500000, 0x00000000ed500000, 0x00000000ed600000|  0%| F|  |TAMS 0x00000000ed500000, 0x00000000ed500000| Untracked 
| 214|0x00000000ed600000, 0x00000000ed600000, 0x00000000ed700000|  0%| F|  |TAMS 0x00000000ed600000, 0x00000000ed600000| Untracked 
| 215|0x00000000ed700000, 0x00000000ed700000, 0x00000000ed800000|  0%| F|  |TAMS 0x00000000ed700000, 0x00000000ed700000| Untracked 
| 216|0x00000000ed800000, 0x00000000ed800000, 0x00000000ed900000|  0%| F|  |TAMS 0x00000000ed800000, 0x00000000ed800000| Untracked 
| 217|0x00000000ed900000, 0x00000000ed900000, 0x00000000eda00000|  0%| F|  |TAMS 0x00000000ed900000, 0x00000000ed900000| Untracked 
| 218|0x00000000eda00000, 0x00000000eda00000, 0x00000000edb00000|  0%| F|  |TAMS 0x00000000eda00000, 0x00000000eda00000| Untracked 
| 219|0x00000000edb00000, 0x00000000edb00000, 0x00000000edc00000|  0%| F|  |TAMS 0x00000000edb00000, 0x00000000edb00000| Untracked 
| 220|0x00000000edc00000, 0x00000000edc00000, 0x00000000edd00000|  0%| F|  |TAMS 0x00000000edc00000, 0x00000000edc00000| Untracked 
| 221|0x00000000edd00000, 0x00000000edd00000, 0x00000000ede00000|  0%| F|  |TAMS 0x00000000edd00000, 0x00000000edd00000| Untracked 
| 222|0x00000000ede00000, 0x00000000ede00000, 0x00000000edf00000|  0%| F|  |TAMS 0x00000000ede00000, 0x00000000ede00000| Untracked 
| 223|0x00000000edf00000, 0x00000000edf00000, 0x00000000ee000000|  0%| F|  |TAMS 0x00000000edf00000, 0x00000000edf00000| Untracked 
| 224|0x00000000ee000000, 0x00000000ee000000, 0x00000000ee100000|  0%| F|  |TAMS 0x00000000ee000000, 0x00000000ee000000| Untracked 
| 225|0x00000000ee100000, 0x00000000ee100000, 0x00000000ee200000|  0%| F|  |TAMS 0x00000000ee100000, 0x00000000ee100000| Untracked 
| 226|0x00000000ee200000, 0x00000000ee200000, 0x00000000ee300000|  0%| F|  |TAMS 0x00000000ee200000, 0x00000000ee200000| Untracked 
| 227|0x00000000ee300000, 0x00000000ee300000, 0x00000000ee400000|  0%| F|  |TAMS 0x00000000ee300000, 0x00000000ee300000| Untracked 
| 228|0x00000000ee400000, 0x00000000ee400000, 0x00000000ee500000|  0%| F|  |TAMS 0x00000000ee400000, 0x00000000ee400000| Untracked 
| 229|0x00000000ee500000, 0x00000000ee500000, 0x00000000ee600000|  0%| F|  |TAMS 0x00000000ee500000, 0x00000000ee500000| Untracked 
| 230|0x00000000ee600000, 0x00000000ee600000, 0x00000000ee700000|  0%| F|  |TAMS 0x00000000ee600000, 0x00000000ee600000| Untracked 
| 231|0x00000000ee700000, 0x00000000ee700000, 0x00000000ee800000|  0%| F|  |TAMS 0x00000000ee700000, 0x00000000ee700000| Untracked 
| 232|0x00000000ee800000, 0x00000000ee800000, 0x00000000ee900000|  0%| F|  |TAMS 0x00000000ee800000, 0x00000000ee800000| Untracked 
| 233|0x00000000ee900000, 0x00000000ee900000, 0x00000000eea00000|  0%| F|  |TAMS 0x00000000ee900000, 0x00000000ee900000| Untracked 
| 234|0x00000000eea00000, 0x00000000eea00000, 0x00000000eeb00000|  0%| F|  |TAMS 0x00000000eea00000, 0x00000000eea00000| Untracked 
| 235|0x00000000eeb00000, 0x00000000eeb00000, 0x00000000eec00000|  0%| F|  |TAMS 0x00000000eeb00000, 0x00000000eeb00000| Untracked 
| 236|0x00000000eec00000, 0x00000000eec00000, 0x00000000eed00000|  0%| F|  |TAMS 0x00000000eec00000, 0x00000000eec00000| Untracked 
| 237|0x00000000eed00000, 0x00000000eed00000, 0x00000000eee00000|  0%| F|  |TAMS 0x00000000eed00000, 0x00000000eed00000| Untracked 
| 238|0x00000000eee00000, 0x00000000eee00000, 0x00000000eef00000|  0%| F|  |TAMS 0x00000000eee00000, 0x00000000eee00000| Untracked 
| 239|0x00000000eef00000, 0x00000000eef00000, 0x00000000ef000000|  0%| F|  |TAMS 0x00000000eef00000, 0x00000000eef00000| Untracked 
| 240|0x00000000ef000000, 0x00000000ef000000, 0x00000000ef100000|  0%| F|  |TAMS 0x00000000ef000000, 0x00000000ef000000| Untracked 
| 241|0x00000000ef100000, 0x00000000ef100000, 0x00000000ef200000|  0%| F|  |TAMS 0x00000000ef100000, 0x00000000ef100000| Untracked 
| 242|0x00000000ef200000, 0x00000000ef200000, 0x00000000ef300000|  0%| F|  |TAMS 0x00000000ef200000, 0x00000000ef200000| Untracked 
| 243|0x00000000ef300000, 0x00000000ef300000, 0x00000000ef400000|  0%| F|  |TAMS 0x00000000ef300000, 0x00000000ef300000| Untracked 
| 244|0x00000000ef400000, 0x00000000ef400000, 0x00000000ef500000|  0%| F|  |TAMS 0x00000000ef400000, 0x00000000ef400000| Untracked 
| 245|0x00000000ef500000, 0x00000000ef500000, 0x00000000ef600000|  0%| F|  |TAMS 0x00000000ef500000, 0x00000000ef500000| Untracked 
| 246|0x00000000ef600000, 0x00000000ef600000, 0x00000000ef700000|  0%| F|  |TAMS 0x00000000ef600000, 0x00000000ef600000| Untracked 
| 247|0x00000000ef700000, 0x00000000ef700000, 0x00000000ef800000|  0%| F|  |TAMS 0x00000000ef700000, 0x00000000ef700000| Untracked 
| 248|0x00000000ef800000, 0x00000000ef800000, 0x00000000ef900000|  0%| F|  |TAMS 0x00000000ef800000, 0x00000000ef800000| Untracked 
| 249|0x00000000ef900000, 0x00000000ef900000, 0x00000000efa00000|  0%| F|  |TAMS 0x00000000ef900000, 0x00000000ef900000| Untracked 
| 250|0x00000000efa00000, 0x00000000efa935b0, 0x00000000efb00000| 57%| S|CS|TAMS 0x00000000efa00000, 0x00000000efa00000| Complete 
| 251|0x00000000efb00000, 0x00000000efb00000, 0x00000000efc00000|  0%| F|  |TAMS 0x00000000efb00000, 0x00000000efb00000| Untracked 
| 252|0x00000000efc00000, 0x00000000efc00000, 0x00000000efd00000|  0%| F|  |TAMS 0x00000000efc00000, 0x00000000efc00000| Untracked 
| 253|0x00000000efd00000, 0x00000000efd00000, 0x00000000efe00000|  0%| F|  |TAMS 0x00000000efd00000, 0x00000000efd00000| Untracked 
| 254|0x00000000efe00000, 0x00000000efe00000, 0x00000000eff00000|  0%| F|  |TAMS 0x00000000efe00000, 0x00000000efe00000| Untracked 
| 255|0x00000000eff00000, 0x00000000effad3f8, 0x00000000f0000000| 67%| E|  |TAMS 0x00000000eff00000, 0x00000000eff00000| Complete 

Card table byte_map: [0x0000015cf6af0000,0x0000015cf6bf0000] _byte_map_base: 0x0000015cf63f0000

Marking Bits (Prev, Next): (CMBitMap*) 0x0000015cee3d4920, (CMBitMap*) 0x0000015cee3d48e0
 Prev Bits: [0x0000015cf74f0000, 0x0000015cf7cf0000)
 Next Bits: [0x0000015cf6cf0000, 0x0000015cf74f0000)

Polling page: 0x0000015cec980000

Metaspace:

Usage:
  Non-class:     30.31 MB used.
      Class:      4.86 MB used.
       Both:     35.17 MB used.

Virtual space:
  Non-class space:       64.00 MB reserved,      30.56 MB ( 48%) committed,  1 nodes.
      Class space:      320.00 MB reserved,       5.06 MB (  2%) committed,  1 nodes.
             Both:      384.00 MB reserved,      35.62 MB (  9%) committed. 

Chunk freelists:
   Non-Class:  752.00 KB
       Class:  10.97 MB
        Both:  11.70 MB

MaxMetaspaceSize: 384.00 MB
CompressedClassSpaceSize: 320.00 MB
Initial GC threshold: 21.00 MB
Current GC threshold: 35.88 MB
CDS: on
MetaspaceReclaimPolicy: balanced
 - commit_granule_bytes: 65536.
 - commit_granule_words: 8192.
 - virtual_space_node_default_size: 8388608.
 - enlarge_chunks_in_place: 1.
 - new_chunks_are_fully_committed: 0.
 - uncommit_free_chunks: 1.
 - use_allocation_guard: 0.
 - handle_deallocations: 1.


Internal statistics:

num_allocs_failed_limit: 9.
num_arena_births: 446.
num_arena_deaths: 0.
num_vsnodes_births: 2.
num_vsnodes_deaths: 0.
num_space_committed: 570.
num_space_uncommitted: 0.
num_chunks_returned_to_freelist: 9.
num_chunks_taken_from_freelist: 1801.
num_chunk_merges: 9.
num_chunk_splits: 1188.
num_chunks_enlarged: 830.
num_inconsistent_stats: 0.

CodeHeap 'non-profiled nmethods': size=120000Kb used=3002Kb max_used=3002Kb free=116997Kb
 bounds [0x0000015c87ad0000, 0x0000015c87dc0000, 0x0000015c8f000000]
CodeHeap 'profiled nmethods': size=120000Kb used=9579Kb max_used=9579Kb free=110420Kb
 bounds [0x0000015c80000000, 0x0000015c80960000, 0x0000015c87530000]
CodeHeap 'non-nmethods': size=5760Kb used=2292Kb max_used=2366Kb free=3467Kb
 bounds [0x0000015c87530000, 0x0000015c877a0000, 0x0000015c87ad0000]
 total_blobs=5438 nmethods=4634 adapters=716
 compilation: enabled
              stopped_count=0, restarted_count=0
 full_count=0

Compilation events (20 events):
Event: 88.703 Thread 0x0000015cfa7443f0 nmethod 4626 0x0000015c80957c10 code [0x0000015c80957da0, 0x0000015c80957ee8]
Event: 88.703 Thread 0x0000015cfa7443f0 4627       3       org.gradle.model.internal.asm.MethodVisitorScope::_PUTFIELD (11 bytes)
Event: 88.703 Thread 0x0000015cfa7443f0 nmethod 4627 0x0000015c80957f90 code [0x0000015c80958140, 0x0000015c809583d8]
Event: 88.703 Thread 0x0000015cfa7443f0 4628       3       org.gradle.model.internal.asm.MethodVisitorScope::_RETURN (8 bytes)
Event: 88.704 Thread 0x0000015cfa7443f0 nmethod 4628 0x0000015c80958510 code [0x0000015c809586c0, 0x0000015c80958928]
Event: 88.707 Thread 0x0000015cfa7443f0 4629       1       org.gradle.internal.instantiation.generator.AsmBackedClassGenerator$ClassBuilderImpl::access$3800 (5 bytes)
Event: 88.707 Thread 0x0000015cfa7443f0 nmethod 4629 0x0000015c87dbbf90 code [0x0000015c87dbc120, 0x0000015c87dbc1d8]
Event: 88.711 Thread 0x0000015cfa740100 nmethod 4621 0x0000015c87dbc290 code [0x0000015c87dbc480, 0x0000015c87dbce58]
Event: 88.725 Thread 0x0000015cfa7443f0 4630       3       org.gradle.internal.event.AbstractBroadcastDispatch::<init> (10 bytes)
Event: 88.726 Thread 0x0000015cfa7443f0 nmethod 4630 0x0000015c80958a10 code [0x0000015c80958ba0, 0x0000015c80958d58]
Event: 88.726 Thread 0x0000015cfa7443f0 4632       3       jdk.internal.org.objectweb.asm.Type::getType (10 bytes)
Event: 88.727 Thread 0x0000015cfa7443f0 nmethod 4632 0x0000015c80958e10 code [0x0000015c80958fc0, 0x0000015c809591e8]
Event: 88.766 Thread 0x0000015cfa7443f0 4633   !   3       java.lang.ref.ReferenceQueue::remove (125 bytes)
Event: 88.767 Thread 0x0000015cfa7443f0 nmethod 4633 0x0000015c80959310 code [0x0000015c80959520, 0x0000015c80959cd8]
Event: 88.767 Thread 0x0000015cfa7443f0 4634   !   3       jdk.internal.ref.PhantomCleanable::isListEmpty (34 bytes)
Event: 88.767 Thread 0x0000015cfa7443f0 nmethod 4634 0x0000015c8095a010 code [0x0000015c8095a1a0, 0x0000015c8095a3f8]
Event: 88.767 Thread 0x0000015cfa7443f0 4635       3       jdk.internal.misc.InnocuousThread::eraseThreadLocals (23 bytes)
Event: 88.767 Thread 0x0000015cfa7443f0 nmethod 4635 0x0000015c8095a510 code [0x0000015c8095a6a0, 0x0000015c8095a898]
Event: 88.767 Thread 0x0000015cfa7443f0 4636       3       java.lang.invoke.MethodHandleNatives$CallSiteContext::run (5 bytes)
Event: 88.767 Thread 0x0000015cfa7443f0 nmethod 4636 0x0000015c8095a910 code [0x0000015c8095aaa0, 0x0000015c8095abc8]

GC Heap History (12 events):
Event: 5.165 GC heap before
{Heap before GC invocations=0 (full 0):
 garbage-first heap   total 262144K, used 22528K [0x00000000e0000000, 0x0000000100000000)
  region size 1024K, 23 young (23552K), 0 survivors (0K)
 Metaspace       used 1042K, committed 1152K, reserved 393216K
  class space    used 72K, committed 128K, reserved 327680K
}
Event: 5.873 GC heap after
{Heap after GC invocations=1 (full 0):
 garbage-first heap   total 262144K, used 1913K [0x00000000e0000000, 0x0000000100000000)
  region size 1024K, 2 young (2048K), 2 survivors (2048K)
 Metaspace       used 1042K, committed 1152K, reserved 393216K
  class space    used 72K, committed 128K, reserved 327680K
}
Event: 15.189 GC heap before
{Heap before GC invocations=1 (full 0):
 garbage-first heap   total 262144K, used 39801K [0x00000000e0000000, 0x0000000100000000)
  region size 1024K, 36 young (36864K), 2 survivors (2048K)
 Metaspace       used 4370K, committed 4544K, reserved 393216K
  class space    used 546K, committed 640K, reserved 327680K
}
Event: 15.194 GC heap after
{Heap after GC invocations=2 (full 0):
 garbage-first heap   total 262144K, used 11160K [0x00000000e0000000, 0x0000000100000000)
  region size 1024K, 5 young (5120K), 5 survivors (5120K)
 Metaspace       used 4370K, committed 4544K, reserved 393216K
  class space    used 546K, committed 640K, reserved 327680K
}
Event: 19.513 GC heap before
{Heap before GC invocations=2 (full 0):
 garbage-first heap   total 262144K, used 59288K [0x00000000e0000000, 0x0000000100000000)
  region size 1024K, 50 young (51200K), 5 survivors (5120K)
 Metaspace       used 4585K, committed 4864K, reserved 393216K
  class space    used 569K, committed 704K, reserved 327680K
}
Event: 19.518 GC heap after
{Heap after GC invocations=3 (full 0):
 garbage-first heap   total 262144K, used 16362K [0x00000000e0000000, 0x0000000100000000)
  region size 1024K, 5 young (5120K), 5 survivors (5120K)
 Metaspace       used 4585K, committed 4864K, reserved 393216K
  class space    used 569K, committed 704K, reserved 327680K
}
Event: 43.626 GC heap before
{Heap before GC invocations=3 (full 0):
 garbage-first heap   total 262144K, used 127978K [0x00000000e0000000, 0x0000000100000000)
  region size 1024K, 115 young (117760K), 5 survivors (5120K)
 Metaspace       used 21165K, committed 21504K, reserved 393216K
  class space    used 3078K, committed 3264K, reserved 327680K
}
Event: 43.713 GC heap after
{Heap after GC invocations=4 (full 0):
 garbage-first heap   total 262144K, used 23967K [0x00000000e0000000, 0x0000000100000000)
  region size 1024K, 12 young (12288K), 12 survivors (12288K)
 Metaspace       used 21165K, committed 21504K, reserved 393216K
  class space    used 3078K, committed 3264K, reserved 327680K
}
Event: 88.748 GC heap before
{Heap before GC invocations=5 (full 0):
 garbage-first heap   total 262144K, used 152991K [0x00000000e0000000, 0x0000000100000000)
  region size 1024K, 135 young (138240K), 12 survivors (12288K)
 Metaspace       used 35704K, committed 36096K, reserved 393216K
  class space    used 4927K, committed 5120K, reserved 327680K
}
Event: 88.766 GC heap after
{Heap after GC invocations=6 (full 0):
 garbage-first heap   total 262144K, used 32598K [0x00000000e0000000, 0x0000000100000000)
  region size 1024K, 16 young (16384K), 16 survivors (16384K)
 Metaspace       used 35704K, committed 36096K, reserved 393216K
  class space    used 4927K, committed 5120K, reserved 327680K
}
Event: 88.811 GC heap before
{Heap before GC invocations=6 (full 0):
 garbage-first heap   total 262144K, used 33622K [0x00000000e0000000, 0x0000000100000000)
  region size 1024K, 17 young (17408K), 16 survivors (16384K)
 Metaspace       used 35835K, committed 36224K, reserved 393216K
  class space    used 4946K, committed 5120K, reserved 327680K
}
Event: 88.826 GC heap after
{Heap after GC invocations=7 (full 0):
 garbage-first heap   total 262144K, used 33294K [0x00000000e0000000, 0x0000000100000000)
  region size 1024K, 2 young (2048K), 2 survivors (2048K)
 Metaspace       used 35835K, committed 36224K, reserved 393216K
  class space    used 4946K, committed 5120K, reserved 327680K
}

Dll operation events (15 events):
Event: 0.127 Loaded shared library C:\Users\ASUS\.jdks\corretto-17.0.12\bin\java.dll
Event: 0.183 Loaded shared library C:\Users\ASUS\.jdks\corretto-17.0.12\bin\jsvml.dll
Event: 0.843 Loaded shared library C:\Users\ASUS\.jdks\corretto-17.0.12\bin\zip.dll
Event: 0.848 Loaded shared library C:\Users\ASUS\.jdks\corretto-17.0.12\bin\instrument.dll
Event: 0.856 Loaded shared library C:\Users\ASUS\.jdks\corretto-17.0.12\bin\net.dll
Event: 0.859 Loaded shared library C:\Users\ASUS\.jdks\corretto-17.0.12\bin\nio.dll
Event: 0.863 Loaded shared library C:\Users\ASUS\.jdks\corretto-17.0.12\bin\zip.dll
Event: 4.353 Loaded shared library C:\Users\ASUS\.jdks\corretto-17.0.12\bin\jimage.dll
Event: 9.224 Loaded shared library C:\Users\ASUS\.jdks\corretto-17.0.12\bin\verify.dll
Event: 11.024 Loaded shared library C:\Users\ASUS\.gradle\native\1def1411415f61bf3af743bc5b6707747c0891f09f0c88961ee8f79bc544acac\windows-amd64\native-platform.dll
Event: 11.105 Loaded shared library C:\Users\ASUS\.gradle\native\0.2.7\x86_64-windows-gnu\gradle-fileevents.dll
Event: 22.947 Loaded shared library C:\Users\ASUS\.jdks\corretto-17.0.12\bin\management.dll
Event: 22.951 Loaded shared library C:\Users\ASUS\.jdks\corretto-17.0.12\bin\management_ext.dll
Event: 33.962 Loaded shared library C:\Users\ASUS\.jdks\corretto-17.0.12\bin\extnet.dll
Event: 37.624 Loaded shared library C:\Users\ASUS\.jdks\corretto-17.0.12\bin\sunmscapi.dll

Deoptimization events (20 events):
Event: 79.188 Thread 0x0000015cff01d830 Uncommon trap: trap_request=0xffffff45 fr.pc=0x0000015c87d5af94 relative=0x0000000000000074
Event: 79.188 Thread 0x0000015cff01d830 Uncommon trap: reason=unstable_if action=reinterpret pc=0x0000015c87d5af94 method=java.util.concurrent.locks.AbstractQueuedSynchronizer.signalNext(Ljava/util/concurrent/locks/AbstractQueuedSynchronizer$Node;)V @ 17 c2
Event: 79.188 Thread 0x0000015cff01d830 DEOPT PACKING pc=0x0000015c87d5af94 sp=0x0000002fc15ff110
Event: 79.188 Thread 0x0000015cff01d830 DEOPT UNPACKING pc=0x0000015c875869a3 sp=0x0000002fc15ff0a0 mode 2
Event: 82.911 Thread 0x0000015cff01d320 Uncommon trap: trap_request=0xffffffde fr.pc=0x0000015c87be7e94 relative=0x0000000000000454
Event: 82.911 Thread 0x0000015cff01d320 Uncommon trap: reason=class_check action=maybe_recompile pc=0x0000015c87be7e94 method=java.util.Collections$SetFromMap.remove(Ljava/lang/Object;)Z @ 5 c2
Event: 82.911 Thread 0x0000015cff01d320 DEOPT PACKING pc=0x0000015c87be7e94 sp=0x0000002fc10fb3d0
Event: 82.911 Thread 0x0000015cff01d320 DEOPT UNPACKING pc=0x0000015c875869a3 sp=0x0000002fc10fb3b8 mode 2
Event: 83.082 Thread 0x0000015cff01d320 Uncommon trap: trap_request=0xffffffde fr.pc=0x0000015c87d2a200 relative=0x0000000000000060
Event: 83.082 Thread 0x0000015cff01d320 Uncommon trap: reason=class_check action=maybe_recompile pc=0x0000015c87d2a200 method=java.util.stream.StreamOpFlag.fromCharacteristics(Ljava/util/Spliterator;)I @ 14 c2
Event: 83.082 Thread 0x0000015cff01d320 DEOPT PACKING pc=0x0000015c87d2a200 sp=0x0000002fc10fa140
Event: 83.082 Thread 0x0000015cff01d320 DEOPT UNPACKING pc=0x0000015c875869a3 sp=0x0000002fc10fa0d8 mode 2
Event: 83.355 Thread 0x0000015cff01d320 Uncommon trap: trap_request=0xffffff45 fr.pc=0x0000015c87b29fac relative=0x00000000000005ec
Event: 83.355 Thread 0x0000015cff01d320 Uncommon trap: reason=unstable_if action=reinterpret pc=0x0000015c87b29fac method=java.util.HashMap.hash(Ljava/lang/Object;)I @ 1 c2
Event: 83.355 Thread 0x0000015cff01d320 DEOPT PACKING pc=0x0000015c87b29fac sp=0x0000002fc10f71d0
Event: 83.355 Thread 0x0000015cff01d320 DEOPT UNPACKING pc=0x0000015c875869a3 sp=0x0000002fc10f7078 mode 2
Event: 83.462 Thread 0x0000015cff01d320 Uncommon trap: trap_request=0xffffffde fr.pc=0x0000015c87d24a50 relative=0x0000000000002c70
Event: 83.462 Thread 0x0000015cff01d320 Uncommon trap: reason=class_check action=maybe_recompile pc=0x0000015c87d24a50 method=java.util.regex.Pattern$CharProperty.study(Ljava/util/regex/Pattern$TreeInfo;)Z @ 25 c2
Event: 83.462 Thread 0x0000015cff01d320 DEOPT PACKING pc=0x0000015c87d24a50 sp=0x0000002fc10f7760
Event: 83.462 Thread 0x0000015cff01d320 DEOPT UNPACKING pc=0x0000015c875869a3 sp=0x0000002fc10f7658 mode 2

Classes loaded (20 events):
Event: 59.105 Loading class sun/reflect/generics/tree/ArrayTypeSignature
Event: 59.105 Loading class sun/reflect/generics/tree/ArrayTypeSignature done
Event: 59.113 Loading class com/sun/beans/finder/MethodFinder
Event: 59.113 Loading class com/sun/beans/finder/AbstractFinder
Event: 59.113 Loading class com/sun/beans/finder/AbstractFinder done
Event: 59.113 Loading class com/sun/beans/finder/MethodFinder done
Event: 59.113 Loading class com/sun/beans/finder/MethodFinder$1
Event: 59.114 Loading class com/sun/beans/finder/MethodFinder$1 done
Event: 59.114 Loading class com/sun/beans/finder/FinderUtils
Event: 59.114 Loading class com/sun/beans/finder/FinderUtils done
Event: 83.081 Loading class java/util/BitSet$1BitSetSpliterator
Event: 83.082 Loading class java/util/BitSet$1BitSetSpliterator done
Event: 83.294 Loading class java/lang/invoke/SerializedLambda
Event: 83.295 Loading class java/lang/invoke/SerializedLambda done
Event: 83.426 Loading class java/lang/SafeVarargs
Event: 83.428 Loading class java/lang/SafeVarargs done
Event: 83.531 Loading class jdk/internal/reflect/UnsafeStaticIntegerFieldAccessorImpl
Event: 83.532 Loading class jdk/internal/reflect/UnsafeStaticIntegerFieldAccessorImpl done
Event: 83.635 Loading class sun/nio/fs/WindowsException
Event: 83.635 Loading class sun/nio/fs/WindowsException done

Classes unloaded (0 events):
No events

Classes redefined (0 events):
No events

Internal exceptions (20 events):
Event: 83.643 Thread 0x0000015cff01d320 Exception <a 'sun/nio/fs/WindowsException'{0x00000000e9648c20}> (0x00000000e9648c20) 
thrown [s\src\hotspot\share\prims\jni.cpp, line 516]
Event: 86.502 Thread 0x0000015cff01d320 Exception <a 'java/lang/IncompatibleClassChangeError'{0x00000000e936c3f8}: Found class java.lang.Object, but interface was expected> (0x00000000e936c3f8) 
thrown [s\src\hotspot\share\interpreter\linkResolver.cpp, line 826]
Event: 88.119 Thread 0x0000015cff01d320 Exception <a 'java/lang/ClassNotFoundException'{0x00000000e9101280}: settings_bvxkclk2ltml9ayo7q1dd2vjgBeanInfo> (0x00000000e9101280) 
thrown [s\src\hotspot\share\classfile\systemDictionary.cpp, line 256]
Event: 88.119 Thread 0x0000015cff01d320 Exception <a 'java/lang/ClassNotFoundException'{0x00000000e910c2f8}: org/gradle/initialization/SettingsScriptBeanInfo> (0x00000000e910c2f8) 
thrown [s\src\hotspot\share\classfile\systemDictionary.cpp, line 256]
Event: 88.120 Thread 0x0000015cff01d320 Exception <a 'java/lang/ClassNotFoundException'{0x00000000e9117848}: org/gradle/plugin/use/internal/PluginsAwareScriptBeanInfo> (0x00000000e9117848) 
thrown [s\src\hotspot\share\classfile\systemDictionary.cpp, line 256]
Event: 88.122 Thread 0x0000015cff01d320 Exception <a 'java/lang/ClassNotFoundException'{0x00000000e9122d90}: org/gradle/plugin/use/internal/PluginsAwareScriptCustomizer> (0x00000000e9122d90) 
thrown [s\src\hotspot\share\classfile\systemDictionary.cpp, line 256]
Event: 88.125 Thread 0x0000015cff01d320 Exception <a 'java/lang/ClassNotFoundException'{0x00000000e9136150}: org/gradle/initialization/SettingsScriptCustomizer> (0x00000000e9136150) 
thrown [s\src\hotspot\share\classfile\systemDictionary.cpp, line 256]
Event: 88.128 Thread 0x0000015cff01d320 Exception <a 'java/lang/ClassNotFoundException'{0x00000000e91444a8}: settings_bvxkclk2ltml9ayo7q1dd2vjgCustomizer> (0x00000000e91444a8) 
thrown [s\src\hotspot\share\classfile\systemDictionary.cpp, line 256]
Event: 88.142 Thread 0x0000015cff01d320 Exception <a 'java/lang/ClassNotFoundException'{0x00000000e91e20c0}: org/gradle/initialization/DefaultSettings_DecoratedBeanInfo> (0x00000000e91e20c0) 
thrown [s\src\hotspot\share\classfile\systemDictionary.cpp, line 256]
Event: 88.143 Thread 0x0000015cff01d320 Exception <a 'java/lang/ClassNotFoundException'{0x00000000e91f1ad0}: org/gradle/initialization/DefaultSettingsBeanInfo> (0x00000000e91f1ad0) 
thrown [s\src\hotspot\share\classfile\systemDictionary.cpp, line 256]
Event: 88.144 Thread 0x0000015cff01d320 Exception <a 'java/lang/ClassNotFoundException'{0x00000000e9001558}: org/gradle/initialization/DefaultSettingsCustomizer> (0x00000000e9001558) 
thrown [s\src\hotspot\share\classfile\systemDictionary.cpp, line 256]
Event: 88.150 Thread 0x0000015cff01d320 Exception <a 'java/lang/ClassNotFoundException'{0x00000000e9049998}: org/gradle/initialization/DefaultSettings_DecoratedCustomizer> (0x00000000e9049998) 
thrown [s\src\hotspot\share\classfile\systemDictionary.cpp, line 256]
Event: 88.172 Thread 0x0000015cff01d320 Exception <a 'java/lang/ClassNotFoundException'{0x00000000e90c3a70}: org/gradle/initialization/DefaultProjectDescriptorBeanInfo> (0x00000000e90c3a70) 
thrown [s\src\hotspot\share\classfile\systemDictionary.cpp, line 256]
Event: 88.174 Thread 0x0000015cff01d320 Exception <a 'java/lang/ClassNotFoundException'{0x00000000e90d2c28}: org/gradle/initialization/DefaultProjectDescriptorCustomizer> (0x00000000e90d2c28) 
thrown [s\src\hotspot\share\classfile\systemDictionary.cpp, line 256]
Event: 88.790 Thread 0x0000015cff01d320 Exception <a 'java/lang/NoSuchMethodError'{0x00000000eff8ab18}: 'java.lang.Object java.lang.invoke.DirectMethodHandle$Holder.newInvokeSpecial(java.lang.Object, java.lang.Object, java.lang.Object, java.lang.Object, java.lang.Object, java.lang.Object, java.lang.Object, java.lang.Object, java.lang.Object, java.lang.Object, java.lang.Object)'> (0x00000000eff8ab18) 
thrown [s\src\hotspot\share\interpreter\linkResolver.cpp, line 759]
Event: 88.791 Thread 0x0000015cff01d320 Exception <a 'java/lang/NoSuchMethodError'{0x00000000eff90b88}: 'java.lang.Object java.lang.invoke.DirectMethodHandle$Holder.invokeSpecial(java.lang.Object, java.lang.Object, java.lang.Object, java.lang.Object, java.lang.Object, java.lang.Object, java.lang.Object, java.lang.Object, java.lang.Object, java.lang.Object, java.lang.Object, java.lang.Object)'> (0x00000000eff90b88) 
thrown [s\src\hotspot\share\interpreter\linkResolver.cpp, line 759]
Event: 88.791 Thread 0x0000015cff01d320 Exception <a 'java/lang/NoSuchMethodError'{0x00000000eff96470}: 'java.lang.Object java.lang.invoke.Invokers$Holder.linkToTargetMethod(java.lang.Object, java.lang.Object, java.lang.Object, java.lang.Object, java.lang.Object, java.lang.Object, java.lang.Object, java.lang.Object, java.lang.Object, java.lang.Object, java.lang.Object)'> (0x00000000eff96470) 
thrown [s\src\hotspot\share\interpreter\linkResolver.cpp, line 759]
Event: 88.827 Thread 0x0000015cff01d320 Exception <a 'java/lang/NoSuchMethodError'{0x00000000eff39000}: 'java.lang.Object java.lang.invoke.DirectMethodHandle$Holder.newInvokeSpecial(java.lang.Object, java.lang.Object, java.lang.Object, java.lang.Object, java.lang.Object, java.lang.Object, java.lang.Object, java.lang.Object, java.lang.Object, java.lang.Object, java.lang.Object, java.lang.Object)'> (0x00000000eff39000) 
thrown [s\src\hotspot\share\interpreter\linkResolver.cpp, line 759]
Event: 88.828 Thread 0x0000015cff01d320 Exception <a 'java/lang/NoSuchMethodError'{0x00000000eff3ed20}: 'java.lang.Object java.lang.invoke.DirectMethodHandle$Holder.invokeSpecial(java.lang.Object, java.lang.Object, java.lang.Object, java.lang.Object, java.lang.Object, java.lang.Object, java.lang.Object, java.lang.Object, java.lang.Object, java.lang.Object, java.lang.Object, java.lang.Object, java.lang.Object)'> (0x00000000eff3ed20) 
thrown [s\src\hotspot\share\interpreter\linkResolver.cpp, line 759]
Event: 88.828 Thread 0x0000015cff01d320 Exception <a 'java/lang/NoSuchMethodError'{0x00000000eff44540}: 'java.lang.Object java.lang.invoke.Invokers$Holder.linkToTargetMethod(java.lang.Object, java.lang.Object, java.lang.Object, java.lang.Object, java.lang.Object, java.lang.Object, java.lang.Object, java.lang.Object, java.lang.Object, java.lang.Object, java.lang.Object, java.lang.Object)'> (0x00000000eff44540) 
thrown [s\src\hotspot\share\interpreter\linkResolver.cpp, line 759]

VM Operations (20 events):
Event: 80.392 Executing VM operation: Cleanup
Event: 80.437 Executing VM operation: Cleanup done
Event: 82.452 Executing VM operation: Cleanup
Event: 82.452 Executing VM operation: Cleanup done
Event: 83.376 Executing VM operation: HandshakeAllThreads
Event: 83.376 Executing VM operation: HandshakeAllThreads done
Event: 84.389 Executing VM operation: Cleanup
Event: 84.389 Executing VM operation: Cleanup done
Event: 85.402 Executing VM operation: Cleanup
Event: 85.402 Executing VM operation: Cleanup done
Event: 86.403 Executing VM operation: Cleanup
Event: 86.403 Executing VM operation: Cleanup done
Event: 87.403 Executing VM operation: Cleanup
Event: 87.403 Executing VM operation: Cleanup done
Event: 88.417 Executing VM operation: Cleanup
Event: 88.417 Executing VM operation: Cleanup done
Event: 88.747 Executing VM operation: CollectForMetadataAllocation
Event: 88.766 Executing VM operation: CollectForMetadataAllocation done
Event: 88.811 Executing VM operation: G1CollectForAllocation
Event: 88.826 Executing VM operation: G1CollectForAllocation done

Events (20 events):
Event: 55.915 Thread 0x0000015ca54ce7b0 Thread added: 0x0000015ca54ce7b0
Event: 56.092 Thread 0x0000015ca54ce7b0 Thread exited: 0x0000015ca54ce7b0
Event: 56.303 Thread 0x0000015ca7517390 Thread added: 0x0000015ca7517390
Event: 56.640 Thread 0x0000015ca593c440 Thread added: 0x0000015ca593c440
Event: 56.894 Thread 0x0000015ca6f22c80 Thread added: 0x0000015ca6f22c80
Event: 56.976 Thread 0x0000015ca6f23190 Thread added: 0x0000015ca6f23190
Event: 57.588 Thread 0x0000015ca593c440 Thread exited: 0x0000015ca593c440
Event: 57.589 Thread 0x0000015ca7517390 Thread exited: 0x0000015ca7517390
Event: 58.734 Thread 0x0000015ca7517390 Thread added: 0x0000015ca7517390
Event: 58.901 Thread 0x0000015ca4f38af0 Thread added: 0x0000015ca4f38af0
Event: 59.395 Thread 0x0000015ca4f38af0 Thread exited: 0x0000015ca4f38af0
Event: 59.448 Thread 0x0000015ca7517390 Thread exited: 0x0000015ca7517390
Event: 78.782 Thread 0x0000015ca6f24ff0 Thread added: 0x0000015ca6f24ff0
Event: 82.214 Thread 0x0000015ca6f23bb0 Thread added: 0x0000015ca6f23bb0
Event: 86.155 Thread 0x0000015ca6f245d0 Thread added: 0x0000015ca6f245d0
Event: 87.855 Thread 0x0000015ca6f21840 Thread added: 0x0000015ca6f21840
Event: 88.148 Thread 0x0000015ca69a4f00 Thread added: 0x0000015ca69a4f00
Event: 88.326 Thread 0x0000015ca69a4f00 Thread exited: 0x0000015ca69a4f00
Event: 88.414 Thread 0x0000015ca69a4f00 Thread added: 0x0000015ca69a4f00
Event: 88.853 Thread 0x0000015ca6f24ae0 Thread added: 0x0000015ca6f24ae0


Dynamic libraries:
0x00007ff67e090000 - 0x00007ff67e09e000 	C:\Users\ASUS\.jdks\corretto-17.0.12\bin\java.exe
0x00007fffb2180000 - 0x00007fffb23e8000 	C:\WINDOWS\SYSTEM32\ntdll.dll
0x00007fffb0360000 - 0x00007fffb0429000 	C:\WINDOWS\System32\KERNEL32.DLL
0x00007fffaf7c0000 - 0x00007fffafbb8000 	C:\WINDOWS\System32\KERNELBASE.dll
0x00007fffaf670000 - 0x00007fffaf7bb000 	C:\WINDOWS\System32\ucrtbase.dll
0x00007fff9e910000 - 0x00007fff9e927000 	C:\Users\ASUS\.jdks\corretto-17.0.12\bin\jli.dll
0x00007fffb0580000 - 0x00007fffb0747000 	C:\WINDOWS\System32\USER32.dll
0x00007fffaf2d0000 - 0x00007fffaf2f7000 	C:\WINDOWS\System32\win32u.dll
0x00007fffb0e20000 - 0x00007fffb0e4b000 	C:\WINDOWS\System32\GDI32.dll
0x00007fffafdf0000 - 0x00007fffaff1c000 	C:\WINDOWS\System32\gdi32full.dll
0x00007fffaf3c0000 - 0x00007fffaf463000 	C:\WINDOWS\System32\msvcp_win.dll
0x00007fff9ed40000 - 0x00007fff9ed5b000 	C:\Users\ASUS\.jdks\corretto-17.0.12\bin\VCRUNTIME140.dll
0x00007fff9b490000 - 0x00007fff9b724000 	C:\WINDOWS\WinSxS\amd64_microsoft.windows.common-controls_6595b64144ccf1df_6.0.26100.7019_none_3e06ffa0e335b8a8\COMCTL32.dll
0x00007fffb16f0000 - 0x00007fffb1799000 	C:\WINDOWS\System32\msvcrt.dll
0x00007fffb17a0000 - 0x00007fffb17d1000 	C:\WINDOWS\System32\IMM32.DLL
0x00007fff9ed30000 - 0x00007fff9ed3c000 	C:\Users\ASUS\.jdks\corretto-17.0.12\bin\vcruntime140_1.dll
0x00007fff870f0000 - 0x00007fff8717d000 	C:\Users\ASUS\.jdks\corretto-17.0.12\bin\msvcp140.dll
0x00007fff386c0000 - 0x00007fff3932a000 	C:\Users\ASUS\.jdks\corretto-17.0.12\bin\server\jvm.dll
0x00007fffb0e60000 - 0x00007fffb0f14000 	C:\WINDOWS\System32\ADVAPI32.dll
0x00007fffb02b0000 - 0x00007fffb0356000 	C:\WINDOWS\System32\sechost.dll
0x00007fffb0750000 - 0x00007fffb0868000 	C:\WINDOWS\System32\RPCRT4.dll
0x00007fffb20c0000 - 0x00007fffb2134000 	C:\WINDOWS\System32\WS2_32.dll
0x00007fffaf130000 - 0x00007fffaf18e000 	C:\WINDOWS\SYSTEM32\POWRPROF.dll
0x00007fffa3630000 - 0x00007fffa3665000 	C:\WINDOWS\SYSTEM32\WINMM.dll
0x00007fffa79a0000 - 0x00007fffa79ab000 	C:\WINDOWS\SYSTEM32\VERSION.dll
0x00007fffaf110000 - 0x00007fffaf124000 	C:\WINDOWS\SYSTEM32\UMPDC.dll
0x00007fffae050000 - 0x00007fffae06b000 	C:\WINDOWS\SYSTEM32\kernel.appcore.dll
0x00007fff9e2d0000 - 0x00007fff9e2da000 	C:\Users\ASUS\.jdks\corretto-17.0.12\bin\jimage.dll
0x00007fffa3a40000 - 0x00007fffa3c82000 	C:\WINDOWS\SYSTEM32\DBGHELP.DLL
0x00007fffaff20000 - 0x00007fffb02ab000 	C:\WINDOWS\System32\combase.dll
0x00007fffb13b0000 - 0x00007fffb1487000 	C:\WINDOWS\System32\OLEAUT32.dll
0x00007fff9a3c0000 - 0x00007fff9a3fc000 	C:\WINDOWS\SYSTEM32\dbgcore.DLL
0x00007fffafd40000 - 0x00007fffafde5000 	C:\WINDOWS\System32\bcryptPrimitives.dll
0x00007fff9e9e0000 - 0x00007fff9e9ee000 	C:\Users\ASUS\.jdks\corretto-17.0.12\bin\instrument.dll
0x00007fff9e2a0000 - 0x00007fff9e2c5000 	C:\Users\ASUS\.jdks\corretto-17.0.12\bin\java.dll
0x00007fff78810000 - 0x00007fff788e7000 	C:\Users\ASUS\.jdks\corretto-17.0.12\bin\jsvml.dll
0x00007fffb1960000 - 0x00007fffb20af000 	C:\WINDOWS\System32\SHELL32.dll
0x00007fffaf470000 - 0x00007fffaf5db000 	C:\WINDOWS\System32\wintypes.dll
0x00007fffaced0000 - 0x00007fffad72d000 	C:\WINDOWS\SYSTEM32\windows.storage.dll
0x00007fffb0430000 - 0x00007fffb0522000 	C:\WINDOWS\System32\SHCORE.dll
0x00007fffb0f20000 - 0x00007fffb0f87000 	C:\WINDOWS\System32\shlwapi.dll
0x00007fffaf1f0000 - 0x00007fffaf219000 	C:\WINDOWS\SYSTEM32\profapi.dll
0x00007fff9db80000 - 0x00007fff9db98000 	C:\Users\ASUS\.jdks\corretto-17.0.12\bin\zip.dll
0x00007fff9e1b0000 - 0x00007fff9e1c9000 	C:\Users\ASUS\.jdks\corretto-17.0.12\bin\net.dll
0x00007fffa8df0000 - 0x00007fffa8f18000 	C:\WINDOWS\SYSTEM32\WINHTTP.dll
0x00007fffae5a0000 - 0x00007fffae60b000 	C:\WINDOWS\system32\mswsock.dll
0x00007fff9de00000 - 0x00007fff9de16000 	C:\Users\ASUS\.jdks\corretto-17.0.12\bin\nio.dll
0x00007fff9e1a0000 - 0x00007fff9e1b0000 	C:\Users\ASUS\.jdks\corretto-17.0.12\bin\verify.dll
0x00007fff9e9f0000 - 0x00007fff9ea17000 	C:\Users\ASUS\.gradle\native\1def1411415f61bf3af743bc5b6707747c0891f09f0c88961ee8f79bc544acac\windows-amd64\native-platform.dll
0x00007fff876c0000 - 0x00007fff87738000 	C:\Users\ASUS\.gradle\native\0.2.7\x86_64-windows-gnu\gradle-fileevents.dll
0x00007fff9e960000 - 0x00007fff9e969000 	C:\Users\ASUS\.jdks\corretto-17.0.12\bin\management.dll
0x00007fff9e950000 - 0x00007fff9e95b000 	C:\Users\ASUS\.jdks\corretto-17.0.12\bin\management_ext.dll
0x00007fffb0e10000 - 0x00007fffb0e18000 	C:\WINDOWS\System32\PSAPI.DLL
0x00007fffada40000 - 0x00007fffada74000 	C:\WINDOWS\SYSTEM32\IPHLPAPI.DLL
0x00007fffb0970000 - 0x00007fffb097a000 	C:\WINDOWS\System32\NSI.dll
0x00007fffa8520000 - 0x00007fffa853e000 	C:\WINDOWS\SYSTEM32\dhcpcsvc6.DLL
0x00007fffa84f0000 - 0x00007fffa8513000 	C:\WINDOWS\SYSTEM32\dhcpcsvc.DLL
0x00007fffadad0000 - 0x00007fffadbfc000 	C:\WINDOWS\SYSTEM32\DNSAPI.dll
0x00007fffa1660000 - 0x00007fffa1669000 	C:\Users\ASUS\.jdks\corretto-17.0.12\bin\extnet.dll
0x00007fffae990000 - 0x00007fffae9ab000 	C:\WINDOWS\SYSTEM32\CRYPTSP.dll
0x00007fffadfb0000 - 0x00007fffadfea000 	C:\WINDOWS\system32\rsaenh.dll
0x00007fffae650000 - 0x00007fffae67b000 	C:\WINDOWS\SYSTEM32\USERENV.dll
0x00007fffaf1c0000 - 0x00007fffaf1ea000 	C:\WINDOWS\SYSTEM32\bcrypt.dll
0x00007fffae7f0000 - 0x00007fffae7fc000 	C:\WINDOWS\SYSTEM32\CRYPTBASE.dll
0x00007fff9e160000 - 0x00007fff9e16e000 	C:\Users\ASUS\.jdks\corretto-17.0.12\bin\sunmscapi.dll
0x00007fffafbc0000 - 0x00007fffafd37000 	C:\WINDOWS\System32\CRYPT32.dll
0x00007fffaeae0000 - 0x00007fffaeb10000 	C:\WINDOWS\SYSTEM32\ncrypt.dll
0x00007fffaea90000 - 0x00007fffaeacf000 	C:\WINDOWS\SYSTEM32\NTASN1.dll
0x00007fff1c390000 - 0x00007fff1c398000 	C:\WINDOWS\system32\wshunix.dll

dbghelp: loaded successfully - version: 4.0.5 - missing functions: none
symbol engine: initialized successfully - sym options: 0x614 - pdb path: .;C:\Users\ASUS\.jdks\corretto-17.0.12\bin;C:\WINDOWS\SYSTEM32;C:\WINDOWS\WinSxS\amd64_microsoft.windows.common-controls_6595b64144ccf1df_6.0.26100.7019_none_3e06ffa0e335b8a8;C:\Users\ASUS\.jdks\corretto-17.0.12\bin\server;C:\Users\ASUS\.gradle\native\1def1411415f61bf3af743bc5b6707747c0891f09f0c88961ee8f79bc544acac\windows-amd64;C:\Users\ASUS\.gradle\native\0.2.7\x86_64-windows-gnu

VM Arguments:
jvm_args: --add-opens=java.base/java.lang=ALL-UNNAMED --add-opens=java.base/java.lang.invoke=ALL-UNNAMED --add-opens=java.base/java.util=ALL-UNNAMED --add-opens=java.prefs/java.util.prefs=ALL-UNNAMED --add-exports=jdk.compiler/com.sun.tools.javac.api=ALL-UNNAMED --add-exports=jdk.compiler/com.sun.tools.javac.util=ALL-UNNAMED --add-opens=java.base/java.util=ALL-UNNAMED --add-opens=java.prefs/java.util.prefs=ALL-UNNAMED --add-opens=java.base/java.nio.charset=ALL-UNNAMED --add-opens=java.base/java.net=ALL-UNNAMED --add-opens=java.base/java.util.concurrent.atomic=ALL-UNNAMED --add-opens=java.xml/javax.xml.namespace=ALL-UNNAMED -XX:MaxMetaspaceSize=384m -XX:+HeapDumpOnOutOfMemoryError -Xms256m -Xmx512m -Dfile.encoding=windows-1252 -Duser.country=PE -Duser.language=es -Duser.variant -javaagent:C:\Users\ASUS\.gradle\wrapper\dists\gradle-8.14.3-bin\cv11ve7ro1n3o1j4so8xd9n66\gradle-8.14.3\lib\agents\gradle-instrumentation-agent-8.14.3.jar 
java_command: org.gradle.launcher.daemon.bootstrap.GradleDaemon 8.14.3
java_class_path (initial): C:\Users\ASUS\.gradle\wrapper\dists\gradle-8.14.3-bin\cv11ve7ro1n3o1j4so8xd9n66\gradle-8.14.3\lib\gradle-daemon-main-8.14.3.jar
Launcher Type: SUN_STANDARD

[Global flags]
     intx CICompilerCount                          = 4                                         {product} {ergonomic}
   size_t CompressedClassSpaceSize                 = 335544320                                 {product} {ergonomic}
     uint ConcGCThreads                            = 2                                         {product} {ergonomic}
     uint G1ConcRefinementThreads                  = 8                                         {product} {ergonomic}
   size_t G1HeapRegionSize                         = 1048576                                   {product} {ergonomic}
    uintx GCDrainStackTargetSize                   = 64                                        {product} {ergonomic}
     bool HeapDumpOnOutOfMemoryError               = true                                   {manageable} {command line}
   size_t InitialHeapSize                          = 268435456                                 {product} {command line}
   size_t MarkStackSize                            = 4194304                                   {product} {ergonomic}
   size_t MaxHeapSize                              = 536870912                                 {product} {command line}
   size_t MaxMetaspaceSize                         = 402653184                                 {product} {command line}
   size_t MaxNewSize                               = 321912832                                 {product} {ergonomic}
   size_t MinHeapDeltaBytes                        = 1048576                                   {product} {ergonomic}
   size_t MinHeapSize                              = 268435456                                 {product} {command line}
    uintx NonNMethodCodeHeapSize                   = 5839372                                {pd product} {ergonomic}
    uintx NonProfiledCodeHeapSize                  = 122909434                              {pd product} {ergonomic}
    uintx ProfiledCodeHeapSize                     = 122909434                              {pd product} {ergonomic}
    uintx ReservedCodeCacheSize                    = 251658240                              {pd product} {ergonomic}
     bool SegmentedCodeCache                       = true                                      {product} {ergonomic}
   size_t SoftMaxHeapSize                          = 536870912                              {manageable} {ergonomic}
     bool UseCompressedClassPointers               = true                           {product lp64_product} {ergonomic}
     bool UseCompressedOops                        = true                           {product lp64_product} {ergonomic}
     bool UseG1GC                                  = true                                      {product} {ergonomic}
     bool UseLargePagesIndividualAllocation        = false                                  {pd product} {ergonomic}

Logging:
Log output configuration:
 #0: stdout all=warning uptime,level,tags
 #1: stderr all=off uptime,level,tags

Environment Variables:
PATH=C:\Program Files\Common Files\Oracle\Java\javapath;%JAVA_HOME%\bin;C:\WINDOWS\system32;C:\WINDOWS;C:\WINDOWS\System32\Wbem;C:\WINDOWS\System32\WindowsPowerShell\v1.0\;C:\WINDOWS\System32\OpenSSH\;C:\Program Files\Docker\Docker\resources\bin;C:\Program Files\dotnet\;C:\Program Files\apache-maven-3.9.9\bin;C:\Program Files\Git\cmd;C:\Users\ASUS\AppData\Local\Microsoft\WindowsApps;C:\Users\ASUS\AppData\Local\Programs\Microsoft VS Code\bin;C:\Users\ASUS\AppData\Local\Programs\mongosh\;;C:\Users\ASUS\.deno\bin
USERNAME=ASUS
OS=Windows_NT
PROCESSOR_IDENTIFIER=Intel64 Family 6 Model 158 Stepping 10, GenuineIntel
TMP=C:\Users\ASUS\AppData\Local\Temp
TEMP=C:\Users\ASUS\AppData\Local\Temp



Periodic native trim disabled


---------------  S Y S T E M  ---------------

OS:
 Windows 11 , 64 bit Build 26100 (10.0.26100.7019)
OS uptime: 1 days 5:57 hours
Hyper-V role detected

CPU: total 8 (initial active 8) (4 cores per cpu, 2 threads per core) family 6 model 158 stepping 10 microcode 0xde, cx8, cmov, fxsr, ht, mmx, 3dnowpref, sse, sse2, sse3, ssse3, sse4.1, sse4.2, popcnt, lzcnt, tsc, tscinvbit, avx, avx2, aes, erms, clmul, bmi1, bmi2, adx, fma, vzeroupper, clflush, clflushopt, hv
Processor Information for all 8 processors :
  Max Mhz: 2304, Current Mhz: 2304, Mhz Limit: 2304

Memory: 4k page, system-wide physical 32623M (9484M free)
TotalPageFile size 34671M (AvailPageFile size 104M)
current process WorkingSet (physical memory assigned to process): 330M, peak: 330M
current process commit charge ("private bytes"): 449M, peak: 453M

vm_info: OpenJDK 64-Bit Server VM (17.0.12+7-LTS) for windows-amd64 JRE (17.0.12+7-LTS), built on Jul 10 2024 20:46:33 by "Administrator" with MS VC++ 16.10 / 16.11 (VS2019)

END.
