#
# There is insufficient memory for the Java Runtime Environment to continue.
# Native memory allocation (malloc) failed to allocate 1153136 bytes for Chunk::new
# Possible reasons:
#   The system is out of physical RAM or swap space
#   The process is running with CompressedOops enabled, and the Java Heap may be blocking the growth of the native heap
# Possible solutions:
#   Reduce memory load on the system
#   Increase physical memory or swap space
#   Check if swap backing store is full
#   Decrease Java heap size (-Xmx/-Xms)
#   Decrease number of Java threads
#   Decrease Java thread stack sizes (-Xss)
#   Set larger code cache with -XX:ReservedCodeCacheSize=
#   JVM is running with Unscaled Compressed Oops mode in which the Java heap is
#     placed in the first 4GB address space. The Java Heap base address is the
#     maximum limit for the native heap growth. Please use -XX:HeapBaseMinAddress
#     to set the Java Heap base and to place the Java Heap above 4GB virtual address.
# This output file may be truncated or incomplete.
#
#  Out of Memory Error (arena.cpp:189), pid=26960, tid=39080
#
# JRE version: Java(TM) SE Runtime Environment (17.0.12+8) (build 17.0.12+8-LTS-286)
# Java VM: Java HotSpot(TM) 64-Bit Server VM (17.0.12+8-LTS-286, mixed mode, sharing, tiered, compressed oops, compressed class ptrs, g1 gc, windows-amd64)
# No core dump will be written. Minidumps are not enabled by default on client versions of Windows
#

---------------  S U M M A R Y ------------

Command Line: --add-opens=java.base/java.lang=ALL-UNNAMED --add-opens=java.base/java.lang.invoke=ALL-UNNAMED --add-opens=java.base/java.util=ALL-UNNAMED --add-opens=java.prefs/java.util.prefs=ALL-UNNAMED --add-exports=jdk.compiler/com.sun.tools.javac.api=ALL-UNNAMED --add-exports=jdk.compiler/com.sun.tools.javac.util=ALL-UNNAMED --add-opens=java.base/java.util=ALL-UNNAMED --add-opens=java.prefs/java.util.prefs=ALL-UNNAMED --add-opens=java.base/java.nio.charset=ALL-UNNAMED --add-opens=java.base/java.net=ALL-UNNAMED --add-opens=java.base/java.util.concurrent.atomic=ALL-UNNAMED --add-opens=java.xml/javax.xml.namespace=ALL-UNNAMED -XX:MaxMetaspaceSize=384m -XX:+HeapDumpOnOutOfMemoryError -Xms256m -Xmx512m -Dfile.encoding=windows-1252 -Duser.country=PE -Duser.language=es -Duser.variant -javaagent:C:\Users\ASUS\.gradle\wrapper\dists\gradle-8.14.3-bin\cv11ve7ro1n3o1j4so8xd9n66\gradle-8.14.3\lib\agents\gradle-instrumentation-agent-8.14.3.jar org.gradle.launcher.daemon.bootstrap.GradleDaemon 8.14.3

Host: Intel(R) Core(TM) i5-8300H CPU @ 2.30GHz, 8 cores, 31G,  Windows 11 , 64 bit Build 26100 (10.0.26100.7019)
Time: Mon Nov 24 12:54:21 2025 Hora est. Pacífico, Sudamérica elapsed time: 21.128552 seconds (0d 0h 0m 21s)

---------------  T H R E A D  ---------------

Current thread (0x000001ccac017b90):  JavaThread "C2 CompilerThread1" daemon [_thread_in_native, id=39080, stack(0x0000008e9ea00000,0x0000008e9eb00000)]


Current CompileTask:
C2:  21128 3251  s!   4       jdk.internal.loader.URLClassPath::getLoader (194 bytes)

Stack: [0x0000008e9ea00000,0x0000008e9eb00000]
Native frames: (J=compiled Java code, j=interpreted, Vv=VM code, C=native code)
V  [jvm.dll+0x67a04a]
V  [jvm.dll+0x7da4ed]
V  [jvm.dll+0x7dbe33]
V  [jvm.dll+0x7dc4a3]
V  [jvm.dll+0x24508f]
V  [jvm.dll+0xab773]
V  [jvm.dll+0xabd3c]
V  [jvm.dll+0x361b9f]
V  [jvm.dll+0x32c431]
V  [jvm.dll+0x32b8ca]
V  [jvm.dll+0x21683f]
V  [jvm.dll+0x215c6f]
V  [jvm.dll+0x1a2960]
V  [jvm.dll+0x22610b]
V  [jvm.dll+0x2242ab]
V  [jvm.dll+0x79075c]
V  [jvm.dll+0x78abea]
V  [jvm.dll+0x678f35]
C  [ucrtbase.dll+0x37b0]
C  [KERNEL32.DLL+0x2e8d7]
C  [ntdll.dll+0x8c53c]


---------------  P R O C E S S  ---------------

Threads class SMR info:
_java_thread_list=0x000001ccb0583730, length=33, elements={
0x000001ccf77735e0, 0x000001cc92905d10, 0x000001cc929067e0, 0x000001cc9291a650,
0x000001cc9291d030, 0x000001cc9291d900, 0x000001cc9291e1d0, 0x000001cc9291fe90,
0x000001cc92923000, 0x000001cc92ae07e0, 0x000001cc92b89fb0, 0x000001cc92c55900,
0x000001ccad31b030, 0x000001ccad4b55d0, 0x000001ccaca99c70, 0x000001ccac07e840,
0x000001cc92b12c60, 0x000001ccac309190, 0x000001ccac30b500, 0x000001ccac309bb0,
0x000001ccac30ba10, 0x000001ccac3096a0, 0x000001ccac30a0c0, 0x000001ccac308260,
0x000001ccac308c80, 0x000001ccac30a5d0, 0x000001ccac30aae0, 0x000001ccac30aff0,
0x000001ccac017b90, 0x000001ccad7457f0, 0x000001ccad7443b0, 0x000001ccad746c30,
0x000001ccad743990
}

Java Threads: ( => current thread )
  0x000001ccf77735e0 JavaThread "main" [_thread_blocked, id=21728, stack(0x0000008e9bf00000,0x0000008e9c000000)]
  0x000001cc92905d10 JavaThread "Reference Handler" daemon [_thread_blocked, id=29856, stack(0x0000008e9c600000,0x0000008e9c700000)]
  0x000001cc929067e0 JavaThread "Finalizer" daemon [_thread_blocked, id=23680, stack(0x0000008e9c700000,0x0000008e9c800000)]
  0x000001cc9291a650 JavaThread "Signal Dispatcher" daemon [_thread_blocked, id=9860, stack(0x0000008e9c800000,0x0000008e9c900000)]
  0x000001cc9291d030 JavaThread "Attach Listener" daemon [_thread_blocked, id=20620, stack(0x0000008e9c900000,0x0000008e9ca00000)]
  0x000001cc9291d900 JavaThread "Service Thread" daemon [_thread_blocked, id=25852, stack(0x0000008e9ca00000,0x0000008e9cb00000)]
  0x000001cc9291e1d0 JavaThread "Monitor Deflation Thread" daemon [_thread_blocked, id=22360, stack(0x0000008e9cb00000,0x0000008e9cc00000)]
  0x000001cc9291fe90 JavaThread "C2 CompilerThread0" daemon [_thread_in_native, id=41872, stack(0x0000008e9cc00000,0x0000008e9cd00000)]
  0x000001cc92923000 JavaThread "C1 CompilerThread0" daemon [_thread_blocked, id=6720, stack(0x0000008e9cd00000,0x0000008e9ce00000)]
  0x000001cc92ae07e0 JavaThread "Sweeper thread" daemon [_thread_blocked, id=6500, stack(0x0000008e9ce00000,0x0000008e9cf00000)]
  0x000001cc92b89fb0 JavaThread "Common-Cleaner" daemon [_thread_blocked, id=36400, stack(0x0000008e9cf00000,0x0000008e9d000000)]
  0x000001cc92c55900 JavaThread "Notification Thread" daemon [_thread_blocked, id=39552, stack(0x0000008e9d000000,0x0000008e9d100000)]
  0x000001ccad31b030 JavaThread "Daemon health stats" [_thread_blocked, id=14408, stack(0x0000008e9d300000,0x0000008e9d400000)]
  0x000001ccad4b55d0 JavaThread "Incoming local TCP Connector on port 49471" [_thread_in_native, id=32108, stack(0x0000008e9d200000,0x0000008e9d300000)]
  0x000001ccaca99c70 JavaThread "Daemon periodic checks" [_thread_blocked, id=9220, stack(0x0000008e9d900000,0x0000008e9da00000)]
  0x000001ccac07e840 JavaThread "Daemon" [_thread_blocked, id=10824, stack(0x0000008e9da00000,0x0000008e9db00000)]
  0x000001cc92b12c60 JavaThread "Handler for socket connection from /127.0.0.1:49471 to /127.0.0.1:49472" [_thread_in_native, id=31068, stack(0x0000008e9db00000,0x0000008e9dc00000)]
  0x000001ccac309190 JavaThread "Cancel handler" [_thread_blocked, id=9876, stack(0x0000008e9dc00000,0x0000008e9dd00000)]
  0x000001ccac30b500 JavaThread "Daemon worker" [_thread_in_vm, id=40540, stack(0x0000008e9dd00000,0x0000008e9de00000)]
  0x000001ccac309bb0 JavaThread "Asynchronous log dispatcher for DefaultDaemonConnection: socket connection from /127.0.0.1:49471 to /127.0.0.1:49472" [_thread_blocked, id=16796, stack(0x0000008e9de00000,0x0000008e9df00000)]
  0x000001ccac30ba10 JavaThread "Stdin handler" [_thread_blocked, id=10500, stack(0x0000008e9df00000,0x0000008e9e000000)]
  0x000001ccac3096a0 JavaThread "Daemon client event forwarder" [_thread_blocked, id=30648, stack(0x0000008e9e000000,0x0000008e9e100000)]
  0x000001ccac30a0c0 JavaThread "Cache worker for journal cache (C:\Users\ASUS\.gradle\caches\journal-1)" [_thread_blocked, id=20488, stack(0x0000008e9e100000,0x0000008e9e200000)]
  0x000001ccac308260 JavaThread "File lock request listener" [_thread_in_native, id=24476, stack(0x0000008e9e200000,0x0000008e9e300000)]
  0x000001ccac308c80 JavaThread "Cache worker for file hash cache (C:\Users\ASUS\.gradle\caches\8.14.3\fileHashes)" [_thread_blocked, id=15512, stack(0x0000008e9e300000,0x0000008e9e400000)]
  0x000001ccac30a5d0 JavaThread "File lock release action executor" [_thread_blocked, id=36244, stack(0x0000008e9e400000,0x0000008e9e500000)]
  0x000001ccac30aae0 JavaThread "Cache worker for file hash cache (D:\scotiabank\challengue\.gradle\8.14.3\fileHashes)" [_thread_blocked, id=25264, stack(0x0000008e9e500000,0x0000008e9e600000)]
  0x000001ccac30aff0 JavaThread "Cache worker for Build Output Cleanup Cache (D:\scotiabank\challengue\.gradle\buildOutputCleanup)" [_thread_blocked, id=5692, stack(0x0000008e9e600000,0x0000008e9e700000)]
=>0x000001ccac017b90 JavaThread "C2 CompilerThread1" daemon [_thread_in_native, id=39080, stack(0x0000008e9ea00000,0x0000008e9eb00000)]
  0x000001ccad7457f0 JavaThread "File watcher server" daemon [_thread_in_native, id=35664, stack(0x0000008e9eb00000,0x0000008e9ec00000)]
  0x000001ccad7443b0 JavaThread "File watcher consumer" daemon [_thread_blocked, id=25964, stack(0x0000008e9ec00000,0x0000008e9ed00000)]
  0x000001ccad746c30 JavaThread "jar transforms" [_thread_blocked, id=3084, stack(0x0000008e9ed00000,0x0000008e9ee00000)]
  0x000001ccad743990 JavaThread "jar transforms Thread 2" [_thread_blocked, id=5460, stack(0x0000008e9ee00000,0x0000008e9ef00000)]

Other Threads:
  0x000001cc928fdff0 VMThread "VM Thread" [stack: 0x0000008e9c500000,0x0000008e9c600000] [id=11568]
  0x000001cc92cbe0d0 WatcherThread [stack: 0x0000008e9d100000,0x0000008e9d200000] [id=38380]
  0x000001ccf77a1830 GCTaskThread "GC Thread#0" [stack: 0x0000008e9c000000,0x0000008e9c100000] [id=9208]
  0x000001ccac3f22b0 GCTaskThread "GC Thread#1" [stack: 0x0000008e9d400000,0x0000008e9d500000] [id=38700]
  0x000001cc92e438f0 GCTaskThread "GC Thread#2" [stack: 0x0000008e9d500000,0x0000008e9d600000] [id=27272]
  0x000001cc92e18b80 GCTaskThread "GC Thread#3" [stack: 0x0000008e9d600000,0x0000008e9d700000] [id=9412]
  0x000001ccac4b5720 GCTaskThread "GC Thread#4" [stack: 0x0000008e9d700000,0x0000008e9d800000] [id=23600]
  0x000001ccac4b59e0 GCTaskThread "GC Thread#5" [stack: 0x0000008e9d800000,0x0000008e9d900000] [id=40304]
  0x000001ccadd3ec60 GCTaskThread "GC Thread#6" [stack: 0x0000008e9e700000,0x0000008e9e800000] [id=36900]
  0x000001ccadd3ef20 GCTaskThread "GC Thread#7" [stack: 0x0000008e9e800000,0x0000008e9e900000] [id=7848]
  0x000001ccf77a6530 ConcurrentGCThread "G1 Main Marker" [stack: 0x0000008e9c100000,0x0000008e9c200000] [id=30932]
  0x000001ccf77a6cf0 ConcurrentGCThread "G1 Conc#0" [stack: 0x0000008e9c200000,0x0000008e9c300000] [id=30972]
  0x000001ccadd3f4a0 ConcurrentGCThread "G1 Conc#1" [stack: 0x0000008e9e900000,0x0000008e9ea00000] [id=10092]
  0x000001cc927c2540 ConcurrentGCThread "G1 Refine#0" [stack: 0x0000008e9c300000,0x0000008e9c400000] [id=4212]
  0x000001cc927c3d30 ConcurrentGCThread "G1 Service" [stack: 0x0000008e9c400000,0x0000008e9c500000] [id=2912]

Threads with active compile tasks:
C2 CompilerThread0    21166 3216   !   4       java.lang.ClassLoader::loadClass (121 bytes)
C2 CompilerThread1    21166 3251  s!   4       jdk.internal.loader.URLClassPath::getLoader (194 bytes)

VM state: not at safepoint (normal execution)

VM Mutex/Monitor currently owned by a thread: None

Heap address: 0x00000000e0000000, size: 512 MB, Compressed Oops mode: 32-bit

CDS archive(s) mapped at: [0x000001cc93000000-0x000001cc93bd0000-0x000001cc93bd0000), size 12386304, SharedBaseAddress: 0x000001cc93000000, ArchiveRelocationMode: 1.
Compressed class space mapped at: 0x000001cc94000000-0x000001cca8000000, reserved size: 335544320
Narrow klass base: 0x000001cc93000000, Narrow klass shift: 0, Narrow klass range: 0x100000000

GC Precious Log:
 CPUs: 8 total, 8 available
 Memory: 32623M
 Large Page Support: Disabled
 NUMA Support: Disabled
 Compressed Oops: Enabled (32-bit)
 Heap Region Size: 1M
 Heap Min Capacity: 256M
 Heap Initial Capacity: 256M
 Heap Max Capacity: 512M
 Pre-touch: Disabled
 Parallel Workers: 8
 Concurrent Workers: 2
 Concurrent Refinement Workers: 8
 Periodic GC: Disabled

Heap:
 garbage-first heap   total 262144K, used 70827K [0x00000000e0000000, 0x0000000100000000)
  region size 1024K, 60 young (61440K), 12 survivors (12288K)
 Metaspace       used 28398K, committed 28800K, reserved 393216K
  class space    used 4106K, committed 4288K, reserved 327680K

Heap Regions: E=young(eden), S=young(survivor), O=old, HS=humongous(starts), HC=humongous(continues), CS=collection set, F=free, OA=open archive, CA=closed archive, TAMS=top-at-mark-start (previous, next)
|   0|0x00000000e0000000, 0x00000000e0100000, 0x00000000e0100000|100%|HS|  |TAMS 0x00000000e0100000, 0x00000000e0000000| Complete 
|   1|0x00000000e0100000, 0x00000000e0200000, 0x00000000e0200000|100%|HC|  |TAMS 0x00000000e0200000, 0x00000000e0100000| Complete 
|   2|0x00000000e0200000, 0x00000000e0300000, 0x00000000e0300000|100%|HC|  |TAMS 0x00000000e0300000, 0x00000000e0200000| Complete 
|   3|0x00000000e0300000, 0x00000000e0400000, 0x00000000e0400000|100%| O|  |TAMS 0x00000000e0400000, 0x00000000e0300000| Untracked 
|   4|0x00000000e0400000, 0x00000000e0500000, 0x00000000e0500000|100%| O|  |TAMS 0x00000000e0500000, 0x00000000e0400000| Untracked 
|   5|0x00000000e0500000, 0x00000000e0600000, 0x00000000e0600000|100%| O|  |TAMS 0x00000000e0600000, 0x00000000e0500000| Untracked 
|   6|0x00000000e0600000, 0x00000000e0700000, 0x00000000e0700000|100%|HS|  |TAMS 0x00000000e0700000, 0x00000000e0600000| Complete 
|   7|0x00000000e0700000, 0x00000000e0700000, 0x00000000e0800000|  0%| F|  |TAMS 0x00000000e0700000, 0x00000000e0700000| Untracked 
|   8|0x00000000e0800000, 0x00000000e0900000, 0x00000000e0900000|100%| O|  |TAMS 0x00000000e0900000, 0x00000000e0800000| Untracked 
|   9|0x00000000e0900000, 0x00000000e0a00000, 0x00000000e0a00000|100%| O|  |TAMS 0x00000000e0a00000, 0x00000000e0900000| Untracked 
|  10|0x00000000e0a00000, 0x00000000e0b00000, 0x00000000e0b00000|100%| O|  |TAMS 0x00000000e0b00000, 0x00000000e0a00000| Untracked 
|  11|0x00000000e0b00000, 0x00000000e0c00000, 0x00000000e0c00000|100%| O|  |TAMS 0x00000000e0c00000, 0x00000000e0b00000| Untracked 
|  12|0x00000000e0c00000, 0x00000000e0c92200, 0x00000000e0d00000| 57%| O|  |TAMS 0x00000000e0c92200, 0x00000000e0c00000| Untracked 
|  13|0x00000000e0d00000, 0x00000000e0d00000, 0x00000000e0e00000|  0%| F|  |TAMS 0x00000000e0d00000, 0x00000000e0d00000| Untracked 
|  14|0x00000000e0e00000, 0x00000000e0e00000, 0x00000000e0f00000|  0%| F|  |TAMS 0x00000000e0e00000, 0x00000000e0e00000| Untracked 
|  15|0x00000000e0f00000, 0x00000000e0f00000, 0x00000000e1000000|  0%| F|  |TAMS 0x00000000e0f00000, 0x00000000e0f00000| Untracked 
|  16|0x00000000e1000000, 0x00000000e1000000, 0x00000000e1100000|  0%| F|  |TAMS 0x00000000e1000000, 0x00000000e1000000| Untracked 
|  17|0x00000000e1100000, 0x00000000e1100000, 0x00000000e1200000|  0%| F|  |TAMS 0x00000000e1100000, 0x00000000e1100000| Untracked 
|  18|0x00000000e1200000, 0x00000000e1200000, 0x00000000e1300000|  0%| F|  |TAMS 0x00000000e1200000, 0x00000000e1200000| Untracked 
|  19|0x00000000e1300000, 0x00000000e1300000, 0x00000000e1400000|  0%| F|  |TAMS 0x00000000e1300000, 0x00000000e1300000| Untracked 
|  20|0x00000000e1400000, 0x00000000e1400000, 0x00000000e1500000|  0%| F|  |TAMS 0x00000000e1400000, 0x00000000e1400000| Untracked 
|  21|0x00000000e1500000, 0x00000000e1500000, 0x00000000e1600000|  0%| F|  |TAMS 0x00000000e1500000, 0x00000000e1500000| Untracked 
|  22|0x00000000e1600000, 0x00000000e1600000, 0x00000000e1700000|  0%| F|  |TAMS 0x00000000e1600000, 0x00000000e1600000| Untracked 
|  23|0x00000000e1700000, 0x00000000e1700000, 0x00000000e1800000|  0%| F|  |TAMS 0x00000000e1700000, 0x00000000e1700000| Untracked 
|  24|0x00000000e1800000, 0x00000000e1800000, 0x00000000e1900000|  0%| F|  |TAMS 0x00000000e1800000, 0x00000000e1800000| Untracked 
|  25|0x00000000e1900000, 0x00000000e1900000, 0x00000000e1a00000|  0%| F|  |TAMS 0x00000000e1900000, 0x00000000e1900000| Untracked 
|  26|0x00000000e1a00000, 0x00000000e1a00000, 0x00000000e1b00000|  0%| F|  |TAMS 0x00000000e1a00000, 0x00000000e1a00000| Untracked 
|  27|0x00000000e1b00000, 0x00000000e1b00000, 0x00000000e1c00000|  0%| F|  |TAMS 0x00000000e1b00000, 0x00000000e1b00000| Untracked 
|  28|0x00000000e1c00000, 0x00000000e1c00000, 0x00000000e1d00000|  0%| F|  |TAMS 0x00000000e1c00000, 0x00000000e1c00000| Untracked 
|  29|0x00000000e1d00000, 0x00000000e1d00000, 0x00000000e1e00000|  0%| F|  |TAMS 0x00000000e1d00000, 0x00000000e1d00000| Untracked 
|  30|0x00000000e1e00000, 0x00000000e1e00000, 0x00000000e1f00000|  0%| F|  |TAMS 0x00000000e1e00000, 0x00000000e1e00000| Untracked 
|  31|0x00000000e1f00000, 0x00000000e1f00000, 0x00000000e2000000|  0%| F|  |TAMS 0x00000000e1f00000, 0x00000000e1f00000| Untracked 
|  32|0x00000000e2000000, 0x00000000e2000000, 0x00000000e2100000|  0%| F|  |TAMS 0x00000000e2000000, 0x00000000e2000000| Untracked 
|  33|0x00000000e2100000, 0x00000000e2100000, 0x00000000e2200000|  0%| F|  |TAMS 0x00000000e2100000, 0x00000000e2100000| Untracked 
|  34|0x00000000e2200000, 0x00000000e2200000, 0x00000000e2300000|  0%| F|  |TAMS 0x00000000e2200000, 0x00000000e2200000| Untracked 
|  35|0x00000000e2300000, 0x00000000e2300000, 0x00000000e2400000|  0%| F|  |TAMS 0x00000000e2300000, 0x00000000e2300000| Untracked 
|  36|0x00000000e2400000, 0x00000000e2400000, 0x00000000e2500000|  0%| F|  |TAMS 0x00000000e2400000, 0x00000000e2400000| Untracked 
|  37|0x00000000e2500000, 0x00000000e2500000, 0x00000000e2600000|  0%| F|  |TAMS 0x00000000e2500000, 0x00000000e2500000| Untracked 
|  38|0x00000000e2600000, 0x00000000e2600000, 0x00000000e2700000|  0%| F|  |TAMS 0x00000000e2600000, 0x00000000e2600000| Untracked 
|  39|0x00000000e2700000, 0x00000000e2700000, 0x00000000e2800000|  0%| F|  |TAMS 0x00000000e2700000, 0x00000000e2700000| Untracked 
|  40|0x00000000e2800000, 0x00000000e2800000, 0x00000000e2900000|  0%| F|  |TAMS 0x00000000e2800000, 0x00000000e2800000| Untracked 
|  41|0x00000000e2900000, 0x00000000e2900000, 0x00000000e2a00000|  0%| F|  |TAMS 0x00000000e2900000, 0x00000000e2900000| Untracked 
|  42|0x00000000e2a00000, 0x00000000e2a00000, 0x00000000e2b00000|  0%| F|  |TAMS 0x00000000e2a00000, 0x00000000e2a00000| Untracked 
|  43|0x00000000e2b00000, 0x00000000e2b00000, 0x00000000e2c00000|  0%| F|  |TAMS 0x00000000e2b00000, 0x00000000e2b00000| Untracked 
|  44|0x00000000e2c00000, 0x00000000e2c00000, 0x00000000e2d00000|  0%| F|  |TAMS 0x00000000e2c00000, 0x00000000e2c00000| Untracked 
|  45|0x00000000e2d00000, 0x00000000e2d00000, 0x00000000e2e00000|  0%| F|  |TAMS 0x00000000e2d00000, 0x00000000e2d00000| Untracked 
|  46|0x00000000e2e00000, 0x00000000e2e00000, 0x00000000e2f00000|  0%| F|  |TAMS 0x00000000e2e00000, 0x00000000e2e00000| Untracked 
|  47|0x00000000e2f00000, 0x00000000e2f00000, 0x00000000e3000000|  0%| F|  |TAMS 0x00000000e2f00000, 0x00000000e2f00000| Untracked 
|  48|0x00000000e3000000, 0x00000000e3000000, 0x00000000e3100000|  0%| F|  |TAMS 0x00000000e3000000, 0x00000000e3000000| Untracked 
|  49|0x00000000e3100000, 0x00000000e3100000, 0x00000000e3200000|  0%| F|  |TAMS 0x00000000e3100000, 0x00000000e3100000| Untracked 
|  50|0x00000000e3200000, 0x00000000e3200000, 0x00000000e3300000|  0%| F|  |TAMS 0x00000000e3200000, 0x00000000e3200000| Untracked 
|  51|0x00000000e3300000, 0x00000000e3300000, 0x00000000e3400000|  0%| F|  |TAMS 0x00000000e3300000, 0x00000000e3300000| Untracked 
|  52|0x00000000e3400000, 0x00000000e3400000, 0x00000000e3500000|  0%| F|  |TAMS 0x00000000e3400000, 0x00000000e3400000| Untracked 
|  53|0x00000000e3500000, 0x00000000e3500000, 0x00000000e3600000|  0%| F|  |TAMS 0x00000000e3500000, 0x00000000e3500000| Untracked 
|  54|0x00000000e3600000, 0x00000000e3600000, 0x00000000e3700000|  0%| F|  |TAMS 0x00000000e3600000, 0x00000000e3600000| Untracked 
|  55|0x00000000e3700000, 0x00000000e3700000, 0x00000000e3800000|  0%| F|  |TAMS 0x00000000e3700000, 0x00000000e3700000| Untracked 
|  56|0x00000000e3800000, 0x00000000e3800000, 0x00000000e3900000|  0%| F|  |TAMS 0x00000000e3800000, 0x00000000e3800000| Untracked 
|  57|0x00000000e3900000, 0x00000000e3900000, 0x00000000e3a00000|  0%| F|  |TAMS 0x00000000e3900000, 0x00000000e3900000| Untracked 
|  58|0x00000000e3a00000, 0x00000000e3a00000, 0x00000000e3b00000|  0%| F|  |TAMS 0x00000000e3a00000, 0x00000000e3a00000| Untracked 
|  59|0x00000000e3b00000, 0x00000000e3b00000, 0x00000000e3c00000|  0%| F|  |TAMS 0x00000000e3b00000, 0x00000000e3b00000| Untracked 
|  60|0x00000000e3c00000, 0x00000000e3c00000, 0x00000000e3d00000|  0%| F|  |TAMS 0x00000000e3c00000, 0x00000000e3c00000| Untracked 
|  61|0x00000000e3d00000, 0x00000000e3d00000, 0x00000000e3e00000|  0%| F|  |TAMS 0x00000000e3d00000, 0x00000000e3d00000| Untracked 
|  62|0x00000000e3e00000, 0x00000000e3e00000, 0x00000000e3f00000|  0%| F|  |TAMS 0x00000000e3e00000, 0x00000000e3e00000| Untracked 
|  63|0x00000000e3f00000, 0x00000000e3f00000, 0x00000000e4000000|  0%| F|  |TAMS 0x00000000e3f00000, 0x00000000e3f00000| Untracked 
|  64|0x00000000e4000000, 0x00000000e4000000, 0x00000000e4100000|  0%| F|  |TAMS 0x00000000e4000000, 0x00000000e4000000| Untracked 
|  65|0x00000000e4100000, 0x00000000e4100000, 0x00000000e4200000|  0%| F|  |TAMS 0x00000000e4100000, 0x00000000e4100000| Untracked 
|  66|0x00000000e4200000, 0x00000000e4200000, 0x00000000e4300000|  0%| F|  |TAMS 0x00000000e4200000, 0x00000000e4200000| Untracked 
|  67|0x00000000e4300000, 0x00000000e4300000, 0x00000000e4400000|  0%| F|  |TAMS 0x00000000e4300000, 0x00000000e4300000| Untracked 
|  68|0x00000000e4400000, 0x00000000e4400000, 0x00000000e4500000|  0%| F|  |TAMS 0x00000000e4400000, 0x00000000e4400000| Untracked 
|  69|0x00000000e4500000, 0x00000000e4500000, 0x00000000e4600000|  0%| F|  |TAMS 0x00000000e4500000, 0x00000000e4500000| Untracked 
|  70|0x00000000e4600000, 0x00000000e4600000, 0x00000000e4700000|  0%| F|  |TAMS 0x00000000e4600000, 0x00000000e4600000| Untracked 
|  71|0x00000000e4700000, 0x00000000e4700000, 0x00000000e4800000|  0%| F|  |TAMS 0x00000000e4700000, 0x00000000e4700000| Untracked 
|  72|0x00000000e4800000, 0x00000000e4800000, 0x00000000e4900000|  0%| F|  |TAMS 0x00000000e4800000, 0x00000000e4800000| Untracked 
|  73|0x00000000e4900000, 0x00000000e4900000, 0x00000000e4a00000|  0%| F|  |TAMS 0x00000000e4900000, 0x00000000e4900000| Untracked 
|  74|0x00000000e4a00000, 0x00000000e4a00000, 0x00000000e4b00000|  0%| F|  |TAMS 0x00000000e4a00000, 0x00000000e4a00000| Untracked 
|  75|0x00000000e4b00000, 0x00000000e4b00000, 0x00000000e4c00000|  0%| F|  |TAMS 0x00000000e4b00000, 0x00000000e4b00000| Untracked 
|  76|0x00000000e4c00000, 0x00000000e4c00000, 0x00000000e4d00000|  0%| F|  |TAMS 0x00000000e4c00000, 0x00000000e4c00000| Untracked 
|  77|0x00000000e4d00000, 0x00000000e4d00000, 0x00000000e4e00000|  0%| F|  |TAMS 0x00000000e4d00000, 0x00000000e4d00000| Untracked 
|  78|0x00000000e4e00000, 0x00000000e4e00000, 0x00000000e4f00000|  0%| F|  |TAMS 0x00000000e4e00000, 0x00000000e4e00000| Untracked 
|  79|0x00000000e4f00000, 0x00000000e4f00000, 0x00000000e5000000|  0%| F|  |TAMS 0x00000000e4f00000, 0x00000000e4f00000| Untracked 
|  80|0x00000000e5000000, 0x00000000e5000000, 0x00000000e5100000|  0%| F|  |TAMS 0x00000000e5000000, 0x00000000e5000000| Untracked 
|  81|0x00000000e5100000, 0x00000000e5100000, 0x00000000e5200000|  0%| F|  |TAMS 0x00000000e5100000, 0x00000000e5100000| Untracked 
|  82|0x00000000e5200000, 0x00000000e5200000, 0x00000000e5300000|  0%| F|  |TAMS 0x00000000e5200000, 0x00000000e5200000| Untracked 
|  83|0x00000000e5300000, 0x00000000e5300000, 0x00000000e5400000|  0%| F|  |TAMS 0x00000000e5300000, 0x00000000e5300000| Untracked 
|  84|0x00000000e5400000, 0x00000000e5400000, 0x00000000e5500000|  0%| F|  |TAMS 0x00000000e5400000, 0x00000000e5400000| Untracked 
|  85|0x00000000e5500000, 0x00000000e5500000, 0x00000000e5600000|  0%| F|  |TAMS 0x00000000e5500000, 0x00000000e5500000| Untracked 
|  86|0x00000000e5600000, 0x00000000e5600000, 0x00000000e5700000|  0%| F|  |TAMS 0x00000000e5600000, 0x00000000e5600000| Untracked 
|  87|0x00000000e5700000, 0x00000000e5700000, 0x00000000e5800000|  0%| F|  |TAMS 0x00000000e5700000, 0x00000000e5700000| Untracked 
|  88|0x00000000e5800000, 0x00000000e5800000, 0x00000000e5900000|  0%| F|  |TAMS 0x00000000e5800000, 0x00000000e5800000| Untracked 
|  89|0x00000000e5900000, 0x00000000e5900000, 0x00000000e5a00000|  0%| F|  |TAMS 0x00000000e5900000, 0x00000000e5900000| Untracked 
|  90|0x00000000e5a00000, 0x00000000e5a00000, 0x00000000e5b00000|  0%| F|  |TAMS 0x00000000e5a00000, 0x00000000e5a00000| Untracked 
|  91|0x00000000e5b00000, 0x00000000e5b00000, 0x00000000e5c00000|  0%| F|  |TAMS 0x00000000e5b00000, 0x00000000e5b00000| Untracked 
|  92|0x00000000e5c00000, 0x00000000e5c00000, 0x00000000e5d00000|  0%| F|  |TAMS 0x00000000e5c00000, 0x00000000e5c00000| Untracked 
|  93|0x00000000e5d00000, 0x00000000e5d00000, 0x00000000e5e00000|  0%| F|  |TAMS 0x00000000e5d00000, 0x00000000e5d00000| Untracked 
|  94|0x00000000e5e00000, 0x00000000e5e00000, 0x00000000e5f00000|  0%| F|  |TAMS 0x00000000e5e00000, 0x00000000e5e00000| Untracked 
|  95|0x00000000e5f00000, 0x00000000e5f00000, 0x00000000e6000000|  0%| F|  |TAMS 0x00000000e5f00000, 0x00000000e5f00000| Untracked 
|  96|0x00000000e6000000, 0x00000000e6000000, 0x00000000e6100000|  0%| F|  |TAMS 0x00000000e6000000, 0x00000000e6000000| Untracked 
|  97|0x00000000e6100000, 0x00000000e6100000, 0x00000000e6200000|  0%| F|  |TAMS 0x00000000e6100000, 0x00000000e6100000| Untracked 
|  98|0x00000000e6200000, 0x00000000e6200000, 0x00000000e6300000|  0%| F|  |TAMS 0x00000000e6200000, 0x00000000e6200000| Untracked 
|  99|0x00000000e6300000, 0x00000000e6300000, 0x00000000e6400000|  0%| F|  |TAMS 0x00000000e6300000, 0x00000000e6300000| Untracked 
| 100|0x00000000e6400000, 0x00000000e6400000, 0x00000000e6500000|  0%| F|  |TAMS 0x00000000e6400000, 0x00000000e6400000| Untracked 
| 101|0x00000000e6500000, 0x00000000e6500000, 0x00000000e6600000|  0%| F|  |TAMS 0x00000000e6500000, 0x00000000e6500000| Untracked 
| 102|0x00000000e6600000, 0x00000000e6600000, 0x00000000e6700000|  0%| F|  |TAMS 0x00000000e6600000, 0x00000000e6600000| Untracked 
| 103|0x00000000e6700000, 0x00000000e6700000, 0x00000000e6800000|  0%| F|  |TAMS 0x00000000e6700000, 0x00000000e6700000| Untracked 
| 104|0x00000000e6800000, 0x00000000e6800000, 0x00000000e6900000|  0%| F|  |TAMS 0x00000000e6800000, 0x00000000e6800000| Untracked 
| 105|0x00000000e6900000, 0x00000000e6900000, 0x00000000e6a00000|  0%| F|  |TAMS 0x00000000e6900000, 0x00000000e6900000| Untracked 
| 106|0x00000000e6a00000, 0x00000000e6a00000, 0x00000000e6b00000|  0%| F|  |TAMS 0x00000000e6a00000, 0x00000000e6a00000| Untracked 
| 107|0x00000000e6b00000, 0x00000000e6b00000, 0x00000000e6c00000|  0%| F|  |TAMS 0x00000000e6b00000, 0x00000000e6b00000| Untracked 
| 108|0x00000000e6c00000, 0x00000000e6c00000, 0x00000000e6d00000|  0%| F|  |TAMS 0x00000000e6c00000, 0x00000000e6c00000| Untracked 
| 109|0x00000000e6d00000, 0x00000000e6d00000, 0x00000000e6e00000|  0%| F|  |TAMS 0x00000000e6d00000, 0x00000000e6d00000| Untracked 
| 110|0x00000000e6e00000, 0x00000000e6e00000, 0x00000000e6f00000|  0%| F|  |TAMS 0x00000000e6e00000, 0x00000000e6e00000| Untracked 
| 111|0x00000000e6f00000, 0x00000000e6f00000, 0x00000000e7000000|  0%| F|  |TAMS 0x00000000e6f00000, 0x00000000e6f00000| Untracked 
| 112|0x00000000e7000000, 0x00000000e7000000, 0x00000000e7100000|  0%| F|  |TAMS 0x00000000e7000000, 0x00000000e7000000| Untracked 
| 113|0x00000000e7100000, 0x00000000e7100000, 0x00000000e7200000|  0%| F|  |TAMS 0x00000000e7100000, 0x00000000e7100000| Untracked 
| 114|0x00000000e7200000, 0x00000000e7200000, 0x00000000e7300000|  0%| F|  |TAMS 0x00000000e7200000, 0x00000000e7200000| Untracked 
| 115|0x00000000e7300000, 0x00000000e7300000, 0x00000000e7400000|  0%| F|  |TAMS 0x00000000e7300000, 0x00000000e7300000| Untracked 
| 116|0x00000000e7400000, 0x00000000e7400000, 0x00000000e7500000|  0%| F|  |TAMS 0x00000000e7400000, 0x00000000e7400000| Untracked 
| 117|0x00000000e7500000, 0x00000000e7500000, 0x00000000e7600000|  0%| F|  |TAMS 0x00000000e7500000, 0x00000000e7500000| Untracked 
| 118|0x00000000e7600000, 0x00000000e7600000, 0x00000000e7700000|  0%| F|  |TAMS 0x00000000e7600000, 0x00000000e7600000| Untracked 
| 119|0x00000000e7700000, 0x00000000e7700000, 0x00000000e7800000|  0%| F|  |TAMS 0x00000000e7700000, 0x00000000e7700000| Untracked 
| 120|0x00000000e7800000, 0x00000000e7800000, 0x00000000e7900000|  0%| F|  |TAMS 0x00000000e7800000, 0x00000000e7800000| Untracked 
| 121|0x00000000e7900000, 0x00000000e7900000, 0x00000000e7a00000|  0%| F|  |TAMS 0x00000000e7900000, 0x00000000e7900000| Untracked 
| 122|0x00000000e7a00000, 0x00000000e7a00000, 0x00000000e7b00000|  0%| F|  |TAMS 0x00000000e7a00000, 0x00000000e7a00000| Untracked 
| 123|0x00000000e7b00000, 0x00000000e7b00000, 0x00000000e7c00000|  0%| F|  |TAMS 0x00000000e7b00000, 0x00000000e7b00000| Untracked 
| 124|0x00000000e7c00000, 0x00000000e7c00000, 0x00000000e7d00000|  0%| F|  |TAMS 0x00000000e7c00000, 0x00000000e7c00000| Untracked 
| 125|0x00000000e7d00000, 0x00000000e7d00000, 0x00000000e7e00000|  0%| F|  |TAMS 0x00000000e7d00000, 0x00000000e7d00000| Untracked 
| 126|0x00000000e7e00000, 0x00000000e7e00000, 0x00000000e7f00000|  0%| F|  |TAMS 0x00000000e7e00000, 0x00000000e7e00000| Untracked 
| 127|0x00000000e7f00000, 0x00000000e7f00000, 0x00000000e8000000|  0%| F|  |TAMS 0x00000000e7f00000, 0x00000000e7f00000| Untracked 
| 128|0x00000000e8000000, 0x00000000e8000000, 0x00000000e8100000|  0%| F|  |TAMS 0x00000000e8000000, 0x00000000e8000000| Untracked 
| 129|0x00000000e8100000, 0x00000000e8100000, 0x00000000e8200000|  0%| F|  |TAMS 0x00000000e8100000, 0x00000000e8100000| Untracked 
| 130|0x00000000e8200000, 0x00000000e8200000, 0x00000000e8300000|  0%| F|  |TAMS 0x00000000e8200000, 0x00000000e8200000| Untracked 
| 131|0x00000000e8300000, 0x00000000e8300000, 0x00000000e8400000|  0%| F|  |TAMS 0x00000000e8300000, 0x00000000e8300000| Untracked 
| 132|0x00000000e8400000, 0x00000000e8498a60, 0x00000000e8500000| 59%| S|CS|TAMS 0x00000000e8400000, 0x00000000e8400000| Complete 
| 133|0x00000000e8500000, 0x00000000e8600000, 0x00000000e8600000|100%| S|CS|TAMS 0x00000000e8500000, 0x00000000e8500000| Complete 
| 134|0x00000000e8600000, 0x00000000e8700000, 0x00000000e8700000|100%| S|CS|TAMS 0x00000000e8600000, 0x00000000e8600000| Complete 
| 135|0x00000000e8700000, 0x00000000e8800000, 0x00000000e8800000|100%| S|CS|TAMS 0x00000000e8700000, 0x00000000e8700000| Complete 
| 136|0x00000000e8800000, 0x00000000e8900000, 0x00000000e8900000|100%| S|CS|TAMS 0x00000000e8800000, 0x00000000e8800000| Complete 
| 137|0x00000000e8900000, 0x00000000e8a00000, 0x00000000e8a00000|100%| S|CS|TAMS 0x00000000e8900000, 0x00000000e8900000| Complete 
| 138|0x00000000e8a00000, 0x00000000e8b00000, 0x00000000e8b00000|100%| S|CS|TAMS 0x00000000e8a00000, 0x00000000e8a00000| Complete 
| 139|0x00000000e8b00000, 0x00000000e8c00000, 0x00000000e8c00000|100%| S|CS|TAMS 0x00000000e8b00000, 0x00000000e8b00000| Complete 
| 140|0x00000000e8c00000, 0x00000000e8d00000, 0x00000000e8d00000|100%| S|CS|TAMS 0x00000000e8c00000, 0x00000000e8c00000| Complete 
| 141|0x00000000e8d00000, 0x00000000e8e00000, 0x00000000e8e00000|100%| S|CS|TAMS 0x00000000e8d00000, 0x00000000e8d00000| Complete 
| 142|0x00000000e8e00000, 0x00000000e8f00000, 0x00000000e8f00000|100%| S|CS|TAMS 0x00000000e8e00000, 0x00000000e8e00000| Complete 
| 143|0x00000000e8f00000, 0x00000000e9000000, 0x00000000e9000000|100%| S|CS|TAMS 0x00000000e8f00000, 0x00000000e8f00000| Complete 
| 144|0x00000000e9000000, 0x00000000e9000000, 0x00000000e9100000|  0%| F|  |TAMS 0x00000000e9000000, 0x00000000e9000000| Untracked 
| 145|0x00000000e9100000, 0x00000000e9100000, 0x00000000e9200000|  0%| F|  |TAMS 0x00000000e9100000, 0x00000000e9100000| Untracked 
| 146|0x00000000e9200000, 0x00000000e9200000, 0x00000000e9300000|  0%| F|  |TAMS 0x00000000e9200000, 0x00000000e9200000| Untracked 
| 147|0x00000000e9300000, 0x00000000e9300000, 0x00000000e9400000|  0%| F|  |TAMS 0x00000000e9300000, 0x00000000e9300000| Untracked 
| 148|0x00000000e9400000, 0x00000000e9400000, 0x00000000e9500000|  0%| F|  |TAMS 0x00000000e9400000, 0x00000000e9400000| Untracked 
| 149|0x00000000e9500000, 0x00000000e9500000, 0x00000000e9600000|  0%| F|  |TAMS 0x00000000e9500000, 0x00000000e9500000| Untracked 
| 150|0x00000000e9600000, 0x00000000e9600000, 0x00000000e9700000|  0%| F|  |TAMS 0x00000000e9600000, 0x00000000e9600000| Untracked 
| 151|0x00000000e9700000, 0x00000000e9700000, 0x00000000e9800000|  0%| F|  |TAMS 0x00000000e9700000, 0x00000000e9700000| Untracked 
| 152|0x00000000e9800000, 0x00000000e9800000, 0x00000000e9900000|  0%| F|  |TAMS 0x00000000e9800000, 0x00000000e9800000| Untracked 
| 153|0x00000000e9900000, 0x00000000e9900000, 0x00000000e9a00000|  0%| F|  |TAMS 0x00000000e9900000, 0x00000000e9900000| Untracked 
| 154|0x00000000e9a00000, 0x00000000e9a00000, 0x00000000e9b00000|  0%| F|  |TAMS 0x00000000e9a00000, 0x00000000e9a00000| Untracked 
| 155|0x00000000e9b00000, 0x00000000e9b00000, 0x00000000e9c00000|  0%| F|  |TAMS 0x00000000e9b00000, 0x00000000e9b00000| Untracked 
| 156|0x00000000e9c00000, 0x00000000e9c00000, 0x00000000e9d00000|  0%| F|  |TAMS 0x00000000e9c00000, 0x00000000e9c00000| Untracked 
| 157|0x00000000e9d00000, 0x00000000e9d00000, 0x00000000e9e00000|  0%| F|  |TAMS 0x00000000e9d00000, 0x00000000e9d00000| Untracked 
| 158|0x00000000e9e00000, 0x00000000e9e00000, 0x00000000e9f00000|  0%| F|  |TAMS 0x00000000e9e00000, 0x00000000e9e00000| Untracked 
| 159|0x00000000e9f00000, 0x00000000e9f00000, 0x00000000ea000000|  0%| F|  |TAMS 0x00000000e9f00000, 0x00000000e9f00000| Untracked 
| 160|0x00000000ea000000, 0x00000000ea000000, 0x00000000ea100000|  0%| F|  |TAMS 0x00000000ea000000, 0x00000000ea000000| Untracked 
| 161|0x00000000ea100000, 0x00000000ea100000, 0x00000000ea200000|  0%| F|  |TAMS 0x00000000ea100000, 0x00000000ea100000| Untracked 
| 162|0x00000000ea200000, 0x00000000ea200000, 0x00000000ea300000|  0%| F|  |TAMS 0x00000000ea200000, 0x00000000ea200000| Untracked 
| 163|0x00000000ea300000, 0x00000000ea300000, 0x00000000ea400000|  0%| F|  |TAMS 0x00000000ea300000, 0x00000000ea300000| Untracked 
| 164|0x00000000ea400000, 0x00000000ea400000, 0x00000000ea500000|  0%| F|  |TAMS 0x00000000ea400000, 0x00000000ea400000| Untracked 
| 165|0x00000000ea500000, 0x00000000ea500000, 0x00000000ea600000|  0%| F|  |TAMS 0x00000000ea500000, 0x00000000ea500000| Untracked 
| 166|0x00000000ea600000, 0x00000000ea600000, 0x00000000ea700000|  0%| F|  |TAMS 0x00000000ea600000, 0x00000000ea600000| Untracked 
| 167|0x00000000ea700000, 0x00000000ea700000, 0x00000000ea800000|  0%| F|  |TAMS 0x00000000ea700000, 0x00000000ea700000| Untracked 
| 168|0x00000000ea800000, 0x00000000ea800000, 0x00000000ea900000|  0%| F|  |TAMS 0x00000000ea800000, 0x00000000ea800000| Untracked 
| 169|0x00000000ea900000, 0x00000000ea900000, 0x00000000eaa00000|  0%| F|  |TAMS 0x00000000ea900000, 0x00000000ea900000| Untracked 
| 170|0x00000000eaa00000, 0x00000000eaa00000, 0x00000000eab00000|  0%| F|  |TAMS 0x00000000eaa00000, 0x00000000eaa00000| Untracked 
| 171|0x00000000eab00000, 0x00000000eab00000, 0x00000000eac00000|  0%| F|  |TAMS 0x00000000eab00000, 0x00000000eab00000| Untracked 
| 172|0x00000000eac00000, 0x00000000eac00000, 0x00000000ead00000|  0%| F|  |TAMS 0x00000000eac00000, 0x00000000eac00000| Untracked 
| 173|0x00000000ead00000, 0x00000000ead00000, 0x00000000eae00000|  0%| F|  |TAMS 0x00000000ead00000, 0x00000000ead00000| Untracked 
| 174|0x00000000eae00000, 0x00000000eae00000, 0x00000000eaf00000|  0%| F|  |TAMS 0x00000000eae00000, 0x00000000eae00000| Untracked 
| 175|0x00000000eaf00000, 0x00000000eaf00000, 0x00000000eb000000|  0%| F|  |TAMS 0x00000000eaf00000, 0x00000000eaf00000| Untracked 
| 176|0x00000000eb000000, 0x00000000eb000000, 0x00000000eb100000|  0%| F|  |TAMS 0x00000000eb000000, 0x00000000eb000000| Untracked 
| 177|0x00000000eb100000, 0x00000000eb100000, 0x00000000eb200000|  0%| F|  |TAMS 0x00000000eb100000, 0x00000000eb100000| Untracked 
| 178|0x00000000eb200000, 0x00000000eb200000, 0x00000000eb300000|  0%| F|  |TAMS 0x00000000eb200000, 0x00000000eb200000| Untracked 
| 179|0x00000000eb300000, 0x00000000eb300000, 0x00000000eb400000|  0%| F|  |TAMS 0x00000000eb300000, 0x00000000eb300000| Untracked 
| 180|0x00000000eb400000, 0x00000000eb400000, 0x00000000eb500000|  0%| F|  |TAMS 0x00000000eb400000, 0x00000000eb400000| Untracked 
| 181|0x00000000eb500000, 0x00000000eb500000, 0x00000000eb600000|  0%| F|  |TAMS 0x00000000eb500000, 0x00000000eb500000| Untracked 
| 182|0x00000000eb600000, 0x00000000eb600000, 0x00000000eb700000|  0%| F|  |TAMS 0x00000000eb600000, 0x00000000eb600000| Untracked 
| 183|0x00000000eb700000, 0x00000000eb700000, 0x00000000eb800000|  0%| F|  |TAMS 0x00000000eb700000, 0x00000000eb700000| Untracked 
| 184|0x00000000eb800000, 0x00000000eb800000, 0x00000000eb900000|  0%| F|  |TAMS 0x00000000eb800000, 0x00000000eb800000| Untracked 
| 185|0x00000000eb900000, 0x00000000eb900000, 0x00000000eba00000|  0%| F|  |TAMS 0x00000000eb900000, 0x00000000eb900000| Untracked 
| 186|0x00000000eba00000, 0x00000000eba00000, 0x00000000ebb00000|  0%| F|  |TAMS 0x00000000eba00000, 0x00000000eba00000| Untracked 
| 187|0x00000000ebb00000, 0x00000000ebb00000, 0x00000000ebc00000|  0%| F|  |TAMS 0x00000000ebb00000, 0x00000000ebb00000| Untracked 
| 188|0x00000000ebc00000, 0x00000000ebc00000, 0x00000000ebd00000|  0%| F|  |TAMS 0x00000000ebc00000, 0x00000000ebc00000| Untracked 
| 189|0x00000000ebd00000, 0x00000000ebd00000, 0x00000000ebe00000|  0%| F|  |TAMS 0x00000000ebd00000, 0x00000000ebd00000| Untracked 
| 190|0x00000000ebe00000, 0x00000000ebe00000, 0x00000000ebf00000|  0%| F|  |TAMS 0x00000000ebe00000, 0x00000000ebe00000| Untracked 
| 191|0x00000000ebf00000, 0x00000000ebf00000, 0x00000000ec000000|  0%| F|  |TAMS 0x00000000ebf00000, 0x00000000ebf00000| Untracked 
| 192|0x00000000ec000000, 0x00000000ec000000, 0x00000000ec100000|  0%| F|  |TAMS 0x00000000ec000000, 0x00000000ec000000| Untracked 
| 193|0x00000000ec100000, 0x00000000ec100000, 0x00000000ec200000|  0%| F|  |TAMS 0x00000000ec100000, 0x00000000ec100000| Untracked 
| 194|0x00000000ec200000, 0x00000000ec200000, 0x00000000ec300000|  0%| F|  |TAMS 0x00000000ec200000, 0x00000000ec200000| Untracked 
| 195|0x00000000ec300000, 0x00000000ec300000, 0x00000000ec400000|  0%| F|  |TAMS 0x00000000ec300000, 0x00000000ec300000| Untracked 
| 196|0x00000000ec400000, 0x00000000ec400000, 0x00000000ec500000|  0%| F|  |TAMS 0x00000000ec400000, 0x00000000ec400000| Untracked 
| 197|0x00000000ec500000, 0x00000000ec500000, 0x00000000ec600000|  0%| F|  |TAMS 0x00000000ec500000, 0x00000000ec500000| Untracked 
| 198|0x00000000ec600000, 0x00000000ec600000, 0x00000000ec700000|  0%| F|  |TAMS 0x00000000ec600000, 0x00000000ec600000| Untracked 
| 199|0x00000000ec700000, 0x00000000ec700000, 0x00000000ec800000|  0%| F|  |TAMS 0x00000000ec700000, 0x00000000ec700000| Untracked 
| 200|0x00000000ec800000, 0x00000000ec800000, 0x00000000ec900000|  0%| F|  |TAMS 0x00000000ec800000, 0x00000000ec800000| Untracked 
| 201|0x00000000ec900000, 0x00000000ec900000, 0x00000000eca00000|  0%| F|  |TAMS 0x00000000ec900000, 0x00000000ec900000| Untracked 
| 202|0x00000000eca00000, 0x00000000eca00000, 0x00000000ecb00000|  0%| F|  |TAMS 0x00000000eca00000, 0x00000000eca00000| Untracked 
| 203|0x00000000ecb00000, 0x00000000ecb00000, 0x00000000ecc00000|  0%| F|  |TAMS 0x00000000ecb00000, 0x00000000ecb00000| Untracked 
| 204|0x00000000ecc00000, 0x00000000ecc00000, 0x00000000ecd00000|  0%| F|  |TAMS 0x00000000ecc00000, 0x00000000ecc00000| Untracked 
| 205|0x00000000ecd00000, 0x00000000ecd00000, 0x00000000ece00000|  0%| F|  |TAMS 0x00000000ecd00000, 0x00000000ecd00000| Untracked 
| 206|0x00000000ece00000, 0x00000000ece00000, 0x00000000ecf00000|  0%| F|  |TAMS 0x00000000ece00000, 0x00000000ece00000| Untracked 
| 207|0x00000000ecf00000, 0x00000000ecf00000, 0x00000000ed000000|  0%| F|  |TAMS 0x00000000ecf00000, 0x00000000ecf00000| Untracked 
| 208|0x00000000ed000000, 0x00000000ed082fc8, 0x00000000ed100000| 51%| E|  |TAMS 0x00000000ed000000, 0x00000000ed000000| Complete 
| 209|0x00000000ed100000, 0x00000000ed200000, 0x00000000ed200000|100%| E|CS|TAMS 0x00000000ed100000, 0x00000000ed100000| Complete 
| 210|0x00000000ed200000, 0x00000000ed300000, 0x00000000ed300000|100%| E|CS|TAMS 0x00000000ed200000, 0x00000000ed200000| Complete 
| 211|0x00000000ed300000, 0x00000000ed400000, 0x00000000ed400000|100%| E|CS|TAMS 0x00000000ed300000, 0x00000000ed300000| Complete 
| 212|0x00000000ed400000, 0x00000000ed500000, 0x00000000ed500000|100%| E|CS|TAMS 0x00000000ed400000, 0x00000000ed400000| Complete 
| 213|0x00000000ed500000, 0x00000000ed600000, 0x00000000ed600000|100%| E|  |TAMS 0x00000000ed500000, 0x00000000ed500000| Complete 
| 214|0x00000000ed600000, 0x00000000ed700000, 0x00000000ed700000|100%| E|CS|TAMS 0x00000000ed600000, 0x00000000ed600000| Complete 
| 215|0x00000000ed700000, 0x00000000ed800000, 0x00000000ed800000|100%| E|CS|TAMS 0x00000000ed700000, 0x00000000ed700000| Complete 
| 216|0x00000000ed800000, 0x00000000ed900000, 0x00000000ed900000|100%| E|CS|TAMS 0x00000000ed800000, 0x00000000ed800000| Complete 
| 217|0x00000000ed900000, 0x00000000eda00000, 0x00000000eda00000|100%| E|CS|TAMS 0x00000000ed900000, 0x00000000ed900000| Complete 
| 218|0x00000000eda00000, 0x00000000edb00000, 0x00000000edb00000|100%| E|CS|TAMS 0x00000000eda00000, 0x00000000eda00000| Complete 
| 219|0x00000000edb00000, 0x00000000edc00000, 0x00000000edc00000|100%| E|CS|TAMS 0x00000000edb00000, 0x00000000edb00000| Complete 
| 220|0x00000000edc00000, 0x00000000edd00000, 0x00000000edd00000|100%| E|CS|TAMS 0x00000000edc00000, 0x00000000edc00000| Complete 
| 221|0x00000000edd00000, 0x00000000ede00000, 0x00000000ede00000|100%| E|CS|TAMS 0x00000000edd00000, 0x00000000edd00000| Complete 
| 222|0x00000000ede00000, 0x00000000edf00000, 0x00000000edf00000|100%| E|CS|TAMS 0x00000000ede00000, 0x00000000ede00000| Complete 
| 223|0x00000000edf00000, 0x00000000ee000000, 0x00000000ee000000|100%| E|CS|TAMS 0x00000000edf00000, 0x00000000edf00000| Complete 
| 224|0x00000000ee000000, 0x00000000ee100000, 0x00000000ee100000|100%| E|CS|TAMS 0x00000000ee000000, 0x00000000ee000000| Complete 
| 225|0x00000000ee100000, 0x00000000ee200000, 0x00000000ee200000|100%| E|CS|TAMS 0x00000000ee100000, 0x00000000ee100000| Complete 
| 226|0x00000000ee200000, 0x00000000ee300000, 0x00000000ee300000|100%| E|CS|TAMS 0x00000000ee200000, 0x00000000ee200000| Complete 
| 227|0x00000000ee300000, 0x00000000ee400000, 0x00000000ee400000|100%| E|CS|TAMS 0x00000000ee300000, 0x00000000ee300000| Complete 
| 228|0x00000000ee400000, 0x00000000ee500000, 0x00000000ee500000|100%| E|CS|TAMS 0x00000000ee400000, 0x00000000ee400000| Complete 
| 229|0x00000000ee500000, 0x00000000ee600000, 0x00000000ee600000|100%| E|CS|TAMS 0x00000000ee500000, 0x00000000ee500000| Complete 
| 230|0x00000000ee600000, 0x00000000ee700000, 0x00000000ee700000|100%| E|CS|TAMS 0x00000000ee600000, 0x00000000ee600000| Complete 
| 231|0x00000000ee700000, 0x00000000ee800000, 0x00000000ee800000|100%| E|CS|TAMS 0x00000000ee700000, 0x00000000ee700000| Complete 
| 232|0x00000000ee800000, 0x00000000ee900000, 0x00000000ee900000|100%| E|CS|TAMS 0x00000000ee800000, 0x00000000ee800000| Complete 
| 233|0x00000000ee900000, 0x00000000eea00000, 0x00000000eea00000|100%| E|CS|TAMS 0x00000000ee900000, 0x00000000ee900000| Complete 
| 234|0x00000000eea00000, 0x00000000eeb00000, 0x00000000eeb00000|100%| E|CS|TAMS 0x00000000eea00000, 0x00000000eea00000| Complete 
| 235|0x00000000eeb00000, 0x00000000eec00000, 0x00000000eec00000|100%| E|CS|TAMS 0x00000000eeb00000, 0x00000000eeb00000| Complete 
| 236|0x00000000eec00000, 0x00000000eed00000, 0x00000000eed00000|100%| E|CS|TAMS 0x00000000eec00000, 0x00000000eec00000| Complete 
| 237|0x00000000eed00000, 0x00000000eee00000, 0x00000000eee00000|100%| E|CS|TAMS 0x00000000eed00000, 0x00000000eed00000| Complete 
| 238|0x00000000eee00000, 0x00000000eef00000, 0x00000000eef00000|100%| E|CS|TAMS 0x00000000eee00000, 0x00000000eee00000| Complete 
| 239|0x00000000eef00000, 0x00000000ef000000, 0x00000000ef000000|100%| E|CS|TAMS 0x00000000eef00000, 0x00000000eef00000| Complete 
| 240|0x00000000ef000000, 0x00000000ef100000, 0x00000000ef100000|100%| E|CS|TAMS 0x00000000ef000000, 0x00000000ef000000| Complete 
| 241|0x00000000ef100000, 0x00000000ef200000, 0x00000000ef200000|100%| E|CS|TAMS 0x00000000ef100000, 0x00000000ef100000| Complete 
| 242|0x00000000ef200000, 0x00000000ef300000, 0x00000000ef300000|100%| E|CS|TAMS 0x00000000ef200000, 0x00000000ef200000| Complete 
| 243|0x00000000ef300000, 0x00000000ef400000, 0x00000000ef400000|100%| E|CS|TAMS 0x00000000ef300000, 0x00000000ef300000| Complete 
| 244|0x00000000ef400000, 0x00000000ef500000, 0x00000000ef500000|100%| E|CS|TAMS 0x00000000ef400000, 0x00000000ef400000| Complete 
| 245|0x00000000ef500000, 0x00000000ef600000, 0x00000000ef600000|100%| E|CS|TAMS 0x00000000ef500000, 0x00000000ef500000| Complete 
| 246|0x00000000ef600000, 0x00000000ef700000, 0x00000000ef700000|100%| E|CS|TAMS 0x00000000ef600000, 0x00000000ef600000| Complete 
| 247|0x00000000ef700000, 0x00000000ef800000, 0x00000000ef800000|100%| E|CS|TAMS 0x00000000ef700000, 0x00000000ef700000| Complete 
| 248|0x00000000ef800000, 0x00000000ef900000, 0x00000000ef900000|100%| E|CS|TAMS 0x00000000ef800000, 0x00000000ef800000| Complete 
| 249|0x00000000ef900000, 0x00000000efa00000, 0x00000000efa00000|100%| E|CS|TAMS 0x00000000ef900000, 0x00000000ef900000| Complete 
| 250|0x00000000efa00000, 0x00000000efb00000, 0x00000000efb00000|100%| E|CS|TAMS 0x00000000efa00000, 0x00000000efa00000| Complete 
| 251|0x00000000efb00000, 0x00000000efc00000, 0x00000000efc00000|100%| E|CS|TAMS 0x00000000efb00000, 0x00000000efb00000| Complete 
| 252|0x00000000efc00000, 0x00000000efd00000, 0x00000000efd00000|100%| E|CS|TAMS 0x00000000efc00000, 0x00000000efc00000| Complete 
| 253|0x00000000efd00000, 0x00000000efe00000, 0x00000000efe00000|100%| E|CS|TAMS 0x00000000efd00000, 0x00000000efd00000| Complete 
| 254|0x00000000efe00000, 0x00000000eff00000, 0x00000000eff00000|100%| E|CS|TAMS 0x00000000efe00000, 0x00000000efe00000| Complete 
| 255|0x00000000eff00000, 0x00000000f0000000, 0x00000000f0000000|100%| E|CS|TAMS 0x00000000eff00000, 0x00000000eff00000| Complete 

Card table byte_map: [0x000001ccffbc0000,0x000001ccffcc0000] _byte_map_base: 0x000001ccff4c0000

Marking Bits (Prev, Next): (CMBitMap*) 0x000001ccf77a1c40, (CMBitMap*) 0x000001ccf77a1c00
 Prev Bits: [0x000001cc8f800000, 0x000001cc90000000)
 Next Bits: [0x000001cc8f000000, 0x000001cc8f800000)

Polling page: 0x000001ccf5f60000

Metaspace:

Usage:
  Non-class:     23.88 MB used.
      Class:      4.04 MB used.
       Both:     27.92 MB used.

Virtual space:
  Non-class space:       64.00 MB reserved,      24.06 MB ( 38%) committed,  1 nodes.
      Class space:      320.00 MB reserved,       4.19 MB (  1%) committed,  1 nodes.
             Both:      384.00 MB reserved,      28.25 MB (  7%) committed. 

Chunk freelists:
   Non-Class:  7.00 MB
       Class:  11.69 MB
        Both:  18.69 MB

MaxMetaspaceSize: 384.00 MB
CompressedClassSpaceSize: 320.00 MB
Initial GC threshold: 21.00 MB
Current GC threshold: 35.62 MB
CDS: on
MetaspaceReclaimPolicy: balanced
 - commit_granule_bytes: 65536.
 - commit_granule_words: 8192.
 - virtual_space_node_default_size: 8388608.
 - enlarge_chunks_in_place: 1.
 - new_chunks_are_fully_committed: 0.
 - uncommit_free_chunks: 1.
 - use_allocation_guard: 0.
 - handle_deallocations: 1.


Internal statistics:

num_allocs_failed_limit: 6.
num_arena_births: 380.
num_arena_deaths: 0.
num_vsnodes_births: 2.
num_vsnodes_deaths: 0.
num_space_committed: 452.
num_space_uncommitted: 0.
num_chunks_returned_to_freelist: 6.
num_chunks_taken_from_freelist: 1460.
num_chunk_merges: 6.
num_chunk_splits: 950.
num_chunks_enlarged: 669.
num_inconsistent_stats: 0.

CodeHeap 'non-profiled nmethods': size=120000Kb used=2044Kb max_used=2044Kb free=117955Kb
 bounds [0x000001cc87ad0000, 0x000001cc87d40000, 0x000001cc8f000000]
CodeHeap 'profiled nmethods': size=120000Kb used=7071Kb max_used=7071Kb free=112928Kb
 bounds [0x000001cc80000000, 0x000001cc806f0000, 0x000001cc87530000]
CodeHeap 'non-nmethods': size=5760Kb used=1258Kb max_used=1323Kb free=4501Kb
 bounds [0x000001cc87530000, 0x000001cc877a0000, 0x000001cc87ad0000]
 total_blobs=3969 nmethods=3401 adapters=480
 compilation: enabled
              stopped_count=0, restarted_count=0
 full_count=0

Compilation events (20 events):
Event: 20.032 Thread 0x000001ccb0908d50 nmethod 3311 0x000001cc87cc9090 code [0x000001cc87cc9260, 0x000001cc87cc97f8]
Event: 20.032 Thread 0x000001ccb0908d50 3312       4       java.util.stream.MatchOps$1MatchSink::accept (44 bytes)
Event: 20.036 Thread 0x000001ccb0908d50 nmethod 3312 0x000001cc87cc9c90 code [0x000001cc87cc9e20, 0x000001cc87cca138]
Event: 20.036 Thread 0x000001ccb0908d50 3315       4       org.codehaus.groovy.vmplugin.v9.Java9$$Lambda$483/0x000001cc94403060::test (12 bytes)
Event: 20.038 Thread 0x000001ccb0908d50 nmethod 3315 0x000001cc87cca390 code [0x000001cc87cca520, 0x000001cc87cca778]
Event: 20.038 Thread 0x000001ccb0908d50 3317       4       org.codehaus.groovy.vmplugin.v9.Java9::lambda$isExported$11 (24 bytes)
Event: 20.040 Thread 0x000001ccb0908d50 nmethod 3317 0x000001cc87cca910 code [0x000001cc87ccaaa0, 0x000001cc87ccac98]
Event: 20.040 Thread 0x000001ccb0908d50 3320       4       java.util.stream.Sink::begin (1 bytes)
Event: 20.040 Thread 0x000001ccb0908d50 nmethod 3320 0x000001cc87ccae10 code [0x000001cc87ccaf80, 0x000001cc87ccaff8]
Event: 20.040 Thread 0x000001ccb0908d50 3321       4       java.util.stream.Sink::end (1 bytes)
Event: 20.041 Thread 0x000001ccb0908d50 nmethod 3321 0x000001cc87ccb110 code [0x000001cc87ccb280, 0x000001cc87ccb2f8]
Event: 20.041 Thread 0x000001ccb0908d50 3322       4       java.util.stream.MatchOps$MatchOp::getOpFlags (8 bytes)
Event: 20.041 Thread 0x000001ccb0908d50 nmethod 3322 0x000001cc87ccb410 code [0x000001cc87ccb580, 0x000001cc87ccb5f8]
Event: 20.043 Thread 0x000001ccb0908d50 3371       4       java.util.zip.ZipCoder$UTF8ZipCoder::toString (12 bytes)
Event: 20.043 Thread 0x000001ccb0908d50 nmethod 3371 0x000001cc87ccb710 code [0x000001cc87ccb8a0, 0x000001cc87ccb948]
Event: 20.048 Thread 0x000001ccb0908d50 3372       4       java.util.zip.ZipFile::getZipEntry (322 bytes)
Event: 20.085 Thread 0x000001ccb0908d50 nmethod 3372 0x000001cc87ccba10 code [0x000001cc87ccbc00, 0x000001cc87cccaa8]
Event: 20.086 Thread 0x000001ccb0908d50 3373       4       java.util.zip.ZipEntry::<init> (84 bytes)
Event: 20.089 Thread 0x000001ccb0908d50 nmethod 3373 0x000001cc87ccd390 code [0x000001cc87ccd500, 0x000001cc87ccd6d8]
Event: 20.109 Thread 0x000001cc92923000 3374       3       java.util.stream.Sink$ChainedReference::cancellationRequested (10 bytes)

GC Heap History (8 events):
Event: 1.327 GC heap before
{Heap before GC invocations=0 (full 0):
 garbage-first heap   total 262144K, used 23552K [0x00000000e0000000, 0x0000000100000000)
  region size 1024K, 23 young (23552K), 0 survivors (0K)
 Metaspace       used 1032K, committed 1152K, reserved 393216K
  class space    used 72K, committed 128K, reserved 327680K
}
Event: 1.726 GC heap after
{Heap after GC invocations=1 (full 0):
 garbage-first heap   total 262144K, used 1945K [0x00000000e0000000, 0x0000000100000000)
  region size 1024K, 2 young (2048K), 2 survivors (2048K)
 Metaspace       used 1032K, committed 1152K, reserved 393216K
  class space    used 72K, committed 128K, reserved 327680K
}
Event: 3.381 GC heap before
{Heap before GC invocations=1 (full 0):
 garbage-first heap   total 262144K, used 40857K [0x00000000e0000000, 0x0000000100000000)
  region size 1024K, 37 young (37888K), 2 survivors (2048K)
 Metaspace       used 4361K, committed 4544K, reserved 393216K
  class space    used 547K, committed 640K, reserved 327680K
}
Event: 3.386 GC heap after
{Heap after GC invocations=2 (full 0):
 garbage-first heap   total 262144K, used 11005K [0x00000000e0000000, 0x0000000100000000)
  region size 1024K, 5 young (5120K), 5 survivors (5120K)
 Metaspace       used 4361K, committed 4544K, reserved 393216K
  class space    used 547K, committed 640K, reserved 327680K
}
Event: 8.482 GC heap before
{Heap before GC invocations=2 (full 0):
 garbage-first heap   total 262144K, used 62205K [0x00000000e0000000, 0x0000000100000000)
  region size 1024K, 53 young (54272K), 5 survivors (5120K)
 Metaspace       used 4885K, committed 5056K, reserved 393216K
  class space    used 626K, committed 704K, reserved 327680K
}
Event: 8.487 GC heap after
{Heap after GC invocations=3 (full 0):
 garbage-first heap   total 262144K, used 16292K [0x00000000e0000000, 0x0000000100000000)
  region size 1024K, 5 young (5120K), 5 survivors (5120K)
 Metaspace       used 4885K, committed 5056K, reserved 393216K
  class space    used 626K, committed 704K, reserved 327680K
}
Event: 17.704 GC heap before
{Heap before GC invocations=3 (full 0):
 garbage-first heap   total 262144K, used 124836K [0x00000000e0000000, 0x0000000100000000)
  region size 1024K, 112 young (114688K), 5 survivors (5120K)
 Metaspace       used 21151K, committed 21504K, reserved 393216K
  class space    used 3075K, committed 3264K, reserved 327680K
}
Event: 17.719 GC heap after
{Heap after GC invocations=4 (full 0):
 garbage-first heap   total 262144K, used 23723K [0x00000000e0000000, 0x0000000100000000)
  region size 1024K, 12 young (12288K), 12 survivors (12288K)
 Metaspace       used 21151K, committed 21504K, reserved 393216K
  class space    used 3075K, committed 3264K, reserved 327680K
}

Deoptimization events (20 events):
Event: 19.840 Thread 0x000001ccac30b500 Uncommon trap: trap_request=0xffffffc6 fr.pc=0x000001cc87cab320 relative=0x0000000000000700
Event: 19.840 Thread 0x000001ccac30b500 Uncommon trap: reason=bimorphic_or_optimized_type_check action=maybe_recompile pc=0x000001cc87cab320 method=java.io.BufferedInputStream.read([BII)I @ 101 c2
Event: 19.840 Thread 0x000001ccac30b500 DEOPT PACKING pc=0x000001cc87cab320 sp=0x0000008e9ddf81b0
Event: 19.840 Thread 0x000001ccac30b500 DEOPT UNPACKING pc=0x000001cc875823a3 sp=0x0000008e9ddf8168 mode 2
Event: 19.840 Thread 0x000001ccac30b500 Uncommon trap: trap_request=0xffffffc6 fr.pc=0x000001cc87cab320 relative=0x0000000000000700
Event: 19.840 Thread 0x000001ccac30b500 Uncommon trap: reason=bimorphic_or_optimized_type_check action=maybe_recompile pc=0x000001cc87cab320 method=java.io.BufferedInputStream.read([BII)I @ 101 c2
Event: 19.840 Thread 0x000001ccac30b500 DEOPT PACKING pc=0x000001cc87cab320 sp=0x0000008e9ddf81b0
Event: 19.840 Thread 0x000001ccac30b500 DEOPT UNPACKING pc=0x000001cc875823a3 sp=0x0000008e9ddf8168 mode 2
Event: 19.841 Thread 0x000001ccac30b500 Uncommon trap: trap_request=0xffffffc6 fr.pc=0x000001cc87cab320 relative=0x0000000000000700
Event: 19.841 Thread 0x000001ccac30b500 Uncommon trap: reason=bimorphic_or_optimized_type_check action=maybe_recompile pc=0x000001cc87cab320 method=java.io.BufferedInputStream.read([BII)I @ 101 c2
Event: 19.841 Thread 0x000001ccac30b500 DEOPT PACKING pc=0x000001cc87cab320 sp=0x0000008e9ddf81b0
Event: 19.841 Thread 0x000001ccac30b500 DEOPT UNPACKING pc=0x000001cc875823a3 sp=0x0000008e9ddf8168 mode 2
Event: 19.842 Thread 0x000001ccac30b500 Uncommon trap: trap_request=0xffffffc6 fr.pc=0x000001cc87cab320 relative=0x0000000000000700
Event: 19.842 Thread 0x000001ccac30b500 Uncommon trap: reason=bimorphic_or_optimized_type_check action=maybe_recompile pc=0x000001cc87cab320 method=java.io.BufferedInputStream.read([BII)I @ 101 c2
Event: 19.842 Thread 0x000001ccac30b500 DEOPT PACKING pc=0x000001cc87cab320 sp=0x0000008e9ddf81b0
Event: 19.842 Thread 0x000001ccac30b500 DEOPT UNPACKING pc=0x000001cc875823a3 sp=0x0000008e9ddf8168 mode 2
Event: 19.894 Thread 0x000001ccac30b500 Uncommon trap: trap_request=0xffffff45 fr.pc=0x000001cc87c70028 relative=0x00000000000005c8
Event: 19.894 Thread 0x000001ccac30b500 Uncommon trap: reason=unstable_if action=reinterpret pc=0x000001cc87c70028 method=jdk.internal.org.objectweb.asm.MethodWriter.visitVarInsn(II)V @ 108 c2
Event: 19.894 Thread 0x000001ccac30b500 DEOPT PACKING pc=0x000001cc87c70028 sp=0x0000008e9ddf1360
Event: 19.894 Thread 0x000001ccac30b500 DEOPT UNPACKING pc=0x000001cc875823a3 sp=0x0000008e9ddf1328 mode 2

Classes unloaded (0 events):
No events

Classes redefined (0 events):
No events

Internal exceptions (20 events):
Event: 17.759 Thread 0x000001ccac30b500 Exception <a 'java/lang/NoSuchMethodError'{0x00000000efe9f5e0}: 'java.lang.Object java.lang.invoke.DirectMethodHandle$Holder.newInvokeSpecial(java.lang.Object, java.lang.Object, java.lang.Object, java.lang.Object, java.lang.Object, java.lang.Object, java.lang.Object, java.lang.Object)'> (0x00000000efe9f5e0) 
thrown [s\open\src\hotspot\share\interpreter\linkResolver.cpp, line 759]
Event: 17.759 Thread 0x000001ccac30b500 Exception <a 'java/lang/NoSuchMethodError'{0x00000000efea4fe8}: 'java.lang.Object java.lang.invoke.DirectMethodHandle$Holder.invokeSpecial(java.lang.Object, java.lang.Object, java.lang.Object, java.lang.Object, java.lang.Object, java.lang.Object, java.lang.Object, java.lang.Object, java.lang.Object)'> (0x00000000efea4fe8) 
thrown [s\open\src\hotspot\share\interpreter\linkResolver.cpp, line 759]
Event: 17.760 Thread 0x000001ccac30b500 Exception <a 'java/lang/NoSuchMethodError'{0x00000000efeaa398}: 'java.lang.Object java.lang.invoke.Invokers$Holder.linkToTargetMethod(java.lang.Object, java.lang.Object, java.lang.Object, java.lang.Object, java.lang.Object, java.lang.Object, java.lang.Object, java.lang.Object)'> (0x00000000efeaa398) 
thrown [s\open\src\hotspot\share\interpreter\linkResolver.cpp, line 759]
Event: 17.825 Thread 0x000001ccac30b500 Exception <a 'java/lang/NoSuchMethodError'{0x00000000efb24740}: 'void java.lang.invoke.DirectMethodHandle$Holder.invokeStaticInit(java.lang.Object, java.lang.Object)'> (0x00000000efb24740) 
thrown [s\open\src\hotspot\share\interpreter\linkResolver.cpp, line 759]
Event: 18.014 Thread 0x000001ccac30b500 Exception <a 'java/lang/NoSuchMethodError'{0x00000000ef553f58}: 'int java.lang.invoke.DirectMethodHandle$Holder.invokeVirtual(java.lang.Object, java.lang.Object)'> (0x00000000ef553f58) 
thrown [s\open\src\hotspot\share\interpreter\linkResolver.cpp, line 759]
Event: 18.364 Thread 0x000001ccac30b500 Exception <a 'java/lang/IncompatibleClassChangeError'{0x00000000ee9e12d0}: Found class java.lang.Object, but interface was expected> (0x00000000ee9e12d0) 
thrown [s\open\src\hotspot\share\interpreter\linkResolver.cpp, line 826]
Event: 18.400 Thread 0x000001ccac30b500 Exception <a 'java/lang/NoSuchMethodError'{0x00000000ee73bcc8}: 'java.lang.Object java.lang.invoke.DirectMethodHandle$Holder.newInvokeSpecial(java.lang.Object, java.lang.Object, long)'> (0x00000000ee73bcc8) 
thrown [s\open\src\hotspot\share\interpreter\linkResolver.cpp, line 759]
Event: 18.401 Thread 0x000001ccac30b500 Exception <a 'java/lang/NoSuchMethodError'{0x00000000ee7402d8}: 'java.lang.Object java.lang.invoke.Invokers$Holder.linkToTargetMethod(java.lang.Object, long, java.lang.Object)'> (0x00000000ee7402d8) 
thrown [s\open\src\hotspot\share\interpreter\linkResolver.cpp, line 759]
Event: 18.461 Thread 0x000001ccac30b500 Exception <a 'java/lang/NoSuchMethodError'{0x00000000ee5af840}: 'int java.lang.invoke.DirectMethodHandle$Holder.invokeInterface(java.lang.Object, java.lang.Object)'> (0x00000000ee5af840) 
thrown [s\open\src\hotspot\share\interpreter\linkResolver.cpp, line 759]
Event: 18.478 Thread 0x000001ccac30b500 Exception <a 'java/lang/NoSuchMethodError'{0x00000000ee440d18}: 'java.lang.Object java.lang.invoke.DirectMethodHandle$Holder.invokeVirtual(java.lang.Object, java.lang.Object, int)'> (0x00000000ee440d18) 
thrown [s\open\src\hotspot\share\interpreter\linkResolver.cpp, line 759]
Event: 18.508 Thread 0x000001ccac30b500 Exception <a 'java/lang/NoSuchMethodError'{0x00000000ee307c90}: 'java.lang.Object java.lang.invoke.DirectMethodHandle$Holder.invokeStatic(java.lang.Object, java.lang.Object, int, java.lang.Object)'> (0x00000000ee307c90) 
thrown [s\open\src\hotspot\share\interpreter\linkResolver.cpp, line 759]
Event: 18.509 Thread 0x000001ccac30b500 Exception <a 'java/lang/NoSuchMethodError'{0x00000000ee30fc10}: 'java.lang.Object java.lang.invoke.DirectMethodHandle$Holder.newInvokeSpecial(java.lang.Object, java.lang.Object, int, java.lang.Object)'> (0x00000000ee30fc10) 
thrown [s\open\src\hotspot\share\interpreter\linkResolver.cpp, line 759]
Event: 18.510 Thread 0x000001ccac30b500 Exception <a 'java/lang/NoSuchMethodError'{0x00000000ee3145f0}: 'java.lang.Object java.lang.invoke.DirectMethodHandle$Holder.invokeSpecial(java.lang.Object, java.lang.Object, java.lang.Object, int, java.lang.Object)'> (0x00000000ee3145f0) 
thrown [s\open\src\hotspot\share\interpreter\linkResolver.cpp, line 759]
Event: 19.704 Thread 0x000001ccac30b500 Exception <a 'java/lang/NoSuchMethodError'{0x00000000edf86fe8}: 'java.lang.Object java.lang.invoke.DirectMethodHandle$Holder.invokeStaticInit(java.lang.Object, java.lang.Object, java.lang.Object, java.lang.Object, java.lang.Object, java.lang.Object, java.lang.Object)'> (0x00000000edf86fe8) 
thrown [s\open\src\hotspot\share\interpreter\linkResolver.cpp, line 759]
Event: 19.711 Thread 0x000001ccac30b500 Exception <a 'java/lang/NoSuchMethodError'{0x00000000edfb0480}: 'java.lang.Object java.lang.invoke.DirectMethodHandle$Holder.invokeSpecial(java.lang.Object, java.lang.Object, java.lang.Object, int, java.lang.Object, java.lang.Object)'> (0x00000000edfb0480) 
thrown [s\open\src\hotspot\share\interpreter\linkResolver.cpp, line 759]
Event: 19.894 Thread 0x000001ccac30b500 Implicit null exception at 0x000001cc87c6fb80 to 0x000001cc87c7001c
Event: 19.910 Thread 0x000001ccac30b500 Exception <a 'java/lang/NoSuchMethodError'{0x00000000ed86fc68}: 'java.lang.Object java.lang.invoke.DirectMethodHandle$Holder.invokeStaticInit(java.lang.Object, java.lang.Object, java.lang.Object)'> (0x00000000ed86fc68) 
thrown [s\open\src\hotspot\share\interpreter\linkResolver.cpp, line 759]
Event: 19.936 Thread 0x000001ccac30b500 Exception <a 'java/lang/NoSuchMethodError'{0x00000000ed78ec20}: 'void java.lang.invoke.DirectMethodHandle$Holder.invokeStaticInit(java.lang.Object, java.lang.Object, java.lang.Object)'> (0x00000000ed78ec20) 
thrown [s\open\src\hotspot\share\interpreter\linkResolver.cpp, line 759]
Event: 19.940 Thread 0x000001ccac30b500 Exception <a 'java/lang/NoSuchMethodError'{0x00000000ed7b3dc8}: 'void java.lang.invoke.DirectMethodHandle$Holder.invokeStaticInit(java.lang.Object, java.lang.Object, java.lang.Object, java.lang.Object, java.lang.Object)'> (0x00000000ed7b3dc8) 
thrown [s\open\src\hotspot\share\interpreter\linkResolver.cpp, line 759]
Event: 19.964 Thread 0x000001ccac30b500 Exception <a 'java/lang/NoSuchMethodError'{0x00000000ed60ffd0}: 'int java.lang.invoke.DirectMethodHandle$Holder.invokeStaticInit(java.lang.Object, java.lang.Object, java.lang.Object, java.lang.Object)'> (0x00000000ed60ffd0) 
thrown [s\open\src\hotspot\share\interpreter\linkResolver.cpp, line 759]

VM Operations (20 events):
Event: 17.820 Executing VM operation: G1Concurrent done
Event: 18.071 Executing VM operation: HandshakeAllThreads
Event: 18.071 Executing VM operation: HandshakeAllThreads done
Event: 18.362 Executing VM operation: HandshakeAllThreads
Event: 18.362 Executing VM operation: HandshakeAllThreads done
Event: 18.368 Executing VM operation: HandshakeAllThreads
Event: 18.368 Executing VM operation: HandshakeAllThreads done
Event: 18.404 Executing VM operation: HandshakeAllThreads
Event: 18.404 Executing VM operation: HandshakeAllThreads done
Event: 18.406 Executing VM operation: HandshakeAllThreads
Event: 18.406 Executing VM operation: HandshakeAllThreads done
Event: 18.616 Executing VM operation: HandshakeAllThreads
Event: 18.616 Executing VM operation: HandshakeAllThreads done
Event: 18.617 Executing VM operation: HandshakeAllThreads
Event: 18.617 Executing VM operation: HandshakeAllThreads done
Event: 19.629 Executing VM operation: Cleanup
Event: 19.629 Executing VM operation: Cleanup done
Event: 19.877 Executing VM operation: HandshakeAllThreads
Event: 19.877 Executing VM operation: HandshakeAllThreads done
Event: 20.890 Executing VM operation: Cleanup

Events (20 events):
Event: 19.834 loading class java/util/Timer
Event: 19.834 loading class java/util/Timer done
Event: 19.850 Thread 0x000001ccb0908d50 Thread added: 0x000001ccb0908d50
Event: 19.877 loading class java/security/AccessControlException
Event: 19.877 loading class java/security/AccessControlException done
Event: 19.918 loading class java/lang/reflect/GenericSignatureFormatError
Event: 19.918 loading class java/lang/ClassFormatError
Event: 19.918 loading class java/lang/ClassFormatError done
Event: 19.918 loading class java/lang/reflect/GenericSignatureFormatError done
Event: 19.919 loading class java/lang/reflect/MalformedParameterizedTypeException
Event: 19.919 loading class java/lang/reflect/MalformedParameterizedTypeException done
Event: 19.931 loading class java/lang/IllegalCallerException
Event: 19.931 loading class java/lang/IllegalCallerException done
Event: 19.932 loading class sun/nio/fs/ExtendedFileSystemProvider
Event: 19.932 loading class sun/nio/fs/ExtendedFileSystemProvider done
Event: 20.004 loading class java/lang/ProcessHandle$Info
Event: 20.004 loading class java/lang/ProcessHandle$Info done
Event: 20.005 loading class java/lang/ProcessHandle
Event: 20.005 loading class java/lang/ProcessHandle done
Event: 20.357 Thread 0x000001ccb0908d50 Thread exited: 0x000001ccb0908d50


Dynamic libraries:
0x00007ff676490000 - 0x00007ff6764a0000 	C:\Program Files\Java\jdk-17\bin\java.exe
0x00007ff9dfde0000 - 0x00007ff9e0048000 	C:\WINDOWS\SYSTEM32\ntdll.dll
0x00007ff9de090000 - 0x00007ff9de159000 	C:\WINDOWS\System32\KERNEL32.DLL
0x00007ff9dd190000 - 0x00007ff9dd588000 	C:\WINDOWS\System32\KERNELBASE.dll
0x00007ff9dd590000 - 0x00007ff9dd6db000 	C:\WINDOWS\System32\ucrtbase.dll
0x00007ff9cffd0000 - 0x00007ff9cffe9000 	C:\Program Files\Java\jdk-17\bin\jli.dll
0x00007ff9de610000 - 0x00007ff9de6c4000 	C:\WINDOWS\System32\ADVAPI32.dll
0x00007ff9de6d0000 - 0x00007ff9de779000 	C:\WINDOWS\System32\msvcrt.dll
0x00007ff9de200000 - 0x00007ff9de2a6000 	C:\WINDOWS\System32\sechost.dll
0x00007ff9dfc80000 - 0x00007ff9dfd98000 	C:\WINDOWS\System32\RPCRT4.dll
0x00007ff9d4320000 - 0x00007ff9d433b000 	C:\Program Files\Java\jdk-17\bin\VCRUNTIME140.dll
0x00007ff9dea80000 - 0x00007ff9dec47000 	C:\WINDOWS\System32\USER32.dll
0x00007ff9dd160000 - 0x00007ff9dd187000 	C:\WINDOWS\System32\win32u.dll
0x00007ff9dec60000 - 0x00007ff9dec8b000 	C:\WINDOWS\System32\GDI32.dll
0x00007ff9c6e20000 - 0x00007ff9c70b4000 	C:\WINDOWS\WinSxS\amd64_microsoft.windows.common-controls_6595b64144ccf1df_6.0.26100.7019_none_3e06ffa0e335b8a8\COMCTL32.dll
0x00007ff9dd9a0000 - 0x00007ff9ddacc000 	C:\WINDOWS\System32\gdi32full.dll
0x00007ff9dcf30000 - 0x00007ff9dcfd3000 	C:\WINDOWS\System32\msvcp_win.dll
0x00007ff9d4d10000 - 0x00007ff9d4d1b000 	C:\WINDOWS\SYSTEM32\VERSION.dll
0x00007ff9de5c0000 - 0x00007ff9de5f1000 	C:\WINDOWS\System32\IMM32.DLL
0x00007ff9d6610000 - 0x00007ff9d661c000 	C:\Program Files\Java\jdk-17\bin\vcruntime140_1.dll
0x00007ff9a7f90000 - 0x00007ff9a801e000 	C:\Program Files\Java\jdk-17\bin\msvcp140.dll
0x00007ff90af90000 - 0x00007ff90bb70000 	C:\Program Files\Java\jdk-17\bin\server\jvm.dll
0x00007ff9ddcf0000 - 0x00007ff9ddcf8000 	C:\WINDOWS\System32\PSAPI.DLL
0x00007ff9c58f0000 - 0x00007ff9c58fa000 	C:\WINDOWS\SYSTEM32\WSOCK32.dll
0x00007ff9de180000 - 0x00007ff9de1f4000 	C:\WINDOWS\System32\WS2_32.dll
0x00007ff9cf250000 - 0x00007ff9cf285000 	C:\WINDOWS\SYSTEM32\WINMM.dll
0x00007ff9dbcb0000 - 0x00007ff9dbccb000 	C:\WINDOWS\SYSTEM32\kernel.appcore.dll
0x00007ff9cf430000 - 0x00007ff9cf43a000 	C:\Program Files\Java\jdk-17\bin\jimage.dll
0x00007ff9cfa50000 - 0x00007ff9cfc92000 	C:\WINDOWS\SYSTEM32\DBGHELP.DLL
0x00007ff9ddd00000 - 0x00007ff9de08b000 	C:\WINDOWS\System32\combase.dll
0x00007ff9de920000 - 0x00007ff9de9f7000 	C:\WINDOWS\System32\OLEAUT32.dll
0x00007ff9c0700000 - 0x00007ff9c073c000 	C:\WINDOWS\SYSTEM32\dbgcore.DLL
0x00007ff9ddad0000 - 0x00007ff9ddb75000 	C:\WINDOWS\System32\bcryptPrimitives.dll
0x00007ff9cf420000 - 0x00007ff9cf42e000 	C:\Program Files\Java\jdk-17\bin\instrument.dll
0x00007ff9c72b0000 - 0x00007ff9c72d5000 	C:\Program Files\Java\jdk-17\bin\java.dll
0x00007ff997c80000 - 0x00007ff997d57000 	C:\Program Files\Java\jdk-17\bin\jsvml.dll
0x00007ff9defd0000 - 0x00007ff9df71f000 	C:\WINDOWS\System32\SHELL32.dll
0x00007ff9dd7a0000 - 0x00007ff9dd90b000 	C:\WINDOWS\System32\wintypes.dll
0x00007ff9dab30000 - 0x00007ff9db38d000 	C:\WINDOWS\SYSTEM32\windows.storage.dll
0x00007ff9dec90000 - 0x00007ff9ded82000 	C:\WINDOWS\System32\SHCORE.dll
0x00007ff9de2b0000 - 0x00007ff9de317000 	C:\WINDOWS\System32\shlwapi.dll
0x00007ff9dce50000 - 0x00007ff9dce79000 	C:\WINDOWS\SYSTEM32\profapi.dll
0x00007ff9cb140000 - 0x00007ff9cb158000 	C:\Program Files\Java\jdk-17\bin\zip.dll
0x00007ff9c52e0000 - 0x00007ff9c52f9000 	C:\Program Files\Java\jdk-17\bin\net.dll
0x00007ff9d3e30000 - 0x00007ff9d3f58000 	C:\WINDOWS\SYSTEM32\WINHTTP.dll
0x00007ff9dc200000 - 0x00007ff9dc26b000 	C:\WINDOWS\system32\mswsock.dll
0x00007ff9c5260000 - 0x00007ff9c5276000 	C:\Program Files\Java\jdk-17\bin\nio.dll
0x00007ff9d68a0000 - 0x00007ff9d68b0000 	C:\Program Files\Java\jdk-17\bin\verify.dll
0x00007ff939310000 - 0x00007ff939337000 	C:\Users\ASUS\.gradle\native\1def1411415f61bf3af743bc5b6707747c0891f09f0c88961ee8f79bc544acac\windows-amd64\native-platform.dll
0x00007ff9aacd0000 - 0x00007ff9aad48000 	C:\Users\ASUS\.gradle\native\0.2.7\x86_64-windows-gnu\gradle-fileevents.dll
0x00007ff9c5250000 - 0x00007ff9c525a000 	C:\Program Files\Java\jdk-17\bin\management.dll
0x00007ff9bb590000 - 0x00007ff9bb59b000 	C:\Program Files\Java\jdk-17\bin\management_ext.dll
0x00007ff9db6a0000 - 0x00007ff9db6d4000 	C:\WINDOWS\SYSTEM32\IPHLPAPI.DLL
0x00007ff9dec50000 - 0x00007ff9dec5a000 	C:\WINDOWS\System32\NSI.dll
0x00007ff9d5410000 - 0x00007ff9d542e000 	C:\WINDOWS\SYSTEM32\dhcpcsvc6.DLL
0x00007ff9d39f0000 - 0x00007ff9d3a13000 	C:\WINDOWS\SYSTEM32\dhcpcsvc.DLL
0x00007ff9db730000 - 0x00007ff9db85c000 	C:\WINDOWS\SYSTEM32\DNSAPI.dll
0x00007ff9dc5f0000 - 0x00007ff9dc60b000 	C:\WINDOWS\SYSTEM32\CRYPTSP.dll
0x00007ff9dbc10000 - 0x00007ff9dbc4a000 	C:\WINDOWS\system32\rsaenh.dll
0x00007ff9dc2b0000 - 0x00007ff9dc2db000 	C:\WINDOWS\SYSTEM32\USERENV.dll
0x00007ff9dce20000 - 0x00007ff9dce4a000 	C:\WINDOWS\SYSTEM32\bcrypt.dll
0x00007ff9dc450000 - 0x00007ff9dc45c000 	C:\WINDOWS\SYSTEM32\CRYPTBASE.dll
0x00007ff9bafb0000 - 0x00007ff9bafbe000 	C:\Program Files\Java\jdk-17\bin\sunmscapi.dll
0x00007ff9dcfe0000 - 0x00007ff9dd157000 	C:\WINDOWS\System32\CRYPT32.dll
0x00007ff9dc740000 - 0x00007ff9dc770000 	C:\WINDOWS\SYSTEM32\ncrypt.dll
0x00007ff9dc6f0000 - 0x00007ff9dc72f000 	C:\WINDOWS\SYSTEM32\NTASN1.dll
0x00007ff9c4230000 - 0x00007ff9c4238000 	C:\WINDOWS\system32\wshunix.dll

dbghelp: loaded successfully - version: 4.0.5 - missing functions: none
symbol engine: initialized successfully - sym options: 0x614 - pdb path: .;C:\Program Files\Java\jdk-17\bin;C:\WINDOWS\SYSTEM32;C:\WINDOWS\WinSxS\amd64_microsoft.windows.common-controls_6595b64144ccf1df_6.0.26100.7019_none_3e06ffa0e335b8a8;C:\Program Files\Java\jdk-17\bin\server;C:\Users\ASUS\.gradle\native\1def1411415f61bf3af743bc5b6707747c0891f09f0c88961ee8f79bc544acac\windows-amd64;C:\Users\ASUS\.gradle\native\0.2.7\x86_64-windows-gnu

VM Arguments:
jvm_args: --add-opens=java.base/java.lang=ALL-UNNAMED --add-opens=java.base/java.lang.invoke=ALL-UNNAMED --add-opens=java.base/java.util=ALL-UNNAMED --add-opens=java.prefs/java.util.prefs=ALL-UNNAMED --add-exports=jdk.compiler/com.sun.tools.javac.api=ALL-UNNAMED --add-exports=jdk.compiler/com.sun.tools.javac.util=ALL-UNNAMED --add-opens=java.base/java.util=ALL-UNNAMED --add-opens=java.prefs/java.util.prefs=ALL-UNNAMED --add-opens=java.base/java.nio.charset=ALL-UNNAMED --add-opens=java.base/java.net=ALL-UNNAMED --add-opens=java.base/java.util.concurrent.atomic=ALL-UNNAMED --add-opens=java.xml/javax.xml.namespace=ALL-UNNAMED -XX:MaxMetaspaceSize=384m -XX:+HeapDumpOnOutOfMemoryError -Xms256m -Xmx512m -Dfile.encoding=windows-1252 -Duser.country=PE -Duser.language=es -Duser.variant -javaagent:C:\Users\ASUS\.gradle\wrapper\dists\gradle-8.14.3-bin\cv11ve7ro1n3o1j4so8xd9n66\gradle-8.14.3\lib\agents\gradle-instrumentation-agent-8.14.3.jar 
java_command: org.gradle.launcher.daemon.bootstrap.GradleDaemon 8.14.3
java_class_path (initial): C:\Users\ASUS\.gradle\wrapper\dists\gradle-8.14.3-bin\cv11ve7ro1n3o1j4so8xd9n66\gradle-8.14.3\lib\gradle-daemon-main-8.14.3.jar
Launcher Type: SUN_STANDARD

[Global flags]
     intx CICompilerCount                          = 4                                         {product} {ergonomic}
   size_t CompressedClassSpaceSize                 = 335544320                                 {product} {ergonomic}
     uint ConcGCThreads                            = 2                                         {product} {ergonomic}
     uint G1ConcRefinementThreads                  = 8                                         {product} {ergonomic}
   size_t G1HeapRegionSize                         = 1048576                                   {product} {ergonomic}
    uintx GCDrainStackTargetSize                   = 64                                        {product} {ergonomic}
     bool HeapDumpOnOutOfMemoryError               = true                                   {manageable} {command line}
   size_t InitialHeapSize                          = 268435456                                 {product} {command line}
   size_t MarkStackSize                            = 4194304                                   {product} {ergonomic}
   size_t MaxHeapSize                              = 536870912                                 {product} {command line}
   size_t MaxMetaspaceSize                         = 402653184                                 {product} {command line}
   size_t MaxNewSize                               = 321912832                                 {product} {ergonomic}
   size_t MinHeapDeltaBytes                        = 1048576                                   {product} {ergonomic}
   size_t MinHeapSize                              = 268435456                                 {product} {command line}
    uintx NonNMethodCodeHeapSize                   = 5839372                                {pd product} {ergonomic}
    uintx NonProfiledCodeHeapSize                  = 122909434                              {pd product} {ergonomic}
    uintx ProfiledCodeHeapSize                     = 122909434                              {pd product} {ergonomic}
    uintx ReservedCodeCacheSize                    = 251658240                              {pd product} {ergonomic}
     bool SegmentedCodeCache                       = true                                      {product} {ergonomic}
   size_t SoftMaxHeapSize                          = 536870912                              {manageable} {ergonomic}
     bool UseCompressedClassPointers               = true                           {product lp64_product} {ergonomic}
     bool UseCompressedOops                        = true                           {product lp64_product} {ergonomic}
     bool UseG1GC                                  = true                                      {product} {ergonomic}
     bool UseLargePagesIndividualAllocation        = false                                  {pd product} {ergonomic}

Logging:
Log output configuration:
 #0: stdout all=warning uptime,level,tags
 #1: stderr all=off uptime,level,tags

Environment Variables:
JAVA_HOME=C:\Program Files\Java\jdk-21.0.4+7
PATH=C:\Program Files\Common Files\Oracle\Java\javapath;C:\Program Files\Java\jdk-21.0.4+7\bin;C:\WINDOWS\system32;C:\WINDOWS;C:\WINDOWS\System32\Wbem;C:\WINDOWS\System32\WindowsPowerShell\v1.0\;C:\WINDOWS\System32\OpenSSH\;C:\Program Files\Docker\Docker\resources\bin;C:\Program Files\dotnet\;C:\Program Files\apache-maven-3.9.9\bin;C:\Program Files\Git\cmd;C:\Program Files\gradle-8.14.3-all\gradle-8.14.3\bin;C:\Users\ASUS\AppData\Local\Microsoft\WindowsApps;C:\Users\ASUS\AppData\Local\Programs\Microsoft VS Code\bin;C:\Users\ASUS\AppData\Local\Programs\mongosh\;;C:\Users\ASUS\.deno\bin
USERNAME=ASUS
OS=Windows_NT
PROCESSOR_IDENTIFIER=Intel64 Family 6 Model 158 Stepping 10, GenuineIntel



---------------  S Y S T E M  ---------------

OS:
 Windows 11 , 64 bit Build 26100 (10.0.26100.7019)
OS uptime: 4 days 12:51 hours
Hyper-V role detected

CPU: total 8 (initial active 8) (4 cores per cpu, 2 threads per core) family 6 model 158 stepping 10 microcode 0xde, cx8, cmov, fxsr, ht, mmx, 3dnowpref, sse, sse2, sse3, ssse3, sse4.1, sse4.2, popcnt, lzcnt, tsc, tscinvbit, avx, avx2, aes, erms, clmul, bmi1, bmi2, adx, fma, vzeroupper, clflush, clflushopt, hv

Memory: 4k page, system-wide physical 32623M (8097M free)
TotalPageFile size 34671M (AvailPageFile size 163M)
current process WorkingSet (physical memory assigned to process): 278M, peak: 280M
current process commit charge ("private bytes"): 446M, peak: 448M

vm_info: Java HotSpot(TM) 64-Bit Server VM (17.0.12+8-LTS-286) for windows-amd64 JRE (17.0.12+8-LTS-286), built on Jun  5 2024 06:46:59 by "mach5one" with MS VC++ 17.6 (VS2022)

END.
