#
# There is insufficient memory for the Java Runtime Environment to continue.
# Native memory allocation (malloc) failed to allocate 2152848 bytes. Error detail: Chunk::new
# Possible reasons:
#   The system is out of physical RAM or swap space
#   This process is running with CompressedOops enabled, and the Java Heap may be blocking the growth of the native heap
# Possible solutions:
#   Reduce memory load on the system
#   Increase physical memory or swap space
#   Check if swap backing store is full
#   Decrease Java heap size (-Xmx/-Xms)
#   Decrease number of Java threads
#   Decrease Java thread stack sizes (-Xss)
#   Set larger code cache with -XX:ReservedCodeCacheSize=
#   JVM is running with Unscaled Compressed Oops mode in which the Java heap is
#     placed in the first 4GB address space. The Java Heap base address is the
#     maximum limit for the native heap growth. Please use -XX:HeapBaseMinAddress
#     to set the Java Heap base and to place the Java Heap above 4GB virtual address.
# This output file may be truncated or incomplete.
#
#  Out of Memory Error (arena.cpp:191), pid=9000, tid=20016
#
# JRE version: OpenJDK Runtime Environment Corretto-17.0.12.7.1 (17.0.12+7) (build 17.0.12+7-LTS)
# Java VM: OpenJDK 64-Bit Server VM Corretto-17.0.12.7.1 (17.0.12+7-LTS, mixed mode, sharing, tiered, compressed oops, compressed class ptrs, g1 gc, windows-amd64)
# No core dump will be written. Minidumps are not enabled by default on client versions of Windows
#

---------------  S U M M A R Y ------------

Command Line: --add-opens=java.base/java.lang=ALL-UNNAMED --add-opens=java.base/java.lang.invoke=ALL-UNNAMED --add-opens=java.base/java.util=ALL-UNNAMED --add-opens=java.prefs/java.util.prefs=ALL-UNNAMED --add-exports=jdk.compiler/com.sun.tools.javac.api=ALL-UNNAMED --add-exports=jdk.compiler/com.sun.tools.javac.util=ALL-UNNAMED --add-opens=java.base/java.util=ALL-UNNAMED --add-opens=java.prefs/java.util.prefs=ALL-UNNAMED --add-opens=java.base/java.nio.charset=ALL-UNNAMED --add-opens=java.base/java.net=ALL-UNNAMED --add-opens=java.base/java.util.concurrent.atomic=ALL-UNNAMED --add-opens=java.xml/javax.xml.namespace=ALL-UNNAMED -XX:MaxMetaspaceSize=384m -XX:+HeapDumpOnOutOfMemoryError -Xms256m -Xmx512m -Dfile.encoding=windows-1252 -Duser.country=PE -Duser.language=es -Duser.variant -javaagent:C:\Users\ASUS\.gradle\wrapper\dists\gradle-8.14.3-bin\cv11ve7ro1n3o1j4so8xd9n66\gradle-8.14.3\lib\agents\gradle-instrumentation-agent-8.14.3.jar org.gradle.launcher.daemon.bootstrap.GradleDaemon 8.14.3

Host: Intel(R) Core(TM) i5-8300H CPU @ 2.30GHz, 8 cores, 31G,  Windows 11 , 64 bit Build 26100 (10.0.26100.7019)
Time: Wed Nov 19 18:41:59 2025 Hora est. Pacífico, Sudamérica elapsed time: 45.372668 seconds (0d 0h 0m 45s)

---------------  T H R E A D  ---------------

Current thread (0x0000019af38ada30):  JavaThread "C2 CompilerThread1" daemon [_thread_in_native, id=20016, stack(0x0000008c10b00000,0x0000008c10c00000)]


Current CompileTask:
C2:  45372 4253   !   4       java.lang.reflect.Executable::declaredAnnotations (85 bytes)

Stack: [0x0000008c10b00000,0x0000008c10c00000]
Native frames: (J=compiled Java code, j=interpreted, Vv=VM code, C=native code)
V  [jvm.dll+0x67f4f9]
V  [jvm.dll+0x836eaa]
V  [jvm.dll+0x83896e]
V  [jvm.dll+0x838fd3]
V  [jvm.dll+0x247f6f]
V  [jvm.dll+0xac9d4]
V  [jvm.dll+0xad01c]
V  [jvm.dll+0x367097]
V  [jvm.dll+0x1bd452]
V  [jvm.dll+0x21a659]
V  [jvm.dll+0x219941]
V  [jvm.dll+0x1a57bd]
V  [jvm.dll+0x22966d]
V  [jvm.dll+0x22781c]
V  [jvm.dll+0x7ebec7]
V  [jvm.dll+0x7e62ac]
V  [jvm.dll+0x67e3c7]
C  [ucrtbase.dll+0x37b0]
C  [KERNEL32.DLL+0x2e8d7]
C  [ntdll.dll+0x8c53c]


---------------  P R O C E S S  ---------------

Threads class SMR info:
_java_thread_list=0x0000019af488d6b0, length=37, elements={
0x0000019ab9d94c00, 0x0000019ad68e4330, 0x0000019ad68e5970, 0x0000019ad68f6a50,
0x0000019ad68f9330, 0x0000019ad68fbc10, 0x0000019ad68fc4e0, 0x0000019ad68fd0e0,
0x0000019ad6907190, 0x0000019ad6907aa0, 0x0000019ad68c5bc0, 0x0000019ad6c045a0,
0x0000019af0f69f80, 0x0000019af1c192f0, 0x0000019ad6d45f20, 0x0000019af09c8620,
0x0000019af0692d80, 0x0000019ad6d8b580, 0x0000019ad6d8d3e0, 0x0000019ad6d8b070,
0x0000019ad6d8d8f0, 0x0000019ad6d8ced0, 0x0000019ad6d8ba90, 0x0000019ad6d8de00,
0x0000019ad6d8bfa0, 0x0000019ad6d8c4b0, 0x0000019ad6d8e820, 0x0000019ad6d8c9c0,
0x0000019af0c9eec0, 0x0000019af0ca1c50, 0x0000019af0c9fdf0, 0x0000019af0ca2160,
0x0000019af0ca2670, 0x0000019af0ca0300, 0x0000019af0ca0d20, 0x0000019af0c9f8e0,
0x0000019af38ada30
}

Java Threads: ( => current thread )
  0x0000019ab9d94c00 JavaThread "main" [_thread_blocked, id=18964, stack(0x0000008c0d500000,0x0000008c0d600000)]
  0x0000019ad68e4330 JavaThread "Reference Handler" daemon [_thread_blocked, id=35212, stack(0x0000008c0dd00000,0x0000008c0de00000)]
  0x0000019ad68e5970 JavaThread "Finalizer" daemon [_thread_blocked, id=35492, stack(0x0000008c0de00000,0x0000008c0df00000)]
  0x0000019ad68f6a50 JavaThread "Signal Dispatcher" daemon [_thread_blocked, id=6788, stack(0x0000008c0df00000,0x0000008c0e000000)]
  0x0000019ad68f9330 JavaThread "Attach Listener" daemon [_thread_blocked, id=8416, stack(0x0000008c0e000000,0x0000008c0e100000)]
  0x0000019ad68fbc10 JavaThread "Service Thread" daemon [_thread_blocked, id=31764, stack(0x0000008c0e100000,0x0000008c0e200000)]
  0x0000019ad68fc4e0 JavaThread "Monitor Deflation Thread" daemon [_thread_blocked, id=13640, stack(0x0000008c0e200000,0x0000008c0e300000)]
  0x0000019ad68fd0e0 JavaThread "C2 CompilerThread0" daemon [_thread_blocked, id=11804, stack(0x0000008c0e300000,0x0000008c0e400000)]
  0x0000019ad6907190 JavaThread "C1 CompilerThread0" daemon [_thread_blocked, id=22232, stack(0x0000008c0e400000,0x0000008c0e500000)]
  0x0000019ad6907aa0 JavaThread "Sweeper thread" daemon [_thread_blocked, id=33104, stack(0x0000008c0e500000,0x0000008c0e600000)]
  0x0000019ad68c5bc0 JavaThread "Common-Cleaner" daemon [_thread_blocked, id=31020, stack(0x0000008c0e600000,0x0000008c0e700000)]
  0x0000019ad6c045a0 JavaThread "Notification Thread" daemon [_thread_blocked, id=32696, stack(0x0000008c0e700000,0x0000008c0e800000)]
  0x0000019af0f69f80 JavaThread "Daemon health stats" [_thread_blocked, id=18640, stack(0x0000008c0f000000,0x0000008c0f100000)]
  0x0000019af1c192f0 JavaThread "Incoming local TCP Connector on port 54221" [_thread_in_native, id=15960, stack(0x0000008c0ef00000,0x0000008c0f000000)]
  0x0000019ad6d45f20 JavaThread "Daemon periodic checks" [_thread_blocked, id=5396, stack(0x0000008c0f100000,0x0000008c0f200000)]
  0x0000019af09c8620 JavaThread "Daemon" [_thread_blocked, id=33684, stack(0x0000008c0f300000,0x0000008c0f400000)]
  0x0000019af0692d80 JavaThread "Handler for socket connection from /127.0.0.1:54221 to /127.0.0.1:54222" [_thread_in_native, id=35340, stack(0x0000008c0f400000,0x0000008c0f500000)]
  0x0000019ad6d8b580 JavaThread "Cancel handler" [_thread_blocked, id=1680, stack(0x0000008c0f500000,0x0000008c0f600000)]
  0x0000019ad6d8d3e0 JavaThread "Daemon worker" [_thread_blocked, id=19428, stack(0x0000008c0f600000,0x0000008c0f700000)]
  0x0000019ad6d8b070 JavaThread "Asynchronous log dispatcher for DefaultDaemonConnection: socket connection from /127.0.0.1:54221 to /127.0.0.1:54222" [_thread_blocked, id=28020, stack(0x0000008c0f700000,0x0000008c0f800000)]
  0x0000019ad6d8d8f0 JavaThread "Stdin handler" [_thread_blocked, id=10652, stack(0x0000008c0f800000,0x0000008c0f900000)]
  0x0000019ad6d8ced0 JavaThread "Daemon client event forwarder" [_thread_blocked, id=15160, stack(0x0000008c0f900000,0x0000008c0fa00000)]
  0x0000019ad6d8ba90 JavaThread "Cache worker for journal cache (C:\Users\ASUS\.gradle\caches\journal-1)" [_thread_blocked, id=13180, stack(0x0000008c0fa00000,0x0000008c0fb00000)]
  0x0000019ad6d8de00 JavaThread "File lock request listener" [_thread_in_native, id=19312, stack(0x0000008c0fb00000,0x0000008c0fc00000)]
  0x0000019ad6d8bfa0 JavaThread "File lock release action executor" [_thread_blocked, id=33904, stack(0x0000008c0fc00000,0x0000008c0fd00000)]
  0x0000019ad6d8c4b0 JavaThread "Cache worker for file hash cache (C:\Users\ASUS\.gradle\caches\8.14.3\fileHashes)" [_thread_blocked, id=31184, stack(0x0000008c0fe00000,0x0000008c0ff00000)]
  0x0000019ad6d8e820 JavaThread "Cache worker for file hash cache (D:\scotiabank\challengue\.gradle\8.14.3\fileHashes)" [_thread_blocked, id=28880, stack(0x0000008c0ff00000,0x0000008c10000000)]
  0x0000019ad6d8c9c0 JavaThread "Cache worker for Build Output Cleanup Cache (D:\scotiabank\challengue\.gradle\buildOutputCleanup)" [_thread_blocked, id=15852, stack(0x0000008c10000000,0x0000008c10100000)]
  0x0000019af0c9eec0 JavaThread "File watcher server" daemon [_thread_in_native, id=22824, stack(0x0000008c10500000,0x0000008c10600000)]
  0x0000019af0ca1c50 JavaThread "File watcher consumer" daemon [_thread_blocked, id=3036, stack(0x0000008c10600000,0x0000008c10700000)]
  0x0000019af0c9fdf0 JavaThread "jar transforms" [_thread_blocked, id=12760, stack(0x0000008c10400000,0x0000008c10500000)]
  0x0000019af0ca2160 JavaThread "jar transforms Thread 2" [_thread_blocked, id=32300, stack(0x0000008c10300000,0x0000008c10400000)]
  0x0000019af0ca2670 JavaThread "Cache worker for checksums cache (D:\scotiabank\challengue\.gradle\8.14.3\checksums)" [_thread_blocked, id=22372, stack(0x0000008c10900000,0x0000008c10a00000)]
  0x0000019af0ca0300 JavaThread "Cache worker for file content cache (C:\Users\ASUS\.gradle\caches\8.14.3\fileContent)" [_thread_blocked, id=22968, stack(0x0000008c10a00000,0x0000008c10b00000)]
  0x0000019af0ca0d20 JavaThread "jar transforms Thread 3" [_thread_blocked, id=11580, stack(0x0000008c10700000,0x0000008c10800000)]
  0x0000019af0c9f8e0 JavaThread "jar transforms Thread 4" [_thread_blocked, id=3528, stack(0x0000008c10800000,0x0000008c10900000)]
=>0x0000019af38ada30 JavaThread "C2 CompilerThread1" daemon [_thread_in_native, id=20016, stack(0x0000008c10b00000,0x0000008c10c00000)]

Other Threads:
  0x0000019ad68dc300 VMThread "VM Thread" [stack: 0x0000008c0dc00000,0x0000008c0dd00000] [id=34992]
  0x0000019ab9d95990 WatcherThread [stack: 0x0000008c0e800000,0x0000008c0e900000] [id=1828]
  0x0000019ab9dc32a0 GCTaskThread "GC Thread#0" [stack: 0x0000008c0d700000,0x0000008c0d800000] [id=3908]
  0x0000019ad6e2d490 GCTaskThread "GC Thread#1" [stack: 0x0000008c0e900000,0x0000008c0ea00000] [id=2608]
  0x0000019ad6cb7460 GCTaskThread "GC Thread#2" [stack: 0x0000008c0ea00000,0x0000008c0eb00000] [id=33984]
  0x0000019ad6cb7720 GCTaskThread "GC Thread#3" [stack: 0x0000008c0eb00000,0x0000008c0ec00000] [id=31008]
  0x0000019ad6cf9630 GCTaskThread "GC Thread#4" [stack: 0x0000008c0ec00000,0x0000008c0ed00000] [id=25212]
  0x0000019ad6cf98f0 GCTaskThread "GC Thread#5" [stack: 0x0000008c0ed00000,0x0000008c0ee00000] [id=1916]
  0x0000019af0405960 GCTaskThread "GC Thread#6" [stack: 0x0000008c0fd00000,0x0000008c0fe00000] [id=26240]
  0x0000019af0404e60 GCTaskThread "GC Thread#7" [stack: 0x0000008c10100000,0x0000008c10200000] [id=9324]
  0x0000019ab9dc9110 ConcurrentGCThread "G1 Main Marker" [stack: 0x0000008c0d800000,0x0000008c0d900000] [id=2304]
  0x0000019ab9dc9a40 ConcurrentGCThread "G1 Conc#0" [stack: 0x0000008c0d900000,0x0000008c0da00000] [id=36780]
  0x0000019af0406460 ConcurrentGCThread "G1 Conc#1" [stack: 0x0000008c10200000,0x0000008c10300000] [id=28492]
  0x0000019ab9e4e7d0 ConcurrentGCThread "G1 Refine#0" [stack: 0x0000008c0da00000,0x0000008c0db00000] [id=34168]
  0x0000019af0936910 ConcurrentGCThread "G1 Refine#1" [stack: 0x0000008c0ee00000,0x0000008c0ef00000] [id=34164]
  0x0000019ad6796650 ConcurrentGCThread "G1 Service" [stack: 0x0000008c0db00000,0x0000008c0dc00000] [id=32408]

Threads with active compile tasks:
C2 CompilerThread1    45412 4253   !   4       java.lang.reflect.Executable::declaredAnnotations (85 bytes)

VM state: not at safepoint (normal execution)

VM Mutex/Monitor currently owned by a thread: None

Heap address: 0x00000000e0000000, size: 512 MB, Compressed Oops mode: 32-bit

CDS archive(s) mapped at: [0x0000019ad7000000-0x0000019ad7bb0000-0x0000019ad7bb0000), size 12255232, SharedBaseAddress: 0x0000019ad7000000, ArchiveRelocationMode: 1.
Compressed class space mapped at: 0x0000019ad8000000-0x0000019aec000000, reserved size: 335544320
Narrow klass base: 0x0000019ad7000000, Narrow klass shift: 0, Narrow klass range: 0x100000000

GC Precious Log:
 CPUs: 8 total, 8 available
 Memory: 32623M
 Large Page Support: Disabled
 NUMA Support: Disabled
 Compressed Oops: Enabled (32-bit)
 Heap Region Size: 1M
 Heap Min Capacity: 256M
 Heap Initial Capacity: 256M
 Heap Max Capacity: 512M
 Pre-touch: Disabled
 Parallel Workers: 8
 Concurrent Workers: 2
 Concurrent Refinement Workers: 8
 Periodic GC: Disabled

Heap:
 garbage-first heap   total 262144K, used 133586K [0x00000000e0000000, 0x0000000100000000)
  region size 1024K, 116 young (118784K), 12 survivors (12288K)
 Metaspace       used 34291K, committed 34752K, reserved 393216K
  class space    used 4716K, committed 4928K, reserved 327680K

Heap Regions: E=young(eden), S=young(survivor), O=old, HS=humongous(starts), HC=humongous(continues), CS=collection set, F=free, OA=open archive, CA=closed archive, TAMS=top-at-mark-start (previous, next)
|   0|0x00000000e0000000, 0x00000000e0100000, 0x00000000e0100000|100%|HS|  |TAMS 0x00000000e0100000, 0x00000000e0000000| Complete 
|   1|0x00000000e0100000, 0x00000000e0200000, 0x00000000e0200000|100%|HC|  |TAMS 0x00000000e0200000, 0x00000000e0100000| Complete 
|   2|0x00000000e0200000, 0x00000000e0300000, 0x00000000e0300000|100%|HC|  |TAMS 0x00000000e0300000, 0x00000000e0200000| Complete 
|   3|0x00000000e0300000, 0x00000000e0400000, 0x00000000e0400000|100%| O|  |TAMS 0x00000000e0400000, 0x00000000e0300000| Untracked 
|   4|0x00000000e0400000, 0x00000000e0500000, 0x00000000e0500000|100%| O|  |TAMS 0x00000000e0500000, 0x00000000e0400000| Untracked 
|   5|0x00000000e0500000, 0x00000000e0600000, 0x00000000e0600000|100%| O|  |TAMS 0x00000000e0600000, 0x00000000e0500000| Untracked 
|   6|0x00000000e0600000, 0x00000000e0700000, 0x00000000e0700000|100%|HS|  |TAMS 0x00000000e0700000, 0x00000000e0600000| Complete 
|   7|0x00000000e0700000, 0x00000000e0800000, 0x00000000e0800000|100%|HS|  |TAMS 0x00000000e0700000, 0x00000000e0700000| Complete 
|   8|0x00000000e0800000, 0x00000000e0900000, 0x00000000e0900000|100%| O|  |TAMS 0x00000000e0900000, 0x00000000e0800000| Untracked 
|   9|0x00000000e0900000, 0x00000000e0a00000, 0x00000000e0a00000|100%| O|  |TAMS 0x00000000e0a00000, 0x00000000e0900000| Complete 
|  10|0x00000000e0a00000, 0x00000000e0b00000, 0x00000000e0b00000|100%| O|  |TAMS 0x00000000e0b00000, 0x00000000e0a00000| Untracked 
|  11|0x00000000e0b00000, 0x00000000e0c00000, 0x00000000e0c00000|100%| O|  |TAMS 0x00000000e0c00000, 0x00000000e0b00000| Untracked 
|  12|0x00000000e0c00000, 0x00000000e0ccd800, 0x00000000e0d00000| 80%| O|  |TAMS 0x00000000e0ccd800, 0x00000000e0c00000| Untracked 
|  13|0x00000000e0d00000, 0x00000000e0e00000, 0x00000000e0e00000|100%|HS|  |TAMS 0x00000000e0d00000, 0x00000000e0d00000| Complete 
|  14|0x00000000e0e00000, 0x00000000e0f00000, 0x00000000e0f00000|100%|HC|  |TAMS 0x00000000e0e00000, 0x00000000e0e00000| Complete 
|  15|0x00000000e0f00000, 0x00000000e1000000, 0x00000000e1000000|100%|HS|  |TAMS 0x00000000e0f00000, 0x00000000e0f00000| Complete 
|  16|0x00000000e1000000, 0x00000000e1100000, 0x00000000e1100000|100%|HC|  |TAMS 0x00000000e1000000, 0x00000000e1000000| Complete 
|  17|0x00000000e1100000, 0x00000000e1100000, 0x00000000e1200000|  0%| F|  |TAMS 0x00000000e1100000, 0x00000000e1100000| Untracked 
|  18|0x00000000e1200000, 0x00000000e1200000, 0x00000000e1300000|  0%| F|  |TAMS 0x00000000e1200000, 0x00000000e1200000| Untracked 
|  19|0x00000000e1300000, 0x00000000e1300000, 0x00000000e1400000|  0%| F|  |TAMS 0x00000000e1300000, 0x00000000e1300000| Untracked 
|  20|0x00000000e1400000, 0x00000000e1400000, 0x00000000e1500000|  0%| F|  |TAMS 0x00000000e1400000, 0x00000000e1400000| Untracked 
|  21|0x00000000e1500000, 0x00000000e1500000, 0x00000000e1600000|  0%| F|  |TAMS 0x00000000e1500000, 0x00000000e1500000| Untracked 
|  22|0x00000000e1600000, 0x00000000e1600000, 0x00000000e1700000|  0%| F|  |TAMS 0x00000000e1600000, 0x00000000e1600000| Untracked 
|  23|0x00000000e1700000, 0x00000000e1700000, 0x00000000e1800000|  0%| F|  |TAMS 0x00000000e1700000, 0x00000000e1700000| Untracked 
|  24|0x00000000e1800000, 0x00000000e1800000, 0x00000000e1900000|  0%| F|  |TAMS 0x00000000e1800000, 0x00000000e1800000| Untracked 
|  25|0x00000000e1900000, 0x00000000e1900000, 0x00000000e1a00000|  0%| F|  |TAMS 0x00000000e1900000, 0x00000000e1900000| Untracked 
|  26|0x00000000e1a00000, 0x00000000e1a00000, 0x00000000e1b00000|  0%| F|  |TAMS 0x00000000e1a00000, 0x00000000e1a00000| Untracked 
|  27|0x00000000e1b00000, 0x00000000e1b00000, 0x00000000e1c00000|  0%| F|  |TAMS 0x00000000e1b00000, 0x00000000e1b00000| Untracked 
|  28|0x00000000e1c00000, 0x00000000e1c00000, 0x00000000e1d00000|  0%| F|  |TAMS 0x00000000e1c00000, 0x00000000e1c00000| Untracked 
|  29|0x00000000e1d00000, 0x00000000e1d00000, 0x00000000e1e00000|  0%| F|  |TAMS 0x00000000e1d00000, 0x00000000e1d00000| Untracked 
|  30|0x00000000e1e00000, 0x00000000e1e00000, 0x00000000e1f00000|  0%| F|  |TAMS 0x00000000e1e00000, 0x00000000e1e00000| Untracked 
|  31|0x00000000e1f00000, 0x00000000e1f00000, 0x00000000e2000000|  0%| F|  |TAMS 0x00000000e1f00000, 0x00000000e1f00000| Untracked 
|  32|0x00000000e2000000, 0x00000000e2000000, 0x00000000e2100000|  0%| F|  |TAMS 0x00000000e2000000, 0x00000000e2000000| Untracked 
|  33|0x00000000e2100000, 0x00000000e2100000, 0x00000000e2200000|  0%| F|  |TAMS 0x00000000e2100000, 0x00000000e2100000| Untracked 
|  34|0x00000000e2200000, 0x00000000e2200000, 0x00000000e2300000|  0%| F|  |TAMS 0x00000000e2200000, 0x00000000e2200000| Untracked 
|  35|0x00000000e2300000, 0x00000000e2300000, 0x00000000e2400000|  0%| F|  |TAMS 0x00000000e2300000, 0x00000000e2300000| Untracked 
|  36|0x00000000e2400000, 0x00000000e2400000, 0x00000000e2500000|  0%| F|  |TAMS 0x00000000e2400000, 0x00000000e2400000| Untracked 
|  37|0x00000000e2500000, 0x00000000e2500000, 0x00000000e2600000|  0%| F|  |TAMS 0x00000000e2500000, 0x00000000e2500000| Untracked 
|  38|0x00000000e2600000, 0x00000000e2600000, 0x00000000e2700000|  0%| F|  |TAMS 0x00000000e2600000, 0x00000000e2600000| Untracked 
|  39|0x00000000e2700000, 0x00000000e2700000, 0x00000000e2800000|  0%| F|  |TAMS 0x00000000e2700000, 0x00000000e2700000| Untracked 
|  40|0x00000000e2800000, 0x00000000e2800000, 0x00000000e2900000|  0%| F|  |TAMS 0x00000000e2800000, 0x00000000e2800000| Untracked 
|  41|0x00000000e2900000, 0x00000000e2900000, 0x00000000e2a00000|  0%| F|  |TAMS 0x00000000e2900000, 0x00000000e2900000| Untracked 
|  42|0x00000000e2a00000, 0x00000000e2a00000, 0x00000000e2b00000|  0%| F|  |TAMS 0x00000000e2a00000, 0x00000000e2a00000| Untracked 
|  43|0x00000000e2b00000, 0x00000000e2b00000, 0x00000000e2c00000|  0%| F|  |TAMS 0x00000000e2b00000, 0x00000000e2b00000| Untracked 
|  44|0x00000000e2c00000, 0x00000000e2c00000, 0x00000000e2d00000|  0%| F|  |TAMS 0x00000000e2c00000, 0x00000000e2c00000| Untracked 
|  45|0x00000000e2d00000, 0x00000000e2d00000, 0x00000000e2e00000|  0%| F|  |TAMS 0x00000000e2d00000, 0x00000000e2d00000| Untracked 
|  46|0x00000000e2e00000, 0x00000000e2e00000, 0x00000000e2f00000|  0%| F|  |TAMS 0x00000000e2e00000, 0x00000000e2e00000| Untracked 
|  47|0x00000000e2f00000, 0x00000000e2f00000, 0x00000000e3000000|  0%| F|  |TAMS 0x00000000e2f00000, 0x00000000e2f00000| Untracked 
|  48|0x00000000e3000000, 0x00000000e3000000, 0x00000000e3100000|  0%| F|  |TAMS 0x00000000e3000000, 0x00000000e3000000| Untracked 
|  49|0x00000000e3100000, 0x00000000e3100000, 0x00000000e3200000|  0%| F|  |TAMS 0x00000000e3100000, 0x00000000e3100000| Untracked 
|  50|0x00000000e3200000, 0x00000000e3200000, 0x00000000e3300000|  0%| F|  |TAMS 0x00000000e3200000, 0x00000000e3200000| Untracked 
|  51|0x00000000e3300000, 0x00000000e3300000, 0x00000000e3400000|  0%| F|  |TAMS 0x00000000e3300000, 0x00000000e3300000| Untracked 
|  52|0x00000000e3400000, 0x00000000e3400000, 0x00000000e3500000|  0%| F|  |TAMS 0x00000000e3400000, 0x00000000e3400000| Untracked 
|  53|0x00000000e3500000, 0x00000000e3500000, 0x00000000e3600000|  0%| F|  |TAMS 0x00000000e3500000, 0x00000000e3500000| Untracked 
|  54|0x00000000e3600000, 0x00000000e3600000, 0x00000000e3700000|  0%| F|  |TAMS 0x00000000e3600000, 0x00000000e3600000| Untracked 
|  55|0x00000000e3700000, 0x00000000e3700000, 0x00000000e3800000|  0%| F|  |TAMS 0x00000000e3700000, 0x00000000e3700000| Untracked 
|  56|0x00000000e3800000, 0x00000000e3800000, 0x00000000e3900000|  0%| F|  |TAMS 0x00000000e3800000, 0x00000000e3800000| Untracked 
|  57|0x00000000e3900000, 0x00000000e3900000, 0x00000000e3a00000|  0%| F|  |TAMS 0x00000000e3900000, 0x00000000e3900000| Untracked 
|  58|0x00000000e3a00000, 0x00000000e3a00000, 0x00000000e3b00000|  0%| F|  |TAMS 0x00000000e3a00000, 0x00000000e3a00000| Untracked 
|  59|0x00000000e3b00000, 0x00000000e3b00000, 0x00000000e3c00000|  0%| F|  |TAMS 0x00000000e3b00000, 0x00000000e3b00000| Untracked 
|  60|0x00000000e3c00000, 0x00000000e3c00000, 0x00000000e3d00000|  0%| F|  |TAMS 0x00000000e3c00000, 0x00000000e3c00000| Untracked 
|  61|0x00000000e3d00000, 0x00000000e3d00000, 0x00000000e3e00000|  0%| F|  |TAMS 0x00000000e3d00000, 0x00000000e3d00000| Untracked 
|  62|0x00000000e3e00000, 0x00000000e3e00000, 0x00000000e3f00000|  0%| F|  |TAMS 0x00000000e3e00000, 0x00000000e3e00000| Untracked 
|  63|0x00000000e3f00000, 0x00000000e3f00000, 0x00000000e4000000|  0%| F|  |TAMS 0x00000000e3f00000, 0x00000000e3f00000| Untracked 
|  64|0x00000000e4000000, 0x00000000e4000000, 0x00000000e4100000|  0%| F|  |TAMS 0x00000000e4000000, 0x00000000e4000000| Untracked 
|  65|0x00000000e4100000, 0x00000000e4100000, 0x00000000e4200000|  0%| F|  |TAMS 0x00000000e4100000, 0x00000000e4100000| Untracked 
|  66|0x00000000e4200000, 0x00000000e4200000, 0x00000000e4300000|  0%| F|  |TAMS 0x00000000e4200000, 0x00000000e4200000| Untracked 
|  67|0x00000000e4300000, 0x00000000e4300000, 0x00000000e4400000|  0%| F|  |TAMS 0x00000000e4300000, 0x00000000e4300000| Untracked 
|  68|0x00000000e4400000, 0x00000000e4400000, 0x00000000e4500000|  0%| F|  |TAMS 0x00000000e4400000, 0x00000000e4400000| Untracked 
|  69|0x00000000e4500000, 0x00000000e4500000, 0x00000000e4600000|  0%| F|  |TAMS 0x00000000e4500000, 0x00000000e4500000| Untracked 
|  70|0x00000000e4600000, 0x00000000e4600000, 0x00000000e4700000|  0%| F|  |TAMS 0x00000000e4600000, 0x00000000e4600000| Untracked 
|  71|0x00000000e4700000, 0x00000000e4700000, 0x00000000e4800000|  0%| F|  |TAMS 0x00000000e4700000, 0x00000000e4700000| Untracked 
|  72|0x00000000e4800000, 0x00000000e4800000, 0x00000000e4900000|  0%| F|  |TAMS 0x00000000e4800000, 0x00000000e4800000| Untracked 
|  73|0x00000000e4900000, 0x00000000e4900000, 0x00000000e4a00000|  0%| F|  |TAMS 0x00000000e4900000, 0x00000000e4900000| Untracked 
|  74|0x00000000e4a00000, 0x00000000e4a00000, 0x00000000e4b00000|  0%| F|  |TAMS 0x00000000e4a00000, 0x00000000e4a00000| Untracked 
|  75|0x00000000e4b00000, 0x00000000e4b00000, 0x00000000e4c00000|  0%| F|  |TAMS 0x00000000e4b00000, 0x00000000e4b00000| Untracked 
|  76|0x00000000e4c00000, 0x00000000e4c00000, 0x00000000e4d00000|  0%| F|  |TAMS 0x00000000e4c00000, 0x00000000e4c00000| Untracked 
|  77|0x00000000e4d00000, 0x00000000e4d00000, 0x00000000e4e00000|  0%| F|  |TAMS 0x00000000e4d00000, 0x00000000e4d00000| Untracked 
|  78|0x00000000e4e00000, 0x00000000e4e00000, 0x00000000e4f00000|  0%| F|  |TAMS 0x00000000e4e00000, 0x00000000e4e00000| Untracked 
|  79|0x00000000e4f00000, 0x00000000e4f00000, 0x00000000e5000000|  0%| F|  |TAMS 0x00000000e4f00000, 0x00000000e4f00000| Untracked 
|  80|0x00000000e5000000, 0x00000000e5000000, 0x00000000e5100000|  0%| F|  |TAMS 0x00000000e5000000, 0x00000000e5000000| Untracked 
|  81|0x00000000e5100000, 0x00000000e5100000, 0x00000000e5200000|  0%| F|  |TAMS 0x00000000e5100000, 0x00000000e5100000| Untracked 
|  82|0x00000000e5200000, 0x00000000e5200000, 0x00000000e5300000|  0%| F|  |TAMS 0x00000000e5200000, 0x00000000e5200000| Untracked 
|  83|0x00000000e5300000, 0x00000000e5300000, 0x00000000e5400000|  0%| F|  |TAMS 0x00000000e5300000, 0x00000000e5300000| Untracked 
|  84|0x00000000e5400000, 0x00000000e5400000, 0x00000000e5500000|  0%| F|  |TAMS 0x00000000e5400000, 0x00000000e5400000| Untracked 
|  85|0x00000000e5500000, 0x00000000e5500000, 0x00000000e5600000|  0%| F|  |TAMS 0x00000000e5500000, 0x00000000e5500000| Untracked 
|  86|0x00000000e5600000, 0x00000000e5600000, 0x00000000e5700000|  0%| F|  |TAMS 0x00000000e5600000, 0x00000000e5600000| Untracked 
|  87|0x00000000e5700000, 0x00000000e5700000, 0x00000000e5800000|  0%| F|  |TAMS 0x00000000e5700000, 0x00000000e5700000| Untracked 
|  88|0x00000000e5800000, 0x00000000e5800000, 0x00000000e5900000|  0%| F|  |TAMS 0x00000000e5800000, 0x00000000e5800000| Untracked 
|  89|0x00000000e5900000, 0x00000000e5900000, 0x00000000e5a00000|  0%| F|  |TAMS 0x00000000e5900000, 0x00000000e5900000| Untracked 
|  90|0x00000000e5a00000, 0x00000000e5a00000, 0x00000000e5b00000|  0%| F|  |TAMS 0x00000000e5a00000, 0x00000000e5a00000| Untracked 
|  91|0x00000000e5b00000, 0x00000000e5b00000, 0x00000000e5c00000|  0%| F|  |TAMS 0x00000000e5b00000, 0x00000000e5b00000| Untracked 
|  92|0x00000000e5c00000, 0x00000000e5c00000, 0x00000000e5d00000|  0%| F|  |TAMS 0x00000000e5c00000, 0x00000000e5c00000| Untracked 
|  93|0x00000000e5d00000, 0x00000000e5d00000, 0x00000000e5e00000|  0%| F|  |TAMS 0x00000000e5d00000, 0x00000000e5d00000| Untracked 
|  94|0x00000000e5e00000, 0x00000000e5e00000, 0x00000000e5f00000|  0%| F|  |TAMS 0x00000000e5e00000, 0x00000000e5e00000| Untracked 
|  95|0x00000000e5f00000, 0x00000000e5f00000, 0x00000000e6000000|  0%| F|  |TAMS 0x00000000e5f00000, 0x00000000e5f00000| Untracked 
|  96|0x00000000e6000000, 0x00000000e6000000, 0x00000000e6100000|  0%| F|  |TAMS 0x00000000e6000000, 0x00000000e6000000| Untracked 
|  97|0x00000000e6100000, 0x00000000e6100000, 0x00000000e6200000|  0%| F|  |TAMS 0x00000000e6100000, 0x00000000e6100000| Untracked 
|  98|0x00000000e6200000, 0x00000000e6200000, 0x00000000e6300000|  0%| F|  |TAMS 0x00000000e6200000, 0x00000000e6200000| Untracked 
|  99|0x00000000e6300000, 0x00000000e6300000, 0x00000000e6400000|  0%| F|  |TAMS 0x00000000e6300000, 0x00000000e6300000| Untracked 
| 100|0x00000000e6400000, 0x00000000e6400000, 0x00000000e6500000|  0%| F|  |TAMS 0x00000000e6400000, 0x00000000e6400000| Untracked 
| 101|0x00000000e6500000, 0x00000000e6500000, 0x00000000e6600000|  0%| F|  |TAMS 0x00000000e6500000, 0x00000000e6500000| Untracked 
| 102|0x00000000e6600000, 0x00000000e6600000, 0x00000000e6700000|  0%| F|  |TAMS 0x00000000e6600000, 0x00000000e6600000| Untracked 
| 103|0x00000000e6700000, 0x00000000e6700000, 0x00000000e6800000|  0%| F|  |TAMS 0x00000000e6700000, 0x00000000e6700000| Untracked 
| 104|0x00000000e6800000, 0x00000000e6800000, 0x00000000e6900000|  0%| F|  |TAMS 0x00000000e6800000, 0x00000000e6800000| Untracked 
| 105|0x00000000e6900000, 0x00000000e6900000, 0x00000000e6a00000|  0%| F|  |TAMS 0x00000000e6900000, 0x00000000e6900000| Untracked 
| 106|0x00000000e6a00000, 0x00000000e6a00000, 0x00000000e6b00000|  0%| F|  |TAMS 0x00000000e6a00000, 0x00000000e6a00000| Untracked 
| 107|0x00000000e6b00000, 0x00000000e6b00000, 0x00000000e6c00000|  0%| F|  |TAMS 0x00000000e6b00000, 0x00000000e6b00000| Untracked 
| 108|0x00000000e6c00000, 0x00000000e6c00000, 0x00000000e6d00000|  0%| F|  |TAMS 0x00000000e6c00000, 0x00000000e6c00000| Untracked 
| 109|0x00000000e6d00000, 0x00000000e6d00000, 0x00000000e6e00000|  0%| F|  |TAMS 0x00000000e6d00000, 0x00000000e6d00000| Untracked 
| 110|0x00000000e6e00000, 0x00000000e6e00000, 0x00000000e6f00000|  0%| F|  |TAMS 0x00000000e6e00000, 0x00000000e6e00000| Untracked 
| 111|0x00000000e6f00000, 0x00000000e6f00000, 0x00000000e7000000|  0%| F|  |TAMS 0x00000000e6f00000, 0x00000000e6f00000| Untracked 
| 112|0x00000000e7000000, 0x00000000e7000000, 0x00000000e7100000|  0%| F|  |TAMS 0x00000000e7000000, 0x00000000e7000000| Untracked 
| 113|0x00000000e7100000, 0x00000000e7100000, 0x00000000e7200000|  0%| F|  |TAMS 0x00000000e7100000, 0x00000000e7100000| Untracked 
| 114|0x00000000e7200000, 0x00000000e7200000, 0x00000000e7300000|  0%| F|  |TAMS 0x00000000e7200000, 0x00000000e7200000| Untracked 
| 115|0x00000000e7300000, 0x00000000e7300000, 0x00000000e7400000|  0%| F|  |TAMS 0x00000000e7300000, 0x00000000e7300000| Untracked 
| 116|0x00000000e7400000, 0x00000000e7400000, 0x00000000e7500000|  0%| F|  |TAMS 0x00000000e7400000, 0x00000000e7400000| Untracked 
| 117|0x00000000e7500000, 0x00000000e7500000, 0x00000000e7600000|  0%| F|  |TAMS 0x00000000e7500000, 0x00000000e7500000| Untracked 
| 118|0x00000000e7600000, 0x00000000e7600000, 0x00000000e7700000|  0%| F|  |TAMS 0x00000000e7600000, 0x00000000e7600000| Untracked 
| 119|0x00000000e7700000, 0x00000000e7700000, 0x00000000e7800000|  0%| F|  |TAMS 0x00000000e7700000, 0x00000000e7700000| Untracked 
| 120|0x00000000e7800000, 0x00000000e7800000, 0x00000000e7900000|  0%| F|  |TAMS 0x00000000e7800000, 0x00000000e7800000| Untracked 
| 121|0x00000000e7900000, 0x00000000e7900000, 0x00000000e7a00000|  0%| F|  |TAMS 0x00000000e7900000, 0x00000000e7900000| Untracked 
| 122|0x00000000e7a00000, 0x00000000e7a00000, 0x00000000e7b00000|  0%| F|  |TAMS 0x00000000e7a00000, 0x00000000e7a00000| Untracked 
| 123|0x00000000e7b00000, 0x00000000e7b00000, 0x00000000e7c00000|  0%| F|  |TAMS 0x00000000e7b00000, 0x00000000e7b00000| Untracked 
| 124|0x00000000e7c00000, 0x00000000e7c00000, 0x00000000e7d00000|  0%| F|  |TAMS 0x00000000e7c00000, 0x00000000e7c00000| Untracked 
| 125|0x00000000e7d00000, 0x00000000e7d00000, 0x00000000e7e00000|  0%| F|  |TAMS 0x00000000e7d00000, 0x00000000e7d00000| Untracked 
| 126|0x00000000e7e00000, 0x00000000e7ea70b0, 0x00000000e7f00000| 65%| S|CS|TAMS 0x00000000e7e00000, 0x00000000e7e00000| Complete 
| 127|0x00000000e7f00000, 0x00000000e8000000, 0x00000000e8000000|100%| S|CS|TAMS 0x00000000e7f00000, 0x00000000e7f00000| Complete 
| 128|0x00000000e8000000, 0x00000000e8100000, 0x00000000e8100000|100%| S|CS|TAMS 0x00000000e8000000, 0x00000000e8000000| Complete 
| 129|0x00000000e8100000, 0x00000000e8200000, 0x00000000e8200000|100%| S|CS|TAMS 0x00000000e8100000, 0x00000000e8100000| Complete 
| 130|0x00000000e8200000, 0x00000000e8300000, 0x00000000e8300000|100%| S|CS|TAMS 0x00000000e8200000, 0x00000000e8200000| Complete 
| 131|0x00000000e8300000, 0x00000000e8400000, 0x00000000e8400000|100%| S|CS|TAMS 0x00000000e8300000, 0x00000000e8300000| Complete 
| 132|0x00000000e8400000, 0x00000000e8500000, 0x00000000e8500000|100%| S|CS|TAMS 0x00000000e8400000, 0x00000000e8400000| Complete 
| 133|0x00000000e8500000, 0x00000000e8600000, 0x00000000e8600000|100%| S|CS|TAMS 0x00000000e8500000, 0x00000000e8500000| Complete 
| 134|0x00000000e8600000, 0x00000000e8700000, 0x00000000e8700000|100%| S|CS|TAMS 0x00000000e8600000, 0x00000000e8600000| Complete 
| 135|0x00000000e8700000, 0x00000000e8800000, 0x00000000e8800000|100%| S|CS|TAMS 0x00000000e8700000, 0x00000000e8700000| Complete 
| 136|0x00000000e8800000, 0x00000000e8900000, 0x00000000e8900000|100%| S|CS|TAMS 0x00000000e8800000, 0x00000000e8800000| Complete 
| 137|0x00000000e8900000, 0x00000000e8a00000, 0x00000000e8a00000|100%| S|CS|TAMS 0x00000000e8900000, 0x00000000e8900000| Complete 
| 138|0x00000000e8a00000, 0x00000000e8a00000, 0x00000000e8b00000|  0%| F|  |TAMS 0x00000000e8a00000, 0x00000000e8a00000| Untracked 
| 139|0x00000000e8b00000, 0x00000000e8b00000, 0x00000000e8c00000|  0%| F|  |TAMS 0x00000000e8b00000, 0x00000000e8b00000| Untracked 
| 140|0x00000000e8c00000, 0x00000000e8c00000, 0x00000000e8d00000|  0%| F|  |TAMS 0x00000000e8c00000, 0x00000000e8c00000| Untracked 
| 141|0x00000000e8d00000, 0x00000000e8d00000, 0x00000000e8e00000|  0%| F|  |TAMS 0x00000000e8d00000, 0x00000000e8d00000| Untracked 
| 142|0x00000000e8e00000, 0x00000000e8e00000, 0x00000000e8f00000|  0%| F|  |TAMS 0x00000000e8e00000, 0x00000000e8e00000| Untracked 
| 143|0x00000000e8f00000, 0x00000000e8f00000, 0x00000000e9000000|  0%| F|  |TAMS 0x00000000e8f00000, 0x00000000e8f00000| Untracked 
| 144|0x00000000e9000000, 0x00000000e9000000, 0x00000000e9100000|  0%| F|  |TAMS 0x00000000e9000000, 0x00000000e9000000| Untracked 
| 145|0x00000000e9100000, 0x00000000e9100000, 0x00000000e9200000|  0%| F|  |TAMS 0x00000000e9100000, 0x00000000e9100000| Untracked 
| 146|0x00000000e9200000, 0x00000000e9200000, 0x00000000e9300000|  0%| F|  |TAMS 0x00000000e9200000, 0x00000000e9200000| Untracked 
| 147|0x00000000e9300000, 0x00000000e9300000, 0x00000000e9400000|  0%| F|  |TAMS 0x00000000e9300000, 0x00000000e9300000| Untracked 
| 148|0x00000000e9400000, 0x00000000e9400000, 0x00000000e9500000|  0%| F|  |TAMS 0x00000000e9400000, 0x00000000e9400000| Untracked 
| 149|0x00000000e9500000, 0x00000000e9500000, 0x00000000e9600000|  0%| F|  |TAMS 0x00000000e9500000, 0x00000000e9500000| Untracked 
| 150|0x00000000e9600000, 0x00000000e9600000, 0x00000000e9700000|  0%| F|  |TAMS 0x00000000e9600000, 0x00000000e9600000| Untracked 
| 151|0x00000000e9700000, 0x00000000e9700000, 0x00000000e9800000|  0%| F|  |TAMS 0x00000000e9700000, 0x00000000e9700000| Untracked 
| 152|0x00000000e9800000, 0x00000000e9900000, 0x00000000e9900000|100%| E|  |TAMS 0x00000000e9800000, 0x00000000e9800000| Complete 
| 153|0x00000000e9900000, 0x00000000e9a00000, 0x00000000e9a00000|100%| E|CS|TAMS 0x00000000e9900000, 0x00000000e9900000| Complete 
| 154|0x00000000e9a00000, 0x00000000e9b00000, 0x00000000e9b00000|100%| E|CS|TAMS 0x00000000e9a00000, 0x00000000e9a00000| Complete 
| 155|0x00000000e9b00000, 0x00000000e9c00000, 0x00000000e9c00000|100%| E|CS|TAMS 0x00000000e9b00000, 0x00000000e9b00000| Complete 
| 156|0x00000000e9c00000, 0x00000000e9d00000, 0x00000000e9d00000|100%| E|CS|TAMS 0x00000000e9c00000, 0x00000000e9c00000| Complete 
| 157|0x00000000e9d00000, 0x00000000e9e00000, 0x00000000e9e00000|100%| E|CS|TAMS 0x00000000e9d00000, 0x00000000e9d00000| Complete 
| 158|0x00000000e9e00000, 0x00000000e9f00000, 0x00000000e9f00000|100%| E|CS|TAMS 0x00000000e9e00000, 0x00000000e9e00000| Complete 
| 159|0x00000000e9f00000, 0x00000000ea000000, 0x00000000ea000000|100%| E|CS|TAMS 0x00000000e9f00000, 0x00000000e9f00000| Complete 
| 160|0x00000000ea000000, 0x00000000ea100000, 0x00000000ea100000|100%| E|CS|TAMS 0x00000000ea000000, 0x00000000ea000000| Complete 
| 161|0x00000000ea100000, 0x00000000ea200000, 0x00000000ea200000|100%| E|CS|TAMS 0x00000000ea100000, 0x00000000ea100000| Complete 
| 162|0x00000000ea200000, 0x00000000ea300000, 0x00000000ea300000|100%| E|CS|TAMS 0x00000000ea200000, 0x00000000ea200000| Complete 
| 163|0x00000000ea300000, 0x00000000ea400000, 0x00000000ea400000|100%| E|CS|TAMS 0x00000000ea300000, 0x00000000ea300000| Complete 
| 164|0x00000000ea400000, 0x00000000ea500000, 0x00000000ea500000|100%| E|CS|TAMS 0x00000000ea400000, 0x00000000ea400000| Complete 
| 165|0x00000000ea500000, 0x00000000ea600000, 0x00000000ea600000|100%| E|CS|TAMS 0x00000000ea500000, 0x00000000ea500000| Complete 
| 166|0x00000000ea600000, 0x00000000ea700000, 0x00000000ea700000|100%| E|CS|TAMS 0x00000000ea600000, 0x00000000ea600000| Complete 
| 167|0x00000000ea700000, 0x00000000ea800000, 0x00000000ea800000|100%| E|  |TAMS 0x00000000ea700000, 0x00000000ea700000| Complete 
| 168|0x00000000ea800000, 0x00000000ea900000, 0x00000000ea900000|100%| E|CS|TAMS 0x00000000ea800000, 0x00000000ea800000| Complete 
| 169|0x00000000ea900000, 0x00000000eaa00000, 0x00000000eaa00000|100%| E|CS|TAMS 0x00000000ea900000, 0x00000000ea900000| Complete 
| 170|0x00000000eaa00000, 0x00000000eab00000, 0x00000000eab00000|100%| E|CS|TAMS 0x00000000eaa00000, 0x00000000eaa00000| Complete 
| 171|0x00000000eab00000, 0x00000000eac00000, 0x00000000eac00000|100%| E|CS|TAMS 0x00000000eab00000, 0x00000000eab00000| Complete 
| 172|0x00000000eac00000, 0x00000000ead00000, 0x00000000ead00000|100%| E|CS|TAMS 0x00000000eac00000, 0x00000000eac00000| Complete 
| 173|0x00000000ead00000, 0x00000000eae00000, 0x00000000eae00000|100%| E|CS|TAMS 0x00000000ead00000, 0x00000000ead00000| Complete 
| 174|0x00000000eae00000, 0x00000000eaf00000, 0x00000000eaf00000|100%| E|CS|TAMS 0x00000000eae00000, 0x00000000eae00000| Complete 
| 175|0x00000000eaf00000, 0x00000000eb000000, 0x00000000eb000000|100%| E|CS|TAMS 0x00000000eaf00000, 0x00000000eaf00000| Complete 
| 176|0x00000000eb000000, 0x00000000eb100000, 0x00000000eb100000|100%| E|CS|TAMS 0x00000000eb000000, 0x00000000eb000000| Complete 
| 177|0x00000000eb100000, 0x00000000eb200000, 0x00000000eb200000|100%| E|CS|TAMS 0x00000000eb100000, 0x00000000eb100000| Complete 
| 178|0x00000000eb200000, 0x00000000eb300000, 0x00000000eb300000|100%| E|CS|TAMS 0x00000000eb200000, 0x00000000eb200000| Complete 
| 179|0x00000000eb300000, 0x00000000eb400000, 0x00000000eb400000|100%| E|CS|TAMS 0x00000000eb300000, 0x00000000eb300000| Complete 
| 180|0x00000000eb400000, 0x00000000eb500000, 0x00000000eb500000|100%| E|CS|TAMS 0x00000000eb400000, 0x00000000eb400000| Complete 
| 181|0x00000000eb500000, 0x00000000eb600000, 0x00000000eb600000|100%| E|CS|TAMS 0x00000000eb500000, 0x00000000eb500000| Complete 
| 182|0x00000000eb600000, 0x00000000eb700000, 0x00000000eb700000|100%| E|CS|TAMS 0x00000000eb600000, 0x00000000eb600000| Complete 
| 183|0x00000000eb700000, 0x00000000eb800000, 0x00000000eb800000|100%| E|CS|TAMS 0x00000000eb700000, 0x00000000eb700000| Complete 
| 184|0x00000000eb800000, 0x00000000eb900000, 0x00000000eb900000|100%| E|CS|TAMS 0x00000000eb800000, 0x00000000eb800000| Complete 
| 185|0x00000000eb900000, 0x00000000eba00000, 0x00000000eba00000|100%| E|CS|TAMS 0x00000000eb900000, 0x00000000eb900000| Complete 
| 186|0x00000000eba00000, 0x00000000ebb00000, 0x00000000ebb00000|100%| E|CS|TAMS 0x00000000eba00000, 0x00000000eba00000| Complete 
| 187|0x00000000ebb00000, 0x00000000ebc00000, 0x00000000ebc00000|100%| E|CS|TAMS 0x00000000ebb00000, 0x00000000ebb00000| Complete 
| 188|0x00000000ebc00000, 0x00000000ebd00000, 0x00000000ebd00000|100%| E|CS|TAMS 0x00000000ebc00000, 0x00000000ebc00000| Complete 
| 189|0x00000000ebd00000, 0x00000000ebe00000, 0x00000000ebe00000|100%| E|CS|TAMS 0x00000000ebd00000, 0x00000000ebd00000| Complete 
| 190|0x00000000ebe00000, 0x00000000ebf00000, 0x00000000ebf00000|100%| E|CS|TAMS 0x00000000ebe00000, 0x00000000ebe00000| Complete 
| 191|0x00000000ebf00000, 0x00000000ec000000, 0x00000000ec000000|100%| E|CS|TAMS 0x00000000ebf00000, 0x00000000ebf00000| Complete 
| 192|0x00000000ec000000, 0x00000000ec100000, 0x00000000ec100000|100%| E|CS|TAMS 0x00000000ec000000, 0x00000000ec000000| Complete 
| 193|0x00000000ec100000, 0x00000000ec200000, 0x00000000ec200000|100%| E|CS|TAMS 0x00000000ec100000, 0x00000000ec100000| Complete 
| 194|0x00000000ec200000, 0x00000000ec300000, 0x00000000ec300000|100%| E|CS|TAMS 0x00000000ec200000, 0x00000000ec200000| Complete 
| 195|0x00000000ec300000, 0x00000000ec400000, 0x00000000ec400000|100%| E|CS|TAMS 0x00000000ec300000, 0x00000000ec300000| Complete 
| 196|0x00000000ec400000, 0x00000000ec500000, 0x00000000ec500000|100%| E|CS|TAMS 0x00000000ec400000, 0x00000000ec400000| Complete 
| 197|0x00000000ec500000, 0x00000000ec600000, 0x00000000ec600000|100%| E|CS|TAMS 0x00000000ec500000, 0x00000000ec500000| Complete 
| 198|0x00000000ec600000, 0x00000000ec700000, 0x00000000ec700000|100%| E|CS|TAMS 0x00000000ec600000, 0x00000000ec600000| Complete 
| 199|0x00000000ec700000, 0x00000000ec800000, 0x00000000ec800000|100%| E|CS|TAMS 0x00000000ec700000, 0x00000000ec700000| Complete 
| 200|0x00000000ec800000, 0x00000000ec900000, 0x00000000ec900000|100%| E|CS|TAMS 0x00000000ec800000, 0x00000000ec800000| Complete 
| 201|0x00000000ec900000, 0x00000000eca00000, 0x00000000eca00000|100%| E|CS|TAMS 0x00000000ec900000, 0x00000000ec900000| Complete 
| 202|0x00000000eca00000, 0x00000000ecb00000, 0x00000000ecb00000|100%| E|CS|TAMS 0x00000000eca00000, 0x00000000eca00000| Complete 
| 203|0x00000000ecb00000, 0x00000000ecc00000, 0x00000000ecc00000|100%| E|CS|TAMS 0x00000000ecb00000, 0x00000000ecb00000| Complete 
| 204|0x00000000ecc00000, 0x00000000ecd00000, 0x00000000ecd00000|100%| E|CS|TAMS 0x00000000ecc00000, 0x00000000ecc00000| Complete 
| 205|0x00000000ecd00000, 0x00000000ece00000, 0x00000000ece00000|100%| E|CS|TAMS 0x00000000ecd00000, 0x00000000ecd00000| Complete 
| 206|0x00000000ece00000, 0x00000000ecf00000, 0x00000000ecf00000|100%| E|CS|TAMS 0x00000000ece00000, 0x00000000ece00000| Complete 
| 207|0x00000000ecf00000, 0x00000000ed000000, 0x00000000ed000000|100%| E|CS|TAMS 0x00000000ecf00000, 0x00000000ecf00000| Complete 
| 208|0x00000000ed000000, 0x00000000ed100000, 0x00000000ed100000|100%| E|CS|TAMS 0x00000000ed000000, 0x00000000ed000000| Complete 
| 209|0x00000000ed100000, 0x00000000ed200000, 0x00000000ed200000|100%| E|CS|TAMS 0x00000000ed100000, 0x00000000ed100000| Complete 
| 210|0x00000000ed200000, 0x00000000ed300000, 0x00000000ed300000|100%| E|CS|TAMS 0x00000000ed200000, 0x00000000ed200000| Complete 
| 211|0x00000000ed300000, 0x00000000ed400000, 0x00000000ed400000|100%| E|CS|TAMS 0x00000000ed300000, 0x00000000ed300000| Complete 
| 212|0x00000000ed400000, 0x00000000ed500000, 0x00000000ed500000|100%| E|CS|TAMS 0x00000000ed400000, 0x00000000ed400000| Complete 
| 213|0x00000000ed500000, 0x00000000ed600000, 0x00000000ed600000|100%| E|CS|TAMS 0x00000000ed500000, 0x00000000ed500000| Complete 
| 214|0x00000000ed600000, 0x00000000ed700000, 0x00000000ed700000|100%| E|CS|TAMS 0x00000000ed600000, 0x00000000ed600000| Complete 
| 215|0x00000000ed700000, 0x00000000ed800000, 0x00000000ed800000|100%| E|CS|TAMS 0x00000000ed700000, 0x00000000ed700000| Complete 
| 216|0x00000000ed800000, 0x00000000ed900000, 0x00000000ed900000|100%| E|CS|TAMS 0x00000000ed800000, 0x00000000ed800000| Complete 
| 217|0x00000000ed900000, 0x00000000eda00000, 0x00000000eda00000|100%| E|CS|TAMS 0x00000000ed900000, 0x00000000ed900000| Complete 
| 218|0x00000000eda00000, 0x00000000edb00000, 0x00000000edb00000|100%| E|CS|TAMS 0x00000000eda00000, 0x00000000eda00000| Complete 
| 219|0x00000000edb00000, 0x00000000edc00000, 0x00000000edc00000|100%| E|CS|TAMS 0x00000000edb00000, 0x00000000edb00000| Complete 
| 220|0x00000000edc00000, 0x00000000edd00000, 0x00000000edd00000|100%| E|CS|TAMS 0x00000000edc00000, 0x00000000edc00000| Complete 
| 221|0x00000000edd00000, 0x00000000ede00000, 0x00000000ede00000|100%| E|CS|TAMS 0x00000000edd00000, 0x00000000edd00000| Complete 
| 222|0x00000000ede00000, 0x00000000edf00000, 0x00000000edf00000|100%| E|CS|TAMS 0x00000000ede00000, 0x00000000ede00000| Complete 
| 223|0x00000000edf00000, 0x00000000ee000000, 0x00000000ee000000|100%| E|CS|TAMS 0x00000000edf00000, 0x00000000edf00000| Complete 
| 224|0x00000000ee000000, 0x00000000ee100000, 0x00000000ee100000|100%| E|CS|TAMS 0x00000000ee000000, 0x00000000ee000000| Complete 
| 225|0x00000000ee100000, 0x00000000ee200000, 0x00000000ee200000|100%| E|CS|TAMS 0x00000000ee100000, 0x00000000ee100000| Complete 
| 226|0x00000000ee200000, 0x00000000ee300000, 0x00000000ee300000|100%| E|CS|TAMS 0x00000000ee200000, 0x00000000ee200000| Complete 
| 227|0x00000000ee300000, 0x00000000ee400000, 0x00000000ee400000|100%| E|CS|TAMS 0x00000000ee300000, 0x00000000ee300000| Complete 
| 228|0x00000000ee400000, 0x00000000ee500000, 0x00000000ee500000|100%| E|CS|TAMS 0x00000000ee400000, 0x00000000ee400000| Complete 
| 229|0x00000000ee500000, 0x00000000ee600000, 0x00000000ee600000|100%| E|CS|TAMS 0x00000000ee500000, 0x00000000ee500000| Complete 
| 230|0x00000000ee600000, 0x00000000ee700000, 0x00000000ee700000|100%| E|CS|TAMS 0x00000000ee600000, 0x00000000ee600000| Complete 
| 231|0x00000000ee700000, 0x00000000ee800000, 0x00000000ee800000|100%| E|CS|TAMS 0x00000000ee700000, 0x00000000ee700000| Complete 
| 232|0x00000000ee800000, 0x00000000ee900000, 0x00000000ee900000|100%| E|CS|TAMS 0x00000000ee800000, 0x00000000ee800000| Complete 
| 233|0x00000000ee900000, 0x00000000eea00000, 0x00000000eea00000|100%| E|CS|TAMS 0x00000000ee900000, 0x00000000ee900000| Complete 
| 234|0x00000000eea00000, 0x00000000eeb00000, 0x00000000eeb00000|100%| E|CS|TAMS 0x00000000eea00000, 0x00000000eea00000| Complete 
| 235|0x00000000eeb00000, 0x00000000eec00000, 0x00000000eec00000|100%| E|CS|TAMS 0x00000000eeb00000, 0x00000000eeb00000| Complete 
| 236|0x00000000eec00000, 0x00000000eed00000, 0x00000000eed00000|100%| E|CS|TAMS 0x00000000eec00000, 0x00000000eec00000| Complete 
| 237|0x00000000eed00000, 0x00000000eee00000, 0x00000000eee00000|100%| E|CS|TAMS 0x00000000eed00000, 0x00000000eed00000| Complete 
| 238|0x00000000eee00000, 0x00000000eef00000, 0x00000000eef00000|100%| E|CS|TAMS 0x00000000eee00000, 0x00000000eee00000| Complete 
| 239|0x00000000eef00000, 0x00000000ef000000, 0x00000000ef000000|100%| E|CS|TAMS 0x00000000eef00000, 0x00000000eef00000| Complete 
| 240|0x00000000ef000000, 0x00000000ef100000, 0x00000000ef100000|100%| E|CS|TAMS 0x00000000ef000000, 0x00000000ef000000| Complete 
| 241|0x00000000ef100000, 0x00000000ef200000, 0x00000000ef200000|100%| E|CS|TAMS 0x00000000ef100000, 0x00000000ef100000| Complete 
| 242|0x00000000ef200000, 0x00000000ef300000, 0x00000000ef300000|100%| E|CS|TAMS 0x00000000ef200000, 0x00000000ef200000| Complete 
| 243|0x00000000ef300000, 0x00000000ef400000, 0x00000000ef400000|100%| E|CS|TAMS 0x00000000ef300000, 0x00000000ef300000| Complete 
| 244|0x00000000ef400000, 0x00000000ef500000, 0x00000000ef500000|100%| E|CS|TAMS 0x00000000ef400000, 0x00000000ef400000| Complete 
| 245|0x00000000ef500000, 0x00000000ef600000, 0x00000000ef600000|100%| E|CS|TAMS 0x00000000ef500000, 0x00000000ef500000| Complete 
| 246|0x00000000ef600000, 0x00000000ef700000, 0x00000000ef700000|100%| E|CS|TAMS 0x00000000ef600000, 0x00000000ef600000| Complete 
| 247|0x00000000ef700000, 0x00000000ef800000, 0x00000000ef800000|100%| E|CS|TAMS 0x00000000ef700000, 0x00000000ef700000| Complete 
| 248|0x00000000ef800000, 0x00000000ef900000, 0x00000000ef900000|100%| E|CS|TAMS 0x00000000ef800000, 0x00000000ef800000| Complete 
| 249|0x00000000ef900000, 0x00000000efa00000, 0x00000000efa00000|100%| E|CS|TAMS 0x00000000ef900000, 0x00000000ef900000| Complete 
| 250|0x00000000efa00000, 0x00000000efb00000, 0x00000000efb00000|100%| E|CS|TAMS 0x00000000efa00000, 0x00000000efa00000| Complete 
| 251|0x00000000efb00000, 0x00000000efc00000, 0x00000000efc00000|100%| E|CS|TAMS 0x00000000efb00000, 0x00000000efb00000| Complete 
| 252|0x00000000efc00000, 0x00000000efd00000, 0x00000000efd00000|100%| E|CS|TAMS 0x00000000efc00000, 0x00000000efc00000| Complete 
| 253|0x00000000efd00000, 0x00000000efe00000, 0x00000000efe00000|100%| E|CS|TAMS 0x00000000efd00000, 0x00000000efd00000| Complete 
| 254|0x00000000efe00000, 0x00000000eff00000, 0x00000000eff00000|100%| E|CS|TAMS 0x00000000efe00000, 0x00000000efe00000| Complete 
| 255|0x00000000eff00000, 0x00000000f0000000, 0x00000000f0000000|100%| E|CS|TAMS 0x00000000eff00000, 0x00000000eff00000| Complete 

Card table byte_map: [0x0000019ad2cc0000,0x0000019ad2dc0000] _byte_map_base: 0x0000019ad25c0000

Marking Bits (Prev, Next): (CMBitMap*) 0x0000019ab9dc4820, (CMBitMap*) 0x0000019ab9dc47e0
 Prev Bits: [0x0000019ad36c0000, 0x0000019ad3ec0000)
 Next Bits: [0x0000019ad2ec0000, 0x0000019ad36c0000)

Polling page: 0x0000019ab9b50000

Metaspace:

Usage:
  Non-class:     28.88 MB used.
      Class:      4.61 MB used.
       Both:     33.49 MB used.

Virtual space:
  Non-class space:       64.00 MB reserved,      29.12 MB ( 46%) committed,  1 nodes.
      Class space:      320.00 MB reserved,       4.81 MB (  2%) committed,  1 nodes.
             Both:      384.00 MB reserved,      33.94 MB (  9%) committed. 

Chunk freelists:
   Non-Class:  2.11 MB
       Class:  11.22 MB
        Both:  13.33 MB

MaxMetaspaceSize: 384.00 MB
CompressedClassSpaceSize: 320.00 MB
Initial GC threshold: 21.00 MB
Current GC threshold: 35.25 MB
CDS: on
MetaspaceReclaimPolicy: balanced
 - commit_granule_bytes: 65536.
 - commit_granule_words: 8192.
 - virtual_space_node_default_size: 8388608.
 - enlarge_chunks_in_place: 1.
 - new_chunks_are_fully_committed: 0.
 - uncommit_free_chunks: 1.
 - use_allocation_guard: 0.
 - handle_deallocations: 1.


Internal statistics:

num_allocs_failed_limit: 3.
num_arena_births: 430.
num_arena_deaths: 0.
num_vsnodes_births: 2.
num_vsnodes_deaths: 0.
num_space_committed: 543.
num_space_uncommitted: 0.
num_chunks_returned_to_freelist: 3.
num_chunks_taken_from_freelist: 1698.
num_chunk_merges: 3.
num_chunk_splits: 1122.
num_chunks_enlarged: 789.
num_inconsistent_stats: 0.

CodeHeap 'non-profiled nmethods': size=120000Kb used=2810Kb max_used=2810Kb free=117189Kb
 bounds [0x0000019acad20000, 0x0000019acafe0000, 0x0000019ad2250000]
CodeHeap 'profiled nmethods': size=120000Kb used=9040Kb max_used=9040Kb free=110959Kb
 bounds [0x0000019ac3250000, 0x0000019ac3b30000, 0x0000019aca780000]
CodeHeap 'non-nmethods': size=5760Kb used=2299Kb max_used=2392Kb free=3461Kb
 bounds [0x0000019aca780000, 0x0000019aca9f0000, 0x0000019acad20000]
 total_blobs=5169 nmethods=4366 adapters=714
 compilation: enabled
              stopped_count=0, restarted_count=0
 full_count=0

Compilation events (20 events):
Event: 44.742 Thread 0x0000019ad6907190 nmethod 4358 0x0000019ac3b1b190 code [0x0000019ac3b1b340, 0x0000019ac3b1b488]
Event: 44.743 Thread 0x0000019ad6907190 4359       3       org.gradle.cache.internal.filelock.LockFileAccess::tryLockInfo (13 bytes)
Event: 44.743 Thread 0x0000019ad6907190 nmethod 4359 0x0000019ac3b1b590 code [0x0000019ac3b1b740, 0x0000019ac3b1b8a8]
Event: 44.743 Thread 0x0000019ad6907190 4360   !   3       org.gradle.cache.internal.filelock.LockInfoAccess::tryLock (39 bytes)
Event: 44.744 Thread 0x0000019ad6907190 nmethod 4360 0x0000019ac3b1b990 code [0x0000019ac3b1bb80, 0x0000019ac3b1c038]
Event: 44.745 Thread 0x0000019ad6907190 4361  s    3       java.net.DatagramPacket::setData (53 bytes)
Event: 44.745 Thread 0x0000019ad6907190 nmethod 4361 0x0000019ac3b1c290 code [0x0000019ac3b1c440, 0x0000019ac3b1c808]
Event: 44.745 Thread 0x0000019ad6907190 4362   !   3       java.nio.DirectByteBuffer::address (53 bytes)
Event: 44.745 Thread 0x0000019ad6907190 nmethod 4362 0x0000019ac3b1c910 code [0x0000019ac3b1cb20, 0x0000019ac3b1d108]
Event: 44.876 Thread 0x0000019ad6907190 4363  s    3       java.net.DatagramPacket::setPort (43 bytes)
Event: 44.877 Thread 0x0000019ad6907190 nmethod 4363 0x0000019ac3b1d310 code [0x0000019ac3b1d540, 0x0000019ac3b1dc98]
Event: 44.882 Thread 0x0000019ad6907190 4364       3       java.nio.ByteBuffer::rewind (7 bytes)
Event: 44.882 Thread 0x0000019ad6907190 nmethod 4364 0x0000019ac3b1df10 code [0x0000019ac3b1e0a0, 0x0000019ac3b1e218]
Event: 44.882 Thread 0x0000019ad6907190 4365       3       java.nio.Buffer::rewind (12 bytes)
Event: 44.882 Thread 0x0000019ad6907190 nmethod 4365 0x0000019ac3b1e310 code [0x0000019ac3b1e4a0, 0x0000019ac3b1e5b8]
Event: 44.935 Thread 0x0000019ad6907190 4366       3       org.gradle.cache.internal.DefaultFileLockManager$DefaultFileLock::lockInformationRegion (15 bytes)
Event: 44.936 Thread 0x0000019ad6907190 nmethod 4366 0x0000019ac3b1e690 code [0x0000019ac3b1e8a0, 0x0000019ac3b1f018]
Event: 44.936 Thread 0x0000019ad6907190 4367       3       org.gradle.cache.internal.DefaultFileLockManager$DefaultFileLock$$Lambda$103/0x0000019ad811a0c8::<init> (15 bytes)
Event: 44.936 Thread 0x0000019ad6907190 nmethod 4367 0x0000019ac3b1f290 code [0x0000019ac3b1f440, 0x0000019ac3b1f658]
Event: 44.936 Thread 0x0000019ad6907190 4368  s    3       sun.nio.ch.FileLockImpl::release (78 bytes)

GC Heap History (8 events):
Event: 5.895 GC heap before
{Heap before GC invocations=0 (full 0):
 garbage-first heap   total 262144K, used 22528K [0x00000000e0000000, 0x0000000100000000)
  region size 1024K, 23 young (23552K), 0 survivors (0K)
 Metaspace       used 1074K, committed 1216K, reserved 393216K
  class space    used 72K, committed 128K, reserved 327680K
}
Event: 6.137 GC heap after
{Heap after GC invocations=1 (full 0):
 garbage-first heap   total 262144K, used 2200K [0x00000000e0000000, 0x0000000100000000)
  region size 1024K, 3 young (3072K), 3 survivors (3072K)
 Metaspace       used 1074K, committed 1216K, reserved 393216K
  class space    used 72K, committed 128K, reserved 327680K
}
Event: 9.083 GC heap before
{Heap before GC invocations=1 (full 0):
 garbage-first heap   total 262144K, used 38040K [0x00000000e0000000, 0x0000000100000000)
  region size 1024K, 36 young (36864K), 3 survivors (3072K)
 Metaspace       used 4371K, committed 4544K, reserved 393216K
  class space    used 546K, committed 640K, reserved 327680K
}
Event: 9.088 GC heap after
{Heap after GC invocations=2 (full 0):
 garbage-first heap   total 262144K, used 10855K [0x00000000e0000000, 0x0000000100000000)
  region size 1024K, 5 young (5120K), 5 survivors (5120K)
 Metaspace       used 4371K, committed 4544K, reserved 393216K
  class space    used 546K, committed 640K, reserved 327680K
}
Event: 10.912 GC heap before
{Heap before GC invocations=2 (full 0):
 garbage-first heap   total 262144K, used 55911K [0x00000000e0000000, 0x0000000100000000)
  region size 1024K, 47 young (48128K), 5 survivors (5120K)
 Metaspace       used 4455K, committed 4608K, reserved 393216K
  class space    used 547K, committed 640K, reserved 327680K
}
Event: 10.918 GC heap after
{Heap after GC invocations=3 (full 0):
 garbage-first heap   total 262144K, used 16371K [0x00000000e0000000, 0x0000000100000000)
  region size 1024K, 5 young (5120K), 5 survivors (5120K)
 Metaspace       used 4455K, committed 4608K, reserved 393216K
  class space    used 547K, committed 640K, reserved 327680K
}
Event: 27.910 GC heap before
{Heap before GC invocations=3 (full 0):
 garbage-first heap   total 262144K, used 131059K [0x00000000e0000000, 0x0000000100000000)
  region size 1024K, 118 young (120832K), 5 survivors (5120K)
 Metaspace       used 21141K, committed 21504K, reserved 393216K
  class space    used 3073K, committed 3264K, reserved 327680K
}
Event: 27.922 GC heap after
{Heap after GC invocations=4 (full 0):
 garbage-first heap   total 262144K, used 24018K [0x00000000e0000000, 0x0000000100000000)
  region size 1024K, 12 young (12288K), 12 survivors (12288K)
 Metaspace       used 21141K, committed 21504K, reserved 393216K
  class space    used 3073K, committed 3264K, reserved 327680K
}

Dll operation events (15 events):
Event: 0.215 Loaded shared library C:\Users\ASUS\.jdks\corretto-17.0.12\bin\java.dll
Event: 0.332 Loaded shared library C:\Users\ASUS\.jdks\corretto-17.0.12\bin\jsvml.dll
Event: 1.228 Loaded shared library C:\Users\ASUS\.jdks\corretto-17.0.12\bin\zip.dll
Event: 1.232 Loaded shared library C:\Users\ASUS\.jdks\corretto-17.0.12\bin\instrument.dll
Event: 1.355 Loaded shared library C:\Users\ASUS\.jdks\corretto-17.0.12\bin\net.dll
Event: 1.358 Loaded shared library C:\Users\ASUS\.jdks\corretto-17.0.12\bin\nio.dll
Event: 1.362 Loaded shared library C:\Users\ASUS\.jdks\corretto-17.0.12\bin\zip.dll
Event: 5.353 Loaded shared library C:\Users\ASUS\.jdks\corretto-17.0.12\bin\jimage.dll
Event: 6.472 Loaded shared library C:\Users\ASUS\.jdks\corretto-17.0.12\bin\verify.dll
Event: 6.623 Loaded shared library C:\Users\ASUS\.gradle\native\1def1411415f61bf3af743bc5b6707747c0891f09f0c88961ee8f79bc544acac\windows-amd64\native-platform.dll
Event: 6.658 Loaded shared library C:\Users\ASUS\.gradle\native\0.2.7\x86_64-windows-gnu\gradle-fileevents.dll
Event: 11.608 Loaded shared library C:\Users\ASUS\.jdks\corretto-17.0.12\bin\management.dll
Event: 11.613 Loaded shared library C:\Users\ASUS\.jdks\corretto-17.0.12\bin\management_ext.dll
Event: 16.013 Loaded shared library C:\Users\ASUS\.jdks\corretto-17.0.12\bin\extnet.dll
Event: 17.581 Loaded shared library C:\Users\ASUS\.jdks\corretto-17.0.12\bin\sunmscapi.dll

Deoptimization events (20 events):
Event: 37.773 Thread 0x0000019ad6d8d3e0 Uncommon trap: trap_request=0xffffff45 fr.pc=0x0000019acaf7f7d4 relative=0x0000000000001774
Event: 37.773 Thread 0x0000019ad6d8d3e0 Uncommon trap: reason=unstable_if action=reinterpret pc=0x0000019acaf7f7d4 method=java.util.concurrent.ConcurrentHashMap.computeIfAbsent(Ljava/lang/Object;Ljava/util/function/Function;)Ljava/lang/Object; @ 364 c2
Event: 37.773 Thread 0x0000019ad6d8d3e0 DEOPT PACKING pc=0x0000019acaf7f7d4 sp=0x0000008c0f6fa720
Event: 37.773 Thread 0x0000019ad6d8d3e0 DEOPT UNPACKING pc=0x0000019aca7d69a3 sp=0x0000008c0f6fa6b0 mode 2
Event: 43.458 Thread 0x0000019ad6d8d3e0 Uncommon trap: trap_request=0xffffffde fr.pc=0x0000019acae5a9a4 relative=0x0000000000000084
Event: 43.458 Thread 0x0000019ad6d8d3e0 Uncommon trap: reason=class_check action=maybe_recompile pc=0x0000019acae5a9a4 method=java.util.Collections$SetFromMap.remove(Ljava/lang/Object;)Z @ 5 c2
Event: 43.458 Thread 0x0000019ad6d8d3e0 DEOPT PACKING pc=0x0000019acae5a9a4 sp=0x0000008c0f6faf70
Event: 43.458 Thread 0x0000019ad6d8d3e0 DEOPT UNPACKING pc=0x0000019aca7d69a3 sp=0x0000008c0f6faf08 mode 2
Event: 43.537 Thread 0x0000019ad6d8d3e0 Uncommon trap: trap_request=0xffffffde fr.pc=0x0000019acafb6f00 relative=0x0000000000000060
Event: 43.537 Thread 0x0000019ad6d8d3e0 Uncommon trap: reason=class_check action=maybe_recompile pc=0x0000019acafb6f00 method=java.util.stream.StreamOpFlag.fromCharacteristics(Ljava/util/Spliterator;)I @ 14 c2
Event: 43.537 Thread 0x0000019ad6d8d3e0 DEOPT PACKING pc=0x0000019acafb6f00 sp=0x0000008c0f6f9c90
Event: 43.537 Thread 0x0000019ad6d8d3e0 DEOPT UNPACKING pc=0x0000019aca7d69a3 sp=0x0000008c0f6f9c28 mode 2
Event: 43.684 Thread 0x0000019ad6d8d3e0 Uncommon trap: trap_request=0xffffff45 fr.pc=0x0000019acad7e2ac relative=0x00000000000005ec
Event: 43.684 Thread 0x0000019ad6d8d3e0 Uncommon trap: reason=unstable_if action=reinterpret pc=0x0000019acad7e2ac method=java.util.HashMap.hash(Ljava/lang/Object;)I @ 1 c2
Event: 43.684 Thread 0x0000019ad6d8d3e0 DEOPT PACKING pc=0x0000019acad7e2ac sp=0x0000008c0f6f6e40
Event: 43.684 Thread 0x0000019ad6d8d3e0 DEOPT UNPACKING pc=0x0000019aca7d69a3 sp=0x0000008c0f6f6ce8 mode 2
Event: 43.825 Thread 0x0000019ad6d8d3e0 Uncommon trap: trap_request=0xffffffde fr.pc=0x0000019acaf843d0 relative=0x0000000000002e10
Event: 43.825 Thread 0x0000019ad6d8d3e0 Uncommon trap: reason=class_check action=maybe_recompile pc=0x0000019acaf843d0 method=java.util.regex.Pattern$CharProperty.study(Ljava/util/regex/Pattern$TreeInfo;)Z @ 25 c2
Event: 43.825 Thread 0x0000019ad6d8d3e0 DEOPT PACKING pc=0x0000019acaf843d0 sp=0x0000008c0f6f73d0
Event: 43.825 Thread 0x0000019ad6d8d3e0 DEOPT UNPACKING pc=0x0000019aca7d69a3 sp=0x0000008c0f6f72c8 mode 2

Classes loaded (20 events):
Event: 33.386 Loading class sun/reflect/generics/tree/ArrayTypeSignature
Event: 33.386 Loading class sun/reflect/generics/tree/ArrayTypeSignature done
Event: 33.390 Loading class com/sun/beans/finder/MethodFinder
Event: 33.391 Loading class com/sun/beans/finder/AbstractFinder
Event: 33.391 Loading class com/sun/beans/finder/AbstractFinder done
Event: 33.391 Loading class com/sun/beans/finder/MethodFinder done
Event: 33.391 Loading class com/sun/beans/finder/MethodFinder$1
Event: 33.391 Loading class com/sun/beans/finder/MethodFinder$1 done
Event: 33.391 Loading class com/sun/beans/finder/FinderUtils
Event: 33.391 Loading class com/sun/beans/finder/FinderUtils done
Event: 43.536 Loading class java/util/BitSet$1BitSetSpliterator
Event: 43.537 Loading class java/util/BitSet$1BitSetSpliterator done
Event: 43.642 Loading class java/lang/invoke/SerializedLambda
Event: 43.642 Loading class java/lang/invoke/SerializedLambda done
Event: 43.810 Loading class java/lang/SafeVarargs
Event: 43.810 Loading class java/lang/SafeVarargs done
Event: 43.856 Loading class jdk/internal/reflect/UnsafeStaticIntegerFieldAccessorImpl
Event: 43.856 Loading class jdk/internal/reflect/UnsafeStaticIntegerFieldAccessorImpl done
Event: 44.188 Loading class sun/nio/fs/WindowsException
Event: 44.192 Loading class sun/nio/fs/WindowsException done

Classes unloaded (0 events):
No events

Classes redefined (0 events):
No events

Internal exceptions (20 events):
Event: 33.187 Thread 0x0000019ad6d8d3e0 Exception <a 'java/lang/ClassNotFoundException'{0x00000000ea9dea30}: org/gradle/api/internal/project/AbstractPluginAwareBeanInfo> (0x00000000ea9dea30) 
thrown [s\src\hotspot\share\classfile\systemDictionary.cpp, line 256]
Event: 33.188 Thread 0x0000019ad6d8d3e0 Exception <a 'java/lang/ClassNotFoundException'{0x00000000ea9edcd0}: org/gradle/api/internal/project/AbstractPluginAwareCustomizer> (0x00000000ea9edcd0) 
thrown [s\src\hotspot\share\classfile\systemDictionary.cpp, line 256]
Event: 33.190 Thread 0x0000019ad6d8d3e0 Exception <a 'java/lang/ClassNotFoundException'{0x00000000ea8028f0}: org/gradle/invocation/DefaultGradleCustomizer> (0x00000000ea8028f0) 
thrown [s\src\hotspot\share\classfile\systemDictionary.cpp, line 256]
Event: 33.196 Thread 0x0000019ad6d8d3e0 Exception <a 'java/lang/ClassNotFoundException'{0x00000000ea843630}: org/gradle/invocation/DefaultGradle_DecoratedCustomizer> (0x00000000ea843630) 
thrown [s\src\hotspot\share\classfile\systemDictionary.cpp, line 256]
Event: 33.383 Thread 0x0000019ad6d8d3e0 Exception <a 'java/lang/ClassNotFoundException'{0x00000000ea41c990}: groovy/lang/Closure$1BeanInfo> (0x00000000ea41c990) 
thrown [s\src\hotspot\share\classfile\systemDictionary.cpp, line 256]
Event: 33.384 Thread 0x0000019ad6d8d3e0 Exception <a 'java/lang/ClassNotFoundException'{0x00000000ea438ac8}: groovy/lang/ClosureBeanInfo> (0x00000000ea438ac8) 
thrown [s\src\hotspot\share\classfile\systemDictionary.cpp, line 256]
Event: 33.385 Thread 0x0000019ad6d8d3e0 Exception <a 'java/lang/ClassNotFoundException'{0x00000000ea454b08}: groovy/lang/ClosureCustomizer> (0x00000000ea454b08) 
thrown [s\src\hotspot\share\classfile\systemDictionary.cpp, line 256]
Event: 33.390 Thread 0x0000019ad6d8d3e0 Exception <a 'java/lang/ClassNotFoundException'{0x00000000ea4949f8}: groovy/lang/Closure$1Customizer> (0x00000000ea4949f8) 
thrown [s\src\hotspot\share\classfile\systemDictionary.cpp, line 256]
Event: 43.258 Thread 0x0000019ad6d8d3e0 Exception <a 'java/lang/ClassNotFoundException'{0x00000000e9f04a58}: ijresolvers1_53sderka6ohh3rexh13m08x4oBeanInfo> (0x00000000e9f04a58) 
thrown [s\src\hotspot\share\classfile\systemDictionary.cpp, line 256]
Event: 43.259 Thread 0x0000019ad6d8d3e0 Exception <a 'java/lang/ClassNotFoundException'{0x00000000e9f0b300}: ijresolvers1_53sderka6ohh3rexh13m08x4oCustomizer> (0x00000000e9f0b300) 
thrown [s\src\hotspot\share\classfile\systemDictionary.cpp, line 256]
Event: 43.371 Thread 0x0000019ad6d8d3e0 Exception <a 'java/lang/ClassNotFoundException'{0x00000000e9f99198}: SetupUtpTestResultListenerActionBeanInfo> (0x00000000e9f99198) 
thrown [s\src\hotspot\share\classfile\systemDictionary.cpp, line 256]
Event: 43.372 Thread 0x0000019ad6d8d3e0 Exception <a 'java/lang/ClassNotFoundException'{0x00000000e9f9fc60}: SetupUtpTestResultListenerActionCustomizer> (0x00000000e9f9fc60) 
thrown [s\src\hotspot\share\classfile\systemDictionary.cpp, line 256]
Event: 43.426 Thread 0x0000019ad6d8d3e0 Exception <a 'java/lang/ClassNotFoundException'{0x00000000e9e28b70}: org/gradle/execution/taskgraph/DefaultTaskExecutionGraphBeanInfo> (0x00000000e9e28b70) 
thrown [s\src\hotspot\share\classfile\systemDictionary.cpp, line 256]
Event: 43.432 Thread 0x0000019ad6d8d3e0 Exception <a 'java/lang/ClassNotFoundException'{0x00000000e9e37f58}: org/gradle/execution/taskgraph/DefaultTaskExecutionGraphCustomizer> (0x00000000e9e37f58) 
thrown [s\src\hotspot\share\classfile\systemDictionary.cpp, line 256]
Event: 43.684 Thread 0x0000019ad6d8d3e0 Implicit null exception at 0x0000019acad7dd0f to 0x0000019acad7e28c
Event: 43.849 Thread 0x0000019ad6d8d3e0 Exception <a 'java/lang/NoSuchMethodError'{0x00000000e991b9c0}: 'java.lang.Object java.lang.invoke.DirectMethodHandle$Holder.newInvokeSpecial(java.lang.Object, java.lang.Object, int, int)'> (0x00000000e991b9c0) 
thrown [s\src\hotspot\share\interpreter\linkResolver.cpp, line 759]
Event: 44.192 Thread 0x0000019ad6d8d3e0 Exception <a 'sun/nio/fs/WindowsException'{0x00000000e9875390}> (0x00000000e9875390) 
thrown [s\src\hotspot\share\prims\jni.cpp, line 516]
Event: 44.193 Thread 0x0000019ad6d8d3e0 Exception <a 'sun/nio/fs/WindowsException'{0x00000000e9876950}> (0x00000000e9876950) 
thrown [s\src\hotspot\share\prims\jni.cpp, line 516]
Event: 44.194 Thread 0x0000019ad6d8d3e0 Exception <a 'sun/nio/fs/WindowsException'{0x00000000e9877ec8}> (0x00000000e9877ec8) 
thrown [s\src\hotspot\share\prims\jni.cpp, line 516]
Event: 44.197 Thread 0x0000019ad6d8d3e0 Exception <a 'sun/nio/fs/WindowsException'{0x00000000e9879460}> (0x00000000e9879460) 
thrown [s\src\hotspot\share\prims\jni.cpp, line 516]

VM Operations (20 events):
Event: 33.960 Executing VM operation: Cleanup
Event: 33.960 Executing VM operation: Cleanup done
Event: 34.977 Executing VM operation: Cleanup
Event: 34.977 Executing VM operation: Cleanup done
Event: 35.990 Executing VM operation: Cleanup
Event: 35.990 Executing VM operation: Cleanup done
Event: 36.992 Executing VM operation: Cleanup
Event: 36.993 Executing VM operation: Cleanup done
Event: 38.007 Executing VM operation: Cleanup
Event: 38.008 Executing VM operation: Cleanup done
Event: 39.017 Executing VM operation: Cleanup
Event: 39.017 Executing VM operation: Cleanup done
Event: 40.030 Executing VM operation: Cleanup
Event: 40.030 Executing VM operation: Cleanup done
Event: 43.059 Executing VM operation: Cleanup
Event: 43.138 Executing VM operation: Cleanup done
Event: 43.695 Executing VM operation: HandshakeAllThreads
Event: 43.797 Executing VM operation: HandshakeAllThreads done
Event: 44.810 Executing VM operation: Cleanup
Event: 44.810 Executing VM operation: Cleanup done

Events (20 events):
Event: 28.033 Thread 0x0000019af3620190 Thread added: 0x0000019af3620190
Event: 28.310 Thread 0x0000019af0c9eec0 Thread added: 0x0000019af0c9eec0
Event: 28.331 Thread 0x0000019af0ca1c50 Thread added: 0x0000019af0ca1c50
Event: 28.405 Thread 0x0000019af3620190 Thread exited: 0x0000019af3620190
Event: 28.669 Thread 0x0000019af3a1e010 Thread exited: 0x0000019af3a1e010
Event: 29.302 Thread 0x0000019af38acf90 Thread added: 0x0000019af38acf90
Event: 29.547 Thread 0x0000019af0c9fdf0 Thread added: 0x0000019af0c9fdf0
Event: 29.656 Thread 0x0000019af38acf90 Thread exited: 0x0000019af38acf90
Event: 31.041 Thread 0x0000019af0ca2160 Thread added: 0x0000019af0ca2160
Event: 31.452 Thread 0x0000019af38ada30 Thread added: 0x0000019af38ada30
Event: 31.874 Thread 0x0000019af38adf80 Thread added: 0x0000019af38adf80
Event: 32.978 Thread 0x0000019af0ca2670 Thread added: 0x0000019af0ca2670
Event: 33.081 Thread 0x0000019af0ca0300 Thread added: 0x0000019af0ca0300
Event: 33.701 Thread 0x0000019af38adf80 Thread exited: 0x0000019af38adf80
Event: 33.701 Thread 0x0000019af38ada30 Thread exited: 0x0000019af38ada30
Event: 37.068 Thread 0x0000019af0ca0d20 Thread added: 0x0000019af0ca0d20
Event: 42.591 Thread 0x0000019af0c9f8e0 Thread added: 0x0000019af0c9f8e0
Event: 43.261 Thread 0x0000019af38ada30 Thread added: 0x0000019af38ada30
Event: 43.444 Thread 0x0000019af38ada30 Thread exited: 0x0000019af38ada30
Event: 43.814 Thread 0x0000019af38ada30 Thread added: 0x0000019af38ada30


Dynamic libraries:
0x00007ff67e090000 - 0x00007ff67e09e000 	C:\Users\ASUS\.jdks\corretto-17.0.12\bin\java.exe
0x00007fffb2180000 - 0x00007fffb23e8000 	C:\WINDOWS\SYSTEM32\ntdll.dll
0x00007fffb0360000 - 0x00007fffb0429000 	C:\WINDOWS\System32\KERNEL32.DLL
0x00007fffaf7c0000 - 0x00007fffafbb8000 	C:\WINDOWS\System32\KERNELBASE.dll
0x00007fffaf670000 - 0x00007fffaf7bb000 	C:\WINDOWS\System32\ucrtbase.dll
0x00007fff9e910000 - 0x00007fff9e927000 	C:\Users\ASUS\.jdks\corretto-17.0.12\bin\jli.dll
0x00007fffb0580000 - 0x00007fffb0747000 	C:\WINDOWS\System32\USER32.dll
0x00007fffaf2d0000 - 0x00007fffaf2f7000 	C:\WINDOWS\System32\win32u.dll
0x00007fffb0e20000 - 0x00007fffb0e4b000 	C:\WINDOWS\System32\GDI32.dll
0x00007fffafdf0000 - 0x00007fffaff1c000 	C:\WINDOWS\System32\gdi32full.dll
0x00007fffaf3c0000 - 0x00007fffaf463000 	C:\WINDOWS\System32\msvcp_win.dll
0x00007fff9ed40000 - 0x00007fff9ed5b000 	C:\Users\ASUS\.jdks\corretto-17.0.12\bin\VCRUNTIME140.dll
0x00007fff9b490000 - 0x00007fff9b724000 	C:\WINDOWS\WinSxS\amd64_microsoft.windows.common-controls_6595b64144ccf1df_6.0.26100.7019_none_3e06ffa0e335b8a8\COMCTL32.dll
0x00007fffb16f0000 - 0x00007fffb1799000 	C:\WINDOWS\System32\msvcrt.dll
0x00007fffb17a0000 - 0x00007fffb17d1000 	C:\WINDOWS\System32\IMM32.DLL
0x00007fff9ed30000 - 0x00007fff9ed3c000 	C:\Users\ASUS\.jdks\corretto-17.0.12\bin\vcruntime140_1.dll
0x00007fff870f0000 - 0x00007fff8717d000 	C:\Users\ASUS\.jdks\corretto-17.0.12\bin\msvcp140.dll
0x00007fff386c0000 - 0x00007fff3932a000 	C:\Users\ASUS\.jdks\corretto-17.0.12\bin\server\jvm.dll
0x00007fffb0e60000 - 0x00007fffb0f14000 	C:\WINDOWS\System32\ADVAPI32.dll
0x00007fffb02b0000 - 0x00007fffb0356000 	C:\WINDOWS\System32\sechost.dll
0x00007fffb0750000 - 0x00007fffb0868000 	C:\WINDOWS\System32\RPCRT4.dll
0x00007fffb20c0000 - 0x00007fffb2134000 	C:\WINDOWS\System32\WS2_32.dll
0x00007fffaf130000 - 0x00007fffaf18e000 	C:\WINDOWS\SYSTEM32\POWRPROF.dll
0x00007fffa3630000 - 0x00007fffa3665000 	C:\WINDOWS\SYSTEM32\WINMM.dll
0x00007fffa79a0000 - 0x00007fffa79ab000 	C:\WINDOWS\SYSTEM32\VERSION.dll
0x00007fffaf110000 - 0x00007fffaf124000 	C:\WINDOWS\SYSTEM32\UMPDC.dll
0x00007fffae050000 - 0x00007fffae06b000 	C:\WINDOWS\SYSTEM32\kernel.appcore.dll
0x00007fff9e2d0000 - 0x00007fff9e2da000 	C:\Users\ASUS\.jdks\corretto-17.0.12\bin\jimage.dll
0x00007fffa3a40000 - 0x00007fffa3c82000 	C:\WINDOWS\SYSTEM32\DBGHELP.DLL
0x00007fffaff20000 - 0x00007fffb02ab000 	C:\WINDOWS\System32\combase.dll
0x00007fffb13b0000 - 0x00007fffb1487000 	C:\WINDOWS\System32\OLEAUT32.dll
0x00007fff9a3c0000 - 0x00007fff9a3fc000 	C:\WINDOWS\SYSTEM32\dbgcore.DLL
0x00007fffafd40000 - 0x00007fffafde5000 	C:\WINDOWS\System32\bcryptPrimitives.dll
0x00007fff9e9e0000 - 0x00007fff9e9ee000 	C:\Users\ASUS\.jdks\corretto-17.0.12\bin\instrument.dll
0x00007fff9e2a0000 - 0x00007fff9e2c5000 	C:\Users\ASUS\.jdks\corretto-17.0.12\bin\java.dll
0x00007fff78810000 - 0x00007fff788e7000 	C:\Users\ASUS\.jdks\corretto-17.0.12\bin\jsvml.dll
0x00007fffb1960000 - 0x00007fffb20af000 	C:\WINDOWS\System32\SHELL32.dll
0x00007fffaf470000 - 0x00007fffaf5db000 	C:\WINDOWS\System32\wintypes.dll
0x00007fffaced0000 - 0x00007fffad72d000 	C:\WINDOWS\SYSTEM32\windows.storage.dll
0x00007fffb0430000 - 0x00007fffb0522000 	C:\WINDOWS\System32\SHCORE.dll
0x00007fffb0f20000 - 0x00007fffb0f87000 	C:\WINDOWS\System32\shlwapi.dll
0x00007fffaf1f0000 - 0x00007fffaf219000 	C:\WINDOWS\SYSTEM32\profapi.dll
0x00007fff9db80000 - 0x00007fff9db98000 	C:\Users\ASUS\.jdks\corretto-17.0.12\bin\zip.dll
0x00007fff9e1b0000 - 0x00007fff9e1c9000 	C:\Users\ASUS\.jdks\corretto-17.0.12\bin\net.dll
0x00007fffa8df0000 - 0x00007fffa8f18000 	C:\WINDOWS\SYSTEM32\WINHTTP.dll
0x00007fffae5a0000 - 0x00007fffae60b000 	C:\WINDOWS\system32\mswsock.dll
0x00007fff9de00000 - 0x00007fff9de16000 	C:\Users\ASUS\.jdks\corretto-17.0.12\bin\nio.dll
0x00007fff9e1a0000 - 0x00007fff9e1b0000 	C:\Users\ASUS\.jdks\corretto-17.0.12\bin\verify.dll
0x00007fff9e9f0000 - 0x00007fff9ea17000 	C:\Users\ASUS\.gradle\native\1def1411415f61bf3af743bc5b6707747c0891f09f0c88961ee8f79bc544acac\windows-amd64\native-platform.dll
0x00007fff876c0000 - 0x00007fff87738000 	C:\Users\ASUS\.gradle\native\0.2.7\x86_64-windows-gnu\gradle-fileevents.dll
0x00007fff9e960000 - 0x00007fff9e969000 	C:\Users\ASUS\.jdks\corretto-17.0.12\bin\management.dll
0x00007fff9e950000 - 0x00007fff9e95b000 	C:\Users\ASUS\.jdks\corretto-17.0.12\bin\management_ext.dll
0x00007fffb0e10000 - 0x00007fffb0e18000 	C:\WINDOWS\System32\PSAPI.DLL
0x00007fffada40000 - 0x00007fffada74000 	C:\WINDOWS\SYSTEM32\IPHLPAPI.DLL
0x00007fffb0970000 - 0x00007fffb097a000 	C:\WINDOWS\System32\NSI.dll
0x00007fffa8520000 - 0x00007fffa853e000 	C:\WINDOWS\SYSTEM32\dhcpcsvc6.DLL
0x00007fffa84f0000 - 0x00007fffa8513000 	C:\WINDOWS\SYSTEM32\dhcpcsvc.DLL
0x00007fffadad0000 - 0x00007fffadbfc000 	C:\WINDOWS\SYSTEM32\DNSAPI.dll
0x00007fffa1660000 - 0x00007fffa1669000 	C:\Users\ASUS\.jdks\corretto-17.0.12\bin\extnet.dll
0x00007fffae990000 - 0x00007fffae9ab000 	C:\WINDOWS\SYSTEM32\CRYPTSP.dll
0x00007fffadfb0000 - 0x00007fffadfea000 	C:\WINDOWS\system32\rsaenh.dll
0x00007fffae650000 - 0x00007fffae67b000 	C:\WINDOWS\SYSTEM32\USERENV.dll
0x00007fffaf1c0000 - 0x00007fffaf1ea000 	C:\WINDOWS\SYSTEM32\bcrypt.dll
0x00007fffae7f0000 - 0x00007fffae7fc000 	C:\WINDOWS\SYSTEM32\CRYPTBASE.dll
0x00007fff9e160000 - 0x00007fff9e16e000 	C:\Users\ASUS\.jdks\corretto-17.0.12\bin\sunmscapi.dll
0x00007fffafbc0000 - 0x00007fffafd37000 	C:\WINDOWS\System32\CRYPT32.dll
0x00007fffaeae0000 - 0x00007fffaeb10000 	C:\WINDOWS\SYSTEM32\ncrypt.dll
0x00007fffaea90000 - 0x00007fffaeacf000 	C:\WINDOWS\SYSTEM32\NTASN1.dll
0x00007fff1c390000 - 0x00007fff1c398000 	C:\WINDOWS\system32\wshunix.dll

dbghelp: loaded successfully - version: 4.0.5 - missing functions: none
symbol engine: initialized successfully - sym options: 0x614 - pdb path: .;C:\Users\ASUS\.jdks\corretto-17.0.12\bin;C:\WINDOWS\SYSTEM32;C:\WINDOWS\WinSxS\amd64_microsoft.windows.common-controls_6595b64144ccf1df_6.0.26100.7019_none_3e06ffa0e335b8a8;C:\Users\ASUS\.jdks\corretto-17.0.12\bin\server;C:\Users\ASUS\.gradle\native\1def1411415f61bf3af743bc5b6707747c0891f09f0c88961ee8f79bc544acac\windows-amd64;C:\Users\ASUS\.gradle\native\0.2.7\x86_64-windows-gnu

VM Arguments:
jvm_args: --add-opens=java.base/java.lang=ALL-UNNAMED --add-opens=java.base/java.lang.invoke=ALL-UNNAMED --add-opens=java.base/java.util=ALL-UNNAMED --add-opens=java.prefs/java.util.prefs=ALL-UNNAMED --add-exports=jdk.compiler/com.sun.tools.javac.api=ALL-UNNAMED --add-exports=jdk.compiler/com.sun.tools.javac.util=ALL-UNNAMED --add-opens=java.base/java.util=ALL-UNNAMED --add-opens=java.prefs/java.util.prefs=ALL-UNNAMED --add-opens=java.base/java.nio.charset=ALL-UNNAMED --add-opens=java.base/java.net=ALL-UNNAMED --add-opens=java.base/java.util.concurrent.atomic=ALL-UNNAMED --add-opens=java.xml/javax.xml.namespace=ALL-UNNAMED -XX:MaxMetaspaceSize=384m -XX:+HeapDumpOnOutOfMemoryError -Xms256m -Xmx512m -Dfile.encoding=windows-1252 -Duser.country=PE -Duser.language=es -Duser.variant -javaagent:C:\Users\ASUS\.gradle\wrapper\dists\gradle-8.14.3-bin\cv11ve7ro1n3o1j4so8xd9n66\gradle-8.14.3\lib\agents\gradle-instrumentation-agent-8.14.3.jar 
java_command: org.gradle.launcher.daemon.bootstrap.GradleDaemon 8.14.3
java_class_path (initial): C:\Users\ASUS\.gradle\wrapper\dists\gradle-8.14.3-bin\cv11ve7ro1n3o1j4so8xd9n66\gradle-8.14.3\lib\gradle-daemon-main-8.14.3.jar
Launcher Type: SUN_STANDARD

[Global flags]
     intx CICompilerCount                          = 4                                         {product} {ergonomic}
   size_t CompressedClassSpaceSize                 = 335544320                                 {product} {ergonomic}
     uint ConcGCThreads                            = 2                                         {product} {ergonomic}
     uint G1ConcRefinementThreads                  = 8                                         {product} {ergonomic}
   size_t G1HeapRegionSize                         = 1048576                                   {product} {ergonomic}
    uintx GCDrainStackTargetSize                   = 64                                        {product} {ergonomic}
     bool HeapDumpOnOutOfMemoryError               = true                                   {manageable} {command line}
   size_t InitialHeapSize                          = 268435456                                 {product} {command line}
   size_t MarkStackSize                            = 4194304                                   {product} {ergonomic}
   size_t MaxHeapSize                              = 536870912                                 {product} {command line}
   size_t MaxMetaspaceSize                         = 402653184                                 {product} {command line}
   size_t MaxNewSize                               = 321912832                                 {product} {ergonomic}
   size_t MinHeapDeltaBytes                        = 1048576                                   {product} {ergonomic}
   size_t MinHeapSize                              = 268435456                                 {product} {command line}
    uintx NonNMethodCodeHeapSize                   = 5839372                                {pd product} {ergonomic}
    uintx NonProfiledCodeHeapSize                  = 122909434                              {pd product} {ergonomic}
    uintx ProfiledCodeHeapSize                     = 122909434                              {pd product} {ergonomic}
    uintx ReservedCodeCacheSize                    = 251658240                              {pd product} {ergonomic}
     bool SegmentedCodeCache                       = true                                      {product} {ergonomic}
   size_t SoftMaxHeapSize                          = 536870912                              {manageable} {ergonomic}
     bool UseCompressedClassPointers               = true                           {product lp64_product} {ergonomic}
     bool UseCompressedOops                        = true                           {product lp64_product} {ergonomic}
     bool UseG1GC                                  = true                                      {product} {ergonomic}
     bool UseLargePagesIndividualAllocation        = false                                  {pd product} {ergonomic}

Logging:
Log output configuration:
 #0: stdout all=warning uptime,level,tags
 #1: stderr all=off uptime,level,tags

Environment Variables:
PATH=C:\Program Files\Common Files\Oracle\Java\javapath;%JAVA_HOME%\bin;C:\WINDOWS\system32;C:\WINDOWS;C:\WINDOWS\System32\Wbem;C:\WINDOWS\System32\WindowsPowerShell\v1.0\;C:\WINDOWS\System32\OpenSSH\;C:\Program Files\Docker\Docker\resources\bin;C:\Program Files\dotnet\;C:\Program Files\apache-maven-3.9.9\bin;C:\Program Files\Git\cmd;C:\Users\ASUS\AppData\Local\Microsoft\WindowsApps;C:\Users\ASUS\AppData\Local\Programs\Microsoft VS Code\bin;C:\Users\ASUS\AppData\Local\Programs\mongosh\;;C:\Users\ASUS\.deno\bin
USERNAME=ASUS
OS=Windows_NT
PROCESSOR_IDENTIFIER=Intel64 Family 6 Model 158 Stepping 10, GenuineIntel
TMP=C:\Users\ASUS\AppData\Local\Temp
TEMP=C:\Users\ASUS\AppData\Local\Temp



Periodic native trim disabled


---------------  S Y S T E M  ---------------

OS:
 Windows 11 , 64 bit Build 26100 (10.0.26100.7019)
OS uptime: 1 days 5:56 hours
Hyper-V role detected

CPU: total 8 (initial active 8) (4 cores per cpu, 2 threads per core) family 6 model 158 stepping 10 microcode 0xde, cx8, cmov, fxsr, ht, mmx, 3dnowpref, sse, sse2, sse3, ssse3, sse4.1, sse4.2, popcnt, lzcnt, tsc, tscinvbit, avx, avx2, aes, erms, clmul, bmi1, bmi2, adx, fma, vzeroupper, clflush, clflushopt, hv
Processor Information for all 8 processors :
  Max Mhz: 2304, Current Mhz: 2304, Mhz Limit: 2304

Memory: 4k page, system-wide physical 32623M (9873M free)
TotalPageFile size 34671M (AvailPageFile size 53M)
current process WorkingSet (physical memory assigned to process): 293M, peak: 322M
current process commit charge ("private bytes"): 450M, peak: 479M

vm_info: OpenJDK 64-Bit Server VM (17.0.12+7-LTS) for windows-amd64 JRE (17.0.12+7-LTS), built on Jul 10 2024 20:46:33 by "Administrator" with MS VC++ 16.10 / 16.11 (VS2019)

END.
