#
# There is insufficient memory for the Java Runtime Environment to continue.
# Native memory allocation (malloc) failed to allocate 1376688 bytes. Error detail: Chunk::new
# Possible reasons:
#   The system is out of physical RAM or swap space
#   This process is running with CompressedOops enabled, and the Java Heap may be blocking the growth of the native heap
# Possible solutions:
#   Reduce memory load on the system
#   Increase physical memory or swap space
#   Check if swap backing store is full
#   Decrease Java heap size (-Xmx/-Xms)
#   Decrease number of Java threads
#   Decrease Java thread stack sizes (-Xss)
#   Set larger code cache with -XX:ReservedCodeCacheSize=
#   JVM is running with Unscaled Compressed Oops mode in which the Java heap is
#     placed in the first 4GB address space. The Java Heap base address is the
#     maximum limit for the native heap growth. Please use -XX:HeapBaseMinAddress
#     to set the Java Heap base and to place the Java Heap above 4GB virtual address.
# This output file may be truncated or incomplete.
#
#  Out of Memory Error (arena.cpp:191), pid=14220, tid=13360
#
# JRE version: OpenJDK Runtime Environment Corretto-17.0.12.7.1 (17.0.12+7) (build 17.0.12+7-LTS)
# Java VM: OpenJDK 64-Bit Server VM Corretto-17.0.12.7.1 (17.0.12+7-LTS, mixed mode, sharing, tiered, compressed oops, compressed class ptrs, g1 gc, windows-amd64)
# No core dump will be written. Minidumps are not enabled by default on client versions of Windows
#

---------------  S U M M A R Y ------------

Command Line: --add-opens=java.base/java.lang=ALL-UNNAMED --add-opens=java.base/java.lang.invoke=ALL-UNNAMED --add-opens=java.base/java.util=ALL-UNNAMED --add-opens=java.prefs/java.util.prefs=ALL-UNNAMED --add-exports=jdk.compiler/com.sun.tools.javac.api=ALL-UNNAMED --add-exports=jdk.compiler/com.sun.tools.javac.util=ALL-UNNAMED --add-opens=java.base/java.util=ALL-UNNAMED --add-opens=java.prefs/java.util.prefs=ALL-UNNAMED --add-opens=java.base/java.nio.charset=ALL-UNNAMED --add-opens=java.base/java.net=ALL-UNNAMED --add-opens=java.base/java.util.concurrent.atomic=ALL-UNNAMED --add-opens=java.xml/javax.xml.namespace=ALL-UNNAMED -XX:MaxMetaspaceSize=384m -XX:+HeapDumpOnOutOfMemoryError -Xms256m -Xmx512m -Dfile.encoding=windows-1252 -Duser.country=PE -Duser.language=es -Duser.variant -javaagent:C:\Users\ASUS\.gradle\wrapper\dists\gradle-8.14.3-bin\cv11ve7ro1n3o1j4so8xd9n66\gradle-8.14.3\lib\agents\gradle-instrumentation-agent-8.14.3.jar org.gradle.launcher.daemon.bootstrap.GradleDaemon 8.14.3

Host: Intel(R) Core(TM) i5-8300H CPU @ 2.30GHz, 8 cores, 31G,  Windows 11 , 64 bit Build 26100 (10.0.26100.7019)
Time: Wed Nov 19 18:49:42 2025 Hora est. Pacífico, Sudamérica elapsed time: 47.538668 seconds (0d 0h 0m 47s)

---------------  T H R E A D  ---------------

Current thread (0x0000026e1cb84b30):  JavaThread "C2 CompilerThread0" daemon [_thread_in_native, id=13360, stack(0x000000ef8ca00000,0x000000ef8cb00000)]


Current CompileTask:
C2:  47538 3015   !   4       java.net.URL::<init> (543 bytes)

Stack: [0x000000ef8ca00000,0x000000ef8cb00000]
Native frames: (J=compiled Java code, j=interpreted, Vv=VM code, C=native code)
V  [jvm.dll+0x67f4f9]
V  [jvm.dll+0x836eaa]
V  [jvm.dll+0x83896e]
V  [jvm.dll+0x838fd3]
V  [jvm.dll+0x247f6f]
V  [jvm.dll+0xac9d4]
V  [jvm.dll+0xad01c]
V  [jvm.dll+0x367097]
V  [jvm.dll+0x33156a]
V  [jvm.dll+0x330a0a]
V  [jvm.dll+0x21a501]
V  [jvm.dll+0x219941]
V  [jvm.dll+0x1a57bd]
V  [jvm.dll+0x22966d]
V  [jvm.dll+0x22781c]
V  [jvm.dll+0x7ebec7]
V  [jvm.dll+0x7e62ac]
V  [jvm.dll+0x67e3c7]
C  [ucrtbase.dll+0x37b0]
C  [KERNEL32.DLL+0x2e8d7]
C  [ntdll.dll+0x8c53c]


---------------  P R O C E S S  ---------------

Threads class SMR info:
_java_thread_list=0x0000026e374a6780, length=30, elements={
0x0000026e01fe4ec0, 0x0000026e1cb6be10, 0x0000026e1cb6d080, 0x0000026e1cb804b0,
0x0000026e1cb82d90, 0x0000026e1cb83660, 0x0000026e1cb83f30, 0x0000026e1cb84b30,
0x0000026e1cb96310, 0x0000026e1cb993d0, 0x0000026e1cb583b0, 0x0000026e361b03e0,
0x0000026e37307630, 0x0000026e3670e770, 0x0000026e37f273b0, 0x0000026e372fb850,
0x0000026e362d6be0, 0x0000026e37410980, 0x0000026e374113a0, 0x0000026e374122d0,
0x0000026e3740f540, 0x0000026e37410470, 0x0000026e3740ff60, 0x0000026e374118b0,
0x0000026e37410e90, 0x0000026e3740f030, 0x0000026e3740fa50, 0x0000026e38534060,
0x0000026e38536df0, 0x0000026e385359b0
}

Java Threads: ( => current thread )
  0x0000026e01fe4ec0 JavaThread "main" [_thread_blocked, id=6340, stack(0x000000ef8bd00000,0x000000ef8be00000)]
  0x0000026e1cb6be10 JavaThread "Reference Handler" daemon [_thread_blocked, id=23840, stack(0x000000ef8c400000,0x000000ef8c500000)]
  0x0000026e1cb6d080 JavaThread "Finalizer" daemon [_thread_blocked, id=34416, stack(0x000000ef8c500000,0x000000ef8c600000)]
  0x0000026e1cb804b0 JavaThread "Signal Dispatcher" daemon [_thread_blocked, id=35572, stack(0x000000ef8c600000,0x000000ef8c700000)]
  0x0000026e1cb82d90 JavaThread "Attach Listener" daemon [_thread_blocked, id=17116, stack(0x000000ef8c700000,0x000000ef8c800000)]
  0x0000026e1cb83660 JavaThread "Service Thread" daemon [_thread_blocked, id=8616, stack(0x000000ef8c800000,0x000000ef8c900000)]
  0x0000026e1cb83f30 JavaThread "Monitor Deflation Thread" daemon [_thread_blocked, id=11384, stack(0x000000ef8c900000,0x000000ef8ca00000)]
=>0x0000026e1cb84b30 JavaThread "C2 CompilerThread0" daemon [_thread_in_native, id=13360, stack(0x000000ef8ca00000,0x000000ef8cb00000)]
  0x0000026e1cb96310 JavaThread "C1 CompilerThread0" daemon [_thread_blocked, id=13528, stack(0x000000ef8cb00000,0x000000ef8cc00000)]
  0x0000026e1cb993d0 JavaThread "Sweeper thread" daemon [_thread_blocked, id=30592, stack(0x000000ef8cc00000,0x000000ef8cd00000)]
  0x0000026e1cb583b0 JavaThread "Common-Cleaner" daemon [_thread_blocked, id=28924, stack(0x000000ef8cd00000,0x000000ef8ce00000)]
  0x0000026e361b03e0 JavaThread "Notification Thread" daemon [_thread_blocked, id=12204, stack(0x000000ef8ce00000,0x000000ef8cf00000)]
  0x0000026e37307630 JavaThread "Daemon health stats" [_thread_blocked, id=23504, stack(0x000000ef8d000000,0x000000ef8d100000)]
  0x0000026e3670e770 JavaThread "Incoming local TCP Connector on port 54790" [_thread_in_native, id=28808, stack(0x000000ef8d100000,0x000000ef8d200000)]
  0x0000026e37f273b0 JavaThread "Daemon periodic checks" [_thread_blocked, id=33976, stack(0x000000ef8d700000,0x000000ef8d800000)]
  0x0000026e372fb850 JavaThread "Daemon" [_thread_blocked, id=27612, stack(0x000000ef8d800000,0x000000ef8d900000)]
  0x0000026e362d6be0 JavaThread "Handler for socket connection from /127.0.0.1:54790 to /127.0.0.1:54791" [_thread_in_native, id=15368, stack(0x000000ef8d900000,0x000000ef8da00000)]
  0x0000026e37410980 JavaThread "Cancel handler" [_thread_blocked, id=34620, stack(0x000000ef8da00000,0x000000ef8db00000)]
  0x0000026e374113a0 JavaThread "Daemon worker" [_thread_blocked, id=37652, stack(0x000000ef8db00000,0x000000ef8dc00000)]
  0x0000026e374122d0 JavaThread "Asynchronous log dispatcher for DefaultDaemonConnection: socket connection from /127.0.0.1:54790 to /127.0.0.1:54791" [_thread_blocked, id=3760, stack(0x000000ef8dc00000,0x000000ef8dd00000)]
  0x0000026e3740f540 JavaThread "Stdin handler" [_thread_blocked, id=31280, stack(0x000000ef8dd00000,0x000000ef8de00000)]
  0x0000026e37410470 JavaThread "Daemon client event forwarder" [_thread_blocked, id=24468, stack(0x000000ef8de00000,0x000000ef8df00000)]
  0x0000026e3740ff60 JavaThread "Cache worker for journal cache (C:\Users\ASUS\.gradle\caches\journal-1)" [_thread_blocked, id=16140, stack(0x000000ef8df00000,0x000000ef8e000000)]
  0x0000026e374118b0 JavaThread "File lock request listener" [_thread_in_native, id=24824, stack(0x000000ef8e000000,0x000000ef8e100000)]
  0x0000026e37410e90 JavaThread "Cache worker for file hash cache (C:\Users\ASUS\.gradle\caches\8.14.3\fileHashes)" [_thread_blocked, id=24964, stack(0x000000ef8e100000,0x000000ef8e200000)]
  0x0000026e3740f030 JavaThread "File lock release action executor" [_thread_in_vm, id=22948, stack(0x000000ef8e200000,0x000000ef8e300000)]
  0x0000026e3740fa50 JavaThread "Cache worker for file hash cache (D:\scotiabank\challengue\.gradle\8.14.3\fileHashes)" [_thread_blocked, id=22908, stack(0x000000ef8e300000,0x000000ef8e400000)]
  0x0000026e38534060 JavaThread "Cache worker for Build Output Cleanup Cache (D:\scotiabank\challengue\.gradle\buildOutputCleanup)" [_thread_blocked, id=32036, stack(0x000000ef8e400000,0x000000ef8e500000)]
  0x0000026e38536df0 JavaThread "File watcher server" daemon [_thread_in_native, id=20072, stack(0x000000ef8e900000,0x000000ef8ea00000)]
  0x0000026e385359b0 JavaThread "File watcher consumer" daemon [_thread_blocked, id=37744, stack(0x000000ef8ea00000,0x000000ef8eb00000)]

Other Threads:
  0x0000026e1cb66100 VMThread "VM Thread" [stack: 0x000000ef8c300000,0x000000ef8c400000] [id=35388] _threads_hazard_ptr=0x0000026e374a6780
  0x0000026e01fe5c50 WatcherThread [stack: 0x000000ef8cf00000,0x000000ef8d000000] [id=12576]
  0x0000026e02015570 GCTaskThread "GC Thread#0" [stack: 0x000000ef8be00000,0x000000ef8bf00000] [id=8212]
  0x0000026e36650d00 GCTaskThread "GC Thread#1" [stack: 0x000000ef8d200000,0x000000ef8d300000] [id=36632]
  0x0000026e36650fc0 GCTaskThread "GC Thread#2" [stack: 0x000000ef8d300000,0x000000ef8d400000] [id=25792]
  0x0000026e36651280 GCTaskThread "GC Thread#3" [stack: 0x000000ef8d400000,0x000000ef8d500000] [id=3036]
  0x0000026e36651540 GCTaskThread "GC Thread#4" [stack: 0x000000ef8d500000,0x000000ef8d600000] [id=21712]
  0x0000026e365bde80 GCTaskThread "GC Thread#5" [stack: 0x000000ef8d600000,0x000000ef8d700000] [id=20460]
  0x0000026e38682aa0 GCTaskThread "GC Thread#6" [stack: 0x000000ef8e500000,0x000000ef8e600000] [id=18480]
  0x0000026e38682d60 GCTaskThread "GC Thread#7" [stack: 0x000000ef8e600000,0x000000ef8e700000] [id=17960]
  0x0000026e0201c0b0 ConcurrentGCThread "G1 Main Marker" [stack: 0x000000ef8bf00000,0x000000ef8c000000] [id=7876]
  0x0000026e0201de50 ConcurrentGCThread "G1 Conc#0" [stack: 0x000000ef8c000000,0x000000ef8c100000] [id=2808]
  0x0000026e38683020 ConcurrentGCThread "G1 Conc#1" [stack: 0x000000ef8e700000,0x000000ef8e800000] [id=24988]
  0x0000026e0209dd10 ConcurrentGCThread "G1 Refine#0" [stack: 0x000000ef8c100000,0x000000ef8c200000] [id=6400]
  0x0000026e0209e4f0 ConcurrentGCThread "G1 Service" [stack: 0x000000ef8c200000,0x000000ef8c300000] [id=7768]

Threads with active compile tasks:
C2 CompilerThread0    48585 3015   !   4       java.net.URL::<init> (543 bytes)

VM state: not at safepoint (normal execution)

VM Mutex/Monitor currently owned by a thread:  ([mutex/lock_event])
[0x0000026e01fe4850] Compile_lock - owner thread: 0x0000026e374113a0

Heap address: 0x00000000e0000000, size: 512 MB, Compressed Oops mode: 32-bit

CDS archive(s) mapped at: [0x0000026e1d000000-0x0000026e1dbb0000-0x0000026e1dbb0000), size 12255232, SharedBaseAddress: 0x0000026e1d000000, ArchiveRelocationMode: 1.
Compressed class space mapped at: 0x0000026e1e000000-0x0000026e32000000, reserved size: 335544320
Narrow klass base: 0x0000026e1d000000, Narrow klass shift: 0, Narrow klass range: 0x100000000

GC Precious Log:
 CPUs: 8 total, 8 available
 Memory: 32623M
 Large Page Support: Disabled
 NUMA Support: Disabled
 Compressed Oops: Enabled (32-bit)
 Heap Region Size: 1M
 Heap Min Capacity: 256M
 Heap Initial Capacity: 256M
 Heap Max Capacity: 512M
 Pre-touch: Disabled
 Parallel Workers: 8
 Concurrent Workers: 2
 Concurrent Refinement Workers: 8
 Periodic GC: Disabled

Heap:
 garbage-first heap   total 262144K, used 47913K [0x00000000e0000000, 0x0000000100000000)
  region size 1024K, 36 young (36864K), 12 survivors (12288K)
 Metaspace       used 24050K, committed 24384K, reserved 393216K
  class space    used 3548K, committed 3712K, reserved 327680K

Heap Regions: E=young(eden), S=young(survivor), O=old, HS=humongous(starts), HC=humongous(continues), CS=collection set, F=free, OA=open archive, CA=closed archive, TAMS=top-at-mark-start (previous, next)
|   0|0x00000000e0000000, 0x00000000e0100000, 0x00000000e0100000|100%|HS|  |TAMS 0x00000000e0100000, 0x00000000e0000000| Complete 
|   1|0x00000000e0100000, 0x00000000e0200000, 0x00000000e0200000|100%|HC|  |TAMS 0x00000000e0200000, 0x00000000e0100000| Complete 
|   2|0x00000000e0200000, 0x00000000e0300000, 0x00000000e0300000|100%|HC|  |TAMS 0x00000000e0300000, 0x00000000e0200000| Complete 
|   3|0x00000000e0300000, 0x00000000e0400000, 0x00000000e0400000|100%| O|  |TAMS 0x00000000e0400000, 0x00000000e0300000| Untracked 
|   4|0x00000000e0400000, 0x00000000e0500000, 0x00000000e0500000|100%| O|  |TAMS 0x00000000e0500000, 0x00000000e0400000| Untracked 
|   5|0x00000000e0500000, 0x00000000e0600000, 0x00000000e0600000|100%| O|  |TAMS 0x00000000e0600000, 0x00000000e0500000| Untracked 
|   6|0x00000000e0600000, 0x00000000e0700000, 0x00000000e0700000|100%|HS|  |TAMS 0x00000000e0700000, 0x00000000e0600000| Complete 
|   7|0x00000000e0700000, 0x00000000e0700000, 0x00000000e0800000|  0%| F|  |TAMS 0x00000000e0700000, 0x00000000e0700000| Untracked 
|   8|0x00000000e0800000, 0x00000000e0900000, 0x00000000e0900000|100%| O|  |TAMS 0x00000000e0900000, 0x00000000e0800000| Untracked 
|   9|0x00000000e0900000, 0x00000000e0a00000, 0x00000000e0a00000|100%| O|  |TAMS 0x00000000e0a00000, 0x00000000e0900000| Untracked 
|  10|0x00000000e0a00000, 0x00000000e0b00000, 0x00000000e0b00000|100%| O|  |TAMS 0x00000000e0b00000, 0x00000000e0a00000| Untracked 
|  11|0x00000000e0b00000, 0x00000000e0c00000, 0x00000000e0c00000|100%| O|  |TAMS 0x00000000e0c00000, 0x00000000e0b00000| Untracked 
|  12|0x00000000e0c00000, 0x00000000e0d00000, 0x00000000e0d00000|100%| O|  |TAMS 0x00000000e0d00000, 0x00000000e0c00000| Untracked 
|  13|0x00000000e0d00000, 0x00000000e0d2f400, 0x00000000e0e00000| 18%| O|  |TAMS 0x00000000e0d2f400, 0x00000000e0d00000| Untracked 
|  14|0x00000000e0e00000, 0x00000000e0e00000, 0x00000000e0f00000|  0%| F|  |TAMS 0x00000000e0e00000, 0x00000000e0e00000| Untracked 
|  15|0x00000000e0f00000, 0x00000000e0f00000, 0x00000000e1000000|  0%| F|  |TAMS 0x00000000e0f00000, 0x00000000e0f00000| Untracked 
|  16|0x00000000e1000000, 0x00000000e1000000, 0x00000000e1100000|  0%| F|  |TAMS 0x00000000e1000000, 0x00000000e1000000| Untracked 
|  17|0x00000000e1100000, 0x00000000e1100000, 0x00000000e1200000|  0%| F|  |TAMS 0x00000000e1100000, 0x00000000e1100000| Untracked 
|  18|0x00000000e1200000, 0x00000000e1200000, 0x00000000e1300000|  0%| F|  |TAMS 0x00000000e1200000, 0x00000000e1200000| Untracked 
|  19|0x00000000e1300000, 0x00000000e1300000, 0x00000000e1400000|  0%| F|  |TAMS 0x00000000e1300000, 0x00000000e1300000| Untracked 
|  20|0x00000000e1400000, 0x00000000e1400000, 0x00000000e1500000|  0%| F|  |TAMS 0x00000000e1400000, 0x00000000e1400000| Untracked 
|  21|0x00000000e1500000, 0x00000000e1500000, 0x00000000e1600000|  0%| F|  |TAMS 0x00000000e1500000, 0x00000000e1500000| Untracked 
|  22|0x00000000e1600000, 0x00000000e1600000, 0x00000000e1700000|  0%| F|  |TAMS 0x00000000e1600000, 0x00000000e1600000| Untracked 
|  23|0x00000000e1700000, 0x00000000e1700000, 0x00000000e1800000|  0%| F|  |TAMS 0x00000000e1700000, 0x00000000e1700000| Untracked 
|  24|0x00000000e1800000, 0x00000000e1800000, 0x00000000e1900000|  0%| F|  |TAMS 0x00000000e1800000, 0x00000000e1800000| Untracked 
|  25|0x00000000e1900000, 0x00000000e1900000, 0x00000000e1a00000|  0%| F|  |TAMS 0x00000000e1900000, 0x00000000e1900000| Untracked 
|  26|0x00000000e1a00000, 0x00000000e1a00000, 0x00000000e1b00000|  0%| F|  |TAMS 0x00000000e1a00000, 0x00000000e1a00000| Untracked 
|  27|0x00000000e1b00000, 0x00000000e1b00000, 0x00000000e1c00000|  0%| F|  |TAMS 0x00000000e1b00000, 0x00000000e1b00000| Untracked 
|  28|0x00000000e1c00000, 0x00000000e1c00000, 0x00000000e1d00000|  0%| F|  |TAMS 0x00000000e1c00000, 0x00000000e1c00000| Untracked 
|  29|0x00000000e1d00000, 0x00000000e1d00000, 0x00000000e1e00000|  0%| F|  |TAMS 0x00000000e1d00000, 0x00000000e1d00000| Untracked 
|  30|0x00000000e1e00000, 0x00000000e1e00000, 0x00000000e1f00000|  0%| F|  |TAMS 0x00000000e1e00000, 0x00000000e1e00000| Untracked 
|  31|0x00000000e1f00000, 0x00000000e1f00000, 0x00000000e2000000|  0%| F|  |TAMS 0x00000000e1f00000, 0x00000000e1f00000| Untracked 
|  32|0x00000000e2000000, 0x00000000e2000000, 0x00000000e2100000|  0%| F|  |TAMS 0x00000000e2000000, 0x00000000e2000000| Untracked 
|  33|0x00000000e2100000, 0x00000000e2100000, 0x00000000e2200000|  0%| F|  |TAMS 0x00000000e2100000, 0x00000000e2100000| Untracked 
|  34|0x00000000e2200000, 0x00000000e2200000, 0x00000000e2300000|  0%| F|  |TAMS 0x00000000e2200000, 0x00000000e2200000| Untracked 
|  35|0x00000000e2300000, 0x00000000e2300000, 0x00000000e2400000|  0%| F|  |TAMS 0x00000000e2300000, 0x00000000e2300000| Untracked 
|  36|0x00000000e2400000, 0x00000000e2400000, 0x00000000e2500000|  0%| F|  |TAMS 0x00000000e2400000, 0x00000000e2400000| Untracked 
|  37|0x00000000e2500000, 0x00000000e2500000, 0x00000000e2600000|  0%| F|  |TAMS 0x00000000e2500000, 0x00000000e2500000| Untracked 
|  38|0x00000000e2600000, 0x00000000e2600000, 0x00000000e2700000|  0%| F|  |TAMS 0x00000000e2600000, 0x00000000e2600000| Untracked 
|  39|0x00000000e2700000, 0x00000000e2700000, 0x00000000e2800000|  0%| F|  |TAMS 0x00000000e2700000, 0x00000000e2700000| Untracked 
|  40|0x00000000e2800000, 0x00000000e2800000, 0x00000000e2900000|  0%| F|  |TAMS 0x00000000e2800000, 0x00000000e2800000| Untracked 
|  41|0x00000000e2900000, 0x00000000e2900000, 0x00000000e2a00000|  0%| F|  |TAMS 0x00000000e2900000, 0x00000000e2900000| Untracked 
|  42|0x00000000e2a00000, 0x00000000e2a00000, 0x00000000e2b00000|  0%| F|  |TAMS 0x00000000e2a00000, 0x00000000e2a00000| Untracked 
|  43|0x00000000e2b00000, 0x00000000e2b00000, 0x00000000e2c00000|  0%| F|  |TAMS 0x00000000e2b00000, 0x00000000e2b00000| Untracked 
|  44|0x00000000e2c00000, 0x00000000e2c00000, 0x00000000e2d00000|  0%| F|  |TAMS 0x00000000e2c00000, 0x00000000e2c00000| Untracked 
|  45|0x00000000e2d00000, 0x00000000e2d00000, 0x00000000e2e00000|  0%| F|  |TAMS 0x00000000e2d00000, 0x00000000e2d00000| Untracked 
|  46|0x00000000e2e00000, 0x00000000e2e00000, 0x00000000e2f00000|  0%| F|  |TAMS 0x00000000e2e00000, 0x00000000e2e00000| Untracked 
|  47|0x00000000e2f00000, 0x00000000e2f00000, 0x00000000e3000000|  0%| F|  |TAMS 0x00000000e2f00000, 0x00000000e2f00000| Untracked 
|  48|0x00000000e3000000, 0x00000000e3000000, 0x00000000e3100000|  0%| F|  |TAMS 0x00000000e3000000, 0x00000000e3000000| Untracked 
|  49|0x00000000e3100000, 0x00000000e3100000, 0x00000000e3200000|  0%| F|  |TAMS 0x00000000e3100000, 0x00000000e3100000| Untracked 
|  50|0x00000000e3200000, 0x00000000e3200000, 0x00000000e3300000|  0%| F|  |TAMS 0x00000000e3200000, 0x00000000e3200000| Untracked 
|  51|0x00000000e3300000, 0x00000000e3300000, 0x00000000e3400000|  0%| F|  |TAMS 0x00000000e3300000, 0x00000000e3300000| Untracked 
|  52|0x00000000e3400000, 0x00000000e3400000, 0x00000000e3500000|  0%| F|  |TAMS 0x00000000e3400000, 0x00000000e3400000| Untracked 
|  53|0x00000000e3500000, 0x00000000e3500000, 0x00000000e3600000|  0%| F|  |TAMS 0x00000000e3500000, 0x00000000e3500000| Untracked 
|  54|0x00000000e3600000, 0x00000000e3600000, 0x00000000e3700000|  0%| F|  |TAMS 0x00000000e3600000, 0x00000000e3600000| Untracked 
|  55|0x00000000e3700000, 0x00000000e3700000, 0x00000000e3800000|  0%| F|  |TAMS 0x00000000e3700000, 0x00000000e3700000| Untracked 
|  56|0x00000000e3800000, 0x00000000e3800000, 0x00000000e3900000|  0%| F|  |TAMS 0x00000000e3800000, 0x00000000e3800000| Untracked 
|  57|0x00000000e3900000, 0x00000000e3900000, 0x00000000e3a00000|  0%| F|  |TAMS 0x00000000e3900000, 0x00000000e3900000| Untracked 
|  58|0x00000000e3a00000, 0x00000000e3a00000, 0x00000000e3b00000|  0%| F|  |TAMS 0x00000000e3a00000, 0x00000000e3a00000| Untracked 
|  59|0x00000000e3b00000, 0x00000000e3b00000, 0x00000000e3c00000|  0%| F|  |TAMS 0x00000000e3b00000, 0x00000000e3b00000| Untracked 
|  60|0x00000000e3c00000, 0x00000000e3c00000, 0x00000000e3d00000|  0%| F|  |TAMS 0x00000000e3c00000, 0x00000000e3c00000| Untracked 
|  61|0x00000000e3d00000, 0x00000000e3d00000, 0x00000000e3e00000|  0%| F|  |TAMS 0x00000000e3d00000, 0x00000000e3d00000| Untracked 
|  62|0x00000000e3e00000, 0x00000000e3e00000, 0x00000000e3f00000|  0%| F|  |TAMS 0x00000000e3e00000, 0x00000000e3e00000| Untracked 
|  63|0x00000000e3f00000, 0x00000000e3f00000, 0x00000000e4000000|  0%| F|  |TAMS 0x00000000e3f00000, 0x00000000e3f00000| Untracked 
|  64|0x00000000e4000000, 0x00000000e4000000, 0x00000000e4100000|  0%| F|  |TAMS 0x00000000e4000000, 0x00000000e4000000| Untracked 
|  65|0x00000000e4100000, 0x00000000e4100000, 0x00000000e4200000|  0%| F|  |TAMS 0x00000000e4100000, 0x00000000e4100000| Untracked 
|  66|0x00000000e4200000, 0x00000000e4200000, 0x00000000e4300000|  0%| F|  |TAMS 0x00000000e4200000, 0x00000000e4200000| Untracked 
|  67|0x00000000e4300000, 0x00000000e4300000, 0x00000000e4400000|  0%| F|  |TAMS 0x00000000e4300000, 0x00000000e4300000| Untracked 
|  68|0x00000000e4400000, 0x00000000e4400000, 0x00000000e4500000|  0%| F|  |TAMS 0x00000000e4400000, 0x00000000e4400000| Untracked 
|  69|0x00000000e4500000, 0x00000000e4500000, 0x00000000e4600000|  0%| F|  |TAMS 0x00000000e4500000, 0x00000000e4500000| Untracked 
|  70|0x00000000e4600000, 0x00000000e4600000, 0x00000000e4700000|  0%| F|  |TAMS 0x00000000e4600000, 0x00000000e4600000| Untracked 
|  71|0x00000000e4700000, 0x00000000e4700000, 0x00000000e4800000|  0%| F|  |TAMS 0x00000000e4700000, 0x00000000e4700000| Untracked 
|  72|0x00000000e4800000, 0x00000000e4800000, 0x00000000e4900000|  0%| F|  |TAMS 0x00000000e4800000, 0x00000000e4800000| Untracked 
|  73|0x00000000e4900000, 0x00000000e4900000, 0x00000000e4a00000|  0%| F|  |TAMS 0x00000000e4900000, 0x00000000e4900000| Untracked 
|  74|0x00000000e4a00000, 0x00000000e4a00000, 0x00000000e4b00000|  0%| F|  |TAMS 0x00000000e4a00000, 0x00000000e4a00000| Untracked 
|  75|0x00000000e4b00000, 0x00000000e4b00000, 0x00000000e4c00000|  0%| F|  |TAMS 0x00000000e4b00000, 0x00000000e4b00000| Untracked 
|  76|0x00000000e4c00000, 0x00000000e4c00000, 0x00000000e4d00000|  0%| F|  |TAMS 0x00000000e4c00000, 0x00000000e4c00000| Untracked 
|  77|0x00000000e4d00000, 0x00000000e4d00000, 0x00000000e4e00000|  0%| F|  |TAMS 0x00000000e4d00000, 0x00000000e4d00000| Untracked 
|  78|0x00000000e4e00000, 0x00000000e4e00000, 0x00000000e4f00000|  0%| F|  |TAMS 0x00000000e4e00000, 0x00000000e4e00000| Untracked 
|  79|0x00000000e4f00000, 0x00000000e4f00000, 0x00000000e5000000|  0%| F|  |TAMS 0x00000000e4f00000, 0x00000000e4f00000| Untracked 
|  80|0x00000000e5000000, 0x00000000e5000000, 0x00000000e5100000|  0%| F|  |TAMS 0x00000000e5000000, 0x00000000e5000000| Untracked 
|  81|0x00000000e5100000, 0x00000000e5100000, 0x00000000e5200000|  0%| F|  |TAMS 0x00000000e5100000, 0x00000000e5100000| Untracked 
|  82|0x00000000e5200000, 0x00000000e5200000, 0x00000000e5300000|  0%| F|  |TAMS 0x00000000e5200000, 0x00000000e5200000| Untracked 
|  83|0x00000000e5300000, 0x00000000e5300000, 0x00000000e5400000|  0%| F|  |TAMS 0x00000000e5300000, 0x00000000e5300000| Untracked 
|  84|0x00000000e5400000, 0x00000000e5400000, 0x00000000e5500000|  0%| F|  |TAMS 0x00000000e5400000, 0x00000000e5400000| Untracked 
|  85|0x00000000e5500000, 0x00000000e5500000, 0x00000000e5600000|  0%| F|  |TAMS 0x00000000e5500000, 0x00000000e5500000| Untracked 
|  86|0x00000000e5600000, 0x00000000e5600000, 0x00000000e5700000|  0%| F|  |TAMS 0x00000000e5600000, 0x00000000e5600000| Untracked 
|  87|0x00000000e5700000, 0x00000000e5700000, 0x00000000e5800000|  0%| F|  |TAMS 0x00000000e5700000, 0x00000000e5700000| Untracked 
|  88|0x00000000e5800000, 0x00000000e5800000, 0x00000000e5900000|  0%| F|  |TAMS 0x00000000e5800000, 0x00000000e5800000| Untracked 
|  89|0x00000000e5900000, 0x00000000e5900000, 0x00000000e5a00000|  0%| F|  |TAMS 0x00000000e5900000, 0x00000000e5900000| Untracked 
|  90|0x00000000e5a00000, 0x00000000e5a00000, 0x00000000e5b00000|  0%| F|  |TAMS 0x00000000e5a00000, 0x00000000e5a00000| Untracked 
|  91|0x00000000e5b00000, 0x00000000e5b00000, 0x00000000e5c00000|  0%| F|  |TAMS 0x00000000e5b00000, 0x00000000e5b00000| Untracked 
|  92|0x00000000e5c00000, 0x00000000e5c00000, 0x00000000e5d00000|  0%| F|  |TAMS 0x00000000e5c00000, 0x00000000e5c00000| Untracked 
|  93|0x00000000e5d00000, 0x00000000e5d00000, 0x00000000e5e00000|  0%| F|  |TAMS 0x00000000e5d00000, 0x00000000e5d00000| Untracked 
|  94|0x00000000e5e00000, 0x00000000e5e00000, 0x00000000e5f00000|  0%| F|  |TAMS 0x00000000e5e00000, 0x00000000e5e00000| Untracked 
|  95|0x00000000e5f00000, 0x00000000e5f00000, 0x00000000e6000000|  0%| F|  |TAMS 0x00000000e5f00000, 0x00000000e5f00000| Untracked 
|  96|0x00000000e6000000, 0x00000000e6000000, 0x00000000e6100000|  0%| F|  |TAMS 0x00000000e6000000, 0x00000000e6000000| Untracked 
|  97|0x00000000e6100000, 0x00000000e6100000, 0x00000000e6200000|  0%| F|  |TAMS 0x00000000e6100000, 0x00000000e6100000| Untracked 
|  98|0x00000000e6200000, 0x00000000e6200000, 0x00000000e6300000|  0%| F|  |TAMS 0x00000000e6200000, 0x00000000e6200000| Untracked 
|  99|0x00000000e6300000, 0x00000000e6300000, 0x00000000e6400000|  0%| F|  |TAMS 0x00000000e6300000, 0x00000000e6300000| Untracked 
| 100|0x00000000e6400000, 0x00000000e6400000, 0x00000000e6500000|  0%| F|  |TAMS 0x00000000e6400000, 0x00000000e6400000| Untracked 
| 101|0x00000000e6500000, 0x00000000e6500000, 0x00000000e6600000|  0%| F|  |TAMS 0x00000000e6500000, 0x00000000e6500000| Untracked 
| 102|0x00000000e6600000, 0x00000000e6600000, 0x00000000e6700000|  0%| F|  |TAMS 0x00000000e6600000, 0x00000000e6600000| Untracked 
| 103|0x00000000e6700000, 0x00000000e6700000, 0x00000000e6800000|  0%| F|  |TAMS 0x00000000e6700000, 0x00000000e6700000| Untracked 
| 104|0x00000000e6800000, 0x00000000e6800000, 0x00000000e6900000|  0%| F|  |TAMS 0x00000000e6800000, 0x00000000e6800000| Untracked 
| 105|0x00000000e6900000, 0x00000000e6900000, 0x00000000e6a00000|  0%| F|  |TAMS 0x00000000e6900000, 0x00000000e6900000| Untracked 
| 106|0x00000000e6a00000, 0x00000000e6a00000, 0x00000000e6b00000|  0%| F|  |TAMS 0x00000000e6a00000, 0x00000000e6a00000| Untracked 
| 107|0x00000000e6b00000, 0x00000000e6b00000, 0x00000000e6c00000|  0%| F|  |TAMS 0x00000000e6b00000, 0x00000000e6b00000| Untracked 
| 108|0x00000000e6c00000, 0x00000000e6c00000, 0x00000000e6d00000|  0%| F|  |TAMS 0x00000000e6c00000, 0x00000000e6c00000| Untracked 
| 109|0x00000000e6d00000, 0x00000000e6d00000, 0x00000000e6e00000|  0%| F|  |TAMS 0x00000000e6d00000, 0x00000000e6d00000| Untracked 
| 110|0x00000000e6e00000, 0x00000000e6e00000, 0x00000000e6f00000|  0%| F|  |TAMS 0x00000000e6e00000, 0x00000000e6e00000| Untracked 
| 111|0x00000000e6f00000, 0x00000000e6f00000, 0x00000000e7000000|  0%| F|  |TAMS 0x00000000e6f00000, 0x00000000e6f00000| Untracked 
| 112|0x00000000e7000000, 0x00000000e7000000, 0x00000000e7100000|  0%| F|  |TAMS 0x00000000e7000000, 0x00000000e7000000| Untracked 
| 113|0x00000000e7100000, 0x00000000e7100000, 0x00000000e7200000|  0%| F|  |TAMS 0x00000000e7100000, 0x00000000e7100000| Untracked 
| 114|0x00000000e7200000, 0x00000000e7200000, 0x00000000e7300000|  0%| F|  |TAMS 0x00000000e7200000, 0x00000000e7200000| Untracked 
| 115|0x00000000e7300000, 0x00000000e7300000, 0x00000000e7400000|  0%| F|  |TAMS 0x00000000e7300000, 0x00000000e7300000| Untracked 
| 116|0x00000000e7400000, 0x00000000e7400000, 0x00000000e7500000|  0%| F|  |TAMS 0x00000000e7400000, 0x00000000e7400000| Untracked 
| 117|0x00000000e7500000, 0x00000000e7500000, 0x00000000e7600000|  0%| F|  |TAMS 0x00000000e7500000, 0x00000000e7500000| Untracked 
| 118|0x00000000e7600000, 0x00000000e7600000, 0x00000000e7700000|  0%| F|  |TAMS 0x00000000e7600000, 0x00000000e7600000| Untracked 
| 119|0x00000000e7700000, 0x00000000e7700000, 0x00000000e7800000|  0%| F|  |TAMS 0x00000000e7700000, 0x00000000e7700000| Untracked 
| 120|0x00000000e7800000, 0x00000000e7800000, 0x00000000e7900000|  0%| F|  |TAMS 0x00000000e7800000, 0x00000000e7800000| Untracked 
| 121|0x00000000e7900000, 0x00000000e7900000, 0x00000000e7a00000|  0%| F|  |TAMS 0x00000000e7900000, 0x00000000e7900000| Untracked 
| 122|0x00000000e7a00000, 0x00000000e7a00000, 0x00000000e7b00000|  0%| F|  |TAMS 0x00000000e7a00000, 0x00000000e7a00000| Untracked 
| 123|0x00000000e7b00000, 0x00000000e7b00000, 0x00000000e7c00000|  0%| F|  |TAMS 0x00000000e7b00000, 0x00000000e7b00000| Untracked 
| 124|0x00000000e7c00000, 0x00000000e7c00000, 0x00000000e7d00000|  0%| F|  |TAMS 0x00000000e7c00000, 0x00000000e7c00000| Untracked 
| 125|0x00000000e7d00000, 0x00000000e7d00000, 0x00000000e7e00000|  0%| F|  |TAMS 0x00000000e7d00000, 0x00000000e7d00000| Untracked 
| 126|0x00000000e7e00000, 0x00000000e7e00000, 0x00000000e7f00000|  0%| F|  |TAMS 0x00000000e7e00000, 0x00000000e7e00000| Untracked 
| 127|0x00000000e7f00000, 0x00000000e7f9b040, 0x00000000e8000000| 60%| S|CS|TAMS 0x00000000e7f00000, 0x00000000e7f00000| Complete 
| 128|0x00000000e8000000, 0x00000000e8100000, 0x00000000e8100000|100%| S|CS|TAMS 0x00000000e8000000, 0x00000000e8000000| Complete 
| 129|0x00000000e8100000, 0x00000000e8200000, 0x00000000e8200000|100%| S|CS|TAMS 0x00000000e8100000, 0x00000000e8100000| Complete 
| 130|0x00000000e8200000, 0x00000000e8300000, 0x00000000e8300000|100%| S|CS|TAMS 0x00000000e8200000, 0x00000000e8200000| Complete 
| 131|0x00000000e8300000, 0x00000000e8400000, 0x00000000e8400000|100%| S|CS|TAMS 0x00000000e8300000, 0x00000000e8300000| Complete 
| 132|0x00000000e8400000, 0x00000000e8500000, 0x00000000e8500000|100%| S|CS|TAMS 0x00000000e8400000, 0x00000000e8400000| Complete 
| 133|0x00000000e8500000, 0x00000000e8600000, 0x00000000e8600000|100%| S|CS|TAMS 0x00000000e8500000, 0x00000000e8500000| Complete 
| 134|0x00000000e8600000, 0x00000000e8700000, 0x00000000e8700000|100%| S|CS|TAMS 0x00000000e8600000, 0x00000000e8600000| Complete 
| 135|0x00000000e8700000, 0x00000000e8800000, 0x00000000e8800000|100%| S|CS|TAMS 0x00000000e8700000, 0x00000000e8700000| Complete 
| 136|0x00000000e8800000, 0x00000000e8900000, 0x00000000e8900000|100%| S|CS|TAMS 0x00000000e8800000, 0x00000000e8800000| Complete 
| 137|0x00000000e8900000, 0x00000000e8a00000, 0x00000000e8a00000|100%| S|CS|TAMS 0x00000000e8900000, 0x00000000e8900000| Complete 
| 138|0x00000000e8a00000, 0x00000000e8b00000, 0x00000000e8b00000|100%| S|CS|TAMS 0x00000000e8a00000, 0x00000000e8a00000| Complete 
| 139|0x00000000e8b00000, 0x00000000e8b00000, 0x00000000e8c00000|  0%| F|  |TAMS 0x00000000e8b00000, 0x00000000e8b00000| Untracked 
| 140|0x00000000e8c00000, 0x00000000e8c00000, 0x00000000e8d00000|  0%| F|  |TAMS 0x00000000e8c00000, 0x00000000e8c00000| Untracked 
| 141|0x00000000e8d00000, 0x00000000e8d00000, 0x00000000e8e00000|  0%| F|  |TAMS 0x00000000e8d00000, 0x00000000e8d00000| Untracked 
| 142|0x00000000e8e00000, 0x00000000e8e00000, 0x00000000e8f00000|  0%| F|  |TAMS 0x00000000e8e00000, 0x00000000e8e00000| Untracked 
| 143|0x00000000e8f00000, 0x00000000e8f00000, 0x00000000e9000000|  0%| F|  |TAMS 0x00000000e8f00000, 0x00000000e8f00000| Untracked 
| 144|0x00000000e9000000, 0x00000000e9000000, 0x00000000e9100000|  0%| F|  |TAMS 0x00000000e9000000, 0x00000000e9000000| Untracked 
| 145|0x00000000e9100000, 0x00000000e9100000, 0x00000000e9200000|  0%| F|  |TAMS 0x00000000e9100000, 0x00000000e9100000| Untracked 
| 146|0x00000000e9200000, 0x00000000e9200000, 0x00000000e9300000|  0%| F|  |TAMS 0x00000000e9200000, 0x00000000e9200000| Untracked 
| 147|0x00000000e9300000, 0x00000000e9300000, 0x00000000e9400000|  0%| F|  |TAMS 0x00000000e9300000, 0x00000000e9300000| Untracked 
| 148|0x00000000e9400000, 0x00000000e9400000, 0x00000000e9500000|  0%| F|  |TAMS 0x00000000e9400000, 0x00000000e9400000| Untracked 
| 149|0x00000000e9500000, 0x00000000e9500000, 0x00000000e9600000|  0%| F|  |TAMS 0x00000000e9500000, 0x00000000e9500000| Untracked 
| 150|0x00000000e9600000, 0x00000000e9600000, 0x00000000e9700000|  0%| F|  |TAMS 0x00000000e9600000, 0x00000000e9600000| Untracked 
| 151|0x00000000e9700000, 0x00000000e9700000, 0x00000000e9800000|  0%| F|  |TAMS 0x00000000e9700000, 0x00000000e9700000| Untracked 
| 152|0x00000000e9800000, 0x00000000e9800000, 0x00000000e9900000|  0%| F|  |TAMS 0x00000000e9800000, 0x00000000e9800000| Untracked 
| 153|0x00000000e9900000, 0x00000000e9900000, 0x00000000e9a00000|  0%| F|  |TAMS 0x00000000e9900000, 0x00000000e9900000| Untracked 
| 154|0x00000000e9a00000, 0x00000000e9a00000, 0x00000000e9b00000|  0%| F|  |TAMS 0x00000000e9a00000, 0x00000000e9a00000| Untracked 
| 155|0x00000000e9b00000, 0x00000000e9b00000, 0x00000000e9c00000|  0%| F|  |TAMS 0x00000000e9b00000, 0x00000000e9b00000| Untracked 
| 156|0x00000000e9c00000, 0x00000000e9c00000, 0x00000000e9d00000|  0%| F|  |TAMS 0x00000000e9c00000, 0x00000000e9c00000| Untracked 
| 157|0x00000000e9d00000, 0x00000000e9d00000, 0x00000000e9e00000|  0%| F|  |TAMS 0x00000000e9d00000, 0x00000000e9d00000| Untracked 
| 158|0x00000000e9e00000, 0x00000000e9e00000, 0x00000000e9f00000|  0%| F|  |TAMS 0x00000000e9e00000, 0x00000000e9e00000| Untracked 
| 159|0x00000000e9f00000, 0x00000000e9f00000, 0x00000000ea000000|  0%| F|  |TAMS 0x00000000e9f00000, 0x00000000e9f00000| Untracked 
| 160|0x00000000ea000000, 0x00000000ea000000, 0x00000000ea100000|  0%| F|  |TAMS 0x00000000ea000000, 0x00000000ea000000| Untracked 
| 161|0x00000000ea100000, 0x00000000ea100000, 0x00000000ea200000|  0%| F|  |TAMS 0x00000000ea100000, 0x00000000ea100000| Untracked 
| 162|0x00000000ea200000, 0x00000000ea200000, 0x00000000ea300000|  0%| F|  |TAMS 0x00000000ea200000, 0x00000000ea200000| Untracked 
| 163|0x00000000ea300000, 0x00000000ea300000, 0x00000000ea400000|  0%| F|  |TAMS 0x00000000ea300000, 0x00000000ea300000| Untracked 
| 164|0x00000000ea400000, 0x00000000ea400000, 0x00000000ea500000|  0%| F|  |TAMS 0x00000000ea400000, 0x00000000ea400000| Untracked 
| 165|0x00000000ea500000, 0x00000000ea500000, 0x00000000ea600000|  0%| F|  |TAMS 0x00000000ea500000, 0x00000000ea500000| Untracked 
| 166|0x00000000ea600000, 0x00000000ea600000, 0x00000000ea700000|  0%| F|  |TAMS 0x00000000ea600000, 0x00000000ea600000| Untracked 
| 167|0x00000000ea700000, 0x00000000ea700000, 0x00000000ea800000|  0%| F|  |TAMS 0x00000000ea700000, 0x00000000ea700000| Untracked 
| 168|0x00000000ea800000, 0x00000000ea800000, 0x00000000ea900000|  0%| F|  |TAMS 0x00000000ea800000, 0x00000000ea800000| Untracked 
| 169|0x00000000ea900000, 0x00000000ea900000, 0x00000000eaa00000|  0%| F|  |TAMS 0x00000000ea900000, 0x00000000ea900000| Untracked 
| 170|0x00000000eaa00000, 0x00000000eaa00000, 0x00000000eab00000|  0%| F|  |TAMS 0x00000000eaa00000, 0x00000000eaa00000| Untracked 
| 171|0x00000000eab00000, 0x00000000eab00000, 0x00000000eac00000|  0%| F|  |TAMS 0x00000000eab00000, 0x00000000eab00000| Untracked 
| 172|0x00000000eac00000, 0x00000000eac00000, 0x00000000ead00000|  0%| F|  |TAMS 0x00000000eac00000, 0x00000000eac00000| Untracked 
| 173|0x00000000ead00000, 0x00000000ead00000, 0x00000000eae00000|  0%| F|  |TAMS 0x00000000ead00000, 0x00000000ead00000| Untracked 
| 174|0x00000000eae00000, 0x00000000eae00000, 0x00000000eaf00000|  0%| F|  |TAMS 0x00000000eae00000, 0x00000000eae00000| Untracked 
| 175|0x00000000eaf00000, 0x00000000eaf00000, 0x00000000eb000000|  0%| F|  |TAMS 0x00000000eaf00000, 0x00000000eaf00000| Untracked 
| 176|0x00000000eb000000, 0x00000000eb000000, 0x00000000eb100000|  0%| F|  |TAMS 0x00000000eb000000, 0x00000000eb000000| Untracked 
| 177|0x00000000eb100000, 0x00000000eb100000, 0x00000000eb200000|  0%| F|  |TAMS 0x00000000eb100000, 0x00000000eb100000| Untracked 
| 178|0x00000000eb200000, 0x00000000eb200000, 0x00000000eb300000|  0%| F|  |TAMS 0x00000000eb200000, 0x00000000eb200000| Untracked 
| 179|0x00000000eb300000, 0x00000000eb300000, 0x00000000eb400000|  0%| F|  |TAMS 0x00000000eb300000, 0x00000000eb300000| Untracked 
| 180|0x00000000eb400000, 0x00000000eb400000, 0x00000000eb500000|  0%| F|  |TAMS 0x00000000eb400000, 0x00000000eb400000| Untracked 
| 181|0x00000000eb500000, 0x00000000eb500000, 0x00000000eb600000|  0%| F|  |TAMS 0x00000000eb500000, 0x00000000eb500000| Untracked 
| 182|0x00000000eb600000, 0x00000000eb600000, 0x00000000eb700000|  0%| F|  |TAMS 0x00000000eb600000, 0x00000000eb600000| Untracked 
| 183|0x00000000eb700000, 0x00000000eb700000, 0x00000000eb800000|  0%| F|  |TAMS 0x00000000eb700000, 0x00000000eb700000| Untracked 
| 184|0x00000000eb800000, 0x00000000eb800000, 0x00000000eb900000|  0%| F|  |TAMS 0x00000000eb800000, 0x00000000eb800000| Untracked 
| 185|0x00000000eb900000, 0x00000000eb900000, 0x00000000eba00000|  0%| F|  |TAMS 0x00000000eb900000, 0x00000000eb900000| Untracked 
| 186|0x00000000eba00000, 0x00000000eba00000, 0x00000000ebb00000|  0%| F|  |TAMS 0x00000000eba00000, 0x00000000eba00000| Untracked 
| 187|0x00000000ebb00000, 0x00000000ebb00000, 0x00000000ebc00000|  0%| F|  |TAMS 0x00000000ebb00000, 0x00000000ebb00000| Untracked 
| 188|0x00000000ebc00000, 0x00000000ebc00000, 0x00000000ebd00000|  0%| F|  |TAMS 0x00000000ebc00000, 0x00000000ebc00000| Untracked 
| 189|0x00000000ebd00000, 0x00000000ebd00000, 0x00000000ebe00000|  0%| F|  |TAMS 0x00000000ebd00000, 0x00000000ebd00000| Untracked 
| 190|0x00000000ebe00000, 0x00000000ebe00000, 0x00000000ebf00000|  0%| F|  |TAMS 0x00000000ebe00000, 0x00000000ebe00000| Untracked 
| 191|0x00000000ebf00000, 0x00000000ebf00000, 0x00000000ec000000|  0%| F|  |TAMS 0x00000000ebf00000, 0x00000000ebf00000| Untracked 
| 192|0x00000000ec000000, 0x00000000ec000000, 0x00000000ec100000|  0%| F|  |TAMS 0x00000000ec000000, 0x00000000ec000000| Untracked 
| 193|0x00000000ec100000, 0x00000000ec100000, 0x00000000ec200000|  0%| F|  |TAMS 0x00000000ec100000, 0x00000000ec100000| Untracked 
| 194|0x00000000ec200000, 0x00000000ec200000, 0x00000000ec300000|  0%| F|  |TAMS 0x00000000ec200000, 0x00000000ec200000| Untracked 
| 195|0x00000000ec300000, 0x00000000ec300000, 0x00000000ec400000|  0%| F|  |TAMS 0x00000000ec300000, 0x00000000ec300000| Untracked 
| 196|0x00000000ec400000, 0x00000000ec400000, 0x00000000ec500000|  0%| F|  |TAMS 0x00000000ec400000, 0x00000000ec400000| Untracked 
| 197|0x00000000ec500000, 0x00000000ec500000, 0x00000000ec600000|  0%| F|  |TAMS 0x00000000ec500000, 0x00000000ec500000| Untracked 
| 198|0x00000000ec600000, 0x00000000ec600000, 0x00000000ec700000|  0%| F|  |TAMS 0x00000000ec600000, 0x00000000ec600000| Untracked 
| 199|0x00000000ec700000, 0x00000000ec700000, 0x00000000ec800000|  0%| F|  |TAMS 0x00000000ec700000, 0x00000000ec700000| Untracked 
| 200|0x00000000ec800000, 0x00000000ec800000, 0x00000000ec900000|  0%| F|  |TAMS 0x00000000ec800000, 0x00000000ec800000| Untracked 
| 201|0x00000000ec900000, 0x00000000ec900000, 0x00000000eca00000|  0%| F|  |TAMS 0x00000000ec900000, 0x00000000ec900000| Untracked 
| 202|0x00000000eca00000, 0x00000000eca00000, 0x00000000ecb00000|  0%| F|  |TAMS 0x00000000eca00000, 0x00000000eca00000| Untracked 
| 203|0x00000000ecb00000, 0x00000000ecb00000, 0x00000000ecc00000|  0%| F|  |TAMS 0x00000000ecb00000, 0x00000000ecb00000| Untracked 
| 204|0x00000000ecc00000, 0x00000000ecc00000, 0x00000000ecd00000|  0%| F|  |TAMS 0x00000000ecc00000, 0x00000000ecc00000| Untracked 
| 205|0x00000000ecd00000, 0x00000000ecd00000, 0x00000000ece00000|  0%| F|  |TAMS 0x00000000ecd00000, 0x00000000ecd00000| Untracked 
| 206|0x00000000ece00000, 0x00000000ece00000, 0x00000000ecf00000|  0%| F|  |TAMS 0x00000000ece00000, 0x00000000ece00000| Untracked 
| 207|0x00000000ecf00000, 0x00000000ecf00000, 0x00000000ed000000|  0%| F|  |TAMS 0x00000000ecf00000, 0x00000000ecf00000| Untracked 
| 208|0x00000000ed000000, 0x00000000ed000000, 0x00000000ed100000|  0%| F|  |TAMS 0x00000000ed000000, 0x00000000ed000000| Untracked 
| 209|0x00000000ed100000, 0x00000000ed100000, 0x00000000ed200000|  0%| F|  |TAMS 0x00000000ed100000, 0x00000000ed100000| Untracked 
| 210|0x00000000ed200000, 0x00000000ed200000, 0x00000000ed300000|  0%| F|  |TAMS 0x00000000ed200000, 0x00000000ed200000| Untracked 
| 211|0x00000000ed300000, 0x00000000ed300000, 0x00000000ed400000|  0%| F|  |TAMS 0x00000000ed300000, 0x00000000ed300000| Untracked 
| 212|0x00000000ed400000, 0x00000000ed400000, 0x00000000ed500000|  0%| F|  |TAMS 0x00000000ed400000, 0x00000000ed400000| Untracked 
| 213|0x00000000ed500000, 0x00000000ed500000, 0x00000000ed600000|  0%| F|  |TAMS 0x00000000ed500000, 0x00000000ed500000| Untracked 
| 214|0x00000000ed600000, 0x00000000ed600000, 0x00000000ed700000|  0%| F|  |TAMS 0x00000000ed600000, 0x00000000ed600000| Untracked 
| 215|0x00000000ed700000, 0x00000000ed700000, 0x00000000ed800000|  0%| F|  |TAMS 0x00000000ed700000, 0x00000000ed700000| Untracked 
| 216|0x00000000ed800000, 0x00000000ed800000, 0x00000000ed900000|  0%| F|  |TAMS 0x00000000ed800000, 0x00000000ed800000| Untracked 
| 217|0x00000000ed900000, 0x00000000ed900000, 0x00000000eda00000|  0%| F|  |TAMS 0x00000000ed900000, 0x00000000ed900000| Untracked 
| 218|0x00000000eda00000, 0x00000000eda00000, 0x00000000edb00000|  0%| F|  |TAMS 0x00000000eda00000, 0x00000000eda00000| Untracked 
| 219|0x00000000edb00000, 0x00000000edb00000, 0x00000000edc00000|  0%| F|  |TAMS 0x00000000edb00000, 0x00000000edb00000| Untracked 
| 220|0x00000000edc00000, 0x00000000edc00000, 0x00000000edd00000|  0%| F|  |TAMS 0x00000000edc00000, 0x00000000edc00000| Untracked 
| 221|0x00000000edd00000, 0x00000000edd00000, 0x00000000ede00000|  0%| F|  |TAMS 0x00000000edd00000, 0x00000000edd00000| Untracked 
| 222|0x00000000ede00000, 0x00000000ede00000, 0x00000000edf00000|  0%| F|  |TAMS 0x00000000ede00000, 0x00000000ede00000| Untracked 
| 223|0x00000000edf00000, 0x00000000edf00000, 0x00000000ee000000|  0%| F|  |TAMS 0x00000000edf00000, 0x00000000edf00000| Untracked 
| 224|0x00000000ee000000, 0x00000000ee000000, 0x00000000ee100000|  0%| F|  |TAMS 0x00000000ee000000, 0x00000000ee000000| Untracked 
| 225|0x00000000ee100000, 0x00000000ee100000, 0x00000000ee200000|  0%| F|  |TAMS 0x00000000ee100000, 0x00000000ee100000| Untracked 
| 226|0x00000000ee200000, 0x00000000ee200000, 0x00000000ee300000|  0%| F|  |TAMS 0x00000000ee200000, 0x00000000ee200000| Untracked 
| 227|0x00000000ee300000, 0x00000000ee300000, 0x00000000ee400000|  0%| F|  |TAMS 0x00000000ee300000, 0x00000000ee300000| Untracked 
| 228|0x00000000ee400000, 0x00000000ee400000, 0x00000000ee500000|  0%| F|  |TAMS 0x00000000ee400000, 0x00000000ee400000| Untracked 
| 229|0x00000000ee500000, 0x00000000ee500000, 0x00000000ee600000|  0%| F|  |TAMS 0x00000000ee500000, 0x00000000ee500000| Untracked 
| 230|0x00000000ee600000, 0x00000000ee600000, 0x00000000ee700000|  0%| F|  |TAMS 0x00000000ee600000, 0x00000000ee600000| Untracked 
| 231|0x00000000ee700000, 0x00000000ee700000, 0x00000000ee800000|  0%| F|  |TAMS 0x00000000ee700000, 0x00000000ee700000| Untracked 
| 232|0x00000000ee800000, 0x00000000ee8bd7b0, 0x00000000ee900000| 74%| E|  |TAMS 0x00000000ee800000, 0x00000000ee800000| Complete 
| 233|0x00000000ee900000, 0x00000000eea00000, 0x00000000eea00000|100%| E|CS|TAMS 0x00000000ee900000, 0x00000000ee900000| Complete 
| 234|0x00000000eea00000, 0x00000000eeb00000, 0x00000000eeb00000|100%| E|CS|TAMS 0x00000000eea00000, 0x00000000eea00000| Complete 
| 235|0x00000000eeb00000, 0x00000000eec00000, 0x00000000eec00000|100%| E|CS|TAMS 0x00000000eeb00000, 0x00000000eeb00000| Complete 
| 236|0x00000000eec00000, 0x00000000eed00000, 0x00000000eed00000|100%| E|CS|TAMS 0x00000000eec00000, 0x00000000eec00000| Complete 
| 237|0x00000000eed00000, 0x00000000eee00000, 0x00000000eee00000|100%| E|CS|TAMS 0x00000000eed00000, 0x00000000eed00000| Complete 
| 238|0x00000000eee00000, 0x00000000eef00000, 0x00000000eef00000|100%| E|CS|TAMS 0x00000000eee00000, 0x00000000eee00000| Complete 
| 239|0x00000000eef00000, 0x00000000ef000000, 0x00000000ef000000|100%| E|CS|TAMS 0x00000000eef00000, 0x00000000eef00000| Complete 
| 240|0x00000000ef000000, 0x00000000ef100000, 0x00000000ef100000|100%| E|CS|TAMS 0x00000000ef000000, 0x00000000ef000000| Complete 
| 241|0x00000000ef100000, 0x00000000ef200000, 0x00000000ef200000|100%| E|CS|TAMS 0x00000000ef100000, 0x00000000ef100000| Complete 
| 242|0x00000000ef200000, 0x00000000ef300000, 0x00000000ef300000|100%| E|CS|TAMS 0x00000000ef200000, 0x00000000ef200000| Complete 
| 243|0x00000000ef300000, 0x00000000ef400000, 0x00000000ef400000|100%| E|CS|TAMS 0x00000000ef300000, 0x00000000ef300000| Complete 
| 244|0x00000000ef400000, 0x00000000ef500000, 0x00000000ef500000|100%| E|CS|TAMS 0x00000000ef400000, 0x00000000ef400000| Complete 
| 245|0x00000000ef500000, 0x00000000ef600000, 0x00000000ef600000|100%| E|CS|TAMS 0x00000000ef500000, 0x00000000ef500000| Complete 
| 246|0x00000000ef600000, 0x00000000ef700000, 0x00000000ef700000|100%| E|CS|TAMS 0x00000000ef600000, 0x00000000ef600000| Complete 
| 247|0x00000000ef700000, 0x00000000ef800000, 0x00000000ef800000|100%| E|CS|TAMS 0x00000000ef700000, 0x00000000ef700000| Complete 
| 248|0x00000000ef800000, 0x00000000ef900000, 0x00000000ef900000|100%| E|CS|TAMS 0x00000000ef800000, 0x00000000ef800000| Complete 
| 249|0x00000000ef900000, 0x00000000efa00000, 0x00000000efa00000|100%| E|CS|TAMS 0x00000000ef900000, 0x00000000ef900000| Complete 
| 250|0x00000000efa00000, 0x00000000efb00000, 0x00000000efb00000|100%| E|CS|TAMS 0x00000000efa00000, 0x00000000efa00000| Complete 
| 251|0x00000000efb00000, 0x00000000efc00000, 0x00000000efc00000|100%| E|CS|TAMS 0x00000000efb00000, 0x00000000efb00000| Complete 
| 252|0x00000000efc00000, 0x00000000efd00000, 0x00000000efd00000|100%| E|CS|TAMS 0x00000000efc00000, 0x00000000efc00000| Complete 
| 253|0x00000000efd00000, 0x00000000efe00000, 0x00000000efe00000|100%| E|CS|TAMS 0x00000000efd00000, 0x00000000efd00000| Complete 
| 254|0x00000000efe00000, 0x00000000eff00000, 0x00000000eff00000|100%| E|CS|TAMS 0x00000000efe00000, 0x00000000efe00000| Complete 
| 255|0x00000000eff00000, 0x00000000f0000000, 0x00000000f0000000|100%| E|CS|TAMS 0x00000000eff00000, 0x00000000eff00000| Complete 

Card table byte_map: [0x0000026e18f40000,0x0000026e19040000] _byte_map_base: 0x0000026e18840000

Marking Bits (Prev, Next): (CMBitMap*) 0x0000026e02016af0, (CMBitMap*) 0x0000026e02016ab0
 Prev Bits: [0x0000026e19940000, 0x0000026e1a140000)
 Next Bits: [0x0000026e19140000, 0x0000026e19940000)

Polling page: 0x0000026e017a0000

Metaspace:

Usage:
  Non-class:     20.02 MB used.
      Class:      3.47 MB used.
       Both:     23.49 MB used.

Virtual space:
  Non-class space:       64.00 MB reserved,      20.19 MB ( 32%) committed,  1 nodes.
      Class space:      320.00 MB reserved,       3.62 MB (  1%) committed,  1 nodes.
             Both:      384.00 MB reserved,      23.81 MB (  6%) committed. 

Chunk freelists:
   Non-Class:  11.69 MB
       Class:  12.38 MB
        Both:  24.06 MB

MaxMetaspaceSize: 384.00 MB
CompressedClassSpaceSize: 320.00 MB
Initial GC threshold: 21.00 MB
Current GC threshold: 35.56 MB
CDS: on
MetaspaceReclaimPolicy: balanced
 - commit_granule_bytes: 65536.
 - commit_granule_words: 8192.
 - virtual_space_node_default_size: 8388608.
 - enlarge_chunks_in_place: 1.
 - new_chunks_are_fully_committed: 0.
 - uncommit_free_chunks: 1.
 - use_allocation_guard: 0.
 - handle_deallocations: 1.


Internal statistics:

num_allocs_failed_limit: 3.
num_arena_births: 318.
num_arena_deaths: 0.
num_vsnodes_births: 2.
num_vsnodes_deaths: 0.
num_space_committed: 381.
num_space_uncommitted: 0.
num_chunks_returned_to_freelist: 3.
num_chunks_taken_from_freelist: 1226.
num_chunk_merges: 3.
num_chunk_splits: 804.
num_chunks_enlarged: 574.
num_inconsistent_stats: 0.

CodeHeap 'non-profiled nmethods': size=120000Kb used=1681Kb max_used=1681Kb free=118318Kb
 bounds [0x0000026e115e0000, 0x0000026e11850000, 0x0000026e18b10000]
CodeHeap 'profiled nmethods': size=120000Kb used=6437Kb max_used=6437Kb free=113562Kb
 bounds [0x0000026e09b10000, 0x0000026e0a160000, 0x0000026e11040000]
CodeHeap 'non-nmethods': size=5760Kb used=1244Kb max_used=1311Kb free=4515Kb
 bounds [0x0000026e11040000, 0x0000026e112b0000, 0x0000026e115e0000]
 total_blobs=3632 nmethods=3074 adapters=470
 compilation: enabled
              stopped_count=0, restarted_count=0
 full_count=0

Compilation events (20 events):
Event: 46.439 Thread 0x0000026e1cb96310 3061       1       java.lang.AbstractStringBuilder::length (5 bytes)
Event: 46.439 Thread 0x0000026e1cb96310 nmethod 3061 0x0000026e11783c90 code [0x0000026e11783e20, 0x0000026e11783ef8]
Event: 46.440 Thread 0x0000026e1cb96310 3062       3       com.google.common.cache.LocalCache::expiresAfterAccess (15 bytes)
Event: 46.440 Thread 0x0000026e1cb96310 nmethod 3062 0x0000026e0a152c10 code [0x0000026e0a152da0, 0x0000026e0a152f18]
Event: 46.459 Thread 0x0000026e1cb96310 3063       3       org.gradle.internal.reflect.JavaReflectionUtil::getAnnotation (101 bytes)
Event: 46.460 Thread 0x0000026e1cb96310 nmethod 3063 0x0000026e0a152f90 code [0x0000026e0a153240, 0x0000026e0a153fb8]
Event: 46.483 Thread 0x0000026e1cb96310 3064       3       java.lang.ThreadLocal$ThreadLocalMap::set (133 bytes)
Event: 46.484 Thread 0x0000026e1cb96310 nmethod 3064 0x0000026e0a154490 code [0x0000026e0a154720, 0x0000026e0a155428]
Event: 46.484 Thread 0x0000026e1cb96310 3065       3       jdk.internal.org.objectweb.asm.MethodVisitor::visitFieldInsn (20 bytes)
Event: 46.485 Thread 0x0000026e1cb96310 nmethod 3065 0x0000026e0a155890 code [0x0000026e0a155a40, 0x0000026e0a155c48]
Event: 46.764 Thread 0x0000026e1cb96310 3066       3       java.util.stream.Sink::begin (1 bytes)
Event: 46.764 Thread 0x0000026e1cb96310 nmethod 3066 0x0000026e0a155d10 code [0x0000026e0a155ea0, 0x0000026e0a155fb8]
Event: 46.764 Thread 0x0000026e1cb96310 3067       3       java.lang.invoke.DirectMethodHandle$Holder::invokeStatic (14 bytes)
Event: 46.764 Thread 0x0000026e1cb96310 nmethod 3067 0x0000026e0a156090 code [0x0000026e0a156260, 0x0000026e0a156798]
Event: 46.764 Thread 0x0000026e1cb96310 3068       3       java.lang.invoke.DirectMethodHandle$Holder::invokeStatic (17 bytes)
Event: 46.764 Thread 0x0000026e1cb96310 nmethod 3068 0x0000026e0a156890 code [0x0000026e0a156a60, 0x0000026e0a156f38]
Event: 46.764 Thread 0x0000026e1cb96310 3069       3       java.lang.invoke.LambdaForm$MH/0x0000026e1e0e0800::invoke (32 bytes)
Event: 46.765 Thread 0x0000026e1cb96310 nmethod 3069 0x0000026e0a157090 code [0x0000026e0a157260, 0x0000026e0a157758]
Event: 46.765 Thread 0x0000026e1cb96310 3070       1       javax.management.ObjectName::getCanonicalName (5 bytes)
Event: 46.765 Thread 0x0000026e1cb96310 nmethod 3070 0x0000026e11783f90 code [0x0000026e11784120, 0x0000026e117841f8]

GC Heap History (8 events):
Event: 1.065 GC heap before
{Heap before GC invocations=0 (full 0):
 garbage-first heap   total 262144K, used 23552K [0x00000000e0000000, 0x0000000100000000)
  region size 1024K, 23 young (23552K), 0 survivors (0K)
 Metaspace       used 1049K, committed 1216K, reserved 393216K
  class space    used 72K, committed 128K, reserved 327680K
}
Event: 1.069 GC heap after
{Heap after GC invocations=1 (full 0):
 garbage-first heap   total 262144K, used 1955K [0x00000000e0000000, 0x0000000100000000)
  region size 1024K, 2 young (2048K), 2 survivors (2048K)
 Metaspace       used 1049K, committed 1216K, reserved 393216K
  class space    used 72K, committed 128K, reserved 327680K
}
Event: 8.689 GC heap before
{Heap before GC invocations=1 (full 0):
 garbage-first heap   total 262144K, used 39843K [0x00000000e0000000, 0x0000000100000000)
  region size 1024K, 36 young (36864K), 2 survivors (2048K)
 Metaspace       used 4375K, committed 4544K, reserved 393216K
  class space    used 546K, committed 640K, reserved 327680K
}
Event: 8.693 GC heap after
{Heap after GC invocations=2 (full 0):
 garbage-first heap   total 262144K, used 10791K [0x00000000e0000000, 0x0000000100000000)
  region size 1024K, 5 young (5120K), 5 survivors (5120K)
 Metaspace       used 4375K, committed 4544K, reserved 393216K
  class space    used 546K, committed 640K, reserved 327680K
}
Event: 30.738 GC heap before
{Heap before GC invocations=2 (full 0):
 garbage-first heap   total 262144K, used 57895K [0x00000000e0000000, 0x0000000100000000)
  region size 1024K, 49 young (50176K), 5 survivors (5120K)
 Metaspace       used 4549K, committed 4736K, reserved 393216K
  class space    used 557K, committed 640K, reserved 327680K
}
Event: 30.744 GC heap after
{Heap after GC invocations=3 (full 0):
 garbage-first heap   total 262144K, used 16644K [0x00000000e0000000, 0x0000000100000000)
  region size 1024K, 5 young (5120K), 5 survivors (5120K)
 Metaspace       used 4549K, committed 4736K, reserved 393216K
  class space    used 557K, committed 640K, reserved 327680K
}
Event: 44.555 GC heap before
{Heap before GC invocations=3 (full 0):
 garbage-first heap   total 262144K, used 130308K [0x00000000e0000000, 0x0000000100000000)
  region size 1024K, 117 young (119808K), 5 survivors (5120K)
 Metaspace       used 21171K, committed 21504K, reserved 393216K
  class space    used 3078K, committed 3264K, reserved 327680K
}
Event: 44.569 GC heap after
{Heap after GC invocations=4 (full 0):
 garbage-first heap   total 262144K, used 24361K [0x00000000e0000000, 0x0000000100000000)
  region size 1024K, 12 young (12288K), 12 survivors (12288K)
 Metaspace       used 21171K, committed 21504K, reserved 393216K
  class space    used 3078K, committed 3264K, reserved 327680K
}

Dll operation events (15 events):
Event: 0.026 Loaded shared library C:\Users\ASUS\.jdks\corretto-17.0.12\bin\java.dll
Event: 0.056 Loaded shared library C:\Users\ASUS\.jdks\corretto-17.0.12\bin\jsvml.dll
Event: 0.174 Loaded shared library C:\Users\ASUS\.jdks\corretto-17.0.12\bin\zip.dll
Event: 0.179 Loaded shared library C:\Users\ASUS\.jdks\corretto-17.0.12\bin\instrument.dll
Event: 0.190 Loaded shared library C:\Users\ASUS\.jdks\corretto-17.0.12\bin\net.dll
Event: 0.193 Loaded shared library C:\Users\ASUS\.jdks\corretto-17.0.12\bin\nio.dll
Event: 0.200 Loaded shared library C:\Users\ASUS\.jdks\corretto-17.0.12\bin\zip.dll
Event: 0.945 Loaded shared library C:\Users\ASUS\.jdks\corretto-17.0.12\bin\jimage.dll
Event: 7.358 Loaded shared library C:\Users\ASUS\.jdks\corretto-17.0.12\bin\verify.dll
Event: 7.581 Loaded shared library C:\Users\ASUS\.gradle\native\1def1411415f61bf3af743bc5b6707747c0891f09f0c88961ee8f79bc544acac\windows-amd64\native-platform.dll
Event: 7.696 Loaded shared library C:\Users\ASUS\.gradle\native\0.2.7\x86_64-windows-gnu\gradle-fileevents.dll
Event: 31.652 Loaded shared library C:\Users\ASUS\.jdks\corretto-17.0.12\bin\management.dll
Event: 31.655 Loaded shared library C:\Users\ASUS\.jdks\corretto-17.0.12\bin\management_ext.dll
Event: 33.934 Loaded shared library C:\Users\ASUS\.jdks\corretto-17.0.12\bin\extnet.dll
Event: 36.089 Loaded shared library C:\Users\ASUS\.jdks\corretto-17.0.12\bin\sunmscapi.dll

Deoptimization events (20 events):
Event: 44.373 Thread 0x0000026e374113a0 Uncommon trap: trap_request=0xffffff45 fr.pc=0x0000026e1173dcd8 relative=0x00000000000077b8
Event: 44.373 Thread 0x0000026e374113a0 Uncommon trap: reason=unstable_if action=reinterpret pc=0x0000026e1173dcd8 method=jdk.internal.org.objectweb.asm.Frame.execute(IILjdk/internal/org/objectweb/asm/Symbol;Ljdk/internal/org/objectweb/asm/SymbolTable;)V @ 1 c2
Event: 44.373 Thread 0x0000026e374113a0 DEOPT PACKING pc=0x0000026e1173dcd8 sp=0x000000ef8dbf9470
Event: 44.373 Thread 0x0000026e374113a0 DEOPT UNPACKING pc=0x0000026e110969a3 sp=0x000000ef8dbf9428 mode 2
Event: 44.844 Thread 0x0000026e374113a0 Uncommon trap: trap_request=0xffffff45 fr.pc=0x0000026e1175aba8 relative=0x0000000000000fc8
Event: 44.844 Thread 0x0000026e374113a0 Uncommon trap: reason=unstable_if action=reinterpret pc=0x0000026e1175aba8 method=jdk.internal.org.objectweb.asm.SymbolTable.addType(Ljava/lang/String;)I @ 33 c2
Event: 44.844 Thread 0x0000026e374113a0 DEOPT PACKING pc=0x0000026e1175aba8 sp=0x000000ef8dbf8cb0
Event: 44.844 Thread 0x0000026e374113a0 DEOPT UNPACKING pc=0x0000026e110969a3 sp=0x000000ef8dbf8c78 mode 2
Event: 45.068 Thread 0x0000026e374113a0 Uncommon trap: trap_request=0xffffff76 fr.pc=0x0000026e11748018 relative=0x0000000000000178
Event: 45.068 Thread 0x0000026e374113a0 Uncommon trap: reason=predicate action=maybe_recompile pc=0x0000026e11748018 method=com.google.common.base.CharMatcher.indexIn(Ljava/lang/CharSequence;I)I @ 19 c2
Event: 45.068 Thread 0x0000026e374113a0 DEOPT PACKING pc=0x0000026e11748018 sp=0x000000ef8dbfa050
Event: 45.068 Thread 0x0000026e374113a0 DEOPT UNPACKING pc=0x0000026e110969a3 sp=0x000000ef8dbf9fe0 mode 2
Event: 46.476 Thread 0x0000026e374113a0 Uncommon trap: trap_request=0xffffffde fr.pc=0x0000026e115eb5a8 relative=0x00000000000001a8
Event: 46.476 Thread 0x0000026e374113a0 Uncommon trap: reason=class_check action=maybe_recompile pc=0x0000026e115eb5a8 method=java.lang.String.equals(Ljava/lang/Object;)Z @ 8 c2
Event: 46.476 Thread 0x0000026e374113a0 DEOPT PACKING pc=0x0000026e115eb5a8 sp=0x000000ef8dbfab40
Event: 46.476 Thread 0x0000026e374113a0 DEOPT UNPACKING pc=0x0000026e110969a3 sp=0x000000ef8dbfaae8 mode 2
Event: 46.479 Thread 0x0000026e374113a0 Uncommon trap: trap_request=0xffffffde fr.pc=0x0000026e115eb5a8 relative=0x00000000000001a8
Event: 46.479 Thread 0x0000026e374113a0 Uncommon trap: reason=class_check action=maybe_recompile pc=0x0000026e115eb5a8 method=java.lang.String.equals(Ljava/lang/Object;)Z @ 8 c2
Event: 46.479 Thread 0x0000026e374113a0 DEOPT PACKING pc=0x0000026e115eb5a8 sp=0x000000ef8dbfa870
Event: 46.479 Thread 0x0000026e374113a0 DEOPT UNPACKING pc=0x0000026e110969a3 sp=0x000000ef8dbfa818 mode 2

Classes loaded (20 events):
Event: 44.457 Loading class java/lang/invoke/BoundMethodHandle$Species_LLLLLLLLLLLLLLLLLLLLLLLL
Event: 44.457 Loading class java/lang/invoke/BoundMethodHandle$Species_LLLLLLLLLLLLLLLLLLLLLLLL done
Event: 45.007 Loading class java/util/function/UnaryOperator
Event: 45.007 Loading class java/util/function/UnaryOperator done
Event: 45.035 Loading class java/util/concurrent/TimeoutException
Event: 45.035 Loading class java/util/concurrent/TimeoutException done
Event: 45.036 Loading class java/util/concurrent/CancellationException
Event: 45.036 Loading class java/util/concurrent/CancellationException done
Event: 45.483 Loading class java/util/concurrent/locks/AbstractQueuedSynchronizer$SharedNode
Event: 45.483 Loading class java/util/concurrent/locks/AbstractQueuedSynchronizer$SharedNode done
Event: 45.521 Loading class java/io/InterruptedIOException
Event: 45.521 Loading class java/io/InterruptedIOException done
Event: 45.534 Loading class java/util/ArrayDeque$DeqSpliterator
Event: 45.534 Loading class java/util/ArrayDeque$DeqSpliterator done
Event: 45.773 Loading class java/util/concurrent/LinkedBlockingDeque$Itr
Event: 45.774 Loading class java/util/concurrent/LinkedBlockingDeque$AbstractItr
Event: 45.776 Loading class java/util/concurrent/LinkedBlockingDeque$AbstractItr done
Event: 45.776 Loading class java/util/concurrent/LinkedBlockingDeque$Itr done
Event: 46.488 Loading class java/io/StringReader
Event: 46.488 Loading class java/io/StringReader done

Classes unloaded (0 events):
No events

Classes redefined (0 events):
No events

Internal exceptions (20 events):
Event: 44.359 Thread 0x0000026e374113a0 Exception <a 'java/lang/NoSuchMethodError'{0x00000000e904d1c0}: 'java.lang.Object java.lang.invoke.DirectMethodHandle$Holder.invokeSpecial(java.lang.Object, java.lang.Object, java.lang.Object, java.lang.Object, java.lang.Object, java.lang.Object, java.lang.Object, java.lang.Object, java.lang.Object, java.lang.Object, java.lang.Object, java.lang.Object, java.lang.Object, java.lang.Object, java.lang.Object, java.lang.Object, java.lang.Object, java.lang.Object, java.lang.Object, java.lang.Object, java.lang.Ob
Event: 44.359 Thread 0x0000026e374113a0 Exception <a 'java/lang/NoSuchMethodError'{0x00000000e9052fc0}: 'java.lang.Object java.lang.invoke.Invokers$Holder.invoker(java.lang.Object, java.lang.Object, java.lang.Object, java.lang.Object, java.lang.Object, java.lang.Object, java.lang.Object, java.lang.Object, java.lang.Object, java.lang.Object, java.lang.Object, java.lang.Object, java.lang.Object, java.lang.Object, java.lang.Object, java.lang.Object, java.lang.Object, java.lang.Object, java.lang.Object, java.lang.Object, java.lang.Object, java.lang.
Event: 44.360 Thread 0x0000026e374113a0 Exception <a 'java/lang/NoSuchMethodError'{0x00000000e9059ca0}: 'java.lang.Object java.lang.invoke.DelegatingMethodHandle$Holder.delegate(java.lang.Object, java.lang.Object, java.lang.Object, java.lang.Object, java.lang.Object, java.lang.Object, java.lang.Object, java.lang.Object, java.lang.Object, java.lang.Object, java.lang.Object, java.lang.Object, java.lang.Object, java.lang.Object, java.lang.Object, java.lang.Object, java.lang.Object, java.lang.Object, java.lang.Object, java.lang.Object, java.lang.Obj
Event: 44.375 Thread 0x0000026e374113a0 Exception <a 'java/lang/NoSuchMethodError'{0x00000000e8f552c0}: 'java.lang.Object java.lang.invoke.DirectMethodHandle$Holder.invokeStatic(java.lang.Object, java.lang.Object, java.lang.Object, java.lang.Object, java.lang.Object, java.lang.Object, java.lang.Object, java.lang.Object, java.lang.Object, java.lang.Object, java.lang.Object, java.lang.Object, java.lang.Object, java.lang.Object, java.lang.Object, java.lang.Object, java.lang.Object)'> (0x00000000e8f552c0) 
thrown [s\src\hotspot\share\interpreter\lin
Event: 44.381 Thread 0x0000026e374113a0 Exception <a 'java/lang/NoSuchMethodError'{0x00000000e8f7e8a8}: 'java.lang.Object java.lang.invoke.DirectMethodHandle$Holder.invokeStatic(java.lang.Object, java.lang.Object, java.lang.Object, java.lang.Object, java.lang.Object, java.lang.Object, java.lang.Object, java.lang.Object, java.lang.Object, java.lang.Object, java.lang.Object, java.lang.Object, java.lang.Object, java.lang.Object, java.lang.Object, java.lang.Object, java.lang.Object, java.lang.Object)'> (0x00000000e8f7e8a8) 
thrown [s\src\hotspot\sha
Event: 44.384 Thread 0x0000026e374113a0 Exception <a 'java/lang/NoSuchMethodError'{0x00000000e8fa91f0}: 'java.lang.Object java.lang.invoke.DirectMethodHandle$Holder.invokeStatic(java.lang.Object, java.lang.Object, java.lang.Object, java.lang.Object, java.lang.Object, java.lang.Object, java.lang.Object, java.lang.Object, java.lang.Object, java.lang.Object, java.lang.Object, java.lang.Object, java.lang.Object, java.lang.Object, java.lang.Object, java.lang.Object, java.lang.Object, java.lang.Object, java.lang.Object)'> (0x00000000e8fa91f0) 
thrown 
Event: 44.387 Thread 0x0000026e374113a0 Exception <a 'java/lang/NoSuchMethodError'{0x00000000e8fd4d18}: 'java.lang.Object java.lang.invoke.DirectMethodHandle$Holder.invokeStatic(java.lang.Object, java.lang.Object, java.lang.Object, java.lang.Object, java.lang.Object, java.lang.Object, java.lang.Object, java.lang.Object, java.lang.Object, java.lang.Object, java.lang.Object, java.lang.Object, java.lang.Object, java.lang.Object, java.lang.Object, java.lang.Object, java.lang.Object, java.lang.Object, java.lang.Object, java.lang.Object)'> (0x00000000
Event: 44.439 Thread 0x0000026e374113a0 Exception <a 'java/lang/NoSuchMethodError'{0x00000000e8e024b8}: 'java.lang.Object java.lang.invoke.DirectMethodHandle$Holder.invokeStatic(java.lang.Object, java.lang.Object, java.lang.Object, java.lang.Object, java.lang.Object, java.lang.Object, java.lang.Object, java.lang.Object, java.lang.Object, java.lang.Object, java.lang.Object, java.lang.Object, java.lang.Object, java.lang.Object, java.lang.Object, java.lang.Object, java.lang.Object, java.lang.Object, java.lang.Object, java.lang.Object, java.lang.Obj
Event: 44.443 Thread 0x0000026e374113a0 Exception <a 'java/lang/NoSuchMethodError'{0x00000000e8e2fbd0}: 'java.lang.Object java.lang.invoke.DirectMethodHandle$Holder.invokeStatic(java.lang.Object, java.lang.Object, java.lang.Object, java.lang.Object, java.lang.Object, java.lang.Object, java.lang.Object, java.lang.Object, java.lang.Object, java.lang.Object, java.lang.Object, java.lang.Object, java.lang.Object, java.lang.Object, java.lang.Object, java.lang.Object, java.lang.Object, java.lang.Object, java.lang.Object, java.lang.Object, java.lang.Obj
Event: 44.446 Thread 0x0000026e374113a0 Exception <a 'java/lang/NoSuchMethodError'{0x00000000e8e5e3e8}: 'java.lang.Object java.lang.invoke.DirectMethodHandle$Holder.invokeStatic(java.lang.Object, java.lang.Object, java.lang.Object, java.lang.Object, java.lang.Object, java.lang.Object, java.lang.Object, java.lang.Object, java.lang.Object, java.lang.Object, java.lang.Object, java.lang.Object, java.lang.Object, java.lang.Object, java.lang.Object, java.lang.Object, java.lang.Object, java.lang.Object, java.lang.Object, java.lang.Object, java.lang.Obj
Event: 44.449 Thread 0x0000026e374113a0 Exception <a 'java/lang/NoSuchMethodError'{0x00000000e8e8df70}: 'java.lang.Object java.lang.invoke.DirectMethodHandle$Holder.invokeStatic(java.lang.Object, java.lang.Object, java.lang.Object, java.lang.Object, java.lang.Object, java.lang.Object, java.lang.Object, java.lang.Object, java.lang.Object, java.lang.Object, java.lang.Object, java.lang.Object, java.lang.Object, java.lang.Object, java.lang.Object, java.lang.Object, java.lang.Object, java.lang.Object, java.lang.Object, java.lang.Object, java.lang.Obj
Event: 44.452 Thread 0x0000026e374113a0 Exception <a 'java/lang/NoSuchMethodError'{0x00000000e8ebe4a0}: 'java.lang.Object java.lang.invoke.DirectMethodHandle$Holder.invokeStatic(java.lang.Object, java.lang.Object, java.lang.Object, java.lang.Object, java.lang.Object, java.lang.Object, java.lang.Object, java.lang.Object, java.lang.Object, java.lang.Object, java.lang.Object, java.lang.Object, java.lang.Object, java.lang.Object, java.lang.Object, java.lang.Object, java.lang.Object, java.lang.Object, java.lang.Object, java.lang.Object, java.lang.Obj
Event: 44.455 Thread 0x0000026e374113a0 Exception <a 'java/lang/NoSuchMethodError'{0x00000000e8eef910}: 'java.lang.Object java.lang.invoke.DirectMethodHandle$Holder.invokeStatic(java.lang.Object, java.lang.Object, java.lang.Object, java.lang.Object, java.lang.Object, java.lang.Object, java.lang.Object, java.lang.Object, java.lang.Object, java.lang.Object, java.lang.Object, java.lang.Object, java.lang.Object, java.lang.Object, java.lang.Object, java.lang.Object, java.lang.Object, java.lang.Object, java.lang.Object, java.lang.Object, java.lang.Obj
Event: 44.458 Thread 0x0000026e374113a0 Exception <a 'java/lang/NoSuchMethodError'{0x00000000e8d22d88}: 'java.lang.Object java.lang.invoke.DirectMethodHandle$Holder.invokeStatic(java.lang.Object, java.lang.Object, java.lang.Object, java.lang.Object, java.lang.Object, java.lang.Object, java.lang.Object, java.lang.Object, java.lang.Object, java.lang.Object, java.lang.Object, java.lang.Object, java.lang.Object, java.lang.Object, java.lang.Object, java.lang.Object, java.lang.Object, java.lang.Object, java.lang.Object, java.lang.Object, java.lang.Obj
Event: 44.531 Thread 0x0000026e374113a0 Exception <a 'java/lang/NoSuchMethodError'{0x00000000e8cd1570}: 'java.lang.Object java.lang.invoke.DirectMethodHandle$Holder.invokeStaticInit(java.lang.Object, java.lang.Object, java.lang.Object, java.lang.Object)'> (0x00000000e8cd1570) 
thrown [s\src\hotspot\share\interpreter\linkResolver.cpp, line 759]
Event: 44.621 Thread 0x0000026e374113a0 Exception <a 'java/lang/NoSuchMethodError'{0x00000000efe37240}: 'java.lang.Object java.lang.invoke.DirectMethodHandle$Holder.newInvokeSpecial(java.lang.Object, java.lang.Object, java.lang.Object, java.lang.Object, java.lang.Object, java.lang.Object, java.lang.Object, java.lang.Object)'> (0x00000000efe37240) 
thrown [s\src\hotspot\share\interpreter\linkResolver.cpp, line 759]
Event: 44.622 Thread 0x0000026e374113a0 Exception <a 'java/lang/NoSuchMethodError'{0x00000000efe3cc48}: 'java.lang.Object java.lang.invoke.DirectMethodHandle$Holder.invokeSpecial(java.lang.Object, java.lang.Object, java.lang.Object, java.lang.Object, java.lang.Object, java.lang.Object, java.lang.Object, java.lang.Object, java.lang.Object)'> (0x00000000efe3cc48) 
thrown [s\src\hotspot\share\interpreter\linkResolver.cpp, line 759]
Event: 44.626 Thread 0x0000026e374113a0 Exception <a 'java/lang/NoSuchMethodError'{0x00000000efe41ff8}: 'java.lang.Object java.lang.invoke.Invokers$Holder.linkToTargetMethod(java.lang.Object, java.lang.Object, java.lang.Object, java.lang.Object, java.lang.Object, java.lang.Object, java.lang.Object, java.lang.Object)'> (0x00000000efe41ff8) 
thrown [s\src\hotspot\share\interpreter\linkResolver.cpp, line 759]
Event: 44.875 Thread 0x0000026e374113a0 Exception <a 'java/lang/NoSuchMethodError'{0x00000000efb016a0}: 'void java.lang.invoke.DirectMethodHandle$Holder.invokeStaticInit(java.lang.Object, java.lang.Object)'> (0x00000000efb016a0) 
thrown [s\src\hotspot\share\interpreter\linkResolver.cpp, line 759]
Event: 45.526 Thread 0x0000026e374113a0 Exception <a 'java/lang/NoSuchMethodError'{0x00000000ef52b540}: 'int java.lang.invoke.DirectMethodHandle$Holder.invokeVirtual(java.lang.Object, java.lang.Object)'> (0x00000000ef52b540) 
thrown [s\src\hotspot\share\interpreter\linkResolver.cpp, line 759]

VM Operations (20 events):
Event: 41.302 Executing VM operation: HandshakeAllThreads
Event: 41.302 Executing VM operation: HandshakeAllThreads done
Event: 42.317 Executing VM operation: Cleanup
Event: 42.318 Executing VM operation: Cleanup done
Event: 43.332 Executing VM operation: Cleanup
Event: 43.334 Executing VM operation: Cleanup done
Event: 44.372 Executing VM operation: Cleanup
Event: 44.372 Executing VM operation: Cleanup done
Event: 44.554 Executing VM operation: CollectForMetadataAllocation
Event: 44.580 Executing VM operation: CollectForMetadataAllocation done
Event: 44.740 Executing VM operation: G1PauseRemark
Event: 44.749 Executing VM operation: G1PauseRemark done
Event: 44.751 Executing VM operation: HandshakeAllThreads
Event: 44.769 Executing VM operation: HandshakeAllThreads done
Event: 44.769 Executing VM operation: G1PauseCleanup
Event: 44.769 Executing VM operation: G1PauseCleanup done
Event: 45.617 Executing VM operation: HandshakeAllThreads
Event: 45.617 Executing VM operation: HandshakeAllThreads done
Event: 46.622 Executing VM operation: Cleanup
Event: 46.622 Executing VM operation: Cleanup done

Events (20 events):
Event: 36.391 Thread 0x0000026e3740f540 Thread added: 0x0000026e3740f540
Event: 36.394 Thread 0x0000026e37410470 Thread added: 0x0000026e37410470
Event: 37.896 Thread 0x0000026e3740ff60 Thread added: 0x0000026e3740ff60
Event: 38.278 Thread 0x0000026e374118b0 Thread added: 0x0000026e374118b0
Event: 40.451 Thread 0x0000026e37410e90 Thread added: 0x0000026e37410e90
Event: 40.989 Thread 0x0000026e38b64e40 Thread added: 0x0000026e38b64e40
Event: 41.207 Thread 0x0000026e38b64e40 Thread exited: 0x0000026e38b64e40
Event: 42.405 Thread 0x0000026e384c43e0 Thread added: 0x0000026e384c43e0
Event: 42.531 Thread 0x0000026e384c43e0 Thread exited: 0x0000026e384c43e0
Event: 43.077 Thread 0x0000026e3740f030 Thread added: 0x0000026e3740f030
Event: 44.216 Thread 0x0000026e3740fa50 Thread added: 0x0000026e3740fa50
Event: 44.254 Thread 0x0000026e38534060 Thread added: 0x0000026e38534060
Event: 44.680 Thread 0x0000026e389e9080 Thread added: 0x0000026e389e9080
Event: 44.680 Thread 0x0000026e38b21110 Thread added: 0x0000026e38b21110
Event: 44.859 Thread 0x0000026e38b21110 Thread exited: 0x0000026e38b21110
Event: 44.894 Thread 0x0000026e389e9080 Thread exited: 0x0000026e389e9080
Event: 45.075 Thread 0x0000026e389e9080 Thread added: 0x0000026e389e9080
Event: 45.481 Thread 0x0000026e38536df0 Thread added: 0x0000026e38536df0
Event: 45.524 Thread 0x0000026e385359b0 Thread added: 0x0000026e385359b0
Event: 46.103 Thread 0x0000026e389e9080 Thread exited: 0x0000026e389e9080


Dynamic libraries:
0x00007ff67e090000 - 0x00007ff67e09e000 	C:\Users\ASUS\.jdks\corretto-17.0.12\bin\java.exe
0x00007fffb2180000 - 0x00007fffb23e8000 	C:\WINDOWS\SYSTEM32\ntdll.dll
0x00007fffb0360000 - 0x00007fffb0429000 	C:\WINDOWS\System32\KERNEL32.DLL
0x00007fffaf7c0000 - 0x00007fffafbb8000 	C:\WINDOWS\System32\KERNELBASE.dll
0x00007fff9e910000 - 0x00007fff9e927000 	C:\Users\ASUS\.jdks\corretto-17.0.12\bin\jli.dll
0x00007fff9ed40000 - 0x00007fff9ed5b000 	C:\Users\ASUS\.jdks\corretto-17.0.12\bin\VCRUNTIME140.dll
0x00007fffaf670000 - 0x00007fffaf7bb000 	C:\WINDOWS\System32\ucrtbase.dll
0x00007fffb0580000 - 0x00007fffb0747000 	C:\WINDOWS\System32\USER32.dll
0x00007fff9b490000 - 0x00007fff9b724000 	C:\WINDOWS\WinSxS\amd64_microsoft.windows.common-controls_6595b64144ccf1df_6.0.26100.7019_none_3e06ffa0e335b8a8\COMCTL32.dll
0x00007fffaf2d0000 - 0x00007fffaf2f7000 	C:\WINDOWS\System32\win32u.dll
0x00007fffb0e20000 - 0x00007fffb0e4b000 	C:\WINDOWS\System32\GDI32.dll
0x00007fffafdf0000 - 0x00007fffaff1c000 	C:\WINDOWS\System32\gdi32full.dll
0x00007fffaf3c0000 - 0x00007fffaf463000 	C:\WINDOWS\System32\msvcp_win.dll
0x00007fffb16f0000 - 0x00007fffb1799000 	C:\WINDOWS\System32\msvcrt.dll
0x00007fffb17a0000 - 0x00007fffb17d1000 	C:\WINDOWS\System32\IMM32.DLL
0x00007fff9ed30000 - 0x00007fff9ed3c000 	C:\Users\ASUS\.jdks\corretto-17.0.12\bin\vcruntime140_1.dll
0x00007fff870f0000 - 0x00007fff8717d000 	C:\Users\ASUS\.jdks\corretto-17.0.12\bin\msvcp140.dll
0x00007fff386c0000 - 0x00007fff3932a000 	C:\Users\ASUS\.jdks\corretto-17.0.12\bin\server\jvm.dll
0x00007fffb0e60000 - 0x00007fffb0f14000 	C:\WINDOWS\System32\ADVAPI32.dll
0x00007fffb02b0000 - 0x00007fffb0356000 	C:\WINDOWS\System32\sechost.dll
0x00007fffb0750000 - 0x00007fffb0868000 	C:\WINDOWS\System32\RPCRT4.dll
0x00007fffb20c0000 - 0x00007fffb2134000 	C:\WINDOWS\System32\WS2_32.dll
0x00007fffaf130000 - 0x00007fffaf18e000 	C:\WINDOWS\SYSTEM32\POWRPROF.dll
0x00007fffa3630000 - 0x00007fffa3665000 	C:\WINDOWS\SYSTEM32\WINMM.dll
0x00007fffa79a0000 - 0x00007fffa79ab000 	C:\WINDOWS\SYSTEM32\VERSION.dll
0x00007fffaf110000 - 0x00007fffaf124000 	C:\WINDOWS\SYSTEM32\UMPDC.dll
0x00007fffae050000 - 0x00007fffae06b000 	C:\WINDOWS\SYSTEM32\kernel.appcore.dll
0x00007fff9e2d0000 - 0x00007fff9e2da000 	C:\Users\ASUS\.jdks\corretto-17.0.12\bin\jimage.dll
0x00007fffa3a40000 - 0x00007fffa3c82000 	C:\WINDOWS\SYSTEM32\DBGHELP.DLL
0x00007fffaff20000 - 0x00007fffb02ab000 	C:\WINDOWS\System32\combase.dll
0x00007fffb13b0000 - 0x00007fffb1487000 	C:\WINDOWS\System32\OLEAUT32.dll
0x00007fff9a3c0000 - 0x00007fff9a3fc000 	C:\WINDOWS\SYSTEM32\dbgcore.DLL
0x00007fffafd40000 - 0x00007fffafde5000 	C:\WINDOWS\System32\bcryptPrimitives.dll
0x00007fff9e9e0000 - 0x00007fff9e9ee000 	C:\Users\ASUS\.jdks\corretto-17.0.12\bin\instrument.dll
0x00007fff9e2a0000 - 0x00007fff9e2c5000 	C:\Users\ASUS\.jdks\corretto-17.0.12\bin\java.dll
0x00007fff78810000 - 0x00007fff788e7000 	C:\Users\ASUS\.jdks\corretto-17.0.12\bin\jsvml.dll
0x00007fffb1960000 - 0x00007fffb20af000 	C:\WINDOWS\System32\SHELL32.dll
0x00007fffaf470000 - 0x00007fffaf5db000 	C:\WINDOWS\System32\wintypes.dll
0x00007fffaced0000 - 0x00007fffad72d000 	C:\WINDOWS\SYSTEM32\windows.storage.dll
0x00007fffb0430000 - 0x00007fffb0522000 	C:\WINDOWS\System32\SHCORE.dll
0x00007fffb0f20000 - 0x00007fffb0f87000 	C:\WINDOWS\System32\shlwapi.dll
0x00007fffaf1f0000 - 0x00007fffaf219000 	C:\WINDOWS\SYSTEM32\profapi.dll
0x00007fff9db80000 - 0x00007fff9db98000 	C:\Users\ASUS\.jdks\corretto-17.0.12\bin\zip.dll
0x00007fff9e1b0000 - 0x00007fff9e1c9000 	C:\Users\ASUS\.jdks\corretto-17.0.12\bin\net.dll
0x00007fffa8df0000 - 0x00007fffa8f18000 	C:\WINDOWS\SYSTEM32\WINHTTP.dll
0x00007fffae5a0000 - 0x00007fffae60b000 	C:\WINDOWS\system32\mswsock.dll
0x00007fff9de00000 - 0x00007fff9de16000 	C:\Users\ASUS\.jdks\corretto-17.0.12\bin\nio.dll
0x00007fff9e1a0000 - 0x00007fff9e1b0000 	C:\Users\ASUS\.jdks\corretto-17.0.12\bin\verify.dll
0x00007fff9e9f0000 - 0x00007fff9ea17000 	C:\Users\ASUS\.gradle\native\1def1411415f61bf3af743bc5b6707747c0891f09f0c88961ee8f79bc544acac\windows-amd64\native-platform.dll
0x00007fff876c0000 - 0x00007fff87738000 	C:\Users\ASUS\.gradle\native\0.2.7\x86_64-windows-gnu\gradle-fileevents.dll
0x00007fff9e960000 - 0x00007fff9e969000 	C:\Users\ASUS\.jdks\corretto-17.0.12\bin\management.dll
0x00007fff9e950000 - 0x00007fff9e95b000 	C:\Users\ASUS\.jdks\corretto-17.0.12\bin\management_ext.dll
0x00007fffb0e10000 - 0x00007fffb0e18000 	C:\WINDOWS\System32\PSAPI.DLL
0x00007fffada40000 - 0x00007fffada74000 	C:\WINDOWS\SYSTEM32\IPHLPAPI.DLL
0x00007fffb0970000 - 0x00007fffb097a000 	C:\WINDOWS\System32\NSI.dll
0x00007fffa8520000 - 0x00007fffa853e000 	C:\WINDOWS\SYSTEM32\dhcpcsvc6.DLL
0x00007fffa84f0000 - 0x00007fffa8513000 	C:\WINDOWS\SYSTEM32\dhcpcsvc.DLL
0x00007fffadad0000 - 0x00007fffadbfc000 	C:\WINDOWS\SYSTEM32\DNSAPI.dll
0x00007fffa1660000 - 0x00007fffa1669000 	C:\Users\ASUS\.jdks\corretto-17.0.12\bin\extnet.dll
0x00007fffae990000 - 0x00007fffae9ab000 	C:\WINDOWS\SYSTEM32\CRYPTSP.dll
0x00007fffadfb0000 - 0x00007fffadfea000 	C:\WINDOWS\system32\rsaenh.dll
0x00007fffae650000 - 0x00007fffae67b000 	C:\WINDOWS\SYSTEM32\USERENV.dll
0x00007fffaf1c0000 - 0x00007fffaf1ea000 	C:\WINDOWS\SYSTEM32\bcrypt.dll
0x00007fffae7f0000 - 0x00007fffae7fc000 	C:\WINDOWS\SYSTEM32\CRYPTBASE.dll
0x00007fff9e160000 - 0x00007fff9e16e000 	C:\Users\ASUS\.jdks\corretto-17.0.12\bin\sunmscapi.dll
0x00007fffafbc0000 - 0x00007fffafd37000 	C:\WINDOWS\System32\CRYPT32.dll
0x00007fffaeae0000 - 0x00007fffaeb10000 	C:\WINDOWS\SYSTEM32\ncrypt.dll
0x00007fffaea90000 - 0x00007fffaeacf000 	C:\WINDOWS\SYSTEM32\NTASN1.dll
0x00007fff1c390000 - 0x00007fff1c398000 	C:\WINDOWS\system32\wshunix.dll

dbghelp: loaded successfully - version: 4.0.5 - missing functions: none
symbol engine: initialized successfully - sym options: 0x614 - pdb path: .;C:\Users\ASUS\.jdks\corretto-17.0.12\bin;C:\WINDOWS\SYSTEM32;C:\WINDOWS\WinSxS\amd64_microsoft.windows.common-controls_6595b64144ccf1df_6.0.26100.7019_none_3e06ffa0e335b8a8;C:\Users\ASUS\.jdks\corretto-17.0.12\bin\server;C:\Users\ASUS\.gradle\native\1def1411415f61bf3af743bc5b6707747c0891f09f0c88961ee8f79bc544acac\windows-amd64;C:\Users\ASUS\.gradle\native\0.2.7\x86_64-windows-gnu

VM Arguments:
jvm_args: --add-opens=java.base/java.lang=ALL-UNNAMED --add-opens=java.base/java.lang.invoke=ALL-UNNAMED --add-opens=java.base/java.util=ALL-UNNAMED --add-opens=java.prefs/java.util.prefs=ALL-UNNAMED --add-exports=jdk.compiler/com.sun.tools.javac.api=ALL-UNNAMED --add-exports=jdk.compiler/com.sun.tools.javac.util=ALL-UNNAMED --add-opens=java.base/java.util=ALL-UNNAMED --add-opens=java.prefs/java.util.prefs=ALL-UNNAMED --add-opens=java.base/java.nio.charset=ALL-UNNAMED --add-opens=java.base/java.net=ALL-UNNAMED --add-opens=java.base/java.util.concurrent.atomic=ALL-UNNAMED --add-opens=java.xml/javax.xml.namespace=ALL-UNNAMED -XX:MaxMetaspaceSize=384m -XX:+HeapDumpOnOutOfMemoryError -Xms256m -Xmx512m -Dfile.encoding=windows-1252 -Duser.country=PE -Duser.language=es -Duser.variant -javaagent:C:\Users\ASUS\.gradle\wrapper\dists\gradle-8.14.3-bin\cv11ve7ro1n3o1j4so8xd9n66\gradle-8.14.3\lib\agents\gradle-instrumentation-agent-8.14.3.jar 
java_command: org.gradle.launcher.daemon.bootstrap.GradleDaemon 8.14.3
java_class_path (initial): C:\Users\ASUS\.gradle\wrapper\dists\gradle-8.14.3-bin\cv11ve7ro1n3o1j4so8xd9n66\gradle-8.14.3\lib\gradle-daemon-main-8.14.3.jar
Launcher Type: SUN_STANDARD

[Global flags]
     intx CICompilerCount                          = 4                                         {product} {ergonomic}
   size_t CompressedClassSpaceSize                 = 335544320                                 {product} {ergonomic}
     uint ConcGCThreads                            = 2                                         {product} {ergonomic}
     uint G1ConcRefinementThreads                  = 8                                         {product} {ergonomic}
   size_t G1HeapRegionSize                         = 1048576                                   {product} {ergonomic}
    uintx GCDrainStackTargetSize                   = 64                                        {product} {ergonomic}
     bool HeapDumpOnOutOfMemoryError               = true                                   {manageable} {command line}
   size_t InitialHeapSize                          = 268435456                                 {product} {command line}
   size_t MarkStackSize                            = 4194304                                   {product} {ergonomic}
   size_t MaxHeapSize                              = 536870912                                 {product} {command line}
   size_t MaxMetaspaceSize                         = 402653184                                 {product} {command line}
   size_t MaxNewSize                               = 321912832                                 {product} {ergonomic}
   size_t MinHeapDeltaBytes                        = 1048576                                   {product} {ergonomic}
   size_t MinHeapSize                              = 268435456                                 {product} {command line}
    uintx NonNMethodCodeHeapSize                   = 5839372                                {pd product} {ergonomic}
    uintx NonProfiledCodeHeapSize                  = 122909434                              {pd product} {ergonomic}
    uintx ProfiledCodeHeapSize                     = 122909434                              {pd product} {ergonomic}
    uintx ReservedCodeCacheSize                    = 251658240                              {pd product} {ergonomic}
     bool SegmentedCodeCache                       = true                                      {product} {ergonomic}
   size_t SoftMaxHeapSize                          = 536870912                              {manageable} {ergonomic}
     bool UseCompressedClassPointers               = true                           {product lp64_product} {ergonomic}
     bool UseCompressedOops                        = true                           {product lp64_product} {ergonomic}
     bool UseG1GC                                  = true                                      {product} {ergonomic}
     bool UseLargePagesIndividualAllocation        = false                                  {pd product} {ergonomic}

Logging:
Log output configuration:
 #0: stdout all=warning uptime,level,tags
 #1: stderr all=off uptime,level,tags

Environment Variables:
PATH=C:\Program Files\Common Files\Oracle\Java\javapath;%JAVA_HOME%\bin;C:\WINDOWS\system32;C:\WINDOWS;C:\WINDOWS\System32\Wbem;C:\WINDOWS\System32\WindowsPowerShell\v1.0\;C:\WINDOWS\System32\OpenSSH\;C:\Program Files\Docker\Docker\resources\bin;C:\Program Files\dotnet\;C:\Program Files\apache-maven-3.9.9\bin;C:\Program Files\Git\cmd;C:\Users\ASUS\AppData\Local\Microsoft\WindowsApps;C:\Users\ASUS\AppData\Local\Programs\Microsoft VS Code\bin;C:\Users\ASUS\AppData\Local\Programs\mongosh\;;C:\Users\ASUS\.deno\bin
USERNAME=ASUS
OS=Windows_NT
PROCESSOR_IDENTIFIER=Intel64 Family 6 Model 158 Stepping 10, GenuineIntel
TMP=C:\Users\ASUS\AppData\Local\Temp
TEMP=C:\Users\ASUS\AppData\Local\Temp



Periodic native trim disabled


---------------  S Y S T E M  ---------------

OS:
 Windows 11 , 64 bit Build 26100 (10.0.26100.7019)
OS uptime: 1 days 6:04 hours
Hyper-V role detected

CPU: total 8 (initial active 8) (4 cores per cpu, 2 threads per core) family 6 model 158 stepping 10 microcode 0xde, cx8, cmov, fxsr, ht, mmx, 3dnowpref, sse, sse2, sse3, ssse3, sse4.1, sse4.2, popcnt, lzcnt, tsc, tscinvbit, avx, avx2, aes, erms, clmul, bmi1, bmi2, adx, fma, vzeroupper, clflush, clflushopt, hv
Processor Information for all 8 processors :
  Max Mhz: 2304, Current Mhz: 2304, Mhz Limit: 2304

Memory: 4k page, system-wide physical 32623M (9371M free)
TotalPageFile size 34671M (AvailPageFile size 26M)
current process WorkingSet (physical memory assigned to process): 254M, peak: 264M
current process commit charge ("private bytes"): 419M, peak: 429M

vm_info: OpenJDK 64-Bit Server VM (17.0.12+7-LTS) for windows-amd64 JRE (17.0.12+7-LTS), built on Jul 10 2024 20:46:33 by "Administrator" with MS VC++ 16.10 / 16.11 (VS2019)

END.
