#
# There is insufficient memory for the Java Runtime Environment to continue.
# Native memory allocation (malloc) failed to allocate 1275056 bytes. Error detail: Chunk::new
# Possible reasons:
#   The system is out of physical RAM or swap space
#   This process is running with CompressedOops enabled, and the Java Heap may be blocking the growth of the native heap
# Possible solutions:
#   Reduce memory load on the system
#   Increase physical memory or swap space
#   Check if swap backing store is full
#   Decrease Java heap size (-Xmx/-Xms)
#   Decrease number of Java threads
#   Decrease Java thread stack sizes (-Xss)
#   Set larger code cache with -XX:ReservedCodeCacheSize=
#   JVM is running with Unscaled Compressed Oops mode in which the Java heap is
#     placed in the first 4GB address space. The Java Heap base address is the
#     maximum limit for the native heap growth. Please use -XX:HeapBaseMinAddress
#     to set the Java Heap base and to place the Java Heap above 4GB virtual address.
# This output file may be truncated or incomplete.
#
#  Out of Memory Error (arena.cpp:191), pid=26172, tid=33880
#
# JRE version: OpenJDK Runtime Environment Corretto-17.0.12.7.1 (17.0.12+7) (build 17.0.12+7-LTS)
# Java VM: OpenJDK 64-Bit Server VM Corretto-17.0.12.7.1 (17.0.12+7-LTS, mixed mode, sharing, tiered, compressed oops, compressed class ptrs, g1 gc, windows-amd64)
# No core dump will be written. Minidumps are not enabled by default on client versions of Windows
#

---------------  S U M M A R Y ------------

Command Line: --add-opens=java.base/java.lang=ALL-UNNAMED --add-opens=java.base/java.lang.invoke=ALL-UNNAMED --add-opens=java.base/java.util=ALL-UNNAMED --add-opens=java.prefs/java.util.prefs=ALL-UNNAMED --add-exports=jdk.compiler/com.sun.tools.javac.api=ALL-UNNAMED --add-exports=jdk.compiler/com.sun.tools.javac.util=ALL-UNNAMED --add-opens=java.base/java.util=ALL-UNNAMED --add-opens=java.prefs/java.util.prefs=ALL-UNNAMED --add-opens=java.base/java.nio.charset=ALL-UNNAMED --add-opens=java.base/java.net=ALL-UNNAMED --add-opens=java.base/java.util.concurrent.atomic=ALL-UNNAMED --add-opens=java.xml/javax.xml.namespace=ALL-UNNAMED -XX:MaxMetaspaceSize=384m -XX:+HeapDumpOnOutOfMemoryError -Xms256m -Xmx512m -Dfile.encoding=windows-1252 -Duser.country=PE -Duser.language=es -Duser.variant -javaagent:C:\Users\ASUS\.gradle\wrapper\dists\gradle-8.14.3-bin\cv11ve7ro1n3o1j4so8xd9n66\gradle-8.14.3\lib\agents\gradle-instrumentation-agent-8.14.3.jar org.gradle.launcher.daemon.bootstrap.GradleDaemon 8.14.3

Host: Intel(R) Core(TM) i5-8300H CPU @ 2.30GHz, 8 cores, 31G,  Windows 11 , 64 bit Build 26100 (10.0.26100.7019)
Time: Wed Nov 19 18:41:33 2025 Hora est. Pacífico, Sudamérica elapsed time: 45.317160 seconds (0d 0h 0m 45s)

---------------  T H R E A D  ---------------

Current thread (0x000001f36f02d620):  JavaThread "C2 CompilerThread1" daemon [_thread_in_native, id=33880, stack(0x00000030ea700000,0x00000030ea800000)]


Current CompileTask:
C2:  45317 3339   !   4       java.net.URLClassLoader$1::run (81 bytes)

Stack: [0x00000030ea700000,0x00000030ea800000]
Native frames: (J=compiled Java code, j=interpreted, Vv=VM code, C=native code)
V  [jvm.dll+0x67f4f9]
V  [jvm.dll+0x836eaa]
V  [jvm.dll+0x83896e]
V  [jvm.dll+0x838fd3]
V  [jvm.dll+0x247f6f]
V  [jvm.dll+0xac9d4]
V  [jvm.dll+0xad01c]
V  [jvm.dll+0x367042]
V  [jvm.dll+0x1bd266]
V  [jvm.dll+0x21a659]
V  [jvm.dll+0x219941]
V  [jvm.dll+0x1a57bd]
V  [jvm.dll+0x22966d]
V  [jvm.dll+0x22781c]
V  [jvm.dll+0x7ebec7]
V  [jvm.dll+0x7e62ac]
V  [jvm.dll+0x67e3c7]
C  [ucrtbase.dll+0x37b0]
C  [KERNEL32.DLL+0x2e8d7]
C  [ntdll.dll+0x8c53c]


---------------  P R O C E S S  ---------------

Threads class SMR info:
_java_thread_list=0x000001f36f164f80, length=34, elements={
0x000001f338cb4d40, 0x000001f353845410, 0x000001f353846a50, 0x000001f353858820,
0x000001f35385d110, 0x000001f35385e550, 0x000001f35385f990, 0x000001f353860640,
0x000001f353861b70, 0x000001f353862ff0, 0x000001f353830820, 0x000001f353b4de30,
0x000001f36e2f1440, 0x000001f36eb884a0, 0x000001f36e2ed010, 0x000001f36e3e0090,
0x000001f36e3e0570, 0x000001f36db49150, 0x000001f36db4a590, 0x000001f36db4aaa0,
0x000001f36db4b4c0, 0x000001f36db4a080, 0x000001f36db4afb0, 0x000001f36db4b9d0,
0x000001f36db49660, 0x000001f36db48220, 0x000001f36db48c40, 0x000001f36db49b70,
0x000001f36feb03a0, 0x000001f36feaf470, 0x000001f36feacbf0, 0x000001f36feadb20,
0x000001f36f02d620, 0x000001f36f4c0320
}

Java Threads: ( => current thread )
  0x000001f338cb4d40 JavaThread "main" [_thread_blocked, id=12820, stack(0x00000030e7700000,0x00000030e7800000)]
  0x000001f353845410 JavaThread "Reference Handler" daemon [_thread_blocked, id=26968, stack(0x00000030e7e00000,0x00000030e7f00000)]
  0x000001f353846a50 JavaThread "Finalizer" daemon [_thread_blocked, id=30584, stack(0x00000030e7f00000,0x00000030e8000000)]
  0x000001f353858820 JavaThread "Signal Dispatcher" daemon [_thread_blocked, id=19948, stack(0x00000030e8000000,0x00000030e8100000)]
  0x000001f35385d110 JavaThread "Attach Listener" daemon [_thread_blocked, id=17816, stack(0x00000030e8100000,0x00000030e8200000)]
  0x000001f35385e550 JavaThread "Service Thread" daemon [_thread_blocked, id=35392, stack(0x00000030e8200000,0x00000030e8300000)]
  0x000001f35385f990 JavaThread "Monitor Deflation Thread" daemon [_thread_blocked, id=24452, stack(0x00000030e8300000,0x00000030e8400000)]
  0x000001f353860640 JavaThread "C2 CompilerThread0" daemon [_thread_in_native, id=11968, stack(0x00000030e8400000,0x00000030e8500000)]
  0x000001f353861b70 JavaThread "C1 CompilerThread0" daemon [_thread_blocked, id=34832, stack(0x00000030e8500000,0x00000030e8600000)]
  0x000001f353862ff0 JavaThread "Sweeper thread" daemon [_thread_blocked, id=18828, stack(0x00000030e8600000,0x00000030e8700000)]
  0x000001f353830820 JavaThread "Common-Cleaner" daemon [_thread_blocked, id=16876, stack(0x00000030e8700000,0x00000030e8800000)]
  0x000001f353b4de30 JavaThread "Notification Thread" daemon [_thread_blocked, id=30884, stack(0x00000030e8900000,0x00000030e8a00000)]
  0x000001f36e2f1440 JavaThread "Daemon health stats" [_thread_blocked, id=2840, stack(0x00000030e8800000,0x00000030e8900000)]
  0x000001f36eb884a0 JavaThread "Incoming local TCP Connector on port 62312" [_thread_in_native, id=7812, stack(0x00000030e8b00000,0x00000030e8c00000)]
  0x000001f36e2ed010 JavaThread "Daemon periodic checks" [_thread_blocked, id=14096, stack(0x00000030e9100000,0x00000030e9200000)]
  0x000001f36e3e0090 JavaThread "Daemon" [_thread_blocked, id=15980, stack(0x00000030e9200000,0x00000030e9300000)]
  0x000001f36e3e0570 JavaThread "Handler for socket connection from /127.0.0.1:62312 to /127.0.0.1:62316" [_thread_in_native, id=27404, stack(0x00000030e9300000,0x00000030e9400000)]
  0x000001f36db49150 JavaThread "Cancel handler" [_thread_blocked, id=19068, stack(0x00000030e9400000,0x00000030e9500000)]
  0x000001f36db4a590 JavaThread "Daemon worker" [_thread_in_vm, id=3860, stack(0x00000030e9500000,0x00000030e9600000)]
  0x000001f36db4aaa0 JavaThread "Asynchronous log dispatcher for DefaultDaemonConnection: socket connection from /127.0.0.1:62312 to /127.0.0.1:62316" [_thread_blocked, id=36176, stack(0x00000030e9600000,0x00000030e9700000)]
  0x000001f36db4b4c0 JavaThread "Stdin handler" [_thread_blocked, id=17612, stack(0x00000030e9700000,0x00000030e9800000)]
  0x000001f36db4a080 JavaThread "Daemon client event forwarder" [_thread_blocked, id=3732, stack(0x00000030e9800000,0x00000030e9900000)]
  0x000001f36db4afb0 JavaThread "Cache worker for journal cache (C:\Users\ASUS\.gradle\caches\journal-1)" [_thread_blocked, id=20220, stack(0x00000030e9900000,0x00000030e9a00000)]
  0x000001f36db4b9d0 JavaThread "File lock request listener" [_thread_in_native, id=23908, stack(0x00000030e9a00000,0x00000030e9b00000)]
  0x000001f36db49660 JavaThread "File lock release action executor" [_thread_blocked, id=30348, stack(0x00000030e9b00000,0x00000030e9c00000)]
  0x000001f36db48220 JavaThread "Cache worker for file hash cache (C:\Users\ASUS\.gradle\caches\8.14.3\fileHashes)" [_thread_blocked, id=21616, stack(0x00000030e9c00000,0x00000030e9d00000)]
  0x000001f36db48c40 JavaThread "Cache worker for file hash cache (D:\scotiabank\challengue\.gradle\8.14.3\fileHashes)" [_thread_blocked, id=21128, stack(0x00000030e9d00000,0x00000030e9e00000)]
  0x000001f36db49b70 JavaThread "Cache worker for Build Output Cleanup Cache (D:\scotiabank\challengue\.gradle\buildOutputCleanup)" [_thread_blocked, id=5372, stack(0x00000030e9e00000,0x00000030e9f00000)]
  0x000001f36feb03a0 JavaThread "File watcher server" daemon [_thread_in_native, id=19724, stack(0x00000030ea200000,0x00000030ea300000)]
  0x000001f36feaf470 JavaThread "File watcher consumer" daemon [_thread_blocked, id=12004, stack(0x00000030ea300000,0x00000030ea400000)]
  0x000001f36feacbf0 JavaThread "jar transforms" [_thread_blocked, id=11356, stack(0x00000030e7500000,0x00000030e7600000)]
  0x000001f36feadb20 JavaThread "jar transforms Thread 2" [_thread_blocked, id=30532, stack(0x00000030ea600000,0x00000030ea700000)]
=>0x000001f36f02d620 JavaThread "C2 CompilerThread1" daemon [_thread_in_native, id=33880, stack(0x00000030ea700000,0x00000030ea800000)]
  0x000001f36f4c0320 JavaThread "C2 CompilerThread2" daemon [_thread_in_native, id=30980, stack(0x00000030ea800000,0x00000030ea900000)]

Other Threads:
  0x000001f35383eb90 VMThread "VM Thread" [stack: 0x00000030e7d00000,0x00000030e7e00000] [id=22016]
  0x000001f353b82e90 WatcherThread [stack: 0x00000030e8a00000,0x00000030e8b00000] [id=25376]
  0x000001f338ce33e0 GCTaskThread "GC Thread#0" [stack: 0x00000030e7800000,0x00000030e7900000] [id=12412]
  0x000001f36d3ab930 GCTaskThread "GC Thread#1" [stack: 0x00000030e8c00000,0x00000030e8d00000] [id=29528]
  0x000001f36d3abbf0 GCTaskThread "GC Thread#2" [stack: 0x00000030e8d00000,0x00000030e8e00000] [id=5388]
  0x000001f36d0d3e50 GCTaskThread "GC Thread#3" [stack: 0x00000030e8e00000,0x00000030e8f00000] [id=34232]
  0x000001f36d0d4110 GCTaskThread "GC Thread#4" [stack: 0x00000030e8f00000,0x00000030e9000000] [id=29064]
  0x000001f36d0d43d0 GCTaskThread "GC Thread#5" [stack: 0x00000030e9000000,0x00000030e9100000] [id=34656]
  0x000001f3705255e0 GCTaskThread "GC Thread#6" [stack: 0x00000030e9f00000,0x00000030ea000000] [id=10064]
  0x000001f370525e20 GCTaskThread "GC Thread#7" [stack: 0x00000030ea000000,0x00000030ea100000] [id=16092]
  0x000001f338ceb260 ConcurrentGCThread "G1 Main Marker" [stack: 0x00000030e7900000,0x00000030e7a00000] [id=30748]
  0x000001f338cec860 ConcurrentGCThread "G1 Conc#0" [stack: 0x00000030e7a00000,0x00000030e7b00000] [id=20256]
  0x000001f3705263a0 ConcurrentGCThread "G1 Conc#1" [stack: 0x00000030ea100000,0x00000030ea200000] [id=19824]
  0x000001f3536facb0 ConcurrentGCThread "G1 Refine#0" [stack: 0x00000030e7b00000,0x00000030e7c00000] [id=12772]
  0x000001f3536fea70 ConcurrentGCThread "G1 Service" [stack: 0x00000030e7c00000,0x00000030e7d00000] [id=7956]

Threads with active compile tasks:
C2 CompilerThread0    45355 3337   !   4       java.net.URLClassLoader::findClass (47 bytes)
C2 CompilerThread1    45355 3339   !   4       java.net.URLClassLoader$1::run (81 bytes)
C2 CompilerThread2    45355 3358   !   4       java.lang.ClassLoader::loadClass (121 bytes)

VM state: not at safepoint (normal execution)

VM Mutex/Monitor currently owned by a thread: None

Heap address: 0x00000000e0000000, size: 512 MB, Compressed Oops mode: 32-bit

CDS archive(s) mapped at: [0x000001f354000000-0x000001f354bb0000-0x000001f354bb0000), size 12255232, SharedBaseAddress: 0x000001f354000000, ArchiveRelocationMode: 1.
Compressed class space mapped at: 0x000001f355000000-0x000001f369000000, reserved size: 335544320
Narrow klass base: 0x000001f354000000, Narrow klass shift: 0, Narrow klass range: 0x100000000

GC Precious Log:
 CPUs: 8 total, 8 available
 Memory: 32623M
 Large Page Support: Disabled
 NUMA Support: Disabled
 Compressed Oops: Enabled (32-bit)
 Heap Region Size: 1M
 Heap Min Capacity: 256M
 Heap Initial Capacity: 256M
 Heap Max Capacity: 512M
 Pre-touch: Disabled
 Parallel Workers: 8
 Concurrent Workers: 2
 Concurrent Refinement Workers: 8
 Periodic GC: Disabled

Heap:
 garbage-first heap   total 262144K, used 66821K [0x00000000e0000000, 0x0000000100000000)
  region size 1024K, 55 young (56320K), 12 survivors (12288K)
 Metaspace       used 26591K, committed 27008K, reserved 393216K
  class space    used 3951K, committed 4160K, reserved 327680K

Heap Regions: E=young(eden), S=young(survivor), O=old, HS=humongous(starts), HC=humongous(continues), CS=collection set, F=free, OA=open archive, CA=closed archive, TAMS=top-at-mark-start (previous, next)
|   0|0x00000000e0000000, 0x00000000e0100000, 0x00000000e0100000|100%|HS|  |TAMS 0x00000000e0100000, 0x00000000e0000000| Complete 
|   1|0x00000000e0100000, 0x00000000e0200000, 0x00000000e0200000|100%|HC|  |TAMS 0x00000000e0200000, 0x00000000e0100000| Complete 
|   2|0x00000000e0200000, 0x00000000e0300000, 0x00000000e0300000|100%|HC|  |TAMS 0x00000000e0300000, 0x00000000e0200000| Complete 
|   3|0x00000000e0300000, 0x00000000e0400000, 0x00000000e0400000|100%| O|  |TAMS 0x00000000e0400000, 0x00000000e0300000| Complete 
|   4|0x00000000e0400000, 0x00000000e0500000, 0x00000000e0500000|100%| O|  |TAMS 0x00000000e0500000, 0x00000000e0400000| Untracked 
|   5|0x00000000e0500000, 0x00000000e0600000, 0x00000000e0600000|100%| O|  |TAMS 0x00000000e0600000, 0x00000000e0500000| Untracked 
|   6|0x00000000e0600000, 0x00000000e0700000, 0x00000000e0700000|100%|HS|  |TAMS 0x00000000e0700000, 0x00000000e0600000| Complete 
|   7|0x00000000e0700000, 0x00000000e0700000, 0x00000000e0800000|  0%| F|  |TAMS 0x00000000e0700000, 0x00000000e0700000| Untracked 
|   8|0x00000000e0800000, 0x00000000e0900000, 0x00000000e0900000|100%| O|  |TAMS 0x00000000e0900000, 0x00000000e0800000| Untracked 
|   9|0x00000000e0900000, 0x00000000e0a00000, 0x00000000e0a00000|100%| O|  |TAMS 0x00000000e0a00000, 0x00000000e0900000| Untracked 
|  10|0x00000000e0a00000, 0x00000000e0b00000, 0x00000000e0b00000|100%| O|  |TAMS 0x00000000e0b00000, 0x00000000e0a00000| Untracked 
|  11|0x00000000e0b00000, 0x00000000e0c00000, 0x00000000e0c00000|100%| O|  |TAMS 0x00000000e0c00000, 0x00000000e0b00000| Untracked 
|  12|0x00000000e0c00000, 0x00000000e0ca8e00, 0x00000000e0d00000| 65%| O|  |TAMS 0x00000000e0ca8e00, 0x00000000e0c00000| Untracked 
|  13|0x00000000e0d00000, 0x00000000e0d00000, 0x00000000e0e00000|  0%| F|  |TAMS 0x00000000e0d00000, 0x00000000e0d00000| Untracked 
|  14|0x00000000e0e00000, 0x00000000e0e00000, 0x00000000e0f00000|  0%| F|  |TAMS 0x00000000e0e00000, 0x00000000e0e00000| Untracked 
|  15|0x00000000e0f00000, 0x00000000e0f00000, 0x00000000e1000000|  0%| F|  |TAMS 0x00000000e0f00000, 0x00000000e0f00000| Untracked 
|  16|0x00000000e1000000, 0x00000000e1000000, 0x00000000e1100000|  0%| F|  |TAMS 0x00000000e1000000, 0x00000000e1000000| Untracked 
|  17|0x00000000e1100000, 0x00000000e1100000, 0x00000000e1200000|  0%| F|  |TAMS 0x00000000e1100000, 0x00000000e1100000| Untracked 
|  18|0x00000000e1200000, 0x00000000e1200000, 0x00000000e1300000|  0%| F|  |TAMS 0x00000000e1200000, 0x00000000e1200000| Untracked 
|  19|0x00000000e1300000, 0x00000000e1300000, 0x00000000e1400000|  0%| F|  |TAMS 0x00000000e1300000, 0x00000000e1300000| Untracked 
|  20|0x00000000e1400000, 0x00000000e1400000, 0x00000000e1500000|  0%| F|  |TAMS 0x00000000e1400000, 0x00000000e1400000| Untracked 
|  21|0x00000000e1500000, 0x00000000e1500000, 0x00000000e1600000|  0%| F|  |TAMS 0x00000000e1500000, 0x00000000e1500000| Untracked 
|  22|0x00000000e1600000, 0x00000000e1600000, 0x00000000e1700000|  0%| F|  |TAMS 0x00000000e1600000, 0x00000000e1600000| Untracked 
|  23|0x00000000e1700000, 0x00000000e1700000, 0x00000000e1800000|  0%| F|  |TAMS 0x00000000e1700000, 0x00000000e1700000| Untracked 
|  24|0x00000000e1800000, 0x00000000e1800000, 0x00000000e1900000|  0%| F|  |TAMS 0x00000000e1800000, 0x00000000e1800000| Untracked 
|  25|0x00000000e1900000, 0x00000000e1900000, 0x00000000e1a00000|  0%| F|  |TAMS 0x00000000e1900000, 0x00000000e1900000| Untracked 
|  26|0x00000000e1a00000, 0x00000000e1a00000, 0x00000000e1b00000|  0%| F|  |TAMS 0x00000000e1a00000, 0x00000000e1a00000| Untracked 
|  27|0x00000000e1b00000, 0x00000000e1b00000, 0x00000000e1c00000|  0%| F|  |TAMS 0x00000000e1b00000, 0x00000000e1b00000| Untracked 
|  28|0x00000000e1c00000, 0x00000000e1c00000, 0x00000000e1d00000|  0%| F|  |TAMS 0x00000000e1c00000, 0x00000000e1c00000| Untracked 
|  29|0x00000000e1d00000, 0x00000000e1d00000, 0x00000000e1e00000|  0%| F|  |TAMS 0x00000000e1d00000, 0x00000000e1d00000| Untracked 
|  30|0x00000000e1e00000, 0x00000000e1e00000, 0x00000000e1f00000|  0%| F|  |TAMS 0x00000000e1e00000, 0x00000000e1e00000| Untracked 
|  31|0x00000000e1f00000, 0x00000000e1f00000, 0x00000000e2000000|  0%| F|  |TAMS 0x00000000e1f00000, 0x00000000e1f00000| Untracked 
|  32|0x00000000e2000000, 0x00000000e2000000, 0x00000000e2100000|  0%| F|  |TAMS 0x00000000e2000000, 0x00000000e2000000| Untracked 
|  33|0x00000000e2100000, 0x00000000e2100000, 0x00000000e2200000|  0%| F|  |TAMS 0x00000000e2100000, 0x00000000e2100000| Untracked 
|  34|0x00000000e2200000, 0x00000000e2200000, 0x00000000e2300000|  0%| F|  |TAMS 0x00000000e2200000, 0x00000000e2200000| Untracked 
|  35|0x00000000e2300000, 0x00000000e2300000, 0x00000000e2400000|  0%| F|  |TAMS 0x00000000e2300000, 0x00000000e2300000| Untracked 
|  36|0x00000000e2400000, 0x00000000e2400000, 0x00000000e2500000|  0%| F|  |TAMS 0x00000000e2400000, 0x00000000e2400000| Untracked 
|  37|0x00000000e2500000, 0x00000000e2500000, 0x00000000e2600000|  0%| F|  |TAMS 0x00000000e2500000, 0x00000000e2500000| Untracked 
|  38|0x00000000e2600000, 0x00000000e2600000, 0x00000000e2700000|  0%| F|  |TAMS 0x00000000e2600000, 0x00000000e2600000| Untracked 
|  39|0x00000000e2700000, 0x00000000e2700000, 0x00000000e2800000|  0%| F|  |TAMS 0x00000000e2700000, 0x00000000e2700000| Untracked 
|  40|0x00000000e2800000, 0x00000000e2800000, 0x00000000e2900000|  0%| F|  |TAMS 0x00000000e2800000, 0x00000000e2800000| Untracked 
|  41|0x00000000e2900000, 0x00000000e2900000, 0x00000000e2a00000|  0%| F|  |TAMS 0x00000000e2900000, 0x00000000e2900000| Untracked 
|  42|0x00000000e2a00000, 0x00000000e2a00000, 0x00000000e2b00000|  0%| F|  |TAMS 0x00000000e2a00000, 0x00000000e2a00000| Untracked 
|  43|0x00000000e2b00000, 0x00000000e2b00000, 0x00000000e2c00000|  0%| F|  |TAMS 0x00000000e2b00000, 0x00000000e2b00000| Untracked 
|  44|0x00000000e2c00000, 0x00000000e2c00000, 0x00000000e2d00000|  0%| F|  |TAMS 0x00000000e2c00000, 0x00000000e2c00000| Untracked 
|  45|0x00000000e2d00000, 0x00000000e2d00000, 0x00000000e2e00000|  0%| F|  |TAMS 0x00000000e2d00000, 0x00000000e2d00000| Untracked 
|  46|0x00000000e2e00000, 0x00000000e2e00000, 0x00000000e2f00000|  0%| F|  |TAMS 0x00000000e2e00000, 0x00000000e2e00000| Untracked 
|  47|0x00000000e2f00000, 0x00000000e2f00000, 0x00000000e3000000|  0%| F|  |TAMS 0x00000000e2f00000, 0x00000000e2f00000| Untracked 
|  48|0x00000000e3000000, 0x00000000e3000000, 0x00000000e3100000|  0%| F|  |TAMS 0x00000000e3000000, 0x00000000e3000000| Untracked 
|  49|0x00000000e3100000, 0x00000000e3100000, 0x00000000e3200000|  0%| F|  |TAMS 0x00000000e3100000, 0x00000000e3100000| Untracked 
|  50|0x00000000e3200000, 0x00000000e3200000, 0x00000000e3300000|  0%| F|  |TAMS 0x00000000e3200000, 0x00000000e3200000| Untracked 
|  51|0x00000000e3300000, 0x00000000e3300000, 0x00000000e3400000|  0%| F|  |TAMS 0x00000000e3300000, 0x00000000e3300000| Untracked 
|  52|0x00000000e3400000, 0x00000000e3400000, 0x00000000e3500000|  0%| F|  |TAMS 0x00000000e3400000, 0x00000000e3400000| Untracked 
|  53|0x00000000e3500000, 0x00000000e3500000, 0x00000000e3600000|  0%| F|  |TAMS 0x00000000e3500000, 0x00000000e3500000| Untracked 
|  54|0x00000000e3600000, 0x00000000e3600000, 0x00000000e3700000|  0%| F|  |TAMS 0x00000000e3600000, 0x00000000e3600000| Untracked 
|  55|0x00000000e3700000, 0x00000000e3700000, 0x00000000e3800000|  0%| F|  |TAMS 0x00000000e3700000, 0x00000000e3700000| Untracked 
|  56|0x00000000e3800000, 0x00000000e3800000, 0x00000000e3900000|  0%| F|  |TAMS 0x00000000e3800000, 0x00000000e3800000| Untracked 
|  57|0x00000000e3900000, 0x00000000e3900000, 0x00000000e3a00000|  0%| F|  |TAMS 0x00000000e3900000, 0x00000000e3900000| Untracked 
|  58|0x00000000e3a00000, 0x00000000e3a00000, 0x00000000e3b00000|  0%| F|  |TAMS 0x00000000e3a00000, 0x00000000e3a00000| Untracked 
|  59|0x00000000e3b00000, 0x00000000e3b00000, 0x00000000e3c00000|  0%| F|  |TAMS 0x00000000e3b00000, 0x00000000e3b00000| Untracked 
|  60|0x00000000e3c00000, 0x00000000e3c00000, 0x00000000e3d00000|  0%| F|  |TAMS 0x00000000e3c00000, 0x00000000e3c00000| Untracked 
|  61|0x00000000e3d00000, 0x00000000e3d00000, 0x00000000e3e00000|  0%| F|  |TAMS 0x00000000e3d00000, 0x00000000e3d00000| Untracked 
|  62|0x00000000e3e00000, 0x00000000e3e00000, 0x00000000e3f00000|  0%| F|  |TAMS 0x00000000e3e00000, 0x00000000e3e00000| Untracked 
|  63|0x00000000e3f00000, 0x00000000e3f00000, 0x00000000e4000000|  0%| F|  |TAMS 0x00000000e3f00000, 0x00000000e3f00000| Untracked 
|  64|0x00000000e4000000, 0x00000000e4000000, 0x00000000e4100000|  0%| F|  |TAMS 0x00000000e4000000, 0x00000000e4000000| Untracked 
|  65|0x00000000e4100000, 0x00000000e4100000, 0x00000000e4200000|  0%| F|  |TAMS 0x00000000e4100000, 0x00000000e4100000| Untracked 
|  66|0x00000000e4200000, 0x00000000e4200000, 0x00000000e4300000|  0%| F|  |TAMS 0x00000000e4200000, 0x00000000e4200000| Untracked 
|  67|0x00000000e4300000, 0x00000000e4300000, 0x00000000e4400000|  0%| F|  |TAMS 0x00000000e4300000, 0x00000000e4300000| Untracked 
|  68|0x00000000e4400000, 0x00000000e4400000, 0x00000000e4500000|  0%| F|  |TAMS 0x00000000e4400000, 0x00000000e4400000| Untracked 
|  69|0x00000000e4500000, 0x00000000e4500000, 0x00000000e4600000|  0%| F|  |TAMS 0x00000000e4500000, 0x00000000e4500000| Untracked 
|  70|0x00000000e4600000, 0x00000000e4600000, 0x00000000e4700000|  0%| F|  |TAMS 0x00000000e4600000, 0x00000000e4600000| Untracked 
|  71|0x00000000e4700000, 0x00000000e4700000, 0x00000000e4800000|  0%| F|  |TAMS 0x00000000e4700000, 0x00000000e4700000| Untracked 
|  72|0x00000000e4800000, 0x00000000e4800000, 0x00000000e4900000|  0%| F|  |TAMS 0x00000000e4800000, 0x00000000e4800000| Untracked 
|  73|0x00000000e4900000, 0x00000000e4900000, 0x00000000e4a00000|  0%| F|  |TAMS 0x00000000e4900000, 0x00000000e4900000| Untracked 
|  74|0x00000000e4a00000, 0x00000000e4a00000, 0x00000000e4b00000|  0%| F|  |TAMS 0x00000000e4a00000, 0x00000000e4a00000| Untracked 
|  75|0x00000000e4b00000, 0x00000000e4b00000, 0x00000000e4c00000|  0%| F|  |TAMS 0x00000000e4b00000, 0x00000000e4b00000| Untracked 
|  76|0x00000000e4c00000, 0x00000000e4c00000, 0x00000000e4d00000|  0%| F|  |TAMS 0x00000000e4c00000, 0x00000000e4c00000| Untracked 
|  77|0x00000000e4d00000, 0x00000000e4d00000, 0x00000000e4e00000|  0%| F|  |TAMS 0x00000000e4d00000, 0x00000000e4d00000| Untracked 
|  78|0x00000000e4e00000, 0x00000000e4e00000, 0x00000000e4f00000|  0%| F|  |TAMS 0x00000000e4e00000, 0x00000000e4e00000| Untracked 
|  79|0x00000000e4f00000, 0x00000000e4f00000, 0x00000000e5000000|  0%| F|  |TAMS 0x00000000e4f00000, 0x00000000e4f00000| Untracked 
|  80|0x00000000e5000000, 0x00000000e5000000, 0x00000000e5100000|  0%| F|  |TAMS 0x00000000e5000000, 0x00000000e5000000| Untracked 
|  81|0x00000000e5100000, 0x00000000e5100000, 0x00000000e5200000|  0%| F|  |TAMS 0x00000000e5100000, 0x00000000e5100000| Untracked 
|  82|0x00000000e5200000, 0x00000000e5200000, 0x00000000e5300000|  0%| F|  |TAMS 0x00000000e5200000, 0x00000000e5200000| Untracked 
|  83|0x00000000e5300000, 0x00000000e5300000, 0x00000000e5400000|  0%| F|  |TAMS 0x00000000e5300000, 0x00000000e5300000| Untracked 
|  84|0x00000000e5400000, 0x00000000e5400000, 0x00000000e5500000|  0%| F|  |TAMS 0x00000000e5400000, 0x00000000e5400000| Untracked 
|  85|0x00000000e5500000, 0x00000000e5500000, 0x00000000e5600000|  0%| F|  |TAMS 0x00000000e5500000, 0x00000000e5500000| Untracked 
|  86|0x00000000e5600000, 0x00000000e5600000, 0x00000000e5700000|  0%| F|  |TAMS 0x00000000e5600000, 0x00000000e5600000| Untracked 
|  87|0x00000000e5700000, 0x00000000e5700000, 0x00000000e5800000|  0%| F|  |TAMS 0x00000000e5700000, 0x00000000e5700000| Untracked 
|  88|0x00000000e5800000, 0x00000000e5800000, 0x00000000e5900000|  0%| F|  |TAMS 0x00000000e5800000, 0x00000000e5800000| Untracked 
|  89|0x00000000e5900000, 0x00000000e5900000, 0x00000000e5a00000|  0%| F|  |TAMS 0x00000000e5900000, 0x00000000e5900000| Untracked 
|  90|0x00000000e5a00000, 0x00000000e5a00000, 0x00000000e5b00000|  0%| F|  |TAMS 0x00000000e5a00000, 0x00000000e5a00000| Untracked 
|  91|0x00000000e5b00000, 0x00000000e5b00000, 0x00000000e5c00000|  0%| F|  |TAMS 0x00000000e5b00000, 0x00000000e5b00000| Untracked 
|  92|0x00000000e5c00000, 0x00000000e5c00000, 0x00000000e5d00000|  0%| F|  |TAMS 0x00000000e5c00000, 0x00000000e5c00000| Untracked 
|  93|0x00000000e5d00000, 0x00000000e5d00000, 0x00000000e5e00000|  0%| F|  |TAMS 0x00000000e5d00000, 0x00000000e5d00000| Untracked 
|  94|0x00000000e5e00000, 0x00000000e5e00000, 0x00000000e5f00000|  0%| F|  |TAMS 0x00000000e5e00000, 0x00000000e5e00000| Untracked 
|  95|0x00000000e5f00000, 0x00000000e5f00000, 0x00000000e6000000|  0%| F|  |TAMS 0x00000000e5f00000, 0x00000000e5f00000| Untracked 
|  96|0x00000000e6000000, 0x00000000e6000000, 0x00000000e6100000|  0%| F|  |TAMS 0x00000000e6000000, 0x00000000e6000000| Untracked 
|  97|0x00000000e6100000, 0x00000000e6100000, 0x00000000e6200000|  0%| F|  |TAMS 0x00000000e6100000, 0x00000000e6100000| Untracked 
|  98|0x00000000e6200000, 0x00000000e6200000, 0x00000000e6300000|  0%| F|  |TAMS 0x00000000e6200000, 0x00000000e6200000| Untracked 
|  99|0x00000000e6300000, 0x00000000e6300000, 0x00000000e6400000|  0%| F|  |TAMS 0x00000000e6300000, 0x00000000e6300000| Untracked 
| 100|0x00000000e6400000, 0x00000000e6400000, 0x00000000e6500000|  0%| F|  |TAMS 0x00000000e6400000, 0x00000000e6400000| Untracked 
| 101|0x00000000e6500000, 0x00000000e6500000, 0x00000000e6600000|  0%| F|  |TAMS 0x00000000e6500000, 0x00000000e6500000| Untracked 
| 102|0x00000000e6600000, 0x00000000e6600000, 0x00000000e6700000|  0%| F|  |TAMS 0x00000000e6600000, 0x00000000e6600000| Untracked 
| 103|0x00000000e6700000, 0x00000000e6700000, 0x00000000e6800000|  0%| F|  |TAMS 0x00000000e6700000, 0x00000000e6700000| Untracked 
| 104|0x00000000e6800000, 0x00000000e6800000, 0x00000000e6900000|  0%| F|  |TAMS 0x00000000e6800000, 0x00000000e6800000| Untracked 
| 105|0x00000000e6900000, 0x00000000e6900000, 0x00000000e6a00000|  0%| F|  |TAMS 0x00000000e6900000, 0x00000000e6900000| Untracked 
| 106|0x00000000e6a00000, 0x00000000e6a00000, 0x00000000e6b00000|  0%| F|  |TAMS 0x00000000e6a00000, 0x00000000e6a00000| Untracked 
| 107|0x00000000e6b00000, 0x00000000e6b00000, 0x00000000e6c00000|  0%| F|  |TAMS 0x00000000e6b00000, 0x00000000e6b00000| Untracked 
| 108|0x00000000e6c00000, 0x00000000e6c00000, 0x00000000e6d00000|  0%| F|  |TAMS 0x00000000e6c00000, 0x00000000e6c00000| Untracked 
| 109|0x00000000e6d00000, 0x00000000e6d00000, 0x00000000e6e00000|  0%| F|  |TAMS 0x00000000e6d00000, 0x00000000e6d00000| Untracked 
| 110|0x00000000e6e00000, 0x00000000e6e00000, 0x00000000e6f00000|  0%| F|  |TAMS 0x00000000e6e00000, 0x00000000e6e00000| Untracked 
| 111|0x00000000e6f00000, 0x00000000e6f00000, 0x00000000e7000000|  0%| F|  |TAMS 0x00000000e6f00000, 0x00000000e6f00000| Untracked 
| 112|0x00000000e7000000, 0x00000000e7000000, 0x00000000e7100000|  0%| F|  |TAMS 0x00000000e7000000, 0x00000000e7000000| Untracked 
| 113|0x00000000e7100000, 0x00000000e7100000, 0x00000000e7200000|  0%| F|  |TAMS 0x00000000e7100000, 0x00000000e7100000| Untracked 
| 114|0x00000000e7200000, 0x00000000e7200000, 0x00000000e7300000|  0%| F|  |TAMS 0x00000000e7200000, 0x00000000e7200000| Untracked 
| 115|0x00000000e7300000, 0x00000000e7300000, 0x00000000e7400000|  0%| F|  |TAMS 0x00000000e7300000, 0x00000000e7300000| Untracked 
| 116|0x00000000e7400000, 0x00000000e7400000, 0x00000000e7500000|  0%| F|  |TAMS 0x00000000e7400000, 0x00000000e7400000| Untracked 
| 117|0x00000000e7500000, 0x00000000e7500000, 0x00000000e7600000|  0%| F|  |TAMS 0x00000000e7500000, 0x00000000e7500000| Untracked 
| 118|0x00000000e7600000, 0x00000000e7600000, 0x00000000e7700000|  0%| F|  |TAMS 0x00000000e7600000, 0x00000000e7600000| Untracked 
| 119|0x00000000e7700000, 0x00000000e7700000, 0x00000000e7800000|  0%| F|  |TAMS 0x00000000e7700000, 0x00000000e7700000| Untracked 
| 120|0x00000000e7800000, 0x00000000e7800000, 0x00000000e7900000|  0%| F|  |TAMS 0x00000000e7800000, 0x00000000e7800000| Untracked 
| 121|0x00000000e7900000, 0x00000000e7900000, 0x00000000e7a00000|  0%| F|  |TAMS 0x00000000e7900000, 0x00000000e7900000| Untracked 
| 122|0x00000000e7a00000, 0x00000000e7a00000, 0x00000000e7b00000|  0%| F|  |TAMS 0x00000000e7a00000, 0x00000000e7a00000| Untracked 
| 123|0x00000000e7b00000, 0x00000000e7b00000, 0x00000000e7c00000|  0%| F|  |TAMS 0x00000000e7b00000, 0x00000000e7b00000| Untracked 
| 124|0x00000000e7c00000, 0x00000000e7c00000, 0x00000000e7d00000|  0%| F|  |TAMS 0x00000000e7c00000, 0x00000000e7c00000| Untracked 
| 125|0x00000000e7d00000, 0x00000000e7d00000, 0x00000000e7e00000|  0%| F|  |TAMS 0x00000000e7d00000, 0x00000000e7d00000| Untracked 
| 126|0x00000000e7e00000, 0x00000000e7e00000, 0x00000000e7f00000|  0%| F|  |TAMS 0x00000000e7e00000, 0x00000000e7e00000| Untracked 
| 127|0x00000000e7f00000, 0x00000000e7f988b8, 0x00000000e8000000| 59%| S|CS|TAMS 0x00000000e7f00000, 0x00000000e7f00000| Complete 
| 128|0x00000000e8000000, 0x00000000e8100000, 0x00000000e8100000|100%| S|CS|TAMS 0x00000000e8000000, 0x00000000e8000000| Complete 
| 129|0x00000000e8100000, 0x00000000e8200000, 0x00000000e8200000|100%| S|CS|TAMS 0x00000000e8100000, 0x00000000e8100000| Complete 
| 130|0x00000000e8200000, 0x00000000e8300000, 0x00000000e8300000|100%| S|CS|TAMS 0x00000000e8200000, 0x00000000e8200000| Complete 
| 131|0x00000000e8300000, 0x00000000e8400000, 0x00000000e8400000|100%| S|CS|TAMS 0x00000000e8300000, 0x00000000e8300000| Complete 
| 132|0x00000000e8400000, 0x00000000e8500000, 0x00000000e8500000|100%| S|CS|TAMS 0x00000000e8400000, 0x00000000e8400000| Complete 
| 133|0x00000000e8500000, 0x00000000e8600000, 0x00000000e8600000|100%| S|CS|TAMS 0x00000000e8500000, 0x00000000e8500000| Complete 
| 134|0x00000000e8600000, 0x00000000e8700000, 0x00000000e8700000|100%| S|CS|TAMS 0x00000000e8600000, 0x00000000e8600000| Complete 
| 135|0x00000000e8700000, 0x00000000e8800000, 0x00000000e8800000|100%| S|CS|TAMS 0x00000000e8700000, 0x00000000e8700000| Complete 
| 136|0x00000000e8800000, 0x00000000e8900000, 0x00000000e8900000|100%| S|CS|TAMS 0x00000000e8800000, 0x00000000e8800000| Complete 
| 137|0x00000000e8900000, 0x00000000e8a00000, 0x00000000e8a00000|100%| S|CS|TAMS 0x00000000e8900000, 0x00000000e8900000| Complete 
| 138|0x00000000e8a00000, 0x00000000e8b00000, 0x00000000e8b00000|100%| S|CS|TAMS 0x00000000e8a00000, 0x00000000e8a00000| Complete 
| 139|0x00000000e8b00000, 0x00000000e8b00000, 0x00000000e8c00000|  0%| F|  |TAMS 0x00000000e8b00000, 0x00000000e8b00000| Untracked 
| 140|0x00000000e8c00000, 0x00000000e8c00000, 0x00000000e8d00000|  0%| F|  |TAMS 0x00000000e8c00000, 0x00000000e8c00000| Untracked 
| 141|0x00000000e8d00000, 0x00000000e8d00000, 0x00000000e8e00000|  0%| F|  |TAMS 0x00000000e8d00000, 0x00000000e8d00000| Untracked 
| 142|0x00000000e8e00000, 0x00000000e8e00000, 0x00000000e8f00000|  0%| F|  |TAMS 0x00000000e8e00000, 0x00000000e8e00000| Untracked 
| 143|0x00000000e8f00000, 0x00000000e8f00000, 0x00000000e9000000|  0%| F|  |TAMS 0x00000000e8f00000, 0x00000000e8f00000| Untracked 
| 144|0x00000000e9000000, 0x00000000e9000000, 0x00000000e9100000|  0%| F|  |TAMS 0x00000000e9000000, 0x00000000e9000000| Untracked 
| 145|0x00000000e9100000, 0x00000000e9100000, 0x00000000e9200000|  0%| F|  |TAMS 0x00000000e9100000, 0x00000000e9100000| Untracked 
| 146|0x00000000e9200000, 0x00000000e9200000, 0x00000000e9300000|  0%| F|  |TAMS 0x00000000e9200000, 0x00000000e9200000| Untracked 
| 147|0x00000000e9300000, 0x00000000e9300000, 0x00000000e9400000|  0%| F|  |TAMS 0x00000000e9300000, 0x00000000e9300000| Untracked 
| 148|0x00000000e9400000, 0x00000000e9400000, 0x00000000e9500000|  0%| F|  |TAMS 0x00000000e9400000, 0x00000000e9400000| Untracked 
| 149|0x00000000e9500000, 0x00000000e9500000, 0x00000000e9600000|  0%| F|  |TAMS 0x00000000e9500000, 0x00000000e9500000| Untracked 
| 150|0x00000000e9600000, 0x00000000e9600000, 0x00000000e9700000|  0%| F|  |TAMS 0x00000000e9600000, 0x00000000e9600000| Untracked 
| 151|0x00000000e9700000, 0x00000000e9700000, 0x00000000e9800000|  0%| F|  |TAMS 0x00000000e9700000, 0x00000000e9700000| Untracked 
| 152|0x00000000e9800000, 0x00000000e9800000, 0x00000000e9900000|  0%| F|  |TAMS 0x00000000e9800000, 0x00000000e9800000| Untracked 
| 153|0x00000000e9900000, 0x00000000e9900000, 0x00000000e9a00000|  0%| F|  |TAMS 0x00000000e9900000, 0x00000000e9900000| Untracked 
| 154|0x00000000e9a00000, 0x00000000e9a00000, 0x00000000e9b00000|  0%| F|  |TAMS 0x00000000e9a00000, 0x00000000e9a00000| Untracked 
| 155|0x00000000e9b00000, 0x00000000e9b00000, 0x00000000e9c00000|  0%| F|  |TAMS 0x00000000e9b00000, 0x00000000e9b00000| Untracked 
| 156|0x00000000e9c00000, 0x00000000e9c00000, 0x00000000e9d00000|  0%| F|  |TAMS 0x00000000e9c00000, 0x00000000e9c00000| Untracked 
| 157|0x00000000e9d00000, 0x00000000e9d00000, 0x00000000e9e00000|  0%| F|  |TAMS 0x00000000e9d00000, 0x00000000e9d00000| Untracked 
| 158|0x00000000e9e00000, 0x00000000e9e00000, 0x00000000e9f00000|  0%| F|  |TAMS 0x00000000e9e00000, 0x00000000e9e00000| Untracked 
| 159|0x00000000e9f00000, 0x00000000e9f00000, 0x00000000ea000000|  0%| F|  |TAMS 0x00000000e9f00000, 0x00000000e9f00000| Untracked 
| 160|0x00000000ea000000, 0x00000000ea000000, 0x00000000ea100000|  0%| F|  |TAMS 0x00000000ea000000, 0x00000000ea000000| Untracked 
| 161|0x00000000ea100000, 0x00000000ea100000, 0x00000000ea200000|  0%| F|  |TAMS 0x00000000ea100000, 0x00000000ea100000| Untracked 
| 162|0x00000000ea200000, 0x00000000ea200000, 0x00000000ea300000|  0%| F|  |TAMS 0x00000000ea200000, 0x00000000ea200000| Untracked 
| 163|0x00000000ea300000, 0x00000000ea300000, 0x00000000ea400000|  0%| F|  |TAMS 0x00000000ea300000, 0x00000000ea300000| Untracked 
| 164|0x00000000ea400000, 0x00000000ea400000, 0x00000000ea500000|  0%| F|  |TAMS 0x00000000ea400000, 0x00000000ea400000| Untracked 
| 165|0x00000000ea500000, 0x00000000ea500000, 0x00000000ea600000|  0%| F|  |TAMS 0x00000000ea500000, 0x00000000ea500000| Untracked 
| 166|0x00000000ea600000, 0x00000000ea600000, 0x00000000ea700000|  0%| F|  |TAMS 0x00000000ea600000, 0x00000000ea600000| Untracked 
| 167|0x00000000ea700000, 0x00000000ea700000, 0x00000000ea800000|  0%| F|  |TAMS 0x00000000ea700000, 0x00000000ea700000| Untracked 
| 168|0x00000000ea800000, 0x00000000ea800000, 0x00000000ea900000|  0%| F|  |TAMS 0x00000000ea800000, 0x00000000ea800000| Untracked 
| 169|0x00000000ea900000, 0x00000000ea900000, 0x00000000eaa00000|  0%| F|  |TAMS 0x00000000ea900000, 0x00000000ea900000| Untracked 
| 170|0x00000000eaa00000, 0x00000000eaa00000, 0x00000000eab00000|  0%| F|  |TAMS 0x00000000eaa00000, 0x00000000eaa00000| Untracked 
| 171|0x00000000eab00000, 0x00000000eab00000, 0x00000000eac00000|  0%| F|  |TAMS 0x00000000eab00000, 0x00000000eab00000| Untracked 
| 172|0x00000000eac00000, 0x00000000eac00000, 0x00000000ead00000|  0%| F|  |TAMS 0x00000000eac00000, 0x00000000eac00000| Untracked 
| 173|0x00000000ead00000, 0x00000000ead00000, 0x00000000eae00000|  0%| F|  |TAMS 0x00000000ead00000, 0x00000000ead00000| Untracked 
| 174|0x00000000eae00000, 0x00000000eae00000, 0x00000000eaf00000|  0%| F|  |TAMS 0x00000000eae00000, 0x00000000eae00000| Untracked 
| 175|0x00000000eaf00000, 0x00000000eaf00000, 0x00000000eb000000|  0%| F|  |TAMS 0x00000000eaf00000, 0x00000000eaf00000| Untracked 
| 176|0x00000000eb000000, 0x00000000eb000000, 0x00000000eb100000|  0%| F|  |TAMS 0x00000000eb000000, 0x00000000eb000000| Untracked 
| 177|0x00000000eb100000, 0x00000000eb100000, 0x00000000eb200000|  0%| F|  |TAMS 0x00000000eb100000, 0x00000000eb100000| Untracked 
| 178|0x00000000eb200000, 0x00000000eb200000, 0x00000000eb300000|  0%| F|  |TAMS 0x00000000eb200000, 0x00000000eb200000| Untracked 
| 179|0x00000000eb300000, 0x00000000eb300000, 0x00000000eb400000|  0%| F|  |TAMS 0x00000000eb300000, 0x00000000eb300000| Untracked 
| 180|0x00000000eb400000, 0x00000000eb400000, 0x00000000eb500000|  0%| F|  |TAMS 0x00000000eb400000, 0x00000000eb400000| Untracked 
| 181|0x00000000eb500000, 0x00000000eb500000, 0x00000000eb600000|  0%| F|  |TAMS 0x00000000eb500000, 0x00000000eb500000| Untracked 
| 182|0x00000000eb600000, 0x00000000eb600000, 0x00000000eb700000|  0%| F|  |TAMS 0x00000000eb600000, 0x00000000eb600000| Untracked 
| 183|0x00000000eb700000, 0x00000000eb700000, 0x00000000eb800000|  0%| F|  |TAMS 0x00000000eb700000, 0x00000000eb700000| Untracked 
| 184|0x00000000eb800000, 0x00000000eb800000, 0x00000000eb900000|  0%| F|  |TAMS 0x00000000eb800000, 0x00000000eb800000| Untracked 
| 185|0x00000000eb900000, 0x00000000eb900000, 0x00000000eba00000|  0%| F|  |TAMS 0x00000000eb900000, 0x00000000eb900000| Untracked 
| 186|0x00000000eba00000, 0x00000000eba00000, 0x00000000ebb00000|  0%| F|  |TAMS 0x00000000eba00000, 0x00000000eba00000| Untracked 
| 187|0x00000000ebb00000, 0x00000000ebb00000, 0x00000000ebc00000|  0%| F|  |TAMS 0x00000000ebb00000, 0x00000000ebb00000| Untracked 
| 188|0x00000000ebc00000, 0x00000000ebc00000, 0x00000000ebd00000|  0%| F|  |TAMS 0x00000000ebc00000, 0x00000000ebc00000| Untracked 
| 189|0x00000000ebd00000, 0x00000000ebd00000, 0x00000000ebe00000|  0%| F|  |TAMS 0x00000000ebd00000, 0x00000000ebd00000| Untracked 
| 190|0x00000000ebe00000, 0x00000000ebe00000, 0x00000000ebf00000|  0%| F|  |TAMS 0x00000000ebe00000, 0x00000000ebe00000| Untracked 
| 191|0x00000000ebf00000, 0x00000000ebf00000, 0x00000000ec000000|  0%| F|  |TAMS 0x00000000ebf00000, 0x00000000ebf00000| Untracked 
| 192|0x00000000ec000000, 0x00000000ec000000, 0x00000000ec100000|  0%| F|  |TAMS 0x00000000ec000000, 0x00000000ec000000| Untracked 
| 193|0x00000000ec100000, 0x00000000ec100000, 0x00000000ec200000|  0%| F|  |TAMS 0x00000000ec100000, 0x00000000ec100000| Untracked 
| 194|0x00000000ec200000, 0x00000000ec200000, 0x00000000ec300000|  0%| F|  |TAMS 0x00000000ec200000, 0x00000000ec200000| Untracked 
| 195|0x00000000ec300000, 0x00000000ec300000, 0x00000000ec400000|  0%| F|  |TAMS 0x00000000ec300000, 0x00000000ec300000| Untracked 
| 196|0x00000000ec400000, 0x00000000ec400000, 0x00000000ec500000|  0%| F|  |TAMS 0x00000000ec400000, 0x00000000ec400000| Untracked 
| 197|0x00000000ec500000, 0x00000000ec500000, 0x00000000ec600000|  0%| F|  |TAMS 0x00000000ec500000, 0x00000000ec500000| Untracked 
| 198|0x00000000ec600000, 0x00000000ec600000, 0x00000000ec700000|  0%| F|  |TAMS 0x00000000ec600000, 0x00000000ec600000| Untracked 
| 199|0x00000000ec700000, 0x00000000ec700000, 0x00000000ec800000|  0%| F|  |TAMS 0x00000000ec700000, 0x00000000ec700000| Untracked 
| 200|0x00000000ec800000, 0x00000000ec800000, 0x00000000ec900000|  0%| F|  |TAMS 0x00000000ec800000, 0x00000000ec800000| Untracked 
| 201|0x00000000ec900000, 0x00000000ec900000, 0x00000000eca00000|  0%| F|  |TAMS 0x00000000ec900000, 0x00000000ec900000| Untracked 
| 202|0x00000000eca00000, 0x00000000eca00000, 0x00000000ecb00000|  0%| F|  |TAMS 0x00000000eca00000, 0x00000000eca00000| Untracked 
| 203|0x00000000ecb00000, 0x00000000ecb00000, 0x00000000ecc00000|  0%| F|  |TAMS 0x00000000ecb00000, 0x00000000ecb00000| Untracked 
| 204|0x00000000ecc00000, 0x00000000ecc00000, 0x00000000ecd00000|  0%| F|  |TAMS 0x00000000ecc00000, 0x00000000ecc00000| Untracked 
| 205|0x00000000ecd00000, 0x00000000ecd00000, 0x00000000ece00000|  0%| F|  |TAMS 0x00000000ecd00000, 0x00000000ecd00000| Untracked 
| 206|0x00000000ece00000, 0x00000000ece00000, 0x00000000ecf00000|  0%| F|  |TAMS 0x00000000ece00000, 0x00000000ece00000| Untracked 
| 207|0x00000000ecf00000, 0x00000000ecf00000, 0x00000000ed000000|  0%| F|  |TAMS 0x00000000ecf00000, 0x00000000ecf00000| Untracked 
| 208|0x00000000ed000000, 0x00000000ed000000, 0x00000000ed100000|  0%| F|  |TAMS 0x00000000ed000000, 0x00000000ed000000| Untracked 
| 209|0x00000000ed100000, 0x00000000ed100000, 0x00000000ed200000|  0%| F|  |TAMS 0x00000000ed100000, 0x00000000ed100000| Untracked 
| 210|0x00000000ed200000, 0x00000000ed200000, 0x00000000ed300000|  0%| F|  |TAMS 0x00000000ed200000, 0x00000000ed200000| Untracked 
| 211|0x00000000ed300000, 0x00000000ed300000, 0x00000000ed400000|  0%| F|  |TAMS 0x00000000ed300000, 0x00000000ed300000| Untracked 
| 212|0x00000000ed400000, 0x00000000ed400000, 0x00000000ed500000|  0%| F|  |TAMS 0x00000000ed400000, 0x00000000ed400000| Untracked 
| 213|0x00000000ed500000, 0x00000000ed581c10, 0x00000000ed600000| 50%| E|  |TAMS 0x00000000ed500000, 0x00000000ed500000| Complete 
| 214|0x00000000ed600000, 0x00000000ed700000, 0x00000000ed700000|100%| E|CS|TAMS 0x00000000ed600000, 0x00000000ed600000| Complete 
| 215|0x00000000ed700000, 0x00000000ed800000, 0x00000000ed800000|100%| E|CS|TAMS 0x00000000ed700000, 0x00000000ed700000| Complete 
| 216|0x00000000ed800000, 0x00000000ed900000, 0x00000000ed900000|100%| E|CS|TAMS 0x00000000ed800000, 0x00000000ed800000| Complete 
| 217|0x00000000ed900000, 0x00000000eda00000, 0x00000000eda00000|100%| E|CS|TAMS 0x00000000ed900000, 0x00000000ed900000| Complete 
| 218|0x00000000eda00000, 0x00000000edb00000, 0x00000000edb00000|100%| E|CS|TAMS 0x00000000eda00000, 0x00000000eda00000| Complete 
| 219|0x00000000edb00000, 0x00000000edc00000, 0x00000000edc00000|100%| E|CS|TAMS 0x00000000edb00000, 0x00000000edb00000| Complete 
| 220|0x00000000edc00000, 0x00000000edd00000, 0x00000000edd00000|100%| E|CS|TAMS 0x00000000edc00000, 0x00000000edc00000| Complete 
| 221|0x00000000edd00000, 0x00000000ede00000, 0x00000000ede00000|100%| E|CS|TAMS 0x00000000edd00000, 0x00000000edd00000| Complete 
| 222|0x00000000ede00000, 0x00000000edf00000, 0x00000000edf00000|100%| E|CS|TAMS 0x00000000ede00000, 0x00000000ede00000| Complete 
| 223|0x00000000edf00000, 0x00000000ee000000, 0x00000000ee000000|100%| E|CS|TAMS 0x00000000edf00000, 0x00000000edf00000| Complete 
| 224|0x00000000ee000000, 0x00000000ee100000, 0x00000000ee100000|100%| E|CS|TAMS 0x00000000ee000000, 0x00000000ee000000| Complete 
| 225|0x00000000ee100000, 0x00000000ee200000, 0x00000000ee200000|100%| E|CS|TAMS 0x00000000ee100000, 0x00000000ee100000| Complete 
| 226|0x00000000ee200000, 0x00000000ee300000, 0x00000000ee300000|100%| E|CS|TAMS 0x00000000ee200000, 0x00000000ee200000| Complete 
| 227|0x00000000ee300000, 0x00000000ee400000, 0x00000000ee400000|100%| E|CS|TAMS 0x00000000ee300000, 0x00000000ee300000| Complete 
| 228|0x00000000ee400000, 0x00000000ee500000, 0x00000000ee500000|100%| E|CS|TAMS 0x00000000ee400000, 0x00000000ee400000| Complete 
| 229|0x00000000ee500000, 0x00000000ee600000, 0x00000000ee600000|100%| E|CS|TAMS 0x00000000ee500000, 0x00000000ee500000| Complete 
| 230|0x00000000ee600000, 0x00000000ee700000, 0x00000000ee700000|100%| E|CS|TAMS 0x00000000ee600000, 0x00000000ee600000| Complete 
| 231|0x00000000ee700000, 0x00000000ee800000, 0x00000000ee800000|100%| E|CS|TAMS 0x00000000ee700000, 0x00000000ee700000| Complete 
| 232|0x00000000ee800000, 0x00000000ee900000, 0x00000000ee900000|100%| E|CS|TAMS 0x00000000ee800000, 0x00000000ee800000| Complete 
| 233|0x00000000ee900000, 0x00000000eea00000, 0x00000000eea00000|100%| E|CS|TAMS 0x00000000ee900000, 0x00000000ee900000| Complete 
| 234|0x00000000eea00000, 0x00000000eeb00000, 0x00000000eeb00000|100%| E|CS|TAMS 0x00000000eea00000, 0x00000000eea00000| Complete 
| 235|0x00000000eeb00000, 0x00000000eec00000, 0x00000000eec00000|100%| E|CS|TAMS 0x00000000eeb00000, 0x00000000eeb00000| Complete 
| 236|0x00000000eec00000, 0x00000000eed00000, 0x00000000eed00000|100%| E|CS|TAMS 0x00000000eec00000, 0x00000000eec00000| Complete 
| 237|0x00000000eed00000, 0x00000000eee00000, 0x00000000eee00000|100%| E|CS|TAMS 0x00000000eed00000, 0x00000000eed00000| Complete 
| 238|0x00000000eee00000, 0x00000000eef00000, 0x00000000eef00000|100%| E|CS|TAMS 0x00000000eee00000, 0x00000000eee00000| Complete 
| 239|0x00000000eef00000, 0x00000000ef000000, 0x00000000ef000000|100%| E|CS|TAMS 0x00000000eef00000, 0x00000000eef00000| Complete 
| 240|0x00000000ef000000, 0x00000000ef100000, 0x00000000ef100000|100%| E|CS|TAMS 0x00000000ef000000, 0x00000000ef000000| Complete 
| 241|0x00000000ef100000, 0x00000000ef200000, 0x00000000ef200000|100%| E|CS|TAMS 0x00000000ef100000, 0x00000000ef100000| Complete 
| 242|0x00000000ef200000, 0x00000000ef300000, 0x00000000ef300000|100%| E|CS|TAMS 0x00000000ef200000, 0x00000000ef200000| Complete 
| 243|0x00000000ef300000, 0x00000000ef400000, 0x00000000ef400000|100%| E|CS|TAMS 0x00000000ef300000, 0x00000000ef300000| Complete 
| 244|0x00000000ef400000, 0x00000000ef500000, 0x00000000ef500000|100%| E|CS|TAMS 0x00000000ef400000, 0x00000000ef400000| Complete 
| 245|0x00000000ef500000, 0x00000000ef600000, 0x00000000ef600000|100%| E|CS|TAMS 0x00000000ef500000, 0x00000000ef500000| Complete 
| 246|0x00000000ef600000, 0x00000000ef700000, 0x00000000ef700000|100%| E|CS|TAMS 0x00000000ef600000, 0x00000000ef600000| Complete 
| 247|0x00000000ef700000, 0x00000000ef800000, 0x00000000ef800000|100%| E|CS|TAMS 0x00000000ef700000, 0x00000000ef700000| Complete 
| 248|0x00000000ef800000, 0x00000000ef900000, 0x00000000ef900000|100%| E|CS|TAMS 0x00000000ef800000, 0x00000000ef800000| Complete 
| 249|0x00000000ef900000, 0x00000000efa00000, 0x00000000efa00000|100%| E|CS|TAMS 0x00000000ef900000, 0x00000000ef900000| Complete 
| 250|0x00000000efa00000, 0x00000000efb00000, 0x00000000efb00000|100%| E|CS|TAMS 0x00000000efa00000, 0x00000000efa00000| Complete 
| 251|0x00000000efb00000, 0x00000000efc00000, 0x00000000efc00000|100%| E|CS|TAMS 0x00000000efb00000, 0x00000000efb00000| Complete 
| 252|0x00000000efc00000, 0x00000000efd00000, 0x00000000efd00000|100%| E|CS|TAMS 0x00000000efc00000, 0x00000000efc00000| Complete 
| 253|0x00000000efd00000, 0x00000000efe00000, 0x00000000efe00000|100%| E|CS|TAMS 0x00000000efd00000, 0x00000000efd00000| Complete 
| 254|0x00000000efe00000, 0x00000000eff00000, 0x00000000eff00000|100%| E|CS|TAMS 0x00000000efe00000, 0x00000000efe00000| Complete 
| 255|0x00000000eff00000, 0x00000000f0000000, 0x00000000f0000000|100%| E|CS|TAMS 0x00000000eff00000, 0x00000000eff00000| Complete 

Card table byte_map: [0x000001f34fc20000,0x000001f34fd20000] _byte_map_base: 0x000001f34f520000

Marking Bits (Prev, Next): (CMBitMap*) 0x000001f338ce4960, (CMBitMap*) 0x000001f338ce4920
 Prev Bits: [0x000001f350620000, 0x000001f350e20000)
 Next Bits: [0x000001f34fe20000, 0x000001f350620000)

Polling page: 0x000001f336bd0000

Metaspace:

Usage:
  Non-class:     22.11 MB used.
      Class:      3.86 MB used.
       Both:     25.97 MB used.

Virtual space:
  Non-class space:       64.00 MB reserved,      22.31 MB ( 35%) committed,  1 nodes.
      Class space:      320.00 MB reserved,       4.06 MB (  1%) committed,  1 nodes.
             Both:      384.00 MB reserved,      26.38 MB (  7%) committed. 

Chunk freelists:
   Non-Class:  9.31 MB
       Class:  11.98 MB
        Both:  21.30 MB

MaxMetaspaceSize: 384.00 MB
CompressedClassSpaceSize: 320.00 MB
Initial GC threshold: 21.00 MB
Current GC threshold: 35.31 MB
CDS: on
MetaspaceReclaimPolicy: balanced
 - commit_granule_bytes: 65536.
 - commit_granule_words: 8192.
 - virtual_space_node_default_size: 8388608.
 - enlarge_chunks_in_place: 1.
 - new_chunks_are_fully_committed: 0.
 - uncommit_free_chunks: 1.
 - use_allocation_guard: 0.
 - handle_deallocations: 1.


Internal statistics:

num_allocs_failed_limit: 3.
num_arena_births: 374.
num_arena_deaths: 0.
num_vsnodes_births: 2.
num_vsnodes_deaths: 0.
num_space_committed: 422.
num_space_uncommitted: 0.
num_chunks_returned_to_freelist: 3.
num_chunks_taken_from_freelist: 1425.
num_chunk_merges: 3.
num_chunk_splits: 917.
num_chunks_enlarged: 633.
num_inconsistent_stats: 0.

CodeHeap 'non-profiled nmethods': size=120000Kb used=1908Kb max_used=1908Kb free=118091Kb
 bounds [0x000001f3482b0000, 0x000001f348520000, 0x000001f34f7e0000]
CodeHeap 'profiled nmethods': size=120000Kb used=7118Kb max_used=7118Kb free=112881Kb
 bounds [0x000001f3407e0000, 0x000001f340ee0000, 0x000001f347d10000]
CodeHeap 'non-nmethods': size=5760Kb used=1252Kb max_used=1326Kb free=4507Kb
 bounds [0x000001f347d10000, 0x000001f347f80000, 0x000001f3482b0000]
 total_blobs=3968 nmethods=3406 adapters=474
 compilation: enabled
              stopped_count=0, restarted_count=0
 full_count=0

Compilation events (20 events):
Event: 44.289 Thread 0x000001f353861b70 nmethod 3402 0x000001f340ecbf10 code [0x000001f340ecc100, 0x000001f340ecc508]
Event: 44.289 Thread 0x000001f353861b70 3403       3       java.util.HashMap::computeIfAbsent (330 bytes)
Event: 44.290 Thread 0x000001f353861b70 nmethod 3403 0x000001f340ecc690 code [0x000001f340ecc9a0, 0x000001f340ece048]
Event: 44.291 Thread 0x000001f353861b70 3404       1       org.codehaus.groovy.util.ReferenceManager::getReferenceQueue (5 bytes)
Event: 44.292 Thread 0x000001f353861b70 nmethod 3404 0x000001f34848c790 code [0x000001f34848c920, 0x000001f34848c9f8]
Event: 44.292 Thread 0x000001f353861b70 3405       1       org.codehaus.groovy.util.ReferenceBundle::getType (5 bytes)
Event: 44.292 Thread 0x000001f353861b70 nmethod 3405 0x000001f34848ca90 code [0x000001f34848cc20, 0x000001f34848ccf8]
Event: 44.292 Thread 0x000001f353861b70 3406       1       org.codehaus.groovy.util.ReferenceBundle::getManager (5 bytes)
Event: 44.292 Thread 0x000001f353861b70 nmethod 3406 0x000001f34848cd90 code [0x000001f34848cf20, 0x000001f34848cff8]
Event: 44.293 Thread 0x000001f353861b70 3407       3       java.lang.invoke.BoundMethodHandle::editor (8 bytes)
Event: 44.293 Thread 0x000001f353861b70 nmethod 3407 0x000001f340ece690 code [0x000001f340ece860, 0x000001f340ecebe8]
Event: 44.293 Thread 0x000001f353861b70 3408       3       java.util.Arrays::rangeCheck (74 bytes)
Event: 44.294 Thread 0x000001f353861b70 nmethod 3408 0x000001f340eced90 code [0x000001f340ecf040, 0x000001f340ecfa88]
Event: 44.294 Thread 0x000001f353861b70 3409       3       java.lang.invoke.LambdaForm::<init> (115 bytes)
Event: 44.296 Thread 0x000001f353861b70 nmethod 3409 0x000001f340ecfe90 code [0x000001f340ed0080, 0x000001f340ed0728]
Event: 44.296 Thread 0x000001f353861b70 3410       3       java.lang.invoke.LambdaForm::fixResult (31 bytes)
Event: 44.296 Thread 0x000001f353861b70 nmethod 3410 0x000001f340ed0990 code [0x000001f340ed0b40, 0x000001f340ed0d38]
Event: 44.296 Thread 0x000001f353861b70 3411       3       java.lang.invoke.InvokerBytecodeGenerator::generateCustomizedCode (34 bytes)
Event: 44.297 Thread 0x000001f353861b70 nmethod 3411 0x000001f340ed0e90 code [0x000001f340ed10c0, 0x000001f340ed15f8]
Event: 44.354 Thread 0x000001f353861b70 3412       3       jdk.internal.org.objectweb.asm.MethodWriter::visitVarInsn (302 bytes)

GC Heap History (8 events):
Event: 1.805 GC heap before
{Heap before GC invocations=0 (full 0):
 garbage-first heap   total 262144K, used 23552K [0x00000000e0000000, 0x0000000100000000)
  region size 1024K, 23 young (23552K), 0 survivors (0K)
 Metaspace       used 1048K, committed 1216K, reserved 393216K
  class space    used 72K, committed 128K, reserved 327680K
}
Event: 1.823 GC heap after
{Heap after GC invocations=1 (full 0):
 garbage-first heap   total 262144K, used 1948K [0x00000000e0000000, 0x0000000100000000)
  region size 1024K, 2 young (2048K), 2 survivors (2048K)
 Metaspace       used 1048K, committed 1216K, reserved 393216K
  class space    used 72K, committed 128K, reserved 327680K
}
Event: 5.622 GC heap before
{Heap before GC invocations=1 (full 0):
 garbage-first heap   total 262144K, used 39836K [0x00000000e0000000, 0x0000000100000000)
  region size 1024K, 36 young (36864K), 2 survivors (2048K)
 Metaspace       used 4355K, committed 4544K, reserved 393216K
  class space    used 545K, committed 640K, reserved 327680K
}
Event: 5.628 GC heap after
{Heap after GC invocations=2 (full 0):
 garbage-first heap   total 262144K, used 11094K [0x00000000e0000000, 0x0000000100000000)
  region size 1024K, 5 young (5120K), 5 survivors (5120K)
 Metaspace       used 4355K, committed 4544K, reserved 393216K
  class space    used 545K, committed 640K, reserved 327680K
}
Event: 9.819 GC heap before
{Heap before GC invocations=2 (full 0):
 garbage-first heap   total 262144K, used 58198K [0x00000000e0000000, 0x0000000100000000)
  region size 1024K, 49 young (50176K), 5 survivors (5120K)
 Metaspace       used 4533K, committed 4672K, reserved 393216K
  class space    used 556K, committed 640K, reserved 327680K
}
Event: 9.846 GC heap after
{Heap after GC invocations=3 (full 0):
 garbage-first heap   total 262144K, used 16174K [0x00000000e0000000, 0x0000000100000000)
  region size 1024K, 5 young (5120K), 5 survivors (5120K)
 Metaspace       used 4533K, committed 4672K, reserved 393216K
  class space    used 556K, committed 640K, reserved 327680K
}
Event: 28.097 GC heap before
{Heap before GC invocations=3 (full 0):
 garbage-first heap   total 262144K, used 129838K [0x00000000e0000000, 0x0000000100000000)
  region size 1024K, 117 young (119808K), 5 survivors (5120K)
 Metaspace       used 21194K, committed 21504K, reserved 393216K
  class space    used 3080K, committed 3264K, reserved 327680K
}
Event: 28.361 GC heap after
{Heap after GC invocations=4 (full 0):
 garbage-first heap   total 262144K, used 23813K [0x00000000e0000000, 0x0000000100000000)
  region size 1024K, 12 young (12288K), 12 survivors (12288K)
 Metaspace       used 21194K, committed 21504K, reserved 393216K
  class space    used 3080K, committed 3264K, reserved 327680K
}

Dll operation events (15 events):
Event: 0.036 Loaded shared library C:\Users\ASUS\.jdks\corretto-17.0.12\bin\java.dll
Event: 0.074 Loaded shared library C:\Users\ASUS\.jdks\corretto-17.0.12\bin\jsvml.dll
Event: 0.215 Loaded shared library C:\Users\ASUS\.jdks\corretto-17.0.12\bin\zip.dll
Event: 0.221 Loaded shared library C:\Users\ASUS\.jdks\corretto-17.0.12\bin\instrument.dll
Event: 0.233 Loaded shared library C:\Users\ASUS\.jdks\corretto-17.0.12\bin\net.dll
Event: 0.236 Loaded shared library C:\Users\ASUS\.jdks\corretto-17.0.12\bin\nio.dll
Event: 0.241 Loaded shared library C:\Users\ASUS\.jdks\corretto-17.0.12\bin\zip.dll
Event: 1.681 Loaded shared library C:\Users\ASUS\.jdks\corretto-17.0.12\bin\jimage.dll
Event: 2.334 Loaded shared library C:\Users\ASUS\.jdks\corretto-17.0.12\bin\verify.dll
Event: 2.643 Loaded shared library C:\Users\ASUS\.gradle\native\1def1411415f61bf3af743bc5b6707747c0891f09f0c88961ee8f79bc544acac\windows-amd64\native-platform.dll
Event: 2.671 Loaded shared library C:\Users\ASUS\.gradle\native\0.2.7\x86_64-windows-gnu\gradle-fileevents.dll
Event: 10.949 Loaded shared library C:\Users\ASUS\.jdks\corretto-17.0.12\bin\management.dll
Event: 10.970 Loaded shared library C:\Users\ASUS\.jdks\corretto-17.0.12\bin\management_ext.dll
Event: 13.069 Loaded shared library C:\Users\ASUS\.jdks\corretto-17.0.12\bin\extnet.dll
Event: 16.384 Loaded shared library C:\Users\ASUS\.jdks\corretto-17.0.12\bin\sunmscapi.dll

Deoptimization events (20 events):
Event: 44.174 Thread 0x000001f36db4a590 Uncommon trap: trap_request=0xffffffde fr.pc=0x000001f3483ae1bc relative=0x0000000000001e3c
Event: 44.174 Thread 0x000001f36db4a590 Uncommon trap: reason=class_check action=maybe_recompile pc=0x000001f3483ae1bc method=java.io.BufferedInputStream.read([BII)I @ 101 c2
Event: 44.174 Thread 0x000001f36db4a590 DEOPT PACKING pc=0x000001f3483ae1bc sp=0x00000030e95f7ef0
Event: 44.174 Thread 0x000001f36db4a590 DEOPT UNPACKING pc=0x000001f347d669a3 sp=0x00000030e95f7da0 mode 2
Event: 44.175 Thread 0x000001f36db4a590 Uncommon trap: trap_request=0xffffffde fr.pc=0x000001f3483ae1bc relative=0x0000000000001e3c
Event: 44.175 Thread 0x000001f36db4a590 Uncommon trap: reason=class_check action=maybe_recompile pc=0x000001f3483ae1bc method=java.io.BufferedInputStream.read([BII)I @ 101 c2
Event: 44.175 Thread 0x000001f36db4a590 DEOPT PACKING pc=0x000001f3483ae1bc sp=0x00000030e95f7ef0
Event: 44.175 Thread 0x000001f36db4a590 DEOPT UNPACKING pc=0x000001f347d669a3 sp=0x00000030e95f7da0 mode 2
Event: 44.177 Thread 0x000001f36db4a590 Uncommon trap: trap_request=0xffffffc6 fr.pc=0x000001f348481cf4 relative=0x0000000000000874
Event: 44.177 Thread 0x000001f36db4a590 Uncommon trap: reason=bimorphic_or_optimized_type_check action=maybe_recompile pc=0x000001f348481cf4 method=java.io.BufferedInputStream.read([BII)I @ 101 c2
Event: 44.177 Thread 0x000001f36db4a590 DEOPT PACKING pc=0x000001f348481cf4 sp=0x00000030e95f7dd0
Event: 44.177 Thread 0x000001f36db4a590 DEOPT UNPACKING pc=0x000001f347d669a3 sp=0x00000030e95f7d88 mode 2
Event: 44.178 Thread 0x000001f36db4a590 Uncommon trap: trap_request=0xffffffc6 fr.pc=0x000001f348481cf4 relative=0x0000000000000874
Event: 44.178 Thread 0x000001f36db4a590 Uncommon trap: reason=bimorphic_or_optimized_type_check action=maybe_recompile pc=0x000001f348481cf4 method=java.io.BufferedInputStream.read([BII)I @ 101 c2
Event: 44.178 Thread 0x000001f36db4a590 DEOPT PACKING pc=0x000001f348481cf4 sp=0x00000030e95f7dd0
Event: 44.178 Thread 0x000001f36db4a590 DEOPT UNPACKING pc=0x000001f347d669a3 sp=0x00000030e95f7d88 mode 2
Event: 44.293 Thread 0x000001f36db4a590 Uncommon trap: trap_request=0xffffff45 fr.pc=0x000001f34843b228 relative=0x00000000000005c8
Event: 44.293 Thread 0x000001f36db4a590 Uncommon trap: reason=unstable_if action=reinterpret pc=0x000001f34843b228 method=jdk.internal.org.objectweb.asm.MethodWriter.visitVarInsn(II)V @ 108 c2
Event: 44.293 Thread 0x000001f36db4a590 DEOPT PACKING pc=0x000001f34843b228 sp=0x00000030e95f0e90
Event: 44.293 Thread 0x000001f36db4a590 DEOPT UNPACKING pc=0x000001f347d669a3 sp=0x00000030e95f0e58 mode 2

Classes loaded (20 events):
Event: 43.869 Loading class java/util/stream/IntPipeline$1$1
Event: 43.869 Loading class java/util/stream/IntPipeline$1$1 done
Event: 43.884 Loading class java/lang/IllegalAccessError
Event: 43.884 Loading class java/lang/IllegalAccessError done
Event: 43.948 Loading class java/lang/ProcessBuilder
Event: 43.948 Loading class java/lang/ProcessBuilder done
Event: 43.948 Loading class java/lang/Process
Event: 43.949 Loading class java/lang/Process done
Event: 44.105 Loading class java/util/EventListener
Event: 44.105 Loading class java/util/EventListener done
Event: 44.152 Loading class java/util/BitSet
Event: 44.152 Loading class java/util/BitSet done
Event: 44.166 Loading class java/io/PrintWriter
Event: 44.166 Loading class java/io/PrintWriter done
Event: 44.166 Loading class java/util/TimerTask
Event: 44.167 Loading class java/util/TimerTask done
Event: 44.167 Loading class java/util/Timer
Event: 44.167 Loading class java/util/Timer done
Event: 44.275 Loading class java/security/AccessControlException
Event: 44.276 Loading class java/security/AccessControlException done

Classes unloaded (0 events):
No events

Classes redefined (0 events):
No events

Internal exceptions (20 events):
Event: 27.026 Thread 0x000001f36db4a590 Exception <a 'java/lang/NoSuchMethodError'{0x00000000e8eefdd8}: 'java.lang.Object java.lang.invoke.DirectMethodHandle$Holder.invokeStatic(java.lang.Object, java.lang.Object, java.lang.Object, java.lang.Object, java.lang.Object, java.lang.Object, java.lang.Object, java.lang.Object, java.lang.Object, java.lang.Object, java.lang.Object, java.lang.Object, java.lang.Object, java.lang.Object, java.lang.Object, java.lang.Object, java.lang.Object, java.lang.Object, java.lang.Object, java.lang.Object, java.lang.Obj
Event: 27.032 Thread 0x000001f36db4a590 Exception <a 'java/lang/NoSuchMethodError'{0x00000000e8d216d8}: 'java.lang.Object java.lang.invoke.DirectMethodHandle$Holder.invokeStatic(java.lang.Object, java.lang.Object, java.lang.Object, java.lang.Object, java.lang.Object, java.lang.Object, java.lang.Object, java.lang.Object, java.lang.Object, java.lang.Object, java.lang.Object, java.lang.Object, java.lang.Object, java.lang.Object, java.lang.Object, java.lang.Object, java.lang.Object, java.lang.Object, java.lang.Object, java.lang.Object, java.lang.Obj
Event: 27.039 Thread 0x000001f36db4a590 Exception <a 'java/lang/NoSuchMethodError'{0x00000000e8d54690}: 'java.lang.Object java.lang.invoke.DirectMethodHandle$Holder.invokeStatic(java.lang.Object, java.lang.Object, java.lang.Object, java.lang.Object, java.lang.Object, java.lang.Object, java.lang.Object, java.lang.Object, java.lang.Object, java.lang.Object, java.lang.Object, java.lang.Object, java.lang.Object, java.lang.Object, java.lang.Object, java.lang.Object, java.lang.Object, java.lang.Object, java.lang.Object, java.lang.Object, java.lang.Obj
Event: 27.383 Thread 0x000001f36db4a590 Exception <a 'java/lang/NoSuchMethodError'{0x00000000e8cfdcc0}: 'java.lang.Object java.lang.invoke.DirectMethodHandle$Holder.invokeStaticInit(java.lang.Object, java.lang.Object, java.lang.Object, java.lang.Object)'> (0x00000000e8cfdcc0) 
thrown [s\src\hotspot\share\interpreter\linkResolver.cpp, line 759]
Event: 28.558 Thread 0x000001f36db4a590 Exception <a 'java/lang/NoSuchMethodError'{0x00000000efefdf88}: 'java.lang.Object java.lang.invoke.DirectMethodHandle$Holder.newInvokeSpecial(java.lang.Object, java.lang.Object, java.lang.Object, java.lang.Object, java.lang.Object, java.lang.Object, java.lang.Object, java.lang.Object)'> (0x00000000efefdf88) 
thrown [s\src\hotspot\share\interpreter\linkResolver.cpp, line 759]
Event: 28.560 Thread 0x000001f36db4a590 Exception <a 'java/lang/NoSuchMethodError'{0x00000000efd03f50}: 'java.lang.Object java.lang.invoke.DirectMethodHandle$Holder.invokeSpecial(java.lang.Object, java.lang.Object, java.lang.Object, java.lang.Object, java.lang.Object, java.lang.Object, java.lang.Object, java.lang.Object, java.lang.Object)'> (0x00000000efd03f50) 
thrown [s\src\hotspot\share\interpreter\linkResolver.cpp, line 759]
Event: 28.560 Thread 0x000001f36db4a590 Exception <a 'java/lang/NoSuchMethodError'{0x00000000efd09300}: 'java.lang.Object java.lang.invoke.Invokers$Holder.linkToTargetMethod(java.lang.Object, java.lang.Object, java.lang.Object, java.lang.Object, java.lang.Object, java.lang.Object, java.lang.Object, java.lang.Object)'> (0x00000000efd09300) 
thrown [s\src\hotspot\share\interpreter\linkResolver.cpp, line 759]
Event: 28.786 Thread 0x000001f36db4a590 Exception <a 'java/lang/NoSuchMethodError'{0x00000000efb215e8}: 'void java.lang.invoke.DirectMethodHandle$Holder.invokeStaticInit(java.lang.Object, java.lang.Object)'> (0x00000000efb215e8) 
thrown [s\src\hotspot\share\interpreter\linkResolver.cpp, line 759]
Event: 29.768 Thread 0x000001f36db4a590 Exception <a 'java/lang/NoSuchMethodError'{0x00000000ef550820}: 'int java.lang.invoke.DirectMethodHandle$Holder.invokeVirtual(java.lang.Object, java.lang.Object)'> (0x00000000ef550820) 
thrown [s\src\hotspot\share\interpreter\linkResolver.cpp, line 759]
Event: 31.003 Thread 0x000001f36db4a590 Exception <a 'java/lang/IncompatibleClassChangeError'{0x00000000ee833420}: Found class java.lang.Object, but interface was expected> (0x00000000ee833420) 
thrown [s\src\hotspot\share\interpreter\linkResolver.cpp, line 826]
Event: 32.330 Thread 0x000001f36db4a590 Exception <a 'java/lang/NoSuchMethodError'{0x00000000ee73a9c8}: 'java.lang.Object java.lang.invoke.DirectMethodHandle$Holder.newInvokeSpecial(java.lang.Object, java.lang.Object, long)'> (0x00000000ee73a9c8) 
thrown [s\src\hotspot\share\interpreter\linkResolver.cpp, line 759]
Event: 32.330 Thread 0x000001f36db4a590 Exception <a 'java/lang/NoSuchMethodError'{0x00000000ee73efd8}: 'java.lang.Object java.lang.invoke.Invokers$Holder.linkToTargetMethod(java.lang.Object, long, java.lang.Object)'> (0x00000000ee73efd8) 
thrown [s\src\hotspot\share\interpreter\linkResolver.cpp, line 759]
Event: 32.518 Thread 0x000001f36db4a590 Exception <a 'java/lang/NoSuchMethodError'{0x00000000ee5ef7b0}: 'int java.lang.invoke.DirectMethodHandle$Holder.invokeInterface(java.lang.Object, java.lang.Object)'> (0x00000000ee5ef7b0) 
thrown [s\src\hotspot\share\interpreter\linkResolver.cpp, line 759]
Event: 32.551 Thread 0x000001f36db4a590 Exception <a 'java/lang/NoSuchMethodError'{0x00000000ee480e20}: 'java.lang.Object java.lang.invoke.DirectMethodHandle$Holder.invokeVirtual(java.lang.Object, java.lang.Object, int)'> (0x00000000ee480e20) 
thrown [s\src\hotspot\share\interpreter\linkResolver.cpp, line 759]
Event: 36.783 Thread 0x000001f36db4a590 Exception <a 'java/lang/NoSuchMethodError'{0x00000000ee3a4040}: 'java.lang.Object java.lang.invoke.DirectMethodHandle$Holder.invokeStatic(java.lang.Object, java.lang.Object, int, java.lang.Object)'> (0x00000000ee3a4040) 
thrown [s\src\hotspot\share\interpreter\linkResolver.cpp, line 759]
Event: 36.789 Thread 0x000001f36db4a590 Exception <a 'java/lang/NoSuchMethodError'{0x00000000ee3abfc0}: 'java.lang.Object java.lang.invoke.DirectMethodHandle$Holder.newInvokeSpecial(java.lang.Object, java.lang.Object, int, java.lang.Object)'> (0x00000000ee3abfc0) 
thrown [s\src\hotspot\share\interpreter\linkResolver.cpp, line 759]
Event: 36.792 Thread 0x000001f36db4a590 Exception <a 'java/lang/NoSuchMethodError'{0x00000000ee3b0a00}: 'java.lang.Object java.lang.invoke.DirectMethodHandle$Holder.invokeSpecial(java.lang.Object, java.lang.Object, java.lang.Object, int, java.lang.Object)'> (0x00000000ee3b0a00) 
thrown [s\src\hotspot\share\interpreter\linkResolver.cpp, line 759]
Event: 43.891 Thread 0x000001f36db4a590 Exception <a 'java/lang/NoSuchMethodError'{0x00000000edd841f0}: 'java.lang.Object java.lang.invoke.DirectMethodHandle$Holder.invokeStaticInit(java.lang.Object, java.lang.Object, java.lang.Object, java.lang.Object, java.lang.Object, java.lang.Object, java.lang.Object)'> (0x00000000edd841f0) 
thrown [s\src\hotspot\share\interpreter\linkResolver.cpp, line 759]
Event: 43.953 Thread 0x000001f36db4a590 Exception <a 'java/lang/NoSuchMethodError'{0x00000000eddada20}: 'java.lang.Object java.lang.invoke.DirectMethodHandle$Holder.invokeSpecial(java.lang.Object, java.lang.Object, java.lang.Object, int, java.lang.Object, java.lang.Object)'> (0x00000000eddada20) 
thrown [s\src\hotspot\share\interpreter\linkResolver.cpp, line 759]
Event: 44.293 Thread 0x000001f36db4a590 Implicit null exception at 0x000001f34843ad80 to 0x000001f34843b21c

VM Operations (20 events):
Event: 33.485 Executing VM operation: Cleanup
Event: 33.485 Executing VM operation: Cleanup done
Event: 37.533 Executing VM operation: Cleanup
Event: 37.535 Executing VM operation: Cleanup done
Event: 38.547 Executing VM operation: Cleanup
Event: 38.547 Executing VM operation: Cleanup done
Event: 39.547 Executing VM operation: Cleanup
Event: 39.547 Executing VM operation: Cleanup done
Event: 40.565 Executing VM operation: Cleanup
Event: 40.565 Executing VM operation: Cleanup done
Event: 43.597 Executing VM operation: Cleanup
Event: 43.598 Executing VM operation: Cleanup done
Event: 43.738 Executing VM operation: HandshakeAllThreads
Event: 43.738 Executing VM operation: HandshakeAllThreads done
Event: 43.739 Executing VM operation: HandshakeAllThreads
Event: 43.739 Executing VM operation: HandshakeAllThreads done
Event: 44.276 Executing VM operation: HandshakeAllThreads
Event: 44.276 Executing VM operation: HandshakeAllThreads done
Event: 45.278 Executing VM operation: Cleanup
Event: 45.278 Executing VM operation: Cleanup done

Events (20 events):
Event: 18.439 Thread 0x000001f36e76e020 Thread added: 0x000001f36e76e020
Event: 18.645 Thread 0x000001f36e76e020 Thread exited: 0x000001f36e76e020
Event: 18.648 Thread 0x000001f36db4afb0 Thread added: 0x000001f36db4afb0
Event: 18.930 Thread 0x000001f36db4b9d0 Thread added: 0x000001f36db4b9d0
Event: 19.214 Thread 0x000001f36db49660 Thread added: 0x000001f36db49660
Event: 19.308 Thread 0x000001f36db48220 Thread added: 0x000001f36db48220
Event: 20.146 Thread 0x000001f36e799250 Thread added: 0x000001f36e799250
Event: 20.695 Thread 0x000001f36e799250 Thread exited: 0x000001f36e799250
Event: 24.315 Thread 0x000001f36db48c40 Thread added: 0x000001f36db48c40
Event: 24.918 Thread 0x000001f36db49b70 Thread added: 0x000001f36db49b70
Event: 28.582 Thread 0x000001f36fa4aa70 Thread added: 0x000001f36fa4aa70
Event: 28.582 Thread 0x000001f36ec05770 Thread added: 0x000001f36ec05770
Event: 28.761 Thread 0x000001f36ec05770 Thread exited: 0x000001f36ec05770
Event: 28.851 Thread 0x000001f36fa4aa70 Thread exited: 0x000001f36fa4aa70
Event: 29.688 Thread 0x000001f36feb03a0 Thread added: 0x000001f36feb03a0
Event: 29.767 Thread 0x000001f36feaf470 Thread added: 0x000001f36feaf470
Event: 36.793 Thread 0x000001f36feacbf0 Thread added: 0x000001f36feacbf0
Event: 42.678 Thread 0x000001f36feadb20 Thread added: 0x000001f36feadb20
Event: 43.861 Thread 0x000001f36f02d620 Thread added: 0x000001f36f02d620
Event: 44.068 Thread 0x000001f36f4c0320 Thread added: 0x000001f36f4c0320


Dynamic libraries:
0x00007ff67e090000 - 0x00007ff67e09e000 	C:\Users\ASUS\.jdks\corretto-17.0.12\bin\java.exe
0x00007fffb2180000 - 0x00007fffb23e8000 	C:\WINDOWS\SYSTEM32\ntdll.dll
0x00007fffb0360000 - 0x00007fffb0429000 	C:\WINDOWS\System32\KERNEL32.DLL
0x00007fffaf7c0000 - 0x00007fffafbb8000 	C:\WINDOWS\System32\KERNELBASE.dll
0x00007fffaf670000 - 0x00007fffaf7bb000 	C:\WINDOWS\System32\ucrtbase.dll
0x00007fff9e910000 - 0x00007fff9e927000 	C:\Users\ASUS\.jdks\corretto-17.0.12\bin\jli.dll
0x00007fffb0580000 - 0x00007fffb0747000 	C:\WINDOWS\System32\USER32.dll
0x00007fffaf2d0000 - 0x00007fffaf2f7000 	C:\WINDOWS\System32\win32u.dll
0x00007fffb0e20000 - 0x00007fffb0e4b000 	C:\WINDOWS\System32\GDI32.dll
0x00007fff9ed40000 - 0x00007fff9ed5b000 	C:\Users\ASUS\.jdks\corretto-17.0.12\bin\VCRUNTIME140.dll
0x00007fffafdf0000 - 0x00007fffaff1c000 	C:\WINDOWS\System32\gdi32full.dll
0x00007fff9b490000 - 0x00007fff9b724000 	C:\WINDOWS\WinSxS\amd64_microsoft.windows.common-controls_6595b64144ccf1df_6.0.26100.7019_none_3e06ffa0e335b8a8\COMCTL32.dll
0x00007fffaf3c0000 - 0x00007fffaf463000 	C:\WINDOWS\System32\msvcp_win.dll
0x00007fffb16f0000 - 0x00007fffb1799000 	C:\WINDOWS\System32\msvcrt.dll
0x00007fffb17a0000 - 0x00007fffb17d1000 	C:\WINDOWS\System32\IMM32.DLL
0x00007fff9ed30000 - 0x00007fff9ed3c000 	C:\Users\ASUS\.jdks\corretto-17.0.12\bin\vcruntime140_1.dll
0x00007fff870f0000 - 0x00007fff8717d000 	C:\Users\ASUS\.jdks\corretto-17.0.12\bin\msvcp140.dll
0x00007fff386c0000 - 0x00007fff3932a000 	C:\Users\ASUS\.jdks\corretto-17.0.12\bin\server\jvm.dll
0x00007fffb0e60000 - 0x00007fffb0f14000 	C:\WINDOWS\System32\ADVAPI32.dll
0x00007fffb02b0000 - 0x00007fffb0356000 	C:\WINDOWS\System32\sechost.dll
0x00007fffb0750000 - 0x00007fffb0868000 	C:\WINDOWS\System32\RPCRT4.dll
0x00007fffb20c0000 - 0x00007fffb2134000 	C:\WINDOWS\System32\WS2_32.dll
0x00007fffaf130000 - 0x00007fffaf18e000 	C:\WINDOWS\SYSTEM32\POWRPROF.dll
0x00007fffa79a0000 - 0x00007fffa79ab000 	C:\WINDOWS\SYSTEM32\VERSION.dll
0x00007fffa3630000 - 0x00007fffa3665000 	C:\WINDOWS\SYSTEM32\WINMM.dll
0x00007fffaf110000 - 0x00007fffaf124000 	C:\WINDOWS\SYSTEM32\UMPDC.dll
0x00007fffae050000 - 0x00007fffae06b000 	C:\WINDOWS\SYSTEM32\kernel.appcore.dll
0x00007fff9e2d0000 - 0x00007fff9e2da000 	C:\Users\ASUS\.jdks\corretto-17.0.12\bin\jimage.dll
0x00007fffa3a40000 - 0x00007fffa3c82000 	C:\WINDOWS\SYSTEM32\DBGHELP.DLL
0x00007fffaff20000 - 0x00007fffb02ab000 	C:\WINDOWS\System32\combase.dll
0x00007fffb13b0000 - 0x00007fffb1487000 	C:\WINDOWS\System32\OLEAUT32.dll
0x00007fff9a3c0000 - 0x00007fff9a3fc000 	C:\WINDOWS\SYSTEM32\dbgcore.DLL
0x00007fffafd40000 - 0x00007fffafde5000 	C:\WINDOWS\System32\bcryptPrimitives.dll
0x00007fff9e9e0000 - 0x00007fff9e9ee000 	C:\Users\ASUS\.jdks\corretto-17.0.12\bin\instrument.dll
0x00007fff9e2a0000 - 0x00007fff9e2c5000 	C:\Users\ASUS\.jdks\corretto-17.0.12\bin\java.dll
0x00007fff78810000 - 0x00007fff788e7000 	C:\Users\ASUS\.jdks\corretto-17.0.12\bin\jsvml.dll
0x00007fffb1960000 - 0x00007fffb20af000 	C:\WINDOWS\System32\SHELL32.dll
0x00007fffaf470000 - 0x00007fffaf5db000 	C:\WINDOWS\System32\wintypes.dll
0x00007fffaced0000 - 0x00007fffad72d000 	C:\WINDOWS\SYSTEM32\windows.storage.dll
0x00007fffb0430000 - 0x00007fffb0522000 	C:\WINDOWS\System32\SHCORE.dll
0x00007fffb0f20000 - 0x00007fffb0f87000 	C:\WINDOWS\System32\shlwapi.dll
0x00007fffaf1f0000 - 0x00007fffaf219000 	C:\WINDOWS\SYSTEM32\profapi.dll
0x00007fff9db80000 - 0x00007fff9db98000 	C:\Users\ASUS\.jdks\corretto-17.0.12\bin\zip.dll
0x00007fff9e1b0000 - 0x00007fff9e1c9000 	C:\Users\ASUS\.jdks\corretto-17.0.12\bin\net.dll
0x00007fffa8df0000 - 0x00007fffa8f18000 	C:\WINDOWS\SYSTEM32\WINHTTP.dll
0x00007fffae5a0000 - 0x00007fffae60b000 	C:\WINDOWS\system32\mswsock.dll
0x00007fff9de00000 - 0x00007fff9de16000 	C:\Users\ASUS\.jdks\corretto-17.0.12\bin\nio.dll
0x00007fff9e1a0000 - 0x00007fff9e1b0000 	C:\Users\ASUS\.jdks\corretto-17.0.12\bin\verify.dll
0x00007fff9e9f0000 - 0x00007fff9ea17000 	C:\Users\ASUS\.gradle\native\1def1411415f61bf3af743bc5b6707747c0891f09f0c88961ee8f79bc544acac\windows-amd64\native-platform.dll
0x00007fff876c0000 - 0x00007fff87738000 	C:\Users\ASUS\.gradle\native\0.2.7\x86_64-windows-gnu\gradle-fileevents.dll
0x00007fff9e960000 - 0x00007fff9e969000 	C:\Users\ASUS\.jdks\corretto-17.0.12\bin\management.dll
0x00007fff9e950000 - 0x00007fff9e95b000 	C:\Users\ASUS\.jdks\corretto-17.0.12\bin\management_ext.dll
0x00007fffb0e10000 - 0x00007fffb0e18000 	C:\WINDOWS\System32\PSAPI.DLL
0x00007fffada40000 - 0x00007fffada74000 	C:\WINDOWS\SYSTEM32\IPHLPAPI.DLL
0x00007fffb0970000 - 0x00007fffb097a000 	C:\WINDOWS\System32\NSI.dll
0x00007fffa8520000 - 0x00007fffa853e000 	C:\WINDOWS\SYSTEM32\dhcpcsvc6.DLL
0x00007fffa84f0000 - 0x00007fffa8513000 	C:\WINDOWS\SYSTEM32\dhcpcsvc.DLL
0x00007fffadad0000 - 0x00007fffadbfc000 	C:\WINDOWS\SYSTEM32\DNSAPI.dll
0x00007fffa1660000 - 0x00007fffa1669000 	C:\Users\ASUS\.jdks\corretto-17.0.12\bin\extnet.dll
0x00007fffae990000 - 0x00007fffae9ab000 	C:\WINDOWS\SYSTEM32\CRYPTSP.dll
0x00007fffadfb0000 - 0x00007fffadfea000 	C:\WINDOWS\system32\rsaenh.dll
0x00007fffae650000 - 0x00007fffae67b000 	C:\WINDOWS\SYSTEM32\USERENV.dll
0x00007fffaf1c0000 - 0x00007fffaf1ea000 	C:\WINDOWS\SYSTEM32\bcrypt.dll
0x00007fffae7f0000 - 0x00007fffae7fc000 	C:\WINDOWS\SYSTEM32\CRYPTBASE.dll
0x00007fff9e160000 - 0x00007fff9e16e000 	C:\Users\ASUS\.jdks\corretto-17.0.12\bin\sunmscapi.dll
0x00007fffafbc0000 - 0x00007fffafd37000 	C:\WINDOWS\System32\CRYPT32.dll
0x00007fffaeae0000 - 0x00007fffaeb10000 	C:\WINDOWS\SYSTEM32\ncrypt.dll
0x00007fffaea90000 - 0x00007fffaeacf000 	C:\WINDOWS\SYSTEM32\NTASN1.dll
0x00007fff1c390000 - 0x00007fff1c398000 	C:\WINDOWS\system32\wshunix.dll

dbghelp: loaded successfully - version: 4.0.5 - missing functions: none
symbol engine: initialized successfully - sym options: 0x614 - pdb path: .;C:\Users\ASUS\.jdks\corretto-17.0.12\bin;C:\WINDOWS\SYSTEM32;C:\WINDOWS\WinSxS\amd64_microsoft.windows.common-controls_6595b64144ccf1df_6.0.26100.7019_none_3e06ffa0e335b8a8;C:\Users\ASUS\.jdks\corretto-17.0.12\bin\server;C:\Users\ASUS\.gradle\native\1def1411415f61bf3af743bc5b6707747c0891f09f0c88961ee8f79bc544acac\windows-amd64;C:\Users\ASUS\.gradle\native\0.2.7\x86_64-windows-gnu

VM Arguments:
jvm_args: --add-opens=java.base/java.lang=ALL-UNNAMED --add-opens=java.base/java.lang.invoke=ALL-UNNAMED --add-opens=java.base/java.util=ALL-UNNAMED --add-opens=java.prefs/java.util.prefs=ALL-UNNAMED --add-exports=jdk.compiler/com.sun.tools.javac.api=ALL-UNNAMED --add-exports=jdk.compiler/com.sun.tools.javac.util=ALL-UNNAMED --add-opens=java.base/java.util=ALL-UNNAMED --add-opens=java.prefs/java.util.prefs=ALL-UNNAMED --add-opens=java.base/java.nio.charset=ALL-UNNAMED --add-opens=java.base/java.net=ALL-UNNAMED --add-opens=java.base/java.util.concurrent.atomic=ALL-UNNAMED --add-opens=java.xml/javax.xml.namespace=ALL-UNNAMED -XX:MaxMetaspaceSize=384m -XX:+HeapDumpOnOutOfMemoryError -Xms256m -Xmx512m -Dfile.encoding=windows-1252 -Duser.country=PE -Duser.language=es -Duser.variant -javaagent:C:\Users\ASUS\.gradle\wrapper\dists\gradle-8.14.3-bin\cv11ve7ro1n3o1j4so8xd9n66\gradle-8.14.3\lib\agents\gradle-instrumentation-agent-8.14.3.jar 
java_command: org.gradle.launcher.daemon.bootstrap.GradleDaemon 8.14.3
java_class_path (initial): C:\Users\ASUS\.gradle\wrapper\dists\gradle-8.14.3-bin\cv11ve7ro1n3o1j4so8xd9n66\gradle-8.14.3\lib\gradle-daemon-main-8.14.3.jar
Launcher Type: SUN_STANDARD

[Global flags]
     intx CICompilerCount                          = 4                                         {product} {ergonomic}
   size_t CompressedClassSpaceSize                 = 335544320                                 {product} {ergonomic}
     uint ConcGCThreads                            = 2                                         {product} {ergonomic}
     uint G1ConcRefinementThreads                  = 8                                         {product} {ergonomic}
   size_t G1HeapRegionSize                         = 1048576                                   {product} {ergonomic}
    uintx GCDrainStackTargetSize                   = 64                                        {product} {ergonomic}
     bool HeapDumpOnOutOfMemoryError               = true                                   {manageable} {command line}
   size_t InitialHeapSize                          = 268435456                                 {product} {command line}
   size_t MarkStackSize                            = 4194304                                   {product} {ergonomic}
   size_t MaxHeapSize                              = 536870912                                 {product} {command line}
   size_t MaxMetaspaceSize                         = 402653184                                 {product} {command line}
   size_t MaxNewSize                               = 321912832                                 {product} {ergonomic}
   size_t MinHeapDeltaBytes                        = 1048576                                   {product} {ergonomic}
   size_t MinHeapSize                              = 268435456                                 {product} {command line}
    uintx NonNMethodCodeHeapSize                   = 5839372                                {pd product} {ergonomic}
    uintx NonProfiledCodeHeapSize                  = 122909434                              {pd product} {ergonomic}
    uintx ProfiledCodeHeapSize                     = 122909434                              {pd product} {ergonomic}
    uintx ReservedCodeCacheSize                    = 251658240                              {pd product} {ergonomic}
     bool SegmentedCodeCache                       = true                                      {product} {ergonomic}
   size_t SoftMaxHeapSize                          = 536870912                              {manageable} {ergonomic}
     bool UseCompressedClassPointers               = true                           {product lp64_product} {ergonomic}
     bool UseCompressedOops                        = true                           {product lp64_product} {ergonomic}
     bool UseG1GC                                  = true                                      {product} {ergonomic}
     bool UseLargePagesIndividualAllocation        = false                                  {pd product} {ergonomic}

Logging:
Log output configuration:
 #0: stdout all=warning uptime,level,tags
 #1: stderr all=off uptime,level,tags

Environment Variables:
PATH=C:\Program Files\Common Files\Oracle\Java\javapath;%JAVA_HOME%\bin;C:\WINDOWS\system32;C:\WINDOWS;C:\WINDOWS\System32\Wbem;C:\WINDOWS\System32\WindowsPowerShell\v1.0\;C:\WINDOWS\System32\OpenSSH\;C:\Program Files\Docker\Docker\resources\bin;C:\Program Files\dotnet\;C:\Program Files\apache-maven-3.9.9\bin;C:\Program Files\Git\cmd;C:\Users\ASUS\AppData\Local\Microsoft\WindowsApps;C:\Users\ASUS\AppData\Local\Programs\Microsoft VS Code\bin;C:\Users\ASUS\AppData\Local\Programs\mongosh\;;C:\Users\ASUS\.deno\bin
USERNAME=ASUS
OS=Windows_NT
PROCESSOR_IDENTIFIER=Intel64 Family 6 Model 158 Stepping 10, GenuineIntel
TMP=C:\Users\ASUS\AppData\Local\Temp
TEMP=C:\Users\ASUS\AppData\Local\Temp



Periodic native trim disabled


---------------  S Y S T E M  ---------------

OS:
 Windows 11 , 64 bit Build 26100 (10.0.26100.7019)
OS uptime: 1 days 5:56 hours
Hyper-V role detected

CPU: total 8 (initial active 8) (4 cores per cpu, 2 threads per core) family 6 model 158 stepping 10 microcode 0xde, cx8, cmov, fxsr, ht, mmx, 3dnowpref, sse, sse2, sse3, ssse3, sse4.1, sse4.2, popcnt, lzcnt, tsc, tscinvbit, avx, avx2, aes, erms, clmul, bmi1, bmi2, adx, fma, vzeroupper, clflush, clflushopt, hv
Processor Information for all 8 processors :
  Max Mhz: 2304, Current Mhz: 2304, Mhz Limit: 2304

Memory: 4k page, system-wide physical 32623M (10658M free)
TotalPageFile size 34671M (AvailPageFile size 8M)
current process WorkingSet (physical memory assigned to process): 298M, peak: 298M
current process commit charge ("private bytes"): 463M, peak: 464M

vm_info: OpenJDK 64-Bit Server VM (17.0.12+7-LTS) for windows-amd64 JRE (17.0.12+7-LTS), built on Jul 10 2024 20:46:33 by "Administrator" with MS VC++ 16.10 / 16.11 (VS2019)

END.
