#
# There is insufficient memory for the Java Runtime Environment to continue.
# Native memory allocation (malloc) failed to allocate 1753936 bytes. Error detail: Chunk::new
# Possible reasons:
#   The system is out of physical RAM or swap space
#   This process is running with CompressedOops enabled, and the Java Heap may be blocking the growth of the native heap
# Possible solutions:
#   Reduce memory load on the system
#   Increase physical memory or swap space
#   Check if swap backing store is full
#   Decrease Java heap size (-Xmx/-Xms)
#   Decrease number of Java threads
#   Decrease Java thread stack sizes (-Xss)
#   Set larger code cache with -XX:ReservedCodeCacheSize=
#   JVM is running with Unscaled Compressed Oops mode in which the Java heap is
#     placed in the first 4GB address space. The Java Heap base address is the
#     maximum limit for the native heap growth. Please use -XX:HeapBaseMinAddress
#     to set the Java Heap base and to place the Java Heap above 4GB virtual address.
# This output file may be truncated or incomplete.
#
#  Out of Memory Error (arena.cpp:191), pid=32364, tid=21732
#
# JRE version: OpenJDK Runtime Environment Corretto-17.0.12.7.1 (17.0.12+7) (build 17.0.12+7-LTS)
# Java VM: OpenJDK 64-Bit Server VM Corretto-17.0.12.7.1 (17.0.12+7-LTS, mixed mode, sharing, tiered, compressed oops, compressed class ptrs, g1 gc, windows-amd64)
# No core dump will be written. Minidumps are not enabled by default on client versions of Windows
#

---------------  S U M M A R Y ------------

Command Line: --add-opens=java.base/java.lang=ALL-UNNAMED --add-opens=java.base/java.lang.invoke=ALL-UNNAMED --add-opens=java.base/java.util=ALL-UNNAMED --add-opens=java.prefs/java.util.prefs=ALL-UNNAMED --add-exports=jdk.compiler/com.sun.tools.javac.api=ALL-UNNAMED --add-exports=jdk.compiler/com.sun.tools.javac.util=ALL-UNNAMED --add-opens=java.base/java.util=ALL-UNNAMED --add-opens=java.prefs/java.util.prefs=ALL-UNNAMED --add-opens=java.base/java.nio.charset=ALL-UNNAMED --add-opens=java.base/java.net=ALL-UNNAMED --add-opens=java.base/java.util.concurrent.atomic=ALL-UNNAMED --add-opens=java.xml/javax.xml.namespace=ALL-UNNAMED -XX:MaxMetaspaceSize=384m -XX:+HeapDumpOnOutOfMemoryError -Xms256m -Xmx512m -Dfile.encoding=windows-1252 -Duser.country=PE -Duser.language=es -Duser.variant -javaagent:C:\Users\ASUS\.gradle\wrapper\dists\gradle-8.14.3-bin\cv11ve7ro1n3o1j4so8xd9n66\gradle-8.14.3\lib\agents\gradle-instrumentation-agent-8.14.3.jar org.gradle.launcher.daemon.bootstrap.GradleDaemon 8.14.3

Host: Intel(R) Core(TM) i5-8300H CPU @ 2.30GHz, 8 cores, 31G,  Windows 11 , 64 bit Build 26100 (10.0.26100.7019)
Time: Wed Nov 19 18:50:37 2025 Hora est. Pacífico, Sudamérica elapsed time: 69.498018 seconds (0d 0h 1m 9s)

---------------  T H R E A D  ---------------

Current thread (0x0000023f7a03f8a0):  JavaThread "C2 CompilerThread0" daemon [_thread_in_native, id=21732, stack(0x0000007170900000,0x0000007170a00000)]


Current CompileTask:
C2:  69498 5119       4       org.gradle.internal.service.DefaultServiceRegistry$ClassInspector$ClassDetails::collectTypes (63 bytes)

Stack: [0x0000007170900000,0x0000007170a00000]
Native frames: (J=compiled Java code, j=interpreted, Vv=VM code, C=native code)
V  [jvm.dll+0x67f4f9]
V  [jvm.dll+0x836eaa]
V  [jvm.dll+0x83896e]
V  [jvm.dll+0x838fd3]
V  [jvm.dll+0x247f6f]
V  [jvm.dll+0xac9d4]
V  [jvm.dll+0xad01c]
V  [jvm.dll+0x367042]
V  [jvm.dll+0x33156a]
V  [jvm.dll+0x330a0a]
V  [jvm.dll+0x21a501]
V  [jvm.dll+0x219941]
V  [jvm.dll+0x1a57bd]
V  [jvm.dll+0x22966d]
V  [jvm.dll+0x22781c]
V  [jvm.dll+0x7ebec7]
V  [jvm.dll+0x7e62ac]
V  [jvm.dll+0x67e3c7]
C  [ucrtbase.dll+0x37b0]
C  [KERNEL32.DLL+0x2e8d7]
C  [ntdll.dll+0x8c53c]


---------------  P R O C E S S  ---------------

Threads class SMR info:
_java_thread_list=0x0000023f7a448bb0, length=41, elements={
0x0000023f6dcd5f80, 0x0000023f7a0281a0, 0x0000023f7a0297e0, 0x0000023f7a039110,
0x0000023f7a03baf0, 0x0000023f7a03e3d0, 0x0000023f7a03eca0, 0x0000023f7a03f8a0,
0x0000023f7a043ae0, 0x0000023f7a046f70, 0x0000023f7a00ddd0, 0x0000023f7a33e140,
0x0000023f7fe68a70, 0x0000023f7f317e40, 0x0000023f7f15d140, 0x0000023f7ffa3050,
0x0000023f7fd12370, 0x0000023f7a353ed0, 0x0000023f7a352580, 0x0000023f7a3539c0,
0x0000023f7a3534b0, 0x0000023f7a354e00, 0x0000023f7a355310, 0x0000023f7a3548f0,
0x0000023f7a355820, 0x0000023f7a352070, 0x0000023f7a352a90, 0x0000023f7a352fa0,
0x0000023f25a3ca80, 0x0000023f25a3cf90, 0x0000023f25a3dec0, 0x0000023f25a3e3d0,
0x0000023f25a3edf0, 0x0000023f25a3f810, 0x0000023f25a41160, 0x0000023f25a42fc0,
0x0000023f25a40230, 0x0000023f25a40740, 0x0000023f25a434d0, 0x0000023f25a40c50,
0x0000023f25a41670
}

Java Threads: ( => current thread )
  0x0000023f6dcd5f80 JavaThread "main" [_thread_blocked, id=28168, stack(0x000000716fc00000,0x000000716fd00000)]
  0x0000023f7a0281a0 JavaThread "Reference Handler" daemon [_thread_blocked, id=24584, stack(0x0000007170300000,0x0000007170400000)]
  0x0000023f7a0297e0 JavaThread "Finalizer" daemon [_thread_blocked, id=24760, stack(0x0000007170400000,0x0000007170500000)]
  0x0000023f7a039110 JavaThread "Signal Dispatcher" daemon [_thread_blocked, id=7940, stack(0x0000007170500000,0x0000007170600000)]
  0x0000023f7a03baf0 JavaThread "Attach Listener" daemon [_thread_blocked, id=7392, stack(0x0000007170600000,0x0000007170700000)]
  0x0000023f7a03e3d0 JavaThread "Service Thread" daemon [_thread_blocked, id=37704, stack(0x0000007170700000,0x0000007170800000)]
  0x0000023f7a03eca0 JavaThread "Monitor Deflation Thread" daemon [_thread_blocked, id=34088, stack(0x0000007170800000,0x0000007170900000)]
=>0x0000023f7a03f8a0 JavaThread "C2 CompilerThread0" daemon [_thread_in_native, id=21732, stack(0x0000007170900000,0x0000007170a00000)]
  0x0000023f7a043ae0 JavaThread "C1 CompilerThread0" daemon [_thread_blocked, id=20172, stack(0x0000007170a00000,0x0000007170b00000)]
  0x0000023f7a046f70 JavaThread "Sweeper thread" daemon [_thread_blocked, id=10892, stack(0x0000007170b00000,0x0000007170c00000)]
  0x0000023f7a00ddd0 JavaThread "Common-Cleaner" daemon [_thread_blocked, id=34452, stack(0x0000007170c00000,0x0000007170d00000)]
  0x0000023f7a33e140 JavaThread "Notification Thread" daemon [_thread_blocked, id=9308, stack(0x0000007170d00000,0x0000007170e00000)]
  0x0000023f7fe68a70 JavaThread "Daemon health stats" [_thread_blocked, id=30688, stack(0x0000007170f00000,0x0000007171000000)]
  0x0000023f7f317e40 JavaThread "Incoming local TCP Connector on port 53659" [_thread_in_native, id=5452, stack(0x0000007171000000,0x0000007171100000)]
  0x0000023f7f15d140 JavaThread "Daemon periodic checks" [_thread_blocked, id=23208, stack(0x0000007171600000,0x0000007171700000)]
  0x0000023f7ffa3050 JavaThread "Daemon" [_thread_blocked, id=2612, stack(0x0000007171700000,0x0000007171800000)]
  0x0000023f7fd12370 JavaThread "Handler for socket connection from /127.0.0.1:53659 to /127.0.0.1:53663" [_thread_in_native, id=13224, stack(0x0000007171800000,0x0000007171900000)]
  0x0000023f7a353ed0 JavaThread "Cancel handler" [_thread_blocked, id=26404, stack(0x0000007171900000,0x0000007171a00000)]
  0x0000023f7a352580 JavaThread "Daemon worker" [_thread_in_vm, id=2548, stack(0x0000007171a00000,0x0000007171b00000)]
  0x0000023f7a3539c0 JavaThread "Asynchronous log dispatcher for DefaultDaemonConnection: socket connection from /127.0.0.1:53659 to /127.0.0.1:53663" [_thread_blocked, id=16408, stack(0x0000007171b00000,0x0000007171c00000)]
  0x0000023f7a3534b0 JavaThread "Stdin handler" [_thread_blocked, id=24764, stack(0x0000007171c00000,0x0000007171d00000)]
  0x0000023f7a354e00 JavaThread "Daemon client event forwarder" [_thread_blocked, id=21188, stack(0x0000007171d00000,0x0000007171e00000)]
  0x0000023f7a355310 JavaThread "Cache worker for journal cache (C:\Users\ASUS\.gradle\caches\journal-1)" [_thread_blocked, id=32884, stack(0x0000007171e00000,0x0000007171f00000)]
  0x0000023f7a3548f0 JavaThread "File lock request listener" [_thread_in_native, id=1156, stack(0x0000007171f00000,0x0000007172000000)]
  0x0000023f7a355820 JavaThread "File lock release action executor" [_thread_blocked, id=7112, stack(0x0000007172000000,0x0000007172100000)]
  0x0000023f7a352070 JavaThread "Cache worker for file hash cache (C:\Users\ASUS\.gradle\caches\8.14.3\fileHashes)" [_thread_blocked, id=22652, stack(0x0000007172100000,0x0000007172200000)]
  0x0000023f7a352a90 JavaThread "Cache worker for file hash cache (D:\scotiabank\challengue\.gradle\8.14.3\fileHashes)" [_thread_blocked, id=9328, stack(0x000000716f900000,0x000000716fa00000)]
  0x0000023f7a352fa0 JavaThread "Cache worker for Build Output Cleanup Cache (D:\scotiabank\challengue\.gradle\buildOutputCleanup)" [_thread_blocked, id=23164, stack(0x0000007172200000,0x0000007172300000)]
  0x0000023f25a3ca80 JavaThread "File watcher server" daemon [_thread_in_native, id=33376, stack(0x0000007172800000,0x0000007172900000)]
  0x0000023f25a3cf90 JavaThread "File watcher consumer" daemon [_thread_blocked, id=15736, stack(0x0000007172900000,0x0000007172a00000)]
  0x0000023f25a3dec0 JavaThread "jar transforms" [_thread_blocked, id=13784, stack(0x0000007172600000,0x0000007172700000)]
  0x0000023f25a3e3d0 JavaThread "jar transforms Thread 2" [_thread_blocked, id=33860, stack(0x0000007172700000,0x0000007172800000)]
  0x0000023f25a3edf0 JavaThread "Cache worker for checksums cache (D:\scotiabank\challengue\.gradle\8.14.3\checksums)" [_thread_blocked, id=22312, stack(0x0000007172c00000,0x0000007172d00000)]
  0x0000023f25a3f810 JavaThread "Cache worker for file content cache (C:\Users\ASUS\.gradle\caches\8.14.3\fileContent)" [_thread_blocked, id=28992, stack(0x0000007172d00000,0x0000007172e00000)]
  0x0000023f25a41160 JavaThread "jar transforms Thread 3" [_thread_blocked, id=8396, stack(0x0000007172e00000,0x0000007172f00000)]
  0x0000023f25a42fc0 JavaThread "jar transforms Thread 4" [_thread_blocked, id=21100, stack(0x0000007172f00000,0x0000007173000000)]
  0x0000023f25a40230 JavaThread "jar transforms Thread 5" [_thread_blocked, id=6400, stack(0x0000007173000000,0x0000007173100000)]
  0x0000023f25a40740 JavaThread "jar transforms Thread 6" [_thread_blocked, id=32528, stack(0x000000716fa00000,0x000000716fb00000)]
  0x0000023f25a434d0 JavaThread "Cache worker for cache directory md-supplier (C:\Users\ASUS\.gradle\caches\8.14.3\md-supplier)" [_thread_blocked, id=30892, stack(0x000000716fb00000,0x000000716fc00000)]
  0x0000023f25a40c50 JavaThread "Cache worker for cache directory md-rule (C:\Users\ASUS\.gradle\caches\8.14.3\md-rule)" [_thread_blocked, id=37876, stack(0x0000007173100000,0x0000007173200000)]
  0x0000023f25a41670 JavaThread "jar transforms Thread 7" [_thread_blocked, id=23256, stack(0x0000007173200000,0x0000007173300000)]

Other Threads:
  0x0000023f7a021920 VMThread "VM Thread" [stack: 0x0000007170200000,0x0000007170300000] [id=24052]
  0x0000023f7a31d500 WatcherThread [stack: 0x0000007170e00000,0x0000007170f00000] [id=25216]
  0x0000023f6dd05510 GCTaskThread "GC Thread#0" [stack: 0x000000716fd00000,0x000000716fe00000] [id=37880]
  0x0000023f7a3ffb70 GCTaskThread "GC Thread#1" [stack: 0x0000007171100000,0x0000007171200000] [id=33872]
  0x0000023f7a5ee420 GCTaskThread "GC Thread#2" [stack: 0x0000007171200000,0x0000007171300000] [id=34840]
  0x0000023f7a5ee6e0 GCTaskThread "GC Thread#3" [stack: 0x0000007171300000,0x0000007171400000] [id=27404]
  0x0000023f7a5ee9a0 GCTaskThread "GC Thread#4" [stack: 0x0000007171400000,0x0000007171500000] [id=25008]
  0x0000023f7a4f1010 GCTaskThread "GC Thread#5" [stack: 0x0000007171500000,0x0000007171600000] [id=18268]
  0x0000023f2570a330 GCTaskThread "GC Thread#6" [stack: 0x0000007172300000,0x0000007172400000] [id=28428]
  0x0000023f2570ab70 GCTaskThread "GC Thread#7" [stack: 0x0000007172400000,0x0000007172500000] [id=19512]
  0x0000023f6dd0b380 ConcurrentGCThread "G1 Main Marker" [stack: 0x000000716fe00000,0x000000716ff00000] [id=20176]
  0x0000023f6dd0c980 ConcurrentGCThread "G1 Conc#0" [stack: 0x000000716ff00000,0x0000007170000000] [id=22952]
  0x0000023f2570bbf0 ConcurrentGCThread "G1 Conc#1" [stack: 0x0000007172500000,0x0000007172600000] [id=17428]
  0x0000023f6dd8df00 ConcurrentGCThread "G1 Refine#0" [stack: 0x0000007170000000,0x0000007170100000] [id=26196]
  0x0000023f6dd8e840 ConcurrentGCThread "G1 Service" [stack: 0x0000007170100000,0x0000007170200000] [id=32396]

Threads with active compile tasks:
C2 CompilerThread0    69540 5119       4       org.gradle.internal.service.DefaultServiceRegistry$ClassInspector$ClassDetails::collectTypes (63 bytes)

VM state: not at safepoint (normal execution)

VM Mutex/Monitor currently owned by a thread: None

Heap address: 0x00000000e0000000, size: 512 MB, Compressed Oops mode: 32-bit

CDS archive(s) mapped at: [0x0000023f0f000000-0x0000023f0fbb0000-0x0000023f0fbb0000), size 12255232, SharedBaseAddress: 0x0000023f0f000000, ArchiveRelocationMode: 1.
Compressed class space mapped at: 0x0000023f10000000-0x0000023f24000000, reserved size: 335544320
Narrow klass base: 0x0000023f0f000000, Narrow klass shift: 0, Narrow klass range: 0x100000000

GC Precious Log:
 CPUs: 8 total, 8 available
 Memory: 32623M
 Large Page Support: Disabled
 NUMA Support: Disabled
 Compressed Oops: Enabled (32-bit)
 Heap Region Size: 1M
 Heap Min Capacity: 256M
 Heap Initial Capacity: 256M
 Heap Max Capacity: 512M
 Pre-touch: Disabled
 Parallel Workers: 8
 Concurrent Workers: 2
 Concurrent Refinement Workers: 8
 Periodic GC: Disabled

Heap:
 garbage-first heap   total 262144K, used 112700K [0x00000000e0000000, 0x0000000100000000)
  region size 1024K, 80 young (81920K), 1 survivors (1024K)
 Metaspace       used 44830K, committed 45312K, reserved 393216K
  class space    used 6272K, committed 6464K, reserved 327680K

Heap Regions: E=young(eden), S=young(survivor), O=old, HS=humongous(starts), HC=humongous(continues), CS=collection set, F=free, OA=open archive, CA=closed archive, TAMS=top-at-mark-start (previous, next)
|   0|0x00000000e0000000, 0x00000000e0100000, 0x00000000e0100000|100%|HS|  |TAMS 0x00000000e0100000, 0x00000000e0000000| Complete 
|   1|0x00000000e0100000, 0x00000000e0200000, 0x00000000e0200000|100%|HC|  |TAMS 0x00000000e0200000, 0x00000000e0100000| Complete 
|   2|0x00000000e0200000, 0x00000000e0300000, 0x00000000e0300000|100%|HC|  |TAMS 0x00000000e0300000, 0x00000000e0200000| Complete 
|   3|0x00000000e0300000, 0x00000000e0400000, 0x00000000e0400000|100%|HS|  |TAMS 0x00000000e0300000, 0x00000000e0300000| Complete 
|   4|0x00000000e0400000, 0x00000000e0500000, 0x00000000e0500000|100%| O|  |TAMS 0x00000000e0500000, 0x00000000e0400000| Untracked 
|   5|0x00000000e0500000, 0x00000000e0600000, 0x00000000e0600000|100%| O|  |TAMS 0x00000000e0600000, 0x00000000e0500000| Untracked 
|   6|0x00000000e0600000, 0x00000000e0700000, 0x00000000e0700000|100%|HS|  |TAMS 0x00000000e0700000, 0x00000000e0600000| Complete 
|   7|0x00000000e0700000, 0x00000000e0800000, 0x00000000e0800000|100%| O|  |TAMS 0x00000000e0800000, 0x00000000e0700000| Untracked 
|   8|0x00000000e0800000, 0x00000000e0900000, 0x00000000e0900000|100%| O|  |TAMS 0x00000000e0900000, 0x00000000e0800000| Untracked 
|   9|0x00000000e0900000, 0x00000000e0a00000, 0x00000000e0a00000|100%| O|  |TAMS 0x00000000e0a00000, 0x00000000e0900000| Untracked 
|  10|0x00000000e0a00000, 0x00000000e0b00000, 0x00000000e0b00000|100%| O|  |TAMS 0x00000000e0b00000, 0x00000000e0a00000| Untracked 
|  11|0x00000000e0b00000, 0x00000000e0c00000, 0x00000000e0c00000|100%| O|  |TAMS 0x00000000e0c00000, 0x00000000e0b00000| Untracked 
|  12|0x00000000e0c00000, 0x00000000e0d00000, 0x00000000e0d00000|100%| O|  |TAMS 0x00000000e0d00000, 0x00000000e0c00000| Untracked 
|  13|0x00000000e0d00000, 0x00000000e0e00000, 0x00000000e0e00000|100%| O|  |TAMS 0x00000000e0e00000, 0x00000000e0d00000| Untracked 
|  14|0x00000000e0e00000, 0x00000000e0f00000, 0x00000000e0f00000|100%| O|  |TAMS 0x00000000e0f00000, 0x00000000e0e00000| Untracked 
|  15|0x00000000e0f00000, 0x00000000e1000000, 0x00000000e1000000|100%| O|  |TAMS 0x00000000e1000000, 0x00000000e0f00000| Untracked 
|  16|0x00000000e1000000, 0x00000000e1100000, 0x00000000e1100000|100%| O|  |TAMS 0x00000000e1100000, 0x00000000e1000000| Untracked 
|  17|0x00000000e1100000, 0x00000000e1200000, 0x00000000e1200000|100%| O|  |TAMS 0x00000000e1200000, 0x00000000e1100000| Untracked 
|  18|0x00000000e1200000, 0x00000000e1300000, 0x00000000e1300000|100%| O|  |TAMS 0x00000000e1300000, 0x00000000e1200000| Complete 
|  19|0x00000000e1300000, 0x00000000e1400000, 0x00000000e1400000|100%| O|  |TAMS 0x00000000e1400000, 0x00000000e1300000| Untracked 
|  20|0x00000000e1400000, 0x00000000e1500000, 0x00000000e1500000|100%| O|  |TAMS 0x00000000e1500000, 0x00000000e1400000| Untracked 
|  21|0x00000000e1500000, 0x00000000e1600000, 0x00000000e1600000|100%| O|  |TAMS 0x00000000e1600000, 0x00000000e1500000| Untracked 
|  22|0x00000000e1600000, 0x00000000e1700000, 0x00000000e1700000|100%| O|  |TAMS 0x00000000e1700000, 0x00000000e1600000| Untracked 
|  23|0x00000000e1700000, 0x00000000e1800000, 0x00000000e1800000|100%| O|  |TAMS 0x00000000e1800000, 0x00000000e1700000| Untracked 
|  24|0x00000000e1800000, 0x00000000e1900000, 0x00000000e1900000|100%| O|  |TAMS 0x00000000e1900000, 0x00000000e1800000| Untracked 
|  25|0x00000000e1900000, 0x00000000e1a00000, 0x00000000e1a00000|100%| O|  |TAMS 0x00000000e1a00000, 0x00000000e1900000| Untracked 
|  26|0x00000000e1a00000, 0x00000000e1b00000, 0x00000000e1b00000|100%| O|  |TAMS 0x00000000e1b00000, 0x00000000e1a00000| Untracked 
|  27|0x00000000e1b00000, 0x00000000e1c00000, 0x00000000e1c00000|100%| O|  |TAMS 0x00000000e1c00000, 0x00000000e1b00000| Untracked 
|  28|0x00000000e1c00000, 0x00000000e1d00000, 0x00000000e1d00000|100%| O|  |TAMS 0x00000000e1d00000, 0x00000000e1c00000| Untracked 
|  29|0x00000000e1d00000, 0x00000000e1e00000, 0x00000000e1e00000|100%| O|  |TAMS 0x00000000e1e00000, 0x00000000e1d00000| Untracked 
|  30|0x00000000e1e00000, 0x00000000e1f00000, 0x00000000e1f00000|100%| O|  |TAMS 0x00000000e1f00000, 0x00000000e1e00000| Untracked 
|  31|0x00000000e1f00000, 0x00000000e1f80c00, 0x00000000e2000000| 50%| O|  |TAMS 0x00000000e1f80c00, 0x00000000e1f00000| Untracked 
|  32|0x00000000e2000000, 0x00000000e2100000, 0x00000000e2100000|100%|HS|  |TAMS 0x00000000e2000000, 0x00000000e2000000| Complete 
|  33|0x00000000e2100000, 0x00000000e2100000, 0x00000000e2200000|  0%| F|  |TAMS 0x00000000e2100000, 0x00000000e2100000| Untracked 
|  34|0x00000000e2200000, 0x00000000e2200000, 0x00000000e2300000|  0%| F|  |TAMS 0x00000000e2200000, 0x00000000e2200000| Untracked 
|  35|0x00000000e2300000, 0x00000000e2300000, 0x00000000e2400000|  0%| F|  |TAMS 0x00000000e2300000, 0x00000000e2300000| Untracked 
|  36|0x00000000e2400000, 0x00000000e2400000, 0x00000000e2500000|  0%| F|  |TAMS 0x00000000e2400000, 0x00000000e2400000| Untracked 
|  37|0x00000000e2500000, 0x00000000e2500000, 0x00000000e2600000|  0%| F|  |TAMS 0x00000000e2500000, 0x00000000e2500000| Untracked 
|  38|0x00000000e2600000, 0x00000000e2600000, 0x00000000e2700000|  0%| F|  |TAMS 0x00000000e2600000, 0x00000000e2600000| Untracked 
|  39|0x00000000e2700000, 0x00000000e2700000, 0x00000000e2800000|  0%| F|  |TAMS 0x00000000e2700000, 0x00000000e2700000| Untracked 
|  40|0x00000000e2800000, 0x00000000e2800000, 0x00000000e2900000|  0%| F|  |TAMS 0x00000000e2800000, 0x00000000e2800000| Untracked 
|  41|0x00000000e2900000, 0x00000000e2900000, 0x00000000e2a00000|  0%| F|  |TAMS 0x00000000e2900000, 0x00000000e2900000| Untracked 
|  42|0x00000000e2a00000, 0x00000000e2a00000, 0x00000000e2b00000|  0%| F|  |TAMS 0x00000000e2a00000, 0x00000000e2a00000| Untracked 
|  43|0x00000000e2b00000, 0x00000000e2b00000, 0x00000000e2c00000|  0%| F|  |TAMS 0x00000000e2b00000, 0x00000000e2b00000| Untracked 
|  44|0x00000000e2c00000, 0x00000000e2c00000, 0x00000000e2d00000|  0%| F|  |TAMS 0x00000000e2c00000, 0x00000000e2c00000| Untracked 
|  45|0x00000000e2d00000, 0x00000000e2d00000, 0x00000000e2e00000|  0%| F|  |TAMS 0x00000000e2d00000, 0x00000000e2d00000| Untracked 
|  46|0x00000000e2e00000, 0x00000000e2e00000, 0x00000000e2f00000|  0%| F|  |TAMS 0x00000000e2e00000, 0x00000000e2e00000| Untracked 
|  47|0x00000000e2f00000, 0x00000000e2f00000, 0x00000000e3000000|  0%| F|  |TAMS 0x00000000e2f00000, 0x00000000e2f00000| Untracked 
|  48|0x00000000e3000000, 0x00000000e3000000, 0x00000000e3100000|  0%| F|  |TAMS 0x00000000e3000000, 0x00000000e3000000| Untracked 
|  49|0x00000000e3100000, 0x00000000e3100000, 0x00000000e3200000|  0%| F|  |TAMS 0x00000000e3100000, 0x00000000e3100000| Untracked 
|  50|0x00000000e3200000, 0x00000000e3200000, 0x00000000e3300000|  0%| F|  |TAMS 0x00000000e3200000, 0x00000000e3200000| Untracked 
|  51|0x00000000e3300000, 0x00000000e3300000, 0x00000000e3400000|  0%| F|  |TAMS 0x00000000e3300000, 0x00000000e3300000| Untracked 
|  52|0x00000000e3400000, 0x00000000e3400000, 0x00000000e3500000|  0%| F|  |TAMS 0x00000000e3400000, 0x00000000e3400000| Untracked 
|  53|0x00000000e3500000, 0x00000000e3500000, 0x00000000e3600000|  0%| F|  |TAMS 0x00000000e3500000, 0x00000000e3500000| Untracked 
|  54|0x00000000e3600000, 0x00000000e3600000, 0x00000000e3700000|  0%| F|  |TAMS 0x00000000e3600000, 0x00000000e3600000| Untracked 
|  55|0x00000000e3700000, 0x00000000e3700000, 0x00000000e3800000|  0%| F|  |TAMS 0x00000000e3700000, 0x00000000e3700000| Untracked 
|  56|0x00000000e3800000, 0x00000000e3800000, 0x00000000e3900000|  0%| F|  |TAMS 0x00000000e3800000, 0x00000000e3800000| Untracked 
|  57|0x00000000e3900000, 0x00000000e3900000, 0x00000000e3a00000|  0%| F|  |TAMS 0x00000000e3900000, 0x00000000e3900000| Untracked 
|  58|0x00000000e3a00000, 0x00000000e3a00000, 0x00000000e3b00000|  0%| F|  |TAMS 0x00000000e3a00000, 0x00000000e3a00000| Untracked 
|  59|0x00000000e3b00000, 0x00000000e3b00000, 0x00000000e3c00000|  0%| F|  |TAMS 0x00000000e3b00000, 0x00000000e3b00000| Untracked 
|  60|0x00000000e3c00000, 0x00000000e3c00000, 0x00000000e3d00000|  0%| F|  |TAMS 0x00000000e3c00000, 0x00000000e3c00000| Untracked 
|  61|0x00000000e3d00000, 0x00000000e3d00000, 0x00000000e3e00000|  0%| F|  |TAMS 0x00000000e3d00000, 0x00000000e3d00000| Untracked 
|  62|0x00000000e3e00000, 0x00000000e3e00000, 0x00000000e3f00000|  0%| F|  |TAMS 0x00000000e3e00000, 0x00000000e3e00000| Untracked 
|  63|0x00000000e3f00000, 0x00000000e3f00000, 0x00000000e4000000|  0%| F|  |TAMS 0x00000000e3f00000, 0x00000000e3f00000| Untracked 
|  64|0x00000000e4000000, 0x00000000e4000000, 0x00000000e4100000|  0%| F|  |TAMS 0x00000000e4000000, 0x00000000e4000000| Untracked 
|  65|0x00000000e4100000, 0x00000000e4100000, 0x00000000e4200000|  0%| F|  |TAMS 0x00000000e4100000, 0x00000000e4100000| Untracked 
|  66|0x00000000e4200000, 0x00000000e4200000, 0x00000000e4300000|  0%| F|  |TAMS 0x00000000e4200000, 0x00000000e4200000| Untracked 
|  67|0x00000000e4300000, 0x00000000e4300000, 0x00000000e4400000|  0%| F|  |TAMS 0x00000000e4300000, 0x00000000e4300000| Untracked 
|  68|0x00000000e4400000, 0x00000000e4400000, 0x00000000e4500000|  0%| F|  |TAMS 0x00000000e4400000, 0x00000000e4400000| Untracked 
|  69|0x00000000e4500000, 0x00000000e4500000, 0x00000000e4600000|  0%| F|  |TAMS 0x00000000e4500000, 0x00000000e4500000| Untracked 
|  70|0x00000000e4600000, 0x00000000e4600000, 0x00000000e4700000|  0%| F|  |TAMS 0x00000000e4600000, 0x00000000e4600000| Untracked 
|  71|0x00000000e4700000, 0x00000000e4700000, 0x00000000e4800000|  0%| F|  |TAMS 0x00000000e4700000, 0x00000000e4700000| Untracked 
|  72|0x00000000e4800000, 0x00000000e4800000, 0x00000000e4900000|  0%| F|  |TAMS 0x00000000e4800000, 0x00000000e4800000| Untracked 
|  73|0x00000000e4900000, 0x00000000e4900000, 0x00000000e4a00000|  0%| F|  |TAMS 0x00000000e4900000, 0x00000000e4900000| Untracked 
|  74|0x00000000e4a00000, 0x00000000e4a00000, 0x00000000e4b00000|  0%| F|  |TAMS 0x00000000e4a00000, 0x00000000e4a00000| Untracked 
|  75|0x00000000e4b00000, 0x00000000e4b00000, 0x00000000e4c00000|  0%| F|  |TAMS 0x00000000e4b00000, 0x00000000e4b00000| Untracked 
|  76|0x00000000e4c00000, 0x00000000e4c00000, 0x00000000e4d00000|  0%| F|  |TAMS 0x00000000e4c00000, 0x00000000e4c00000| Untracked 
|  77|0x00000000e4d00000, 0x00000000e4d00000, 0x00000000e4e00000|  0%| F|  |TAMS 0x00000000e4d00000, 0x00000000e4d00000| Untracked 
|  78|0x00000000e4e00000, 0x00000000e4e00000, 0x00000000e4f00000|  0%| F|  |TAMS 0x00000000e4e00000, 0x00000000e4e00000| Untracked 
|  79|0x00000000e4f00000, 0x00000000e4f00000, 0x00000000e5000000|  0%| F|  |TAMS 0x00000000e4f00000, 0x00000000e4f00000| Untracked 
|  80|0x00000000e5000000, 0x00000000e5000000, 0x00000000e5100000|  0%| F|  |TAMS 0x00000000e5000000, 0x00000000e5000000| Untracked 
|  81|0x00000000e5100000, 0x00000000e5100000, 0x00000000e5200000|  0%| F|  |TAMS 0x00000000e5100000, 0x00000000e5100000| Untracked 
|  82|0x00000000e5200000, 0x00000000e5200000, 0x00000000e5300000|  0%| F|  |TAMS 0x00000000e5200000, 0x00000000e5200000| Untracked 
|  83|0x00000000e5300000, 0x00000000e5300000, 0x00000000e5400000|  0%| F|  |TAMS 0x00000000e5300000, 0x00000000e5300000| Untracked 
|  84|0x00000000e5400000, 0x00000000e5400000, 0x00000000e5500000|  0%| F|  |TAMS 0x00000000e5400000, 0x00000000e5400000| Untracked 
|  85|0x00000000e5500000, 0x00000000e5500000, 0x00000000e5600000|  0%| F|  |TAMS 0x00000000e5500000, 0x00000000e5500000| Untracked 
|  86|0x00000000e5600000, 0x00000000e5600000, 0x00000000e5700000|  0%| F|  |TAMS 0x00000000e5600000, 0x00000000e5600000| Untracked 
|  87|0x00000000e5700000, 0x00000000e5700000, 0x00000000e5800000|  0%| F|  |TAMS 0x00000000e5700000, 0x00000000e5700000| Untracked 
|  88|0x00000000e5800000, 0x00000000e5800000, 0x00000000e5900000|  0%| F|  |TAMS 0x00000000e5800000, 0x00000000e5800000| Untracked 
|  89|0x00000000e5900000, 0x00000000e5900000, 0x00000000e5a00000|  0%| F|  |TAMS 0x00000000e5900000, 0x00000000e5900000| Untracked 
|  90|0x00000000e5a00000, 0x00000000e5a00000, 0x00000000e5b00000|  0%| F|  |TAMS 0x00000000e5a00000, 0x00000000e5a00000| Untracked 
|  91|0x00000000e5b00000, 0x00000000e5b00000, 0x00000000e5c00000|  0%| F|  |TAMS 0x00000000e5b00000, 0x00000000e5b00000| Untracked 
|  92|0x00000000e5c00000, 0x00000000e5c00000, 0x00000000e5d00000|  0%| F|  |TAMS 0x00000000e5c00000, 0x00000000e5c00000| Untracked 
|  93|0x00000000e5d00000, 0x00000000e5d00000, 0x00000000e5e00000|  0%| F|  |TAMS 0x00000000e5d00000, 0x00000000e5d00000| Untracked 
|  94|0x00000000e5e00000, 0x00000000e5e00000, 0x00000000e5f00000|  0%| F|  |TAMS 0x00000000e5e00000, 0x00000000e5e00000| Untracked 
|  95|0x00000000e5f00000, 0x00000000e5f00000, 0x00000000e6000000|  0%| F|  |TAMS 0x00000000e5f00000, 0x00000000e5f00000| Untracked 
|  96|0x00000000e6000000, 0x00000000e6000000, 0x00000000e6100000|  0%| F|  |TAMS 0x00000000e6000000, 0x00000000e6000000| Untracked 
|  97|0x00000000e6100000, 0x00000000e6100000, 0x00000000e6200000|  0%| F|  |TAMS 0x00000000e6100000, 0x00000000e6100000| Untracked 
|  98|0x00000000e6200000, 0x00000000e6200000, 0x00000000e6300000|  0%| F|  |TAMS 0x00000000e6200000, 0x00000000e6200000| Untracked 
|  99|0x00000000e6300000, 0x00000000e6300000, 0x00000000e6400000|  0%| F|  |TAMS 0x00000000e6300000, 0x00000000e6300000| Untracked 
| 100|0x00000000e6400000, 0x00000000e6400000, 0x00000000e6500000|  0%| F|  |TAMS 0x00000000e6400000, 0x00000000e6400000| Untracked 
| 101|0x00000000e6500000, 0x00000000e6500000, 0x00000000e6600000|  0%| F|  |TAMS 0x00000000e6500000, 0x00000000e6500000| Untracked 
| 102|0x00000000e6600000, 0x00000000e6600000, 0x00000000e6700000|  0%| F|  |TAMS 0x00000000e6600000, 0x00000000e6600000| Untracked 
| 103|0x00000000e6700000, 0x00000000e6700000, 0x00000000e6800000|  0%| F|  |TAMS 0x00000000e6700000, 0x00000000e6700000| Untracked 
| 104|0x00000000e6800000, 0x00000000e6800000, 0x00000000e6900000|  0%| F|  |TAMS 0x00000000e6800000, 0x00000000e6800000| Untracked 
| 105|0x00000000e6900000, 0x00000000e6900000, 0x00000000e6a00000|  0%| F|  |TAMS 0x00000000e6900000, 0x00000000e6900000| Untracked 
| 106|0x00000000e6a00000, 0x00000000e6a00000, 0x00000000e6b00000|  0%| F|  |TAMS 0x00000000e6a00000, 0x00000000e6a00000| Untracked 
| 107|0x00000000e6b00000, 0x00000000e6b00000, 0x00000000e6c00000|  0%| F|  |TAMS 0x00000000e6b00000, 0x00000000e6b00000| Untracked 
| 108|0x00000000e6c00000, 0x00000000e6c00000, 0x00000000e6d00000|  0%| F|  |TAMS 0x00000000e6c00000, 0x00000000e6c00000| Untracked 
| 109|0x00000000e6d00000, 0x00000000e6d00000, 0x00000000e6e00000|  0%| F|  |TAMS 0x00000000e6d00000, 0x00000000e6d00000| Untracked 
| 110|0x00000000e6e00000, 0x00000000e6e00000, 0x00000000e6f00000|  0%| F|  |TAMS 0x00000000e6e00000, 0x00000000e6e00000| Untracked 
| 111|0x00000000e6f00000, 0x00000000e6f00000, 0x00000000e7000000|  0%| F|  |TAMS 0x00000000e6f00000, 0x00000000e6f00000| Untracked 
| 112|0x00000000e7000000, 0x00000000e7000000, 0x00000000e7100000|  0%| F|  |TAMS 0x00000000e7000000, 0x00000000e7000000| Untracked 
| 113|0x00000000e7100000, 0x00000000e7100000, 0x00000000e7200000|  0%| F|  |TAMS 0x00000000e7100000, 0x00000000e7100000| Untracked 
| 114|0x00000000e7200000, 0x00000000e7200000, 0x00000000e7300000|  0%| F|  |TAMS 0x00000000e7200000, 0x00000000e7200000| Untracked 
| 115|0x00000000e7300000, 0x00000000e7300000, 0x00000000e7400000|  0%| F|  |TAMS 0x00000000e7300000, 0x00000000e7300000| Untracked 
| 116|0x00000000e7400000, 0x00000000e7400000, 0x00000000e7500000|  0%| F|  |TAMS 0x00000000e7400000, 0x00000000e7400000| Untracked 
| 117|0x00000000e7500000, 0x00000000e7500000, 0x00000000e7600000|  0%| F|  |TAMS 0x00000000e7500000, 0x00000000e7500000| Untracked 
| 118|0x00000000e7600000, 0x00000000e7600000, 0x00000000e7700000|  0%| F|  |TAMS 0x00000000e7600000, 0x00000000e7600000| Untracked 
| 119|0x00000000e7700000, 0x00000000e7700000, 0x00000000e7800000|  0%| F|  |TAMS 0x00000000e7700000, 0x00000000e7700000| Untracked 
| 120|0x00000000e7800000, 0x00000000e7800000, 0x00000000e7900000|  0%| F|  |TAMS 0x00000000e7800000, 0x00000000e7800000| Untracked 
| 121|0x00000000e7900000, 0x00000000e7900000, 0x00000000e7a00000|  0%| F|  |TAMS 0x00000000e7900000, 0x00000000e7900000| Untracked 
| 122|0x00000000e7a00000, 0x00000000e7a00000, 0x00000000e7b00000|  0%| F|  |TAMS 0x00000000e7a00000, 0x00000000e7a00000| Untracked 
| 123|0x00000000e7b00000, 0x00000000e7b00000, 0x00000000e7c00000|  0%| F|  |TAMS 0x00000000e7b00000, 0x00000000e7b00000| Untracked 
| 124|0x00000000e7c00000, 0x00000000e7c00000, 0x00000000e7d00000|  0%| F|  |TAMS 0x00000000e7c00000, 0x00000000e7c00000| Untracked 
| 125|0x00000000e7d00000, 0x00000000e7d00000, 0x00000000e7e00000|  0%| F|  |TAMS 0x00000000e7d00000, 0x00000000e7d00000| Untracked 
| 126|0x00000000e7e00000, 0x00000000e7e00000, 0x00000000e7f00000|  0%| F|  |TAMS 0x00000000e7e00000, 0x00000000e7e00000| Untracked 
| 127|0x00000000e7f00000, 0x00000000e7f00000, 0x00000000e8000000|  0%| F|  |TAMS 0x00000000e7f00000, 0x00000000e7f00000| Untracked 
| 128|0x00000000e8000000, 0x00000000e8000000, 0x00000000e8100000|  0%| F|  |TAMS 0x00000000e8000000, 0x00000000e8000000| Untracked 
| 129|0x00000000e8100000, 0x00000000e8100000, 0x00000000e8200000|  0%| F|  |TAMS 0x00000000e8100000, 0x00000000e8100000| Untracked 
| 130|0x00000000e8200000, 0x00000000e8200000, 0x00000000e8300000|  0%| F|  |TAMS 0x00000000e8200000, 0x00000000e8200000| Untracked 
| 131|0x00000000e8300000, 0x00000000e8300000, 0x00000000e8400000|  0%| F|  |TAMS 0x00000000e8300000, 0x00000000e8300000| Untracked 
| 132|0x00000000e8400000, 0x00000000e8400000, 0x00000000e8500000|  0%| F|  |TAMS 0x00000000e8400000, 0x00000000e8400000| Untracked 
| 133|0x00000000e8500000, 0x00000000e8500000, 0x00000000e8600000|  0%| F|  |TAMS 0x00000000e8500000, 0x00000000e8500000| Untracked 
| 134|0x00000000e8600000, 0x00000000e8600000, 0x00000000e8700000|  0%| F|  |TAMS 0x00000000e8600000, 0x00000000e8600000| Untracked 
| 135|0x00000000e8700000, 0x00000000e8700000, 0x00000000e8800000|  0%| F|  |TAMS 0x00000000e8700000, 0x00000000e8700000| Untracked 
| 136|0x00000000e8800000, 0x00000000e8800000, 0x00000000e8900000|  0%| F|  |TAMS 0x00000000e8800000, 0x00000000e8800000| Untracked 
| 137|0x00000000e8900000, 0x00000000e8900000, 0x00000000e8a00000|  0%| F|  |TAMS 0x00000000e8900000, 0x00000000e8900000| Untracked 
| 138|0x00000000e8a00000, 0x00000000e8a00000, 0x00000000e8b00000|  0%| F|  |TAMS 0x00000000e8a00000, 0x00000000e8a00000| Untracked 
| 139|0x00000000e8b00000, 0x00000000e8b00000, 0x00000000e8c00000|  0%| F|  |TAMS 0x00000000e8b00000, 0x00000000e8b00000| Untracked 
| 140|0x00000000e8c00000, 0x00000000e8c00000, 0x00000000e8d00000|  0%| F|  |TAMS 0x00000000e8c00000, 0x00000000e8c00000| Untracked 
| 141|0x00000000e8d00000, 0x00000000e8d00000, 0x00000000e8e00000|  0%| F|  |TAMS 0x00000000e8d00000, 0x00000000e8d00000| Untracked 
| 142|0x00000000e8e00000, 0x00000000e8e00000, 0x00000000e8f00000|  0%| F|  |TAMS 0x00000000e8e00000, 0x00000000e8e00000| Untracked 
| 143|0x00000000e8f00000, 0x00000000e8f00000, 0x00000000e9000000|  0%| F|  |TAMS 0x00000000e8f00000, 0x00000000e8f00000| Untracked 
| 144|0x00000000e9000000, 0x00000000e9000000, 0x00000000e9100000|  0%| F|  |TAMS 0x00000000e9000000, 0x00000000e9000000| Untracked 
| 145|0x00000000e9100000, 0x00000000e9100000, 0x00000000e9200000|  0%| F|  |TAMS 0x00000000e9100000, 0x00000000e9100000| Untracked 
| 146|0x00000000e9200000, 0x00000000e9200000, 0x00000000e9300000|  0%| F|  |TAMS 0x00000000e9200000, 0x00000000e9200000| Untracked 
| 147|0x00000000e9300000, 0x00000000e9300000, 0x00000000e9400000|  0%| F|  |TAMS 0x00000000e9300000, 0x00000000e9300000| Untracked 
| 148|0x00000000e9400000, 0x00000000e9400000, 0x00000000e9500000|  0%| F|  |TAMS 0x00000000e9400000, 0x00000000e9400000| Untracked 
| 149|0x00000000e9500000, 0x00000000e9500000, 0x00000000e9600000|  0%| F|  |TAMS 0x00000000e9500000, 0x00000000e9500000| Untracked 
| 150|0x00000000e9600000, 0x00000000e9600000, 0x00000000e9700000|  0%| F|  |TAMS 0x00000000e9600000, 0x00000000e9600000| Untracked 
| 151|0x00000000e9700000, 0x00000000e9700000, 0x00000000e9800000|  0%| F|  |TAMS 0x00000000e9700000, 0x00000000e9700000| Untracked 
| 152|0x00000000e9800000, 0x00000000e9800000, 0x00000000e9900000|  0%| F|  |TAMS 0x00000000e9800000, 0x00000000e9800000| Untracked 
| 153|0x00000000e9900000, 0x00000000e9900000, 0x00000000e9a00000|  0%| F|  |TAMS 0x00000000e9900000, 0x00000000e9900000| Untracked 
| 154|0x00000000e9a00000, 0x00000000e9a00000, 0x00000000e9b00000|  0%| F|  |TAMS 0x00000000e9a00000, 0x00000000e9a00000| Untracked 
| 155|0x00000000e9b00000, 0x00000000e9b00000, 0x00000000e9c00000|  0%| F|  |TAMS 0x00000000e9b00000, 0x00000000e9b00000| Untracked 
| 156|0x00000000e9c00000, 0x00000000e9c00000, 0x00000000e9d00000|  0%| F|  |TAMS 0x00000000e9c00000, 0x00000000e9c00000| Untracked 
| 157|0x00000000e9d00000, 0x00000000e9d00000, 0x00000000e9e00000|  0%| F|  |TAMS 0x00000000e9d00000, 0x00000000e9d00000| Untracked 
| 158|0x00000000e9e00000, 0x00000000e9e00000, 0x00000000e9f00000|  0%| F|  |TAMS 0x00000000e9e00000, 0x00000000e9e00000| Untracked 
| 159|0x00000000e9f00000, 0x00000000e9f00000, 0x00000000ea000000|  0%| F|  |TAMS 0x00000000e9f00000, 0x00000000e9f00000| Untracked 
| 160|0x00000000ea000000, 0x00000000ea000000, 0x00000000ea100000|  0%| F|  |TAMS 0x00000000ea000000, 0x00000000ea000000| Untracked 
| 161|0x00000000ea100000, 0x00000000ea100000, 0x00000000ea200000|  0%| F|  |TAMS 0x00000000ea100000, 0x00000000ea100000| Untracked 
| 162|0x00000000ea200000, 0x00000000ea200000, 0x00000000ea300000|  0%| F|  |TAMS 0x00000000ea200000, 0x00000000ea200000| Untracked 
| 163|0x00000000ea300000, 0x00000000ea300000, 0x00000000ea400000|  0%| F|  |TAMS 0x00000000ea300000, 0x00000000ea300000| Untracked 
| 164|0x00000000ea400000, 0x00000000ea400000, 0x00000000ea500000|  0%| F|  |TAMS 0x00000000ea400000, 0x00000000ea400000| Untracked 
| 165|0x00000000ea500000, 0x00000000ea500000, 0x00000000ea600000|  0%| F|  |TAMS 0x00000000ea500000, 0x00000000ea500000| Untracked 
| 166|0x00000000ea600000, 0x00000000ea600000, 0x00000000ea700000|  0%| F|  |TAMS 0x00000000ea600000, 0x00000000ea600000| Untracked 
| 167|0x00000000ea700000, 0x00000000ea700000, 0x00000000ea800000|  0%| F|  |TAMS 0x00000000ea700000, 0x00000000ea700000| Untracked 
| 168|0x00000000ea800000, 0x00000000ea800000, 0x00000000ea900000|  0%| F|  |TAMS 0x00000000ea800000, 0x00000000ea800000| Untracked 
| 169|0x00000000ea900000, 0x00000000ea900000, 0x00000000eaa00000|  0%| F|  |TAMS 0x00000000ea900000, 0x00000000ea900000| Untracked 
| 170|0x00000000eaa00000, 0x00000000eaa00000, 0x00000000eab00000|  0%| F|  |TAMS 0x00000000eaa00000, 0x00000000eaa00000| Untracked 
| 171|0x00000000eab00000, 0x00000000eab00000, 0x00000000eac00000|  0%| F|  |TAMS 0x00000000eab00000, 0x00000000eab00000| Untracked 
| 172|0x00000000eac00000, 0x00000000eac00000, 0x00000000ead00000|  0%| F|  |TAMS 0x00000000eac00000, 0x00000000eac00000| Untracked 
| 173|0x00000000ead00000, 0x00000000ead00000, 0x00000000eae00000|  0%| F|  |TAMS 0x00000000ead00000, 0x00000000ead00000| Untracked 
| 174|0x00000000eae00000, 0x00000000eae00000, 0x00000000eaf00000|  0%| F|  |TAMS 0x00000000eae00000, 0x00000000eae00000| Untracked 
| 175|0x00000000eaf00000, 0x00000000eaf00000, 0x00000000eb000000|  0%| F|  |TAMS 0x00000000eaf00000, 0x00000000eaf00000| Untracked 
| 176|0x00000000eb000000, 0x00000000eb080800, 0x00000000eb100000| 50%| E|  |TAMS 0x00000000eb000000, 0x00000000eb000000| Complete 
| 177|0x00000000eb100000, 0x00000000eb200000, 0x00000000eb200000|100%| E|CS|TAMS 0x00000000eb100000, 0x00000000eb100000| Complete 
| 178|0x00000000eb200000, 0x00000000eb300000, 0x00000000eb300000|100%| E|CS|TAMS 0x00000000eb200000, 0x00000000eb200000| Complete 
| 179|0x00000000eb300000, 0x00000000eb400000, 0x00000000eb400000|100%| E|CS|TAMS 0x00000000eb300000, 0x00000000eb300000| Complete 
| 180|0x00000000eb400000, 0x00000000eb500000, 0x00000000eb500000|100%| E|CS|TAMS 0x00000000eb400000, 0x00000000eb400000| Complete 
| 181|0x00000000eb500000, 0x00000000eb600000, 0x00000000eb600000|100%| E|CS|TAMS 0x00000000eb500000, 0x00000000eb500000| Complete 
| 182|0x00000000eb600000, 0x00000000eb700000, 0x00000000eb700000|100%| E|CS|TAMS 0x00000000eb600000, 0x00000000eb600000| Complete 
| 183|0x00000000eb700000, 0x00000000eb800000, 0x00000000eb800000|100%| E|CS|TAMS 0x00000000eb700000, 0x00000000eb700000| Complete 
| 184|0x00000000eb800000, 0x00000000eb900000, 0x00000000eb900000|100%| E|CS|TAMS 0x00000000eb800000, 0x00000000eb800000| Complete 
| 185|0x00000000eb900000, 0x00000000eba00000, 0x00000000eba00000|100%| E|CS|TAMS 0x00000000eb900000, 0x00000000eb900000| Complete 
| 186|0x00000000eba00000, 0x00000000ebb00000, 0x00000000ebb00000|100%| E|CS|TAMS 0x00000000eba00000, 0x00000000eba00000| Complete 
| 187|0x00000000ebb00000, 0x00000000ebc00000, 0x00000000ebc00000|100%| E|CS|TAMS 0x00000000ebb00000, 0x00000000ebb00000| Complete 
| 188|0x00000000ebc00000, 0x00000000ebd00000, 0x00000000ebd00000|100%| E|CS|TAMS 0x00000000ebc00000, 0x00000000ebc00000| Complete 
| 189|0x00000000ebd00000, 0x00000000ebe00000, 0x00000000ebe00000|100%| E|CS|TAMS 0x00000000ebd00000, 0x00000000ebd00000| Complete 
| 190|0x00000000ebe00000, 0x00000000ebf00000, 0x00000000ebf00000|100%| E|CS|TAMS 0x00000000ebe00000, 0x00000000ebe00000| Complete 
| 191|0x00000000ebf00000, 0x00000000ec000000, 0x00000000ec000000|100%| E|CS|TAMS 0x00000000ebf00000, 0x00000000ebf00000| Complete 
| 192|0x00000000ec000000, 0x00000000ec100000, 0x00000000ec100000|100%| E|CS|TAMS 0x00000000ec000000, 0x00000000ec000000| Complete 
| 193|0x00000000ec100000, 0x00000000ec200000, 0x00000000ec200000|100%| E|CS|TAMS 0x00000000ec100000, 0x00000000ec100000| Complete 
| 194|0x00000000ec200000, 0x00000000ec300000, 0x00000000ec300000|100%| E|CS|TAMS 0x00000000ec200000, 0x00000000ec200000| Complete 
| 195|0x00000000ec300000, 0x00000000ec400000, 0x00000000ec400000|100%| E|CS|TAMS 0x00000000ec300000, 0x00000000ec300000| Complete 
| 196|0x00000000ec400000, 0x00000000ec500000, 0x00000000ec500000|100%| E|CS|TAMS 0x00000000ec400000, 0x00000000ec400000| Complete 
| 197|0x00000000ec500000, 0x00000000ec600000, 0x00000000ec600000|100%| E|CS|TAMS 0x00000000ec500000, 0x00000000ec500000| Complete 
| 198|0x00000000ec600000, 0x00000000ec700000, 0x00000000ec700000|100%| E|CS|TAMS 0x00000000ec600000, 0x00000000ec600000| Complete 
| 199|0x00000000ec700000, 0x00000000ec800000, 0x00000000ec800000|100%| E|CS|TAMS 0x00000000ec700000, 0x00000000ec700000| Complete 
| 200|0x00000000ec800000, 0x00000000ec900000, 0x00000000ec900000|100%| E|CS|TAMS 0x00000000ec800000, 0x00000000ec800000| Complete 
| 201|0x00000000ec900000, 0x00000000eca00000, 0x00000000eca00000|100%| E|CS|TAMS 0x00000000ec900000, 0x00000000ec900000| Complete 
| 202|0x00000000eca00000, 0x00000000ecb00000, 0x00000000ecb00000|100%| E|CS|TAMS 0x00000000eca00000, 0x00000000eca00000| Complete 
| 203|0x00000000ecb00000, 0x00000000ecc00000, 0x00000000ecc00000|100%| E|CS|TAMS 0x00000000ecb00000, 0x00000000ecb00000| Complete 
| 204|0x00000000ecc00000, 0x00000000ecd00000, 0x00000000ecd00000|100%| E|CS|TAMS 0x00000000ecc00000, 0x00000000ecc00000| Complete 
| 205|0x00000000ecd00000, 0x00000000ece00000, 0x00000000ece00000|100%| E|CS|TAMS 0x00000000ecd00000, 0x00000000ecd00000| Complete 
| 206|0x00000000ece00000, 0x00000000ecf00000, 0x00000000ecf00000|100%| E|CS|TAMS 0x00000000ece00000, 0x00000000ece00000| Complete 
| 207|0x00000000ecf00000, 0x00000000ed000000, 0x00000000ed000000|100%| E|CS|TAMS 0x00000000ecf00000, 0x00000000ecf00000| Complete 
| 208|0x00000000ed000000, 0x00000000ed100000, 0x00000000ed100000|100%| E|CS|TAMS 0x00000000ed000000, 0x00000000ed000000| Complete 
| 209|0x00000000ed100000, 0x00000000ed200000, 0x00000000ed200000|100%| E|CS|TAMS 0x00000000ed100000, 0x00000000ed100000| Complete 
| 210|0x00000000ed200000, 0x00000000ed300000, 0x00000000ed300000|100%| E|CS|TAMS 0x00000000ed200000, 0x00000000ed200000| Complete 
| 211|0x00000000ed300000, 0x00000000ed400000, 0x00000000ed400000|100%| E|CS|TAMS 0x00000000ed300000, 0x00000000ed300000| Complete 
| 212|0x00000000ed400000, 0x00000000ed500000, 0x00000000ed500000|100%| E|CS|TAMS 0x00000000ed400000, 0x00000000ed400000| Complete 
| 213|0x00000000ed500000, 0x00000000ed600000, 0x00000000ed600000|100%| E|CS|TAMS 0x00000000ed500000, 0x00000000ed500000| Complete 
| 214|0x00000000ed600000, 0x00000000ed700000, 0x00000000ed700000|100%| E|CS|TAMS 0x00000000ed600000, 0x00000000ed600000| Complete 
| 215|0x00000000ed700000, 0x00000000ed800000, 0x00000000ed800000|100%| E|CS|TAMS 0x00000000ed700000, 0x00000000ed700000| Complete 
| 216|0x00000000ed800000, 0x00000000ed900000, 0x00000000ed900000|100%| E|CS|TAMS 0x00000000ed800000, 0x00000000ed800000| Complete 
| 217|0x00000000ed900000, 0x00000000eda00000, 0x00000000eda00000|100%| E|CS|TAMS 0x00000000ed900000, 0x00000000ed900000| Complete 
| 218|0x00000000eda00000, 0x00000000edb00000, 0x00000000edb00000|100%| E|  |TAMS 0x00000000eda00000, 0x00000000eda00000| Complete 
| 219|0x00000000edb00000, 0x00000000edc00000, 0x00000000edc00000|100%| E|CS|TAMS 0x00000000edb00000, 0x00000000edb00000| Complete 
| 220|0x00000000edc00000, 0x00000000edd00000, 0x00000000edd00000|100%| E|CS|TAMS 0x00000000edc00000, 0x00000000edc00000| Complete 
| 221|0x00000000edd00000, 0x00000000ede00000, 0x00000000ede00000|100%| E|CS|TAMS 0x00000000edd00000, 0x00000000edd00000| Complete 
| 222|0x00000000ede00000, 0x00000000edf00000, 0x00000000edf00000|100%| E|CS|TAMS 0x00000000ede00000, 0x00000000ede00000| Complete 
| 223|0x00000000edf00000, 0x00000000ee000000, 0x00000000ee000000|100%| E|CS|TAMS 0x00000000edf00000, 0x00000000edf00000| Complete 
| 224|0x00000000ee000000, 0x00000000ee100000, 0x00000000ee100000|100%| E|CS|TAMS 0x00000000ee000000, 0x00000000ee000000| Complete 
| 225|0x00000000ee100000, 0x00000000ee200000, 0x00000000ee200000|100%| E|CS|TAMS 0x00000000ee100000, 0x00000000ee100000| Complete 
| 226|0x00000000ee200000, 0x00000000ee300000, 0x00000000ee300000|100%| E|CS|TAMS 0x00000000ee200000, 0x00000000ee200000| Complete 
| 227|0x00000000ee300000, 0x00000000ee400000, 0x00000000ee400000|100%| E|CS|TAMS 0x00000000ee300000, 0x00000000ee300000| Complete 
| 228|0x00000000ee400000, 0x00000000ee500000, 0x00000000ee500000|100%| E|CS|TAMS 0x00000000ee400000, 0x00000000ee400000| Complete 
| 229|0x00000000ee500000, 0x00000000ee600000, 0x00000000ee600000|100%| E|CS|TAMS 0x00000000ee500000, 0x00000000ee500000| Complete 
| 230|0x00000000ee600000, 0x00000000ee700000, 0x00000000ee700000|100%| E|CS|TAMS 0x00000000ee600000, 0x00000000ee600000| Complete 
| 231|0x00000000ee700000, 0x00000000ee800000, 0x00000000ee800000|100%| E|CS|TAMS 0x00000000ee700000, 0x00000000ee700000| Complete 
| 232|0x00000000ee800000, 0x00000000ee900000, 0x00000000ee900000|100%| E|CS|TAMS 0x00000000ee800000, 0x00000000ee800000| Complete 
| 233|0x00000000ee900000, 0x00000000eea00000, 0x00000000eea00000|100%| E|CS|TAMS 0x00000000ee900000, 0x00000000ee900000| Complete 
| 234|0x00000000eea00000, 0x00000000eeb00000, 0x00000000eeb00000|100%| E|CS|TAMS 0x00000000eea00000, 0x00000000eea00000| Complete 
| 235|0x00000000eeb00000, 0x00000000eec00000, 0x00000000eec00000|100%| E|CS|TAMS 0x00000000eeb00000, 0x00000000eeb00000| Complete 
| 236|0x00000000eec00000, 0x00000000eed00000, 0x00000000eed00000|100%| E|CS|TAMS 0x00000000eec00000, 0x00000000eec00000| Complete 
| 237|0x00000000eed00000, 0x00000000eee00000, 0x00000000eee00000|100%| E|CS|TAMS 0x00000000eed00000, 0x00000000eed00000| Complete 
| 238|0x00000000eee00000, 0x00000000eef00000, 0x00000000eef00000|100%| E|CS|TAMS 0x00000000eee00000, 0x00000000eee00000| Complete 
| 239|0x00000000eef00000, 0x00000000ef000000, 0x00000000ef000000|100%| E|CS|TAMS 0x00000000eef00000, 0x00000000eef00000| Complete 
| 240|0x00000000ef000000, 0x00000000ef100000, 0x00000000ef100000|100%| E|CS|TAMS 0x00000000ef000000, 0x00000000ef000000| Complete 
| 241|0x00000000ef100000, 0x00000000ef200000, 0x00000000ef200000|100%| E|CS|TAMS 0x00000000ef100000, 0x00000000ef100000| Complete 
| 242|0x00000000ef200000, 0x00000000ef300000, 0x00000000ef300000|100%| E|CS|TAMS 0x00000000ef200000, 0x00000000ef200000| Complete 
| 243|0x00000000ef300000, 0x00000000ef400000, 0x00000000ef400000|100%| E|CS|TAMS 0x00000000ef300000, 0x00000000ef300000| Complete 
| 244|0x00000000ef400000, 0x00000000ef500000, 0x00000000ef500000|100%| E|CS|TAMS 0x00000000ef400000, 0x00000000ef400000| Complete 
| 245|0x00000000ef500000, 0x00000000ef600000, 0x00000000ef600000|100%| E|CS|TAMS 0x00000000ef500000, 0x00000000ef500000| Complete 
| 246|0x00000000ef600000, 0x00000000ef700000, 0x00000000ef700000|100%| E|CS|TAMS 0x00000000ef600000, 0x00000000ef600000| Complete 
| 247|0x00000000ef700000, 0x00000000ef800000, 0x00000000ef800000|100%| E|CS|TAMS 0x00000000ef700000, 0x00000000ef700000| Complete 
| 248|0x00000000ef800000, 0x00000000ef900000, 0x00000000ef900000|100%| E|CS|TAMS 0x00000000ef800000, 0x00000000ef800000| Complete 
| 249|0x00000000ef900000, 0x00000000efa00000, 0x00000000efa00000|100%| E|CS|TAMS 0x00000000ef900000, 0x00000000ef900000| Complete 
| 250|0x00000000efa00000, 0x00000000efb00000, 0x00000000efb00000|100%| E|CS|TAMS 0x00000000efa00000, 0x00000000efa00000| Complete 
| 251|0x00000000efb00000, 0x00000000efb8e450, 0x00000000efc00000| 55%| S|CS|TAMS 0x00000000efb00000, 0x00000000efb00000| Complete 
| 252|0x00000000efc00000, 0x00000000efd00000, 0x00000000efd00000|100%| E|CS|TAMS 0x00000000efc00000, 0x00000000efc00000| Complete 
| 253|0x00000000efd00000, 0x00000000efe00000, 0x00000000efe00000|100%| E|CS|TAMS 0x00000000efd00000, 0x00000000efd00000| Complete 
| 254|0x00000000efe00000, 0x00000000eff00000, 0x00000000eff00000|100%| E|CS|TAMS 0x00000000efe00000, 0x00000000efe00000| Complete 
| 255|0x00000000eff00000, 0x00000000f0000000, 0x00000000f0000000|100%| E|CS|TAMS 0x00000000eff00000, 0x00000000eff00000| Complete 

Card table byte_map: [0x0000023f763f0000,0x0000023f764f0000] _byte_map_base: 0x0000023f75cf0000

Marking Bits (Prev, Next): (CMBitMap*) 0x0000023f6dd06a50, (CMBitMap*) 0x0000023f6dd06a90
 Prev Bits: [0x0000023f765f0000, 0x0000023f76df0000)
 Next Bits: [0x0000023f76df0000, 0x0000023f775f0000)

Polling page: 0x0000023f6dd90000

Metaspace:

Usage:
  Non-class:     37.67 MB used.
      Class:      6.13 MB used.
       Both:     43.80 MB used.

Virtual space:
  Non-class space:       64.00 MB reserved,      37.94 MB ( 59%) committed,  1 nodes.
      Class space:      320.00 MB reserved,       6.31 MB (  2%) committed,  1 nodes.
             Both:      384.00 MB reserved,      44.25 MB ( 12%) committed. 

Chunk freelists:
   Non-Class:  9.53 MB
       Class:  9.69 MB
        Both:  19.23 MB

MaxMetaspaceSize: 384.00 MB
CompressedClassSpaceSize: 320.00 MB
Initial GC threshold: 21.00 MB
Current GC threshold: 59.19 MB
CDS: on
MetaspaceReclaimPolicy: balanced
 - commit_granule_bytes: 65536.
 - commit_granule_words: 8192.
 - virtual_space_node_default_size: 8388608.
 - enlarge_chunks_in_place: 1.
 - new_chunks_are_fully_committed: 0.
 - uncommit_free_chunks: 1.
 - use_allocation_guard: 0.
 - handle_deallocations: 1.


Internal statistics:

num_allocs_failed_limit: 9.
num_arena_births: 518.
num_arena_deaths: 0.
num_vsnodes_births: 2.
num_vsnodes_deaths: 0.
num_space_committed: 708.
num_space_uncommitted: 0.
num_chunks_returned_to_freelist: 9.
num_chunks_taken_from_freelist: 2246.
num_chunk_merges: 9.
num_chunk_splits: 1506.
num_chunks_enlarged: 1065.
num_inconsistent_stats: 0.

CodeHeap 'non-profiled nmethods': size=120000Kb used=2626Kb max_used=3373Kb free=117373Kb
 bounds [0x0000023f07ad0000, 0x0000023f07e20000, 0x0000023f0f000000]
CodeHeap 'profiled nmethods': size=120000Kb used=8608Kb max_used=10549Kb free=111391Kb
 bounds [0x0000023f00000000, 0x0000023f00a50000, 0x0000023f07530000]
CodeHeap 'non-nmethods': size=5760Kb used=2318Kb max_used=2408Kb free=3441Kb
 bounds [0x0000023f07530000, 0x0000023f077b0000, 0x0000023f07ad0000]
 total_blobs=5146 nmethods=4311 adapters=747
 compilation: enabled
              stopped_count=0, restarted_count=0
 full_count=0

Compilation events (20 events):
Event: 68.313 Thread 0x0000023f7a043ae0 nmethod 5118 0x0000023f0000ca10 code [0x0000023f0000cc00, 0x0000023f0000d488]
Event: 68.324 Thread 0x0000023f7a03f8a0 5119       4       org.gradle.internal.service.DefaultServiceRegistry$ClassInspector$ClassDetails::collectTypes (63 bytes)
Event: 68.351 Thread 0x0000023f7a043ae0 5121       3       org.objectweb.asm.ByteVector::putInt (74 bytes)
Event: 68.352 Thread 0x0000023f7a043ae0 nmethod 5121 0x0000023f001a9210 code [0x0000023f001a93c0, 0x0000023f001a9628]
Event: 68.360 Thread 0x0000023f7a043ae0 5123       3       org.gradle.internal.instantiation.generator.AsmBackedClassGenerator$ClassBuilderImpl::access$5800 (4 bytes)
Event: 68.360 Thread 0x0000023f7a043ae0 nmethod 5123 0x0000023f002e5790 code [0x0000023f002e5920, 0x0000023f002e5a18]
Event: 68.360 Thread 0x0000023f7a043ae0 5125       3       org.objectweb.asm.SymbolTable::addConstantIntegerOrFloat (100 bytes)
Event: 68.361 Thread 0x0000023f7a043ae0 nmethod 5125 0x0000023f002c8590 code [0x0000023f002c87a0, 0x0000023f002c8cd8]
Event: 68.365 Thread 0x0000023f7a043ae0 5126       3       sun.reflect.generics.reflectiveObjects.WildcardTypeImpl::getUpperBounds (34 bytes)
Event: 68.365 Thread 0x0000023f7a043ae0 nmethod 5126 0x0000023f00173190 code [0x0000023f00173360, 0x0000023f001739d8]
Event: 68.365 Thread 0x0000023f7a043ae0 5127       3       org.objectweb.asm.Frame::execute (2303 bytes)
Event: 68.371 Thread 0x0000023f7a043ae0 nmethod 5127 0x0000023f00613e10 code [0x0000023f00614d20, 0x0000023f0061b708]
Event: 68.371 Thread 0x0000023f7a043ae0 5128       3       com.google.common.base.Preconditions::checkNotNull (18 bytes)
Event: 68.372 Thread 0x0000023f7a043ae0 nmethod 5128 0x0000023f001df410 code [0x0000023f001df5e0, 0x0000023f001df9b8]
Event: 68.373 Thread 0x0000023f7a043ae0 5129       3       java.lang.reflect.Method::toShortSignature (78 bytes)
Event: 68.374 Thread 0x0000023f7a043ae0 nmethod 5129 0x0000023f002c4c10 code [0x0000023f002c4ea0, 0x0000023f002c5858]
Event: 69.260 Thread 0x0000023f7a043ae0 5132       3       java.net.InetAddress::<init> (21 bytes)
Event: 69.260 Thread 0x0000023f7a043ae0 nmethod 5132 0x0000023f00134890 code [0x0000023f00134a40, 0x0000023f00134d58]
Event: 69.260 Thread 0x0000023f7a043ae0 5133       3       java.net.InetAddress$InetAddressHolder::<init> (5 bytes)
Event: 69.260 Thread 0x0000023f7a043ae0 nmethod 5133 0x0000023f002fa310 code [0x0000023f002fa4a0, 0x0000023f002fa5f8]

GC Heap History (14 events):
Event: 1.431 GC heap before
{Heap before GC invocations=0 (full 0):
 garbage-first heap   total 262144K, used 23552K [0x00000000e0000000, 0x0000000100000000)
  region size 1024K, 23 young (23552K), 0 survivors (0K)
 Metaspace       used 1044K, committed 1216K, reserved 393216K
  class space    used 72K, committed 128K, reserved 327680K
}
Event: 1.471 GC heap after
{Heap after GC invocations=1 (full 0):
 garbage-first heap   total 262144K, used 1913K [0x00000000e0000000, 0x0000000100000000)
  region size 1024K, 2 young (2048K), 2 survivors (2048K)
 Metaspace       used 1044K, committed 1216K, reserved 393216K
  class space    used 72K, committed 128K, reserved 327680K
}
Event: 3.981 GC heap before
{Heap before GC invocations=1 (full 0):
 garbage-first heap   total 262144K, used 39801K [0x00000000e0000000, 0x0000000100000000)
  region size 1024K, 36 young (36864K), 2 survivors (2048K)
 Metaspace       used 4362K, committed 4544K, reserved 393216K
  class space    used 545K, committed 640K, reserved 327680K
}
Event: 3.986 GC heap after
{Heap after GC invocations=2 (full 0):
 garbage-first heap   total 262144K, used 11092K [0x00000000e0000000, 0x0000000100000000)
  region size 1024K, 5 young (5120K), 5 survivors (5120K)
 Metaspace       used 4362K, committed 4544K, reserved 393216K
  class space    used 545K, committed 640K, reserved 327680K
}
Event: 6.493 GC heap before
{Heap before GC invocations=2 (full 0):
 garbage-first heap   total 262144K, used 61268K [0x00000000e0000000, 0x0000000100000000)
  region size 1024K, 52 young (53248K), 5 survivors (5120K)
 Metaspace       used 4651K, committed 4864K, reserved 393216K
  class space    used 590K, committed 704K, reserved 327680K
}
Event: 6.500 GC heap after
{Heap after GC invocations=3 (full 0):
 garbage-first heap   total 262144K, used 16524K [0x00000000e0000000, 0x0000000100000000)
  region size 1024K, 5 young (5120K), 5 survivors (5120K)
 Metaspace       used 4651K, committed 4864K, reserved 393216K
  class space    used 590K, committed 704K, reserved 327680K
}
Event: 34.269 GC heap before
{Heap before GC invocations=3 (full 0):
 garbage-first heap   total 262144K, used 127116K [0x00000000e0000000, 0x0000000100000000)
  region size 1024K, 114 young (116736K), 5 survivors (5120K)
 Metaspace       used 21160K, committed 21504K, reserved 393216K
  class space    used 3073K, committed 3264K, reserved 327680K
}
Event: 34.281 GC heap after
{Heap after GC invocations=4 (full 0):
 garbage-first heap   total 262144K, used 24059K [0x00000000e0000000, 0x0000000100000000)
  region size 1024K, 12 young (12288K), 12 survivors (12288K)
 Metaspace       used 21160K, committed 21504K, reserved 393216K
  class space    used 3073K, committed 3264K, reserved 327680K
}
Event: 61.283 GC heap before
{Heap before GC invocations=5 (full 0):
 garbage-first heap   total 262144K, used 150011K [0x00000000e0000000, 0x0000000100000000)
  region size 1024K, 132 young (135168K), 12 survivors (12288K)
 Metaspace       used 35553K, committed 35968K, reserved 393216K
  class space    used 4903K, committed 5120K, reserved 327680K
}
Event: 61.299 GC heap after
{Heap after GC invocations=6 (full 0):
 garbage-first heap   total 262144K, used 33385K [0x00000000e0000000, 0x0000000100000000)
  region size 1024K, 17 young (17408K), 17 survivors (17408K)
 Metaspace       used 35553K, committed 35968K, reserved 393216K
  class space    used 4903K, committed 5120K, reserved 327680K
}
Event: 61.337 GC heap before
{Heap before GC invocations=6 (full 0):
 garbage-first heap   total 262144K, used 34409K [0x00000000e0000000, 0x0000000100000000)
  region size 1024K, 18 young (18432K), 17 survivors (17408K)
 Metaspace       used 35667K, committed 36096K, reserved 393216K
  class space    used 4917K, committed 5120K, reserved 327680K
}
Event: 61.349 GC heap after
{Heap after GC invocations=7 (full 0):
 garbage-first heap   total 262144K, used 33283K [0x00000000e0000000, 0x0000000100000000)
  region size 1024K, 2 young (2048K), 2 survivors (2048K)
 Metaspace       used 35667K, committed 36096K, reserved 393216K
  class space    used 4917K, committed 5120K, reserved 327680K
}
Event: 61.437 GC heap before
{Heap before GC invocations=7 (full 0):
 garbage-first heap   total 262144K, used 34307K [0x00000000e0000000, 0x0000000100000000)
  region size 1024K, 4 young (4096K), 2 survivors (2048K)
 Metaspace       used 35846K, committed 36288K, reserved 393216K
  class space    used 4943K, committed 5184K, reserved 327680K
}
Event: 61.438 GC heap after
{Heap after GC invocations=8 (full 0):
 garbage-first heap   total 262144K, used 31804K [0x00000000e0000000, 0x0000000100000000)
  region size 1024K, 1 young (1024K), 1 survivors (1024K)
 Metaspace       used 35846K, committed 36288K, reserved 393216K
  class space    used 4943K, committed 5184K, reserved 327680K
}

Dll operation events (15 events):
Event: 0.029 Loaded shared library C:\Users\ASUS\.jdks\corretto-17.0.12\bin\java.dll
Event: 0.108 Loaded shared library C:\Users\ASUS\.jdks\corretto-17.0.12\bin\jsvml.dll
Event: 0.267 Loaded shared library C:\Users\ASUS\.jdks\corretto-17.0.12\bin\zip.dll
Event: 0.272 Loaded shared library C:\Users\ASUS\.jdks\corretto-17.0.12\bin\instrument.dll
Event: 0.280 Loaded shared library C:\Users\ASUS\.jdks\corretto-17.0.12\bin\net.dll
Event: 0.283 Loaded shared library C:\Users\ASUS\.jdks\corretto-17.0.12\bin\nio.dll
Event: 0.288 Loaded shared library C:\Users\ASUS\.jdks\corretto-17.0.12\bin\zip.dll
Event: 1.156 Loaded shared library C:\Users\ASUS\.jdks\corretto-17.0.12\bin\jimage.dll
Event: 2.031 Loaded shared library C:\Users\ASUS\.jdks\corretto-17.0.12\bin\verify.dll
Event: 2.235 Loaded shared library C:\Users\ASUS\.gradle\native\1def1411415f61bf3af743bc5b6707747c0891f09f0c88961ee8f79bc544acac\windows-amd64\native-platform.dll
Event: 2.276 Loaded shared library C:\Users\ASUS\.gradle\native\0.2.7\x86_64-windows-gnu\gradle-fileevents.dll
Event: 8.351 Loaded shared library C:\Users\ASUS\.jdks\corretto-17.0.12\bin\management.dll
Event: 8.356 Loaded shared library C:\Users\ASUS\.jdks\corretto-17.0.12\bin\management_ext.dll
Event: 16.098 Loaded shared library C:\Users\ASUS\.jdks\corretto-17.0.12\bin\extnet.dll
Event: 22.018 Loaded shared library C:\Users\ASUS\.jdks\corretto-17.0.12\bin\sunmscapi.dll

Deoptimization events (20 events):
Event: 65.633 Thread 0x0000023f7a352580 Uncommon trap: trap_request=0xffffffc6 fr.pc=0x0000023f07c81134 relative=0x0000000000000274
Event: 65.633 Thread 0x0000023f7a352580 Uncommon trap: reason=bimorphic_or_optimized_type_check action=maybe_recompile pc=0x0000023f07c81134 method=com.google.common.base.CharMatcher.indexIn(Ljava/lang/CharSequence;I)I @ 31 c2
Event: 65.633 Thread 0x0000023f7a352580 DEOPT PACKING pc=0x0000023f07c81134 sp=0x0000007171af9340
Event: 65.633 Thread 0x0000023f7a352580 DEOPT UNPACKING pc=0x0000023f075869a3 sp=0x0000007171af92e8 mode 2
Event: 68.020 Thread 0x0000023f7a352580 Uncommon trap: trap_request=0xffffffde fr.pc=0x0000023f07c0fa70 relative=0x0000000000000510
Event: 68.020 Thread 0x0000023f7a352580 Uncommon trap: reason=class_check action=maybe_recompile pc=0x0000023f07c0fa70 method=java.util.Collections$SetFromMap.remove(Ljava/lang/Object;)Z @ 5 c2
Event: 68.020 Thread 0x0000023f7a352580 DEOPT PACKING pc=0x0000023f07c0fa70 sp=0x0000007171af8c80
Event: 68.020 Thread 0x0000023f7a352580 DEOPT UNPACKING pc=0x0000023f075869a3 sp=0x0000007171af8c68 mode 2
Event: 68.272 Thread 0x0000023f7a352580 Uncommon trap: trap_request=0xffffff3d fr.pc=0x0000023f07db90e0 relative=0x0000000000000d40
Event: 68.272 Thread 0x0000023f7a352580 Uncommon trap: reason=unstable_fused_if action=reinterpret pc=0x0000023f07db90e0 method=org.objectweb.asm.ByteVector.putUTF8(Ljava/lang/String;)Lorg/objectweb/asm/ByteVector; @ 93 c2
Event: 68.272 Thread 0x0000023f7a352580 DEOPT PACKING pc=0x0000023f07db90e0 sp=0x0000007171af73d0
Event: 68.272 Thread 0x0000023f7a352580 DEOPT UNPACKING pc=0x0000023f075869a3 sp=0x0000007171af7328 mode 2
Event: 68.350 Thread 0x0000023f7a352580 Uncommon trap: trap_request=0xffffff45 fr.pc=0x0000023f07b04114 relative=0x0000000000000114
Event: 68.350 Thread 0x0000023f7a352580 Uncommon trap: reason=unstable_if action=reinterpret pc=0x0000023f07b04114 method=org.objectweb.asm.ByteVector.putInt(I)Lorg/objectweb/asm/ByteVector; @ 13 c2
Event: 68.350 Thread 0x0000023f7a352580 DEOPT PACKING pc=0x0000023f07b04114 sp=0x0000007171af8a40
Event: 68.350 Thread 0x0000023f7a352580 DEOPT UNPACKING pc=0x0000023f075869a3 sp=0x0000007171af89d8 mode 2
Event: 68.360 Thread 0x0000023f7a352580 Uncommon trap: trap_request=0xffffff45 fr.pc=0x0000023f07e173ac relative=0x0000000000005aac
Event: 68.360 Thread 0x0000023f7a352580 Uncommon trap: reason=unstable_if action=reinterpret pc=0x0000023f07e173ac method=org.objectweb.asm.Frame.execute(IILorg/objectweb/asm/Symbol;Lorg/objectweb/asm/SymbolTable;)V @ 1 c2
Event: 68.360 Thread 0x0000023f7a352580 DEOPT PACKING pc=0x0000023f07e173ac sp=0x0000007171af87d0
Event: 68.360 Thread 0x0000023f7a352580 DEOPT UNPACKING pc=0x0000023f075869a3 sp=0x0000007171af8778 mode 2

Classes loaded (20 events):
Event: 63.954 Loading class javax/net/ssl/X509TrustManager
Event: 63.954 Loading class javax/net/ssl/X509TrustManager done
Event: 63.971 Loading class javax/net/ssl/SSLException
Event: 63.971 Loading class javax/net/ssl/SSLException done
Event: 63.971 Loading class javax/net/ssl/SSLPeerUnverifiedException
Event: 63.971 Loading class javax/net/ssl/SSLPeerUnverifiedException done
Event: 63.971 Loading class java/security/cert/CertificateParsingException
Event: 63.971 Loading class java/security/cert/CertificateException
Event: 63.971 Loading class java/security/cert/CertificateException done
Event: 63.971 Loading class java/security/cert/CertificateParsingException done
Event: 63.971 Loading class javax/naming/NamingException
Event: 63.971 Loading class javax/naming/NamingException done
Event: 63.972 Loading class javax/naming/InvalidNameException
Event: 63.972 Loading class javax/naming/InvalidNameException done
Event: 65.197 Loading class java/util/function/IntBinaryOperator
Event: 65.197 Loading class java/util/function/IntBinaryOperator done
Event: 66.483 Loading class java/io/DeleteOnExitHook
Event: 66.484 Loading class java/io/DeleteOnExitHook done
Event: 66.484 Loading class java/io/DeleteOnExitHook$1
Event: 66.484 Loading class java/io/DeleteOnExitHook$1 done

Classes unloaded (0 events):
No events

Classes redefined (0 events):
No events

Internal exceptions (20 events):
Event: 65.227 Thread 0x0000023f7a352580 Exception <a 'java/lang/ClassNotFoundException'{0x00000000ed5602a0}: org/gradle/plugin/use/internal/PluginRequestCollector$PluginDependenciesSpecImplCustomizer> (0x00000000ed5602a0) 
thrown [s\src\hotspot\share\classfile\systemDictionary.cpp, line 256]
Event: 65.258 Thread 0x0000023f7a352580 Exception <a 'java/lang/ClassNotFoundException'{0x00000000ed5afad0}: org/gradle/plugin/use/internal/PluginRequestCollector$PluginDependencySpecImplBeanInfo> (0x00000000ed5afad0) 
thrown [s\src\hotspot\share\classfile\systemDictionary.cpp, line 256]
Event: 65.259 Thread 0x0000023f7a352580 Exception <a 'java/lang/ClassNotFoundException'{0x00000000ed5c12b0}: org/gradle/plugin/use/internal/PluginRequestCollector$PluginDependencySpecImplCustomizer> (0x00000000ed5c12b0) 
thrown [s\src\hotspot\share\classfile\systemDictionary.cpp, line 256]
Event: 65.947 Thread 0x0000023f7a352580 Exception <a 'java/lang/NoSuchMethodError'{0x00000000ecb92f60}: 'java.lang.Object java.lang.invoke.DirectMethodHandle$Holder.newInvokeSpecial(java.lang.Object, java.lang.Object, java.lang.Object, int, java.lang.Object)'> (0x00000000ecb92f60) 
thrown [s\src\hotspot\share\interpreter\linkResolver.cpp, line 759]
Event: 65.948 Thread 0x0000023f7a352580 Exception <a 'java/lang/NoSuchMethodError'{0x00000000ecb9b3d0}: 'java.lang.Object java.lang.invoke.Invokers$Holder.linkToTargetMethod(java.lang.Object, java.lang.Object, int, java.lang.Object, java.lang.Object)'> (0x00000000ecb9b3d0) 
thrown [s\src\hotspot\share\interpreter\linkResolver.cpp, line 759]
Event: 66.247 Thread 0x0000023f7a352580 Exception <a 'java/lang/NoSuchMethodError'{0x00000000ec8c87b0}: 'java.lang.Object java.lang.invoke.DirectMethodHandle$Holder.newInvokeSpecial(java.lang.Object, int, java.lang.Object)'> (0x00000000ec8c87b0) 
thrown [s\src\hotspot\share\interpreter\linkResolver.cpp, line 759]
Event: 67.165 Thread 0x0000023f7a352580 Exception <a 'java/lang/NoSuchMethodError'{0x00000000ec191838}: 'java.lang.Object java.lang.invoke.DirectMethodHandle$Holder.newInvokeSpecial(java.lang.Object, java.lang.Object, java.lang.Object, int)'> (0x00000000ec191838) 
thrown [s\src\hotspot\share\interpreter\linkResolver.cpp, line 759]
Event: 67.167 Thread 0x0000023f7a352580 Exception <a 'java/lang/NoSuchMethodError'{0x00000000ec196960}: 'java.lang.Object java.lang.invoke.DirectMethodHandle$Holder.invokeSpecial(java.lang.Object, java.lang.Object, java.lang.Object, java.lang.Object, int)'> (0x00000000ec196960) 
thrown [s\src\hotspot\share\interpreter\linkResolver.cpp, line 759]
Event: 67.168 Thread 0x0000023f7a352580 Exception <a 'java/lang/NoSuchMethodError'{0x00000000ec19b270}: 'java.lang.Object java.lang.invoke.Invokers$Holder.linkToTargetMethod(java.lang.Object, java.lang.Object, int, java.lang.Object)'> (0x00000000ec19b270) 
thrown [s\src\hotspot\share\interpreter\linkResolver.cpp, line 759]
Event: 67.465 Thread 0x0000023f7a352580 Exception <a 'java/lang/NoSuchMethodError'{0x00000000ebe2b778}: 'int java.lang.invoke.DirectMethodHandle$Holder.invokeSpecialIFC(java.lang.Object, java.lang.Object, java.lang.Object)'> (0x00000000ebe2b778) 
thrown [s\src\hotspot\share\interpreter\linkResolver.cpp, line 759]
Event: 67.877 Thread 0x0000023f7a352580 Exception <a 'java/lang/NoSuchMethodError'{0x00000000eba6e080}: 'java.lang.Object java.lang.invoke.DirectMethodHandle$Holder.newInvokeSpecial(java.lang.Object, java.lang.Object, java.lang.Object, java.lang.Object, int)'> (0x00000000eba6e080) 
thrown [s\src\hotspot\share\interpreter\linkResolver.cpp, line 759]
Event: 67.877 Thread 0x0000023f7a352580 Exception <a 'java/lang/NoSuchMethodError'{0x00000000eba733a8}: 'java.lang.Object java.lang.invoke.DirectMethodHandle$Holder.invokeSpecial(java.lang.Object, java.lang.Object, java.lang.Object, java.lang.Object, java.lang.Object, int)'> (0x00000000eba733a8) 
thrown [s\src\hotspot\share\interpreter\linkResolver.cpp, line 759]
Event: 67.878 Thread 0x0000023f7a352580 Exception <a 'java/lang/NoSuchMethodError'{0x00000000eba78080}: 'java.lang.Object java.lang.invoke.Invokers$Holder.linkToTargetMethod(java.lang.Object, java.lang.Object, java.lang.Object, int, java.lang.Object)'> (0x00000000eba78080) 
thrown [s\src\hotspot\share\interpreter\linkResolver.cpp, line 759]
Event: 67.891 Thread 0x0000023f7a352580 Exception <a 'java/lang/NoSuchMethodError'{0x00000000ebaa7f88}: 'void java.lang.invoke.DirectMethodHandle$Holder.invokeSpecial(java.lang.Object, java.lang.Object, java.lang.Object, java.lang.Object, java.lang.Object, java.lang.Object)'> (0x00000000ebaa7f88) 
thrown [s\src\hotspot\share\interpreter\linkResolver.cpp, line 759]
Event: 67.900 Thread 0x0000023f7a352580 Exception <a 'java/lang/NoSuchMethodError'{0x00000000ebacebb8}: 'java.lang.Object java.lang.invoke.DirectMethodHandle$Holder.newInvokeSpecial(java.lang.Object, java.lang.Object, long, java.lang.Object)'> (0x00000000ebacebb8) 
thrown [s\src\hotspot\share\interpreter\linkResolver.cpp, line 759]
Event: 67.904 Thread 0x0000023f7a352580 Exception <a 'java/lang/NoSuchMethodError'{0x00000000ebad3a18}: 'java.lang.Object java.lang.invoke.DirectMethodHandle$Holder.invokeSpecial(java.lang.Object, java.lang.Object, java.lang.Object, long, java.lang.Object)'> (0x00000000ebad3a18) 
thrown [s\src\hotspot\share\interpreter\linkResolver.cpp, line 759]
Event: 67.907 Thread 0x0000023f7a352580 Exception <a 'java/lang/NoSuchMethodError'{0x00000000ebad8330}: 'java.lang.Object java.lang.invoke.Invokers$Holder.linkToTargetMethod(java.lang.Object, long, java.lang.Object, java.lang.Object)'> (0x00000000ebad8330) 
thrown [s\src\hotspot\share\interpreter\linkResolver.cpp, line 759]
Event: 67.920 Thread 0x0000023f7a352580 Exception <a 'java/lang/NoSuchMethodError'{0x00000000eb902398}: 'void java.lang.invoke.DirectMethodHandle$Holder.invokeStatic(java.lang.Object, java.lang.Object, java.lang.Object, int, java.lang.Object)'> (0x00000000eb902398) 
thrown [s\src\hotspot\share\interpreter\linkResolver.cpp, line 759]
Event: 68.030 Thread 0x0000023f7a352580 Exception <a 'java/lang/NoSuchMethodError'{0x00000000eb8daf08}: 'int java.lang.invoke.DirectMethodHandle$Holder.invokeInterface(java.lang.Object, java.lang.Object, java.lang.Object, java.lang.Object, java.lang.Object)'> (0x00000000eb8daf08) 
thrown [s\src\hotspot\share\interpreter\linkResolver.cpp, line 759]
Event: 68.416 Thread 0x0000023f7a352580 Exception <a 'java/lang/NoSuchMethodError'{0x00000000eb00c860}: 'int java.lang.invoke.DirectMethodHandle$Holder.invokeInterface(java.lang.Object, java.lang.Object, java.lang.Object, java.lang.Object)'> (0x00000000eb00c860) 
thrown [s\src\hotspot\share\interpreter\linkResolver.cpp, line 759]

VM Operations (20 events):
Event: 62.810 Executing VM operation: HandshakeAllThreads done
Event: 63.444 Executing VM operation: HandshakeAllThreads
Event: 63.444 Executing VM operation: HandshakeAllThreads done
Event: 64.449 Executing VM operation: Cleanup
Event: 64.449 Executing VM operation: Cleanup done
Event: 65.452 Executing VM operation: Cleanup
Event: 65.452 Executing VM operation: Cleanup done
Event: 65.806 Executing VM operation: HandshakeAllThreads
Event: 65.806 Executing VM operation: HandshakeAllThreads done
Event: 66.503 Executing VM operation: HandshakeAllThreads
Event: 66.517 Executing VM operation: HandshakeAllThreads done
Event: 66.517 Executing VM operation: Cleanup
Event: 66.518 Executing VM operation: Cleanup done
Event: 66.535 Executing VM operation: HandshakeAllThreads
Event: 66.535 Executing VM operation: HandshakeAllThreads done
Event: 67.537 Executing VM operation: Cleanup
Event: 67.556 Executing VM operation: Cleanup done
Event: 68.412 Executing VM operation: HandshakeAllThreads
Event: 68.412 Executing VM operation: HandshakeAllThreads done
Event: 69.417 Executing VM operation: Cleanup

Events (20 events):
Event: 66.544 Thread 0x0000023f7a046f70 flushing nmethod 0x0000023f007e3e10
Event: 66.544 Thread 0x0000023f7a046f70 flushing nmethod 0x0000023f00807610
Event: 66.544 Thread 0x0000023f7a046f70 flushing nmethod 0x0000023f0081b490
Event: 66.544 Thread 0x0000023f7a046f70 flushing nmethod 0x0000023f00834110
Event: 66.545 Thread 0x0000023f7a046f70 flushing nmethod 0x0000023f008a8d90
Event: 66.545 Thread 0x0000023f7a046f70 flushing nmethod 0x0000023f008da290
Event: 66.545 Thread 0x0000023f7a046f70 flushing nmethod 0x0000023f008dc210
Event: 66.545 Thread 0x0000023f7a046f70 flushing nmethod 0x0000023f008dd190
Event: 66.545 Thread 0x0000023f7a046f70 flushing nmethod 0x0000023f008ddd90
Event: 66.545 Thread 0x0000023f7a046f70 flushing nmethod 0x0000023f008e5710
Event: 66.545 Thread 0x0000023f7a046f70 flushing nmethod 0x0000023f0090ee10
Event: 66.545 Thread 0x0000023f7a046f70 flushing nmethod 0x0000023f00962190
Event: 66.545 Thread 0x0000023f7a046f70 flushing nmethod 0x0000023f00990f10
Event: 66.545 Thread 0x0000023f7a046f70 flushing nmethod 0x0000023f00994f10
Event: 66.545 Thread 0x0000023f7a046f70 flushing nmethod 0x0000023f009a0b90
Event: 66.545 Thread 0x0000023f7a046f70 flushing nmethod 0x0000023f009a0f90
Event: 66.545 Thread 0x0000023f7a046f70 flushing nmethod 0x0000023f009a1d90
Event: 66.545 Thread 0x0000023f7a046f70 flushing nmethod 0x0000023f009a2a10
Event: 66.545 Thread 0x0000023f7a046f70 flushing nmethod 0x0000023f009a2e90
Event: 67.702 Thread 0x0000023f256c0010 Thread exited: 0x0000023f256c0010


Dynamic libraries:
0x00007ff67e090000 - 0x00007ff67e09e000 	C:\Users\ASUS\.jdks\corretto-17.0.12\bin\java.exe
0x00007fffb2180000 - 0x00007fffb23e8000 	C:\WINDOWS\SYSTEM32\ntdll.dll
0x00007fffb0360000 - 0x00007fffb0429000 	C:\WINDOWS\System32\KERNEL32.DLL
0x00007fffaf7c0000 - 0x00007fffafbb8000 	C:\WINDOWS\System32\KERNELBASE.dll
0x00007fffaf670000 - 0x00007fffaf7bb000 	C:\WINDOWS\System32\ucrtbase.dll
0x00007fff9e910000 - 0x00007fff9e927000 	C:\Users\ASUS\.jdks\corretto-17.0.12\bin\jli.dll
0x00007fff9ed40000 - 0x00007fff9ed5b000 	C:\Users\ASUS\.jdks\corretto-17.0.12\bin\VCRUNTIME140.dll
0x00007fffb0580000 - 0x00007fffb0747000 	C:\WINDOWS\System32\USER32.dll
0x00007fff9b490000 - 0x00007fff9b724000 	C:\WINDOWS\WinSxS\amd64_microsoft.windows.common-controls_6595b64144ccf1df_6.0.26100.7019_none_3e06ffa0e335b8a8\COMCTL32.dll
0x00007fffaf2d0000 - 0x00007fffaf2f7000 	C:\WINDOWS\System32\win32u.dll
0x00007fffb0e20000 - 0x00007fffb0e4b000 	C:\WINDOWS\System32\GDI32.dll
0x00007fffb16f0000 - 0x00007fffb1799000 	C:\WINDOWS\System32\msvcrt.dll
0x00007fffafdf0000 - 0x00007fffaff1c000 	C:\WINDOWS\System32\gdi32full.dll
0x00007fffaf3c0000 - 0x00007fffaf463000 	C:\WINDOWS\System32\msvcp_win.dll
0x00007fffb17a0000 - 0x00007fffb17d1000 	C:\WINDOWS\System32\IMM32.DLL
0x00007fff9ed30000 - 0x00007fff9ed3c000 	C:\Users\ASUS\.jdks\corretto-17.0.12\bin\vcruntime140_1.dll
0x00007fff870f0000 - 0x00007fff8717d000 	C:\Users\ASUS\.jdks\corretto-17.0.12\bin\msvcp140.dll
0x00007fff386c0000 - 0x00007fff3932a000 	C:\Users\ASUS\.jdks\corretto-17.0.12\bin\server\jvm.dll
0x00007fffb0e60000 - 0x00007fffb0f14000 	C:\WINDOWS\System32\ADVAPI32.dll
0x00007fffb02b0000 - 0x00007fffb0356000 	C:\WINDOWS\System32\sechost.dll
0x00007fffb0750000 - 0x00007fffb0868000 	C:\WINDOWS\System32\RPCRT4.dll
0x00007fffb20c0000 - 0x00007fffb2134000 	C:\WINDOWS\System32\WS2_32.dll
0x00007fffaf130000 - 0x00007fffaf18e000 	C:\WINDOWS\SYSTEM32\POWRPROF.dll
0x00007fffa3630000 - 0x00007fffa3665000 	C:\WINDOWS\SYSTEM32\WINMM.dll
0x00007fffa79a0000 - 0x00007fffa79ab000 	C:\WINDOWS\SYSTEM32\VERSION.dll
0x00007fffaf110000 - 0x00007fffaf124000 	C:\WINDOWS\SYSTEM32\UMPDC.dll
0x00007fffae050000 - 0x00007fffae06b000 	C:\WINDOWS\SYSTEM32\kernel.appcore.dll
0x00007fff9e2d0000 - 0x00007fff9e2da000 	C:\Users\ASUS\.jdks\corretto-17.0.12\bin\jimage.dll
0x00007fffa3a40000 - 0x00007fffa3c82000 	C:\WINDOWS\SYSTEM32\DBGHELP.DLL
0x00007fffaff20000 - 0x00007fffb02ab000 	C:\WINDOWS\System32\combase.dll
0x00007fffb13b0000 - 0x00007fffb1487000 	C:\WINDOWS\System32\OLEAUT32.dll
0x00007fff9a3c0000 - 0x00007fff9a3fc000 	C:\WINDOWS\SYSTEM32\dbgcore.DLL
0x00007fffafd40000 - 0x00007fffafde5000 	C:\WINDOWS\System32\bcryptPrimitives.dll
0x00007fff9e9e0000 - 0x00007fff9e9ee000 	C:\Users\ASUS\.jdks\corretto-17.0.12\bin\instrument.dll
0x00007fff9e2a0000 - 0x00007fff9e2c5000 	C:\Users\ASUS\.jdks\corretto-17.0.12\bin\java.dll
0x00007fff78810000 - 0x00007fff788e7000 	C:\Users\ASUS\.jdks\corretto-17.0.12\bin\jsvml.dll
0x00007fffb1960000 - 0x00007fffb20af000 	C:\WINDOWS\System32\SHELL32.dll
0x00007fffaf470000 - 0x00007fffaf5db000 	C:\WINDOWS\System32\wintypes.dll
0x00007fffaced0000 - 0x00007fffad72d000 	C:\WINDOWS\SYSTEM32\windows.storage.dll
0x00007fffb0430000 - 0x00007fffb0522000 	C:\WINDOWS\System32\SHCORE.dll
0x00007fffb0f20000 - 0x00007fffb0f87000 	C:\WINDOWS\System32\shlwapi.dll
0x00007fffaf1f0000 - 0x00007fffaf219000 	C:\WINDOWS\SYSTEM32\profapi.dll
0x00007fff9db80000 - 0x00007fff9db98000 	C:\Users\ASUS\.jdks\corretto-17.0.12\bin\zip.dll
0x00007fff9e1b0000 - 0x00007fff9e1c9000 	C:\Users\ASUS\.jdks\corretto-17.0.12\bin\net.dll
0x00007fffa8df0000 - 0x00007fffa8f18000 	C:\WINDOWS\SYSTEM32\WINHTTP.dll
0x00007fffae5a0000 - 0x00007fffae60b000 	C:\WINDOWS\system32\mswsock.dll
0x00007fff9de00000 - 0x00007fff9de16000 	C:\Users\ASUS\.jdks\corretto-17.0.12\bin\nio.dll
0x00007fff9e1a0000 - 0x00007fff9e1b0000 	C:\Users\ASUS\.jdks\corretto-17.0.12\bin\verify.dll
0x00007fff9e9f0000 - 0x00007fff9ea17000 	C:\Users\ASUS\.gradle\native\1def1411415f61bf3af743bc5b6707747c0891f09f0c88961ee8f79bc544acac\windows-amd64\native-platform.dll
0x00007fff876c0000 - 0x00007fff87738000 	C:\Users\ASUS\.gradle\native\0.2.7\x86_64-windows-gnu\gradle-fileevents.dll
0x00007fff9e960000 - 0x00007fff9e969000 	C:\Users\ASUS\.jdks\corretto-17.0.12\bin\management.dll
0x00007fff9e950000 - 0x00007fff9e95b000 	C:\Users\ASUS\.jdks\corretto-17.0.12\bin\management_ext.dll
0x00007fffb0e10000 - 0x00007fffb0e18000 	C:\WINDOWS\System32\PSAPI.DLL
0x00007fffada40000 - 0x00007fffada74000 	C:\WINDOWS\SYSTEM32\IPHLPAPI.DLL
0x00007fffb0970000 - 0x00007fffb097a000 	C:\WINDOWS\System32\NSI.dll
0x00007fffa8520000 - 0x00007fffa853e000 	C:\WINDOWS\SYSTEM32\dhcpcsvc6.DLL
0x00007fffa84f0000 - 0x00007fffa8513000 	C:\WINDOWS\SYSTEM32\dhcpcsvc.DLL
0x00007fffadad0000 - 0x00007fffadbfc000 	C:\WINDOWS\SYSTEM32\DNSAPI.dll
0x00007fffa1660000 - 0x00007fffa1669000 	C:\Users\ASUS\.jdks\corretto-17.0.12\bin\extnet.dll
0x00007fffae990000 - 0x00007fffae9ab000 	C:\WINDOWS\SYSTEM32\CRYPTSP.dll
0x00007fffadfb0000 - 0x00007fffadfea000 	C:\WINDOWS\system32\rsaenh.dll
0x00007fffae650000 - 0x00007fffae67b000 	C:\WINDOWS\SYSTEM32\USERENV.dll
0x00007fffaf1c0000 - 0x00007fffaf1ea000 	C:\WINDOWS\SYSTEM32\bcrypt.dll
0x00007fffae7f0000 - 0x00007fffae7fc000 	C:\WINDOWS\SYSTEM32\CRYPTBASE.dll
0x00007fff9e160000 - 0x00007fff9e16e000 	C:\Users\ASUS\.jdks\corretto-17.0.12\bin\sunmscapi.dll
0x00007fffafbc0000 - 0x00007fffafd37000 	C:\WINDOWS\System32\CRYPT32.dll
0x00007fffaeae0000 - 0x00007fffaeb10000 	C:\WINDOWS\SYSTEM32\ncrypt.dll
0x00007fffaea90000 - 0x00007fffaeacf000 	C:\WINDOWS\SYSTEM32\NTASN1.dll
0x00007fff1c390000 - 0x00007fff1c398000 	C:\WINDOWS\system32\wshunix.dll

dbghelp: loaded successfully - version: 4.0.5 - missing functions: none
symbol engine: initialized successfully - sym options: 0x614 - pdb path: .;C:\Users\ASUS\.jdks\corretto-17.0.12\bin;C:\WINDOWS\SYSTEM32;C:\WINDOWS\WinSxS\amd64_microsoft.windows.common-controls_6595b64144ccf1df_6.0.26100.7019_none_3e06ffa0e335b8a8;C:\Users\ASUS\.jdks\corretto-17.0.12\bin\server;C:\Users\ASUS\.gradle\native\1def1411415f61bf3af743bc5b6707747c0891f09f0c88961ee8f79bc544acac\windows-amd64;C:\Users\ASUS\.gradle\native\0.2.7\x86_64-windows-gnu

VM Arguments:
jvm_args: --add-opens=java.base/java.lang=ALL-UNNAMED --add-opens=java.base/java.lang.invoke=ALL-UNNAMED --add-opens=java.base/java.util=ALL-UNNAMED --add-opens=java.prefs/java.util.prefs=ALL-UNNAMED --add-exports=jdk.compiler/com.sun.tools.javac.api=ALL-UNNAMED --add-exports=jdk.compiler/com.sun.tools.javac.util=ALL-UNNAMED --add-opens=java.base/java.util=ALL-UNNAMED --add-opens=java.prefs/java.util.prefs=ALL-UNNAMED --add-opens=java.base/java.nio.charset=ALL-UNNAMED --add-opens=java.base/java.net=ALL-UNNAMED --add-opens=java.base/java.util.concurrent.atomic=ALL-UNNAMED --add-opens=java.xml/javax.xml.namespace=ALL-UNNAMED -XX:MaxMetaspaceSize=384m -XX:+HeapDumpOnOutOfMemoryError -Xms256m -Xmx512m -Dfile.encoding=windows-1252 -Duser.country=PE -Duser.language=es -Duser.variant -javaagent:C:\Users\ASUS\.gradle\wrapper\dists\gradle-8.14.3-bin\cv11ve7ro1n3o1j4so8xd9n66\gradle-8.14.3\lib\agents\gradle-instrumentation-agent-8.14.3.jar 
java_command: org.gradle.launcher.daemon.bootstrap.GradleDaemon 8.14.3
java_class_path (initial): C:\Users\ASUS\.gradle\wrapper\dists\gradle-8.14.3-bin\cv11ve7ro1n3o1j4so8xd9n66\gradle-8.14.3\lib\gradle-daemon-main-8.14.3.jar
Launcher Type: SUN_STANDARD

[Global flags]
     intx CICompilerCount                          = 4                                         {product} {ergonomic}
   size_t CompressedClassSpaceSize                 = 335544320                                 {product} {ergonomic}
     uint ConcGCThreads                            = 2                                         {product} {ergonomic}
     uint G1ConcRefinementThreads                  = 8                                         {product} {ergonomic}
   size_t G1HeapRegionSize                         = 1048576                                   {product} {ergonomic}
    uintx GCDrainStackTargetSize                   = 64                                        {product} {ergonomic}
     bool HeapDumpOnOutOfMemoryError               = true                                   {manageable} {command line}
   size_t InitialHeapSize                          = 268435456                                 {product} {command line}
   size_t MarkStackSize                            = 4194304                                   {product} {ergonomic}
   size_t MaxHeapSize                              = 536870912                                 {product} {command line}
   size_t MaxMetaspaceSize                         = 402653184                                 {product} {command line}
   size_t MaxNewSize                               = 321912832                                 {product} {ergonomic}
   size_t MinHeapDeltaBytes                        = 1048576                                   {product} {ergonomic}
   size_t MinHeapSize                              = 268435456                                 {product} {command line}
    uintx NonNMethodCodeHeapSize                   = 5839372                                {pd product} {ergonomic}
    uintx NonProfiledCodeHeapSize                  = 122909434                              {pd product} {ergonomic}
    uintx ProfiledCodeHeapSize                     = 122909434                              {pd product} {ergonomic}
    uintx ReservedCodeCacheSize                    = 251658240                              {pd product} {ergonomic}
     bool SegmentedCodeCache                       = true                                      {product} {ergonomic}
   size_t SoftMaxHeapSize                          = 536870912                              {manageable} {ergonomic}
     bool UseCompressedClassPointers               = true                           {product lp64_product} {ergonomic}
     bool UseCompressedOops                        = true                           {product lp64_product} {ergonomic}
     bool UseG1GC                                  = true                                      {product} {ergonomic}
     bool UseLargePagesIndividualAllocation        = false                                  {pd product} {ergonomic}

Logging:
Log output configuration:
 #0: stdout all=warning uptime,level,tags
 #1: stderr all=off uptime,level,tags

Environment Variables:
PATH=C:\Program Files\Common Files\Oracle\Java\javapath;%JAVA_HOME%\bin;C:\WINDOWS\system32;C:\WINDOWS;C:\WINDOWS\System32\Wbem;C:\WINDOWS\System32\WindowsPowerShell\v1.0\;C:\WINDOWS\System32\OpenSSH\;C:\Program Files\Docker\Docker\resources\bin;C:\Program Files\dotnet\;C:\Program Files\apache-maven-3.9.9\bin;C:\Program Files\Git\cmd;C:\Users\ASUS\AppData\Local\Microsoft\WindowsApps;C:\Users\ASUS\AppData\Local\Programs\Microsoft VS Code\bin;C:\Users\ASUS\AppData\Local\Programs\mongosh\;;C:\Users\ASUS\.deno\bin
USERNAME=ASUS
OS=Windows_NT
PROCESSOR_IDENTIFIER=Intel64 Family 6 Model 158 Stepping 10, GenuineIntel
TMP=C:\Users\ASUS\AppData\Local\Temp
TEMP=C:\Users\ASUS\AppData\Local\Temp



Periodic native trim disabled


---------------  S Y S T E M  ---------------

OS:
 Windows 11 , 64 bit Build 26100 (10.0.26100.7019)
OS uptime: 1 days 6:05 hours
Hyper-V role detected

CPU: total 8 (initial active 8) (4 cores per cpu, 2 threads per core) family 6 model 158 stepping 10 microcode 0xde, cx8, cmov, fxsr, ht, mmx, 3dnowpref, sse, sse2, sse3, ssse3, sse4.1, sse4.2, popcnt, lzcnt, tsc, tscinvbit, avx, avx2, aes, erms, clmul, bmi1, bmi2, adx, fma, vzeroupper, clflush, clflushopt, hv
Processor Information for all 8 processors :
  Max Mhz: 2304, Current Mhz: 2304, Mhz Limit: 2304

Memory: 4k page, system-wide physical 32623M (8483M free)
TotalPageFile size 34671M (AvailPageFile size 165M)
current process WorkingSet (physical memory assigned to process): 359M, peak: 363M
current process commit charge ("private bytes"): 476M, peak: 481M

vm_info: OpenJDK 64-Bit Server VM (17.0.12+7-LTS) for windows-amd64 JRE (17.0.12+7-LTS), built on Jul 10 2024 20:46:33 by "Administrator" with MS VC++ 16.10 / 16.11 (VS2019)

END.
